#
# There is insufficient memory for the Java Runtime Environment to continue.
# Native memory allocation (malloc) failed to allocate 2042256 bytes for Chunk::new
# Possible reasons:
#   The system is out of physical RAM or swap space
#   The process is running with CompressedOops enabled, and the Java Heap may be blocking the growth of the native heap
# Possible solutions:
#   Reduce memory load on the system
#   Increase physical memory or swap space
#   Check if swap backing store is full
#   Decrease Java heap size (-Xmx/-Xms)
#   Decrease number of Java threads
#   Decrease Java thread stack sizes (-Xss)
#   Set larger code cache with -XX:ReservedCodeCacheSize=
#   JVM is running with Unscaled Compressed Oops mode in which the Java heap is
#     placed in the first 4GB address space. The Java Heap base address is the
#     maximum limit for the native heap growth. Please use -XX:HeapBaseMinAddress
#     to set the Java Heap base and to place the Java Heap above 4GB virtual address.
# This output file may be truncated or incomplete.
#
#  Out of Memory Error (./src/hotspot/share/memory/arena.cpp:197), pid=4956, tid=3048
#
# JRE version: OpenJDK Runtime Environment (11.0.12+7) (build 11.0.12+7-b1504.28-7817840)
# Java VM: OpenJDK 64-Bit Server VM (11.0.12+7-b1504.28-7817840, mixed mode, tiered, compressed oops, g1 gc, windows-amd64)
# No core dump will be written. Minidumps are not enabled by default on client versions of Windows
#

---------------  S U M M A R Y ------------

Command Line: --add-opens=java.base/java.util=ALL-UNNAMED --add-opens=java.base/java.lang=ALL-UNNAMED --add-opens=java.base/java.lang.invoke=ALL-UNNAMED --add-opens=java.base/java.util=ALL-UNNAMED --add-opens=java.prefs/java.util.prefs=ALL-UNNAMED --add-opens=java.prefs/java.util.prefs=ALL-UNNAMED --add-opens=java.base/java.nio.charset=ALL-UNNAMED --add-opens=java.base/java.net=ALL-UNNAMED --add-opens=java.base/java.util.concurrent.atomic=ALL-UNNAMED -Xmx2048m -Dfile.encoding=UTF-8 -Duser.country=US -Duser.language=en -Duser.variant org.gradle.launcher.daemon.bootstrap.GradleDaemon 7.3.3

Host: Intel(R) Core(TM) i7-6600U CPU @ 2.60GHz, 4 cores, 7G,  Windows 10 , 64 bit Build 22000 (10.0.22000.434)
Time: Mon Aug 15 09:39:53 2022 Egypt Standard Time elapsed time: 8.790624 seconds (0d 0h 0m 8s)

---------------  T H R E A D  ---------------

Current thread (0x000002d23e494800):  JavaThread "C2 CompilerThread0" daemon [_thread_in_native, id=3048, stack(0x000000efec600000,0x000000efec700000)]


Current CompileTask:
C2:   8790 3778       4       org.objectweb.asm.Frame::execute (2318 bytes)

Stack: [0x000000efec600000,0x000000efec700000]
Native frames: (J=compiled Java code, j=interpreted, Vv=VM code, C=native code)
V  [jvm.dll+0x5fbcea]
V  [jvm.dll+0x731905]
V  [jvm.dll+0x732f1d]
V  [jvm.dll+0x7335d3]
V  [jvm.dll+0x247bf8]
V  [jvm.dll+0xc018c]
V  [jvm.dll+0xc06cc]
V  [jvm.dll+0x35b31d]
V  [jvm.dll+0x328803]
V  [jvm.dll+0x327cfa]
V  [jvm.dll+0x200602]
V  [jvm.dll+0x1ff794]
V  [jvm.dll+0x18868c]
V  [jvm.dll+0x20e0d7]
V  [jvm.dll+0x20c901]
V  [jvm.dll+0x6f9b7f]
V  [jvm.dll+0x6f26a5]
V  [jvm.dll+0x5fabf6]
C  [ucrtbase.dll+0x26c0c]
C  [KERNEL32.DLL+0x154e0]
C  [ntdll.dll+0x485b]


---------------  P R O C E S S  ---------------

Threads class SMR info:
_java_thread_list=0x000002d242df44c0, length=36, elements={
0x000002d224882800, 0x000002d23e46f800, 0x000002d23e473000, 0x000002d23ee02800,
0x000002d23e490800, 0x000002d23e491800, 0x000002d23e494800, 0x000002d23e49b000,
0x000002d23e4a6800, 0x000002d23ef38800, 0x000002d241737800, 0x000002d23f048800,
0x000002d241231000, 0x000002d23fb8a000, 0x000002d23fe1d800, 0x000002d2419da800,
0x000002d2419c3000, 0x000002d240c6b000, 0x000002d240f03000, 0x000002d241a24800,
0x000002d241a28000, 0x000002d241a28800, 0x000002d241a29800, 0x000002d241a25800,
0x000002d240117800, 0x000002d241a23800, 0x000002d241a2a000, 0x000002d241a26000,
0x000002d241a27000, 0x000002d2442ee800, 0x000002d2442ef000, 0x000002d2442ec800,
0x000002d2442ed800, 0x000002d2442f5800, 0x000002d2442f1000, 0x000002d2442f3800
}

Java Threads: ( => current thread )
  0x000002d224882800 JavaThread "main" [_thread_blocked, id=8592, stack(0x000000efeba00000,0x000000efebb00000)]
  0x000002d23e46f800 JavaThread "Reference Handler" daemon [_thread_blocked, id=2288, stack(0x000000efec100000,0x000000efec200000)]
  0x000002d23e473000 JavaThread "Finalizer" daemon [_thread_blocked, id=2644, stack(0x000000efec200000,0x000000efec300000)]
  0x000002d23ee02800 JavaThread "Signal Dispatcher" daemon [_thread_blocked, id=4584, stack(0x000000efec300000,0x000000efec400000)]
  0x000002d23e490800 JavaThread "Attach Listener" daemon [_thread_blocked, id=10068, stack(0x000000efec400000,0x000000efec500000)]
  0x000002d23e491800 JavaThread "Service Thread" daemon [_thread_blocked, id=2540, stack(0x000000efec500000,0x000000efec600000)]
=>0x000002d23e494800 JavaThread "C2 CompilerThread0" daemon [_thread_in_native, id=3048, stack(0x000000efec600000,0x000000efec700000)]
  0x000002d23e49b000 JavaThread "C1 CompilerThread0" daemon [_thread_blocked, id=9244, stack(0x000000efec700000,0x000000efec800000)]
  0x000002d23e4a6800 JavaThread "Sweeper thread" daemon [_thread_blocked, id=6896, stack(0x000000efec800000,0x000000efec900000)]
  0x000002d23ef38800 JavaThread "Common-Cleaner" daemon [_thread_blocked, id=5416, stack(0x000000efec900000,0x000000efeca00000)]
  0x000002d241737800 JavaThread "Daemon health stats" [_thread_blocked, id=5828, stack(0x000000efece00000,0x000000efecf00000)]
  0x000002d23f048800 JavaThread "Incoming local TCP Connector on port 61791" [_thread_in_native, id=7380, stack(0x000000efecb00000,0x000000efecc00000)]
  0x000002d241231000 JavaThread "Daemon periodic checks" [_thread_blocked, id=3628, stack(0x000000efecf00000,0x000000efed000000)]
  0x000002d23fb8a000 JavaThread "Daemon" [_thread_blocked, id=3632, stack(0x000000efed000000,0x000000efed100000)]
  0x000002d23fe1d800 JavaThread "Handler for socket connection from /127.0.0.1:61791 to /127.0.0.1:61793" [_thread_in_native, id=4264, stack(0x000000efed100000,0x000000efed200000)]
  0x000002d2419da800 JavaThread "Cancel handler" [_thread_blocked, id=1848, stack(0x000000efed200000,0x000000efed300000)]
  0x000002d2419c3000 JavaThread "Daemon worker" [_thread_in_vm, id=4424, stack(0x000000efed300000,0x000000efed400000)]
  0x000002d240c6b000 JavaThread "Asynchronous log dispatcher for DefaultDaemonConnection: socket connection from /127.0.0.1:61791 to /127.0.0.1:61793" [_thread_blocked, id=5464, stack(0x000000efed400000,0x000000efed500000)]
  0x000002d240f03000 JavaThread "Stdin handler" [_thread_blocked, id=9872, stack(0x000000efed500000,0x000000efed600000)]
  0x000002d241a24800 JavaThread "Daemon client event forwarder" [_thread_blocked, id=1384, stack(0x000000efed600000,0x000000efed700000)]
  0x000002d241a28000 JavaThread "Cache worker for journal cache (C:\Users\Admin\.gradle\caches\journal-1)" [_thread_blocked, id=9528, stack(0x000000efed800000,0x000000efed900000)]
  0x000002d241a28800 JavaThread "File lock request listener" [_thread_in_native, id=7800, stack(0x000000efed900000,0x000000efeda00000)]
  0x000002d241a29800 JavaThread "Cache worker for file hash cache (C:\Users\Admin\.gradle\caches\7.3.3\fileHashes)" [_thread_blocked, id=9680, stack(0x000000efeda00000,0x000000efedb00000)]
  0x000002d241a25800 JavaThread "Cache worker for file hash cache (C:\Users\Admin\Desktop\jana\cw66\.gradle\7.3.3\fileHashes)" [_thread_blocked, id=4432, stack(0x000000efedb00000,0x000000efedc00000)]
  0x000002d240117800 JavaThread "C2 CompilerThread1" daemon [_thread_in_native, id=6628, stack(0x000000efedc00000,0x000000efedd00000)]
  0x000002d241a23800 JavaThread "File watcher server" daemon [_thread_in_native, id=7456, stack(0x000000efedd00000,0x000000efede00000)]
  0x000002d241a2a000 JavaThread "File watcher consumer" daemon [_thread_blocked, id=8608, stack(0x000000efede00000,0x000000efedf00000)]
  0x000002d241a26000 JavaThread "Cache worker for checksums cache (C:\Users\Admin\Desktop\jana\cw66\.gradle\7.3.3\checksums)" [_thread_blocked, id=8596, stack(0x000000efedf00000,0x000000efee000000)]
  0x000002d241a27000 JavaThread "Cache worker for cache directory md-supplier (C:\Users\Admin\.gradle\caches\7.3.3\md-supplier)" [_thread_blocked, id=2092, stack(0x000000efee000000,0x000000efee100000)]
  0x000002d2442ee800 JavaThread "Cache worker for cache directory md-rule (C:\Users\Admin\.gradle\caches\7.3.3\md-rule)" [_thread_blocked, id=7004, stack(0x000000efee100000,0x000000efee200000)]
  0x000002d2442ef000 JavaThread "Cache worker for execution history cache (C:\Users\Admin\.gradle\caches\7.3.3\executionHistory)" [_thread_blocked, id=4760, stack(0x000000efee200000,0x000000efee300000)]
  0x000002d2442ec800 JavaThread "jar transforms" [_thread_blocked, id=6692, stack(0x000000efee300000,0x000000efee400000)]
  0x000002d2442ed800 JavaThread "Cache worker for file content cache (C:\Users\Admin\.gradle\caches\7.3.3\fileContent)" [_thread_blocked, id=2132, stack(0x000000efee400000,0x000000efee500000)]
  0x000002d2442f5800 JavaThread "jar transforms Thread 2" [_thread_blocked, id=2880, stack(0x000000efee500000,0x000000efee600000)]
  0x000002d2442f1000 JavaThread "Cache worker for dependencies-accessors (C:\Users\Admin\Desktop\jana\cw66\.gradle\7.3.3\dependencies-accessors)" [_thread_blocked, id=8972, stack(0x000000efee600000,0x000000efee700000)]
  0x000002d2442f3800 JavaThread "jar transforms Thread 3" [_thread_blocked, id=5584, stack(0x000000efee700000,0x000000efee800000)]

Other Threads:
  0x000002d23e469800 VMThread "VM Thread" [stack: 0x000000efec000000,0x000000efec100000] [id=3088]
  0x000002d23ef4f000 WatcherThread [stack: 0x000000efeca00000,0x000000efecb00000] [id=9976]
  0x000002d2228bc800 GCTaskThread "GC Thread#0" [stack: 0x000000efebb00000,0x000000efebc00000] [id=2400]
  0x000002d23f1e0800 GCTaskThread "GC Thread#1" [stack: 0x000000efecc00000,0x000000efecd00000] [id=6708]
  0x000002d23f1b5000 GCTaskThread "GC Thread#2" [stack: 0x000000efecd00000,0x000000efece00000] [id=7676]
  0x000002d23ff9a000 GCTaskThread "GC Thread#3" [stack: 0x000000efed700000,0x000000efed800000] [id=8052]
  0x000002d2248c9000 ConcurrentGCThread "G1 Main Marker" [stack: 0x000000efebc00000,0x000000efebd00000] [id=3280]
  0x000002d2248ca000 ConcurrentGCThread "G1 Conc#0" [stack: 0x000000efebd00000,0x000000efebe00000] [id=9296]
  0x000002d22495a000 ConcurrentGCThread "G1 Refine#0" [stack: 0x000000efebe00000,0x000000efebf00000] [id=8392]
  0x000002d22495b000 ConcurrentGCThread "G1 Young RemSet Sampling" [stack: 0x000000efebf00000,0x000000efec000000] [id=2776]

Threads with active compile tasks:
C2 CompilerThread0   8816 3778       4       org.objectweb.asm.Frame::execute (2318 bytes)
C2 CompilerThread1   8816 3817       4       java.net.URLStreamHandler::toExternalForm (156 bytes)

VM state:not at safepoint (normal execution)

VM Mutex/Monitor currently owned by a thread: None

Heap address: 0x0000000080000000, size: 2048 MB, Compressed Oops mode: 32-bit
Narrow klass base: 0x0000000000000000, Narrow klass shift: 3
Compressed class space size: 1073741824 Address: 0x0000000100000000

Heap:
 garbage-first heap   total 157696K, used 74166K [0x0000000080000000, 0x0000000100000000)
  region size 1024K, 54 young (55296K), 9 survivors (9216K)
 Metaspace       used 45022K, capacity 46037K, committed 46208K, reserved 1089536K
  class space    used 5794K, capacity 6196K, committed 6272K, reserved 1048576K
Heap Regions: E=young(eden), S=young(survivor), O=old, HS=humongous(starts), HC=humongous(continues), CS=collection set, F=free, A=archive, TAMS=top-at-mark-start (previous, next)
|   0|0x0000000080000000, 0x0000000080100000, 0x0000000080100000|100%| O|  |TAMS 0x0000000080100000, 0x0000000080000000| Untracked 
|   1|0x0000000080100000, 0x0000000080200000, 0x0000000080200000|100%| O|  |TAMS 0x0000000080200000, 0x0000000080100000| Untracked 
|   2|0x0000000080200000, 0x0000000080300000, 0x0000000080300000|100%| O|  |TAMS 0x0000000080300000, 0x0000000080200000| Untracked 
|   3|0x0000000080300000, 0x0000000080400000, 0x0000000080400000|100%|HS|  |TAMS 0x0000000080400000, 0x0000000080300000| Complete 
|   4|0x0000000080400000, 0x0000000080500000, 0x0000000080500000|100%|HC|  |TAMS 0x0000000080500000, 0x0000000080400000| Complete 
|   5|0x0000000080500000, 0x0000000080600000, 0x0000000080600000|100%|HC|  |TAMS 0x0000000080600000, 0x0000000080500000| Complete 
|   6|0x0000000080600000, 0x0000000080700000, 0x0000000080700000|100%| O|  |TAMS 0x0000000080700000, 0x0000000080600000| Untracked 
|   7|0x0000000080700000, 0x0000000080800000, 0x0000000080800000|100%| O|  |TAMS 0x0000000080800000, 0x0000000080700000| Untracked 
|   8|0x0000000080800000, 0x0000000080900000, 0x0000000080900000|100%| O|  |TAMS 0x0000000080900000, 0x0000000080800000| Untracked 
|   9|0x0000000080900000, 0x0000000080a00000, 0x0000000080a00000|100%| O|  |TAMS 0x0000000080a00000, 0x0000000080900000| Untracked 
|  10|0x0000000080a00000, 0x0000000080b00000, 0x0000000080b00000|100%| O|  |TAMS 0x0000000080b00000, 0x0000000080a00000| Untracked 
|  11|0x0000000080b00000, 0x0000000080c00000, 0x0000000080c00000|100%| O|  |TAMS 0x0000000080c00000, 0x0000000080b00000| Untracked 
|  12|0x0000000080c00000, 0x0000000080d00000, 0x0000000080d00000|100%| O|  |TAMS 0x0000000080d00000, 0x0000000080c00000| Untracked 
|  13|0x0000000080d00000, 0x0000000080e00000, 0x0000000080e00000|100%| O|  |TAMS 0x0000000080e00000, 0x0000000080d00000| Untracked 
|  14|0x0000000080e00000, 0x0000000080f00000, 0x0000000080f00000|100%| O|  |TAMS 0x0000000080f00000, 0x0000000080e00000| Untracked 
|  15|0x0000000080f00000, 0x0000000081000000, 0x0000000081000000|100%| O|  |TAMS 0x0000000080f80600, 0x0000000080f00000| Untracked 
|  16|0x0000000081000000, 0x0000000081100000, 0x0000000081100000|100%|HS|  |TAMS 0x0000000081000000, 0x0000000081000000| Complete 
|  17|0x0000000081100000, 0x0000000081100000, 0x0000000081200000|  0%| F|  |TAMS 0x0000000081100000, 0x0000000081100000| Untracked 
|  18|0x0000000081200000, 0x0000000081200000, 0x0000000081300000|  0%| F|  |TAMS 0x0000000081200000, 0x0000000081200000| Untracked 
|  19|0x0000000081300000, 0x0000000081400000, 0x0000000081400000|100%| O|  |TAMS 0x0000000081300000, 0x0000000081300000| Untracked 
|  20|0x0000000081400000, 0x0000000081500000, 0x0000000081500000|100%| O|  |TAMS 0x0000000081400000, 0x0000000081400000| Untracked 
|  21|0x0000000081500000, 0x0000000081574800, 0x0000000081600000| 45%| O|  |TAMS 0x0000000081500000, 0x0000000081500000| Untracked 
|  22|0x0000000081600000, 0x0000000081600000, 0x0000000081700000|  0%| F|  |TAMS 0x0000000081600000, 0x0000000081600000| Untracked 
|  23|0x0000000081700000, 0x0000000081700000, 0x0000000081800000|  0%| F|  |TAMS 0x0000000081700000, 0x0000000081700000| Untracked 
|  24|0x0000000081800000, 0x0000000081800000, 0x0000000081900000|  0%| F|  |TAMS 0x0000000081800000, 0x0000000081800000| Untracked 
|  25|0x0000000081900000, 0x0000000081900000, 0x0000000081a00000|  0%| F|  |TAMS 0x0000000081900000, 0x0000000081900000| Untracked 
|  26|0x0000000081a00000, 0x0000000081a00000, 0x0000000081b00000|  0%| F|  |TAMS 0x0000000081a00000, 0x0000000081a00000| Untracked 
|  27|0x0000000081b00000, 0x0000000081b00000, 0x0000000081c00000|  0%| F|  |TAMS 0x0000000081b00000, 0x0000000081b00000| Untracked 
|  28|0x0000000081c00000, 0x0000000081c00000, 0x0000000081d00000|  0%| F|  |TAMS 0x0000000081c00000, 0x0000000081c00000| Untracked 
|  29|0x0000000081d00000, 0x0000000081d00000, 0x0000000081e00000|  0%| F|  |TAMS 0x0000000081d00000, 0x0000000081d00000| Untracked 
|  30|0x0000000081e00000, 0x0000000081e00000, 0x0000000081f00000|  0%| F|  |TAMS 0x0000000081e00000, 0x0000000081e00000| Untracked 
|  31|0x0000000081f00000, 0x0000000081f00000, 0x0000000082000000|  0%| F|  |TAMS 0x0000000081f00000, 0x0000000081f00000| Untracked 
|  32|0x0000000082000000, 0x0000000082000000, 0x0000000082100000|  0%| F|  |TAMS 0x0000000082000000, 0x0000000082000000| Untracked 
|  33|0x0000000082100000, 0x0000000082100000, 0x0000000082200000|  0%| F|  |TAMS 0x0000000082100000, 0x0000000082100000| Untracked 
|  34|0x0000000082200000, 0x0000000082200000, 0x0000000082300000|  0%| F|  |TAMS 0x0000000082200000, 0x0000000082200000| Untracked 
|  35|0x0000000082300000, 0x0000000082300000, 0x0000000082400000|  0%| F|  |TAMS 0x0000000082300000, 0x0000000082300000| Untracked 
|  36|0x0000000082400000, 0x0000000082400000, 0x0000000082500000|  0%| F|  |TAMS 0x0000000082400000, 0x0000000082400000| Untracked 
|  37|0x0000000082500000, 0x0000000082500000, 0x0000000082600000|  0%| F|  |TAMS 0x0000000082500000, 0x0000000082500000| Untracked 
|  38|0x0000000082600000, 0x0000000082600000, 0x0000000082700000|  0%| F|  |TAMS 0x0000000082600000, 0x0000000082600000| Untracked 
|  39|0x0000000082700000, 0x0000000082700000, 0x0000000082800000|  0%| F|  |TAMS 0x0000000082700000, 0x0000000082700000| Untracked 
|  40|0x0000000082800000, 0x0000000082800000, 0x0000000082900000|  0%| F|  |TAMS 0x0000000082800000, 0x0000000082800000| Untracked 
|  41|0x0000000082900000, 0x0000000082900000, 0x0000000082a00000|  0%| F|  |TAMS 0x0000000082900000, 0x0000000082900000| Untracked 
|  42|0x0000000082a00000, 0x0000000082a00000, 0x0000000082b00000|  0%| F|  |TAMS 0x0000000082a00000, 0x0000000082a00000| Untracked 
|  43|0x0000000082b00000, 0x0000000082bf9198, 0x0000000082c00000| 97%| S|CS|TAMS 0x0000000082b00000, 0x0000000082b00000| Complete 
|  44|0x0000000082c00000, 0x0000000082d00000, 0x0000000082d00000|100%| S|CS|TAMS 0x0000000082c00000, 0x0000000082c00000| Complete 
|  45|0x0000000082d00000, 0x0000000082e00000, 0x0000000082e00000|100%| S|CS|TAMS 0x0000000082d00000, 0x0000000082d00000| Complete 
|  46|0x0000000082e00000, 0x0000000082f00000, 0x0000000082f00000|100%| S|CS|TAMS 0x0000000082e00000, 0x0000000082e00000| Complete 
|  47|0x0000000082f00000, 0x0000000083000000, 0x0000000083000000|100%| S|CS|TAMS 0x0000000082f00000, 0x0000000082f00000| Complete 
|  48|0x0000000083000000, 0x0000000083100000, 0x0000000083100000|100%| S|CS|TAMS 0x0000000083000000, 0x0000000083000000| Complete 
|  49|0x0000000083100000, 0x0000000083200000, 0x0000000083200000|100%| S|CS|TAMS 0x0000000083100000, 0x0000000083100000| Complete 
|  50|0x0000000083200000, 0x0000000083300000, 0x0000000083300000|100%| S|CS|TAMS 0x0000000083200000, 0x0000000083200000| Complete 
|  51|0x0000000083300000, 0x0000000083400000, 0x0000000083400000|100%| S|CS|TAMS 0x0000000083300000, 0x0000000083300000| Complete 
|  52|0x0000000083400000, 0x0000000083400000, 0x0000000083500000|  0%| F|  |TAMS 0x0000000083400000, 0x0000000083400000| Untracked 
|  53|0x0000000083500000, 0x0000000083500000, 0x0000000083600000|  0%| F|  |TAMS 0x0000000083500000, 0x0000000083500000| Untracked 
|  54|0x0000000083600000, 0x0000000083600000, 0x0000000083700000|  0%| F|  |TAMS 0x0000000083600000, 0x0000000083600000| Untracked 
|  55|0x0000000083700000, 0x0000000083700000, 0x0000000083800000|  0%| F|  |TAMS 0x0000000083700000, 0x0000000083700000| Untracked 
|  56|0x0000000083800000, 0x0000000083800000, 0x0000000083900000|  0%| F|  |TAMS 0x0000000083800000, 0x0000000083800000| Untracked 
|  57|0x0000000083900000, 0x0000000083900000, 0x0000000083a00000|  0%| F|  |TAMS 0x0000000083900000, 0x0000000083900000| Untracked 
|  58|0x0000000083a00000, 0x0000000083a00000, 0x0000000083b00000|  0%| F|  |TAMS 0x0000000083a00000, 0x0000000083a00000| Untracked 
|  59|0x0000000083b00000, 0x0000000083b00000, 0x0000000083c00000|  0%| F|  |TAMS 0x0000000083b00000, 0x0000000083b00000| Untracked 
|  60|0x0000000083c00000, 0x0000000083c00000, 0x0000000083d00000|  0%| F|  |TAMS 0x0000000083c00000, 0x0000000083c00000| Untracked 
|  61|0x0000000083d00000, 0x0000000083d00000, 0x0000000083e00000|  0%| F|  |TAMS 0x0000000083d00000, 0x0000000083d00000| Untracked 
|  62|0x0000000083e00000, 0x0000000083e00000, 0x0000000083f00000|  0%| F|  |TAMS 0x0000000083e00000, 0x0000000083e00000| Untracked 
|  63|0x0000000083f00000, 0x0000000083f00000, 0x0000000084000000|  0%| F|  |TAMS 0x0000000083f00000, 0x0000000083f00000| Untracked 
|  64|0x0000000084000000, 0x0000000084000000, 0x0000000084100000|  0%| F|  |TAMS 0x0000000084000000, 0x0000000084000000| Untracked 
|  65|0x0000000084100000, 0x0000000084100000, 0x0000000084200000|  0%| F|  |TAMS 0x0000000084100000, 0x0000000084100000| Untracked 
|  66|0x0000000084200000, 0x0000000084200000, 0x0000000084300000|  0%| F|  |TAMS 0x0000000084200000, 0x0000000084200000| Untracked 
|  67|0x0000000084300000, 0x0000000084300000, 0x0000000084400000|  0%| F|  |TAMS 0x0000000084300000, 0x0000000084300000| Untracked 
|  68|0x0000000084400000, 0x0000000084400000, 0x0000000084500000|  0%| F|  |TAMS 0x0000000084400000, 0x0000000084400000| Untracked 
|  69|0x0000000084500000, 0x0000000084500000, 0x0000000084600000|  0%| F|  |TAMS 0x0000000084500000, 0x0000000084500000| Untracked 
|  70|0x0000000084600000, 0x0000000084600000, 0x0000000084700000|  0%| F|  |TAMS 0x0000000084600000, 0x0000000084600000| Untracked 
|  71|0x0000000084700000, 0x0000000084700000, 0x0000000084800000|  0%| F|  |TAMS 0x0000000084700000, 0x0000000084700000| Untracked 
|  72|0x0000000084800000, 0x0000000084800000, 0x0000000084900000|  0%| F|  |TAMS 0x0000000084800000, 0x0000000084800000| Untracked 
|  73|0x0000000084900000, 0x0000000084900000, 0x0000000084a00000|  0%| F|  |TAMS 0x0000000084900000, 0x0000000084900000| Untracked 
|  74|0x0000000084a00000, 0x0000000084a00000, 0x0000000084b00000|  0%| F|  |TAMS 0x0000000084a00000, 0x0000000084a00000| Untracked 
|  75|0x0000000084b00000, 0x0000000084b00000, 0x0000000084c00000|  0%| F|  |TAMS 0x0000000084b00000, 0x0000000084b00000| Untracked 
|  76|0x0000000084c00000, 0x0000000084c00000, 0x0000000084d00000|  0%| F|  |TAMS 0x0000000084c00000, 0x0000000084c00000| Untracked 
|  77|0x0000000084d00000, 0x0000000084d00000, 0x0000000084e00000|  0%| F|  |TAMS 0x0000000084d00000, 0x0000000084d00000| Untracked 
|  78|0x0000000084e00000, 0x0000000084e00000, 0x0000000084f00000|  0%| F|  |TAMS 0x0000000084e00000, 0x0000000084e00000| Untracked 
|  79|0x0000000084f00000, 0x0000000084f00000, 0x0000000085000000|  0%| F|  |TAMS 0x0000000084f00000, 0x0000000084f00000| Untracked 
|  80|0x0000000085000000, 0x0000000085000000, 0x0000000085100000|  0%| F|  |TAMS 0x0000000085000000, 0x0000000085000000| Untracked 
|  81|0x0000000085100000, 0x0000000085100000, 0x0000000085200000|  0%| F|  |TAMS 0x0000000085100000, 0x0000000085100000| Untracked 
|  82|0x0000000085200000, 0x0000000085200000, 0x0000000085300000|  0%| F|  |TAMS 0x0000000085200000, 0x0000000085200000| Untracked 
|  83|0x0000000085300000, 0x0000000085300000, 0x0000000085400000|  0%| F|  |TAMS 0x0000000085300000, 0x0000000085300000| Untracked 
|  84|0x0000000085400000, 0x0000000085400000, 0x0000000085500000|  0%| F|  |TAMS 0x0000000085400000, 0x0000000085400000| Untracked 
|  85|0x0000000085500000, 0x0000000085500000, 0x0000000085600000|  0%| F|  |TAMS 0x0000000085500000, 0x0000000085500000| Untracked 
|  86|0x0000000085600000, 0x0000000085600000, 0x0000000085700000|  0%| F|  |TAMS 0x0000000085600000, 0x0000000085600000| Untracked 
|  87|0x0000000085700000, 0x0000000085700000, 0x0000000085800000|  0%| F|  |TAMS 0x0000000085700000, 0x0000000085700000| Untracked 
|  88|0x0000000085800000, 0x0000000085800000, 0x0000000085900000|  0%| F|  |TAMS 0x0000000085800000, 0x0000000085800000| Untracked 
|  89|0x0000000085900000, 0x0000000085900000, 0x0000000085a00000|  0%| F|  |TAMS 0x0000000085900000, 0x0000000085900000| Untracked 
|  90|0x0000000085a00000, 0x0000000085a00000, 0x0000000085b00000|  0%| F|  |TAMS 0x0000000085a00000, 0x0000000085a00000| Untracked 
|  91|0x0000000085b00000, 0x0000000085b00000, 0x0000000085c00000|  0%| F|  |TAMS 0x0000000085b00000, 0x0000000085b00000| Untracked 
|  92|0x0000000085c00000, 0x0000000085c00000, 0x0000000085d00000|  0%| F|  |TAMS 0x0000000085c00000, 0x0000000085c00000| Untracked 
|  93|0x0000000085d00000, 0x0000000085d00000, 0x0000000085e00000|  0%| F|  |TAMS 0x0000000085d00000, 0x0000000085d00000| Untracked 
|  94|0x0000000085e00000, 0x0000000085e00000, 0x0000000085f00000|  0%| F|  |TAMS 0x0000000085e00000, 0x0000000085e00000| Untracked 
|  95|0x0000000085f00000, 0x0000000085f00000, 0x0000000086000000|  0%| F|  |TAMS 0x0000000085f00000, 0x0000000085f00000| Untracked 
|  96|0x0000000086000000, 0x0000000086000000, 0x0000000086100000|  0%| F|  |TAMS 0x0000000086000000, 0x0000000086000000| Untracked 
|  97|0x0000000086100000, 0x0000000086100000, 0x0000000086200000|  0%| F|  |TAMS 0x0000000086100000, 0x0000000086100000| Untracked 
|  98|0x0000000086200000, 0x0000000086200000, 0x0000000086300000|  0%| F|  |TAMS 0x0000000086200000, 0x0000000086200000| Untracked 
|  99|0x0000000086300000, 0x0000000086300000, 0x0000000086400000|  0%| F|  |TAMS 0x0000000086300000, 0x0000000086300000| Untracked 
| 100|0x0000000086400000, 0x0000000086400000, 0x0000000086500000|  0%| F|  |TAMS 0x0000000086400000, 0x0000000086400000| Untracked 
| 101|0x0000000086500000, 0x0000000086500000, 0x0000000086600000|  0%| F|  |TAMS 0x0000000086500000, 0x0000000086500000| Untracked 
| 102|0x0000000086600000, 0x0000000086600000, 0x0000000086700000|  0%| F|  |TAMS 0x0000000086600000, 0x0000000086600000| Untracked 
| 103|0x0000000086700000, 0x0000000086700000, 0x0000000086800000|  0%| F|  |TAMS 0x0000000086700000, 0x0000000086700000| Untracked 
| 104|0x0000000086800000, 0x0000000086800000, 0x0000000086900000|  0%| F|  |TAMS 0x0000000086800000, 0x0000000086800000| Untracked 
| 105|0x0000000086900000, 0x0000000086900000, 0x0000000086a00000|  0%| F|  |TAMS 0x0000000086900000, 0x0000000086900000| Untracked 
| 106|0x0000000086a00000, 0x0000000086a00000, 0x0000000086b00000|  0%| F|  |TAMS 0x0000000086a00000, 0x0000000086a00000| Untracked 
| 107|0x0000000086b00000, 0x0000000086b00000, 0x0000000086c00000|  0%| F|  |TAMS 0x0000000086b00000, 0x0000000086b00000| Untracked 
| 108|0x0000000086c00000, 0x0000000086c80800, 0x0000000086d00000| 50%| E|  |TAMS 0x0000000086c00000, 0x0000000086c00000| Complete 
| 109|0x0000000086d00000, 0x0000000086e00000, 0x0000000086e00000|100%| E|CS|TAMS 0x0000000086d00000, 0x0000000086d00000| Complete 
| 110|0x0000000086e00000, 0x0000000086f00000, 0x0000000086f00000|100%| E|CS|TAMS 0x0000000086e00000, 0x0000000086e00000| Complete 
| 111|0x0000000086f00000, 0x0000000087000000, 0x0000000087000000|100%| E|CS|TAMS 0x0000000086f00000, 0x0000000086f00000| Complete 
| 112|0x0000000087000000, 0x0000000087100000, 0x0000000087100000|100%| E|CS|TAMS 0x0000000087000000, 0x0000000087000000| Complete 
| 113|0x0000000087100000, 0x0000000087200000, 0x0000000087200000|100%| E|CS|TAMS 0x0000000087100000, 0x0000000087100000| Complete 
| 114|0x0000000087200000, 0x0000000087300000, 0x0000000087300000|100%| E|CS|TAMS 0x0000000087200000, 0x0000000087200000| Complete 
| 115|0x0000000087300000, 0x0000000087400000, 0x0000000087400000|100%| E|CS|TAMS 0x0000000087300000, 0x0000000087300000| Complete 
| 116|0x0000000087400000, 0x0000000087500000, 0x0000000087500000|100%| E|CS|TAMS 0x0000000087400000, 0x0000000087400000| Complete 
| 117|0x0000000087500000, 0x0000000087600000, 0x0000000087600000|100%| E|CS|TAMS 0x0000000087500000, 0x0000000087500000| Complete 
| 118|0x0000000087600000, 0x0000000087700000, 0x0000000087700000|100%| E|CS|TAMS 0x0000000087600000, 0x0000000087600000| Complete 
| 119|0x0000000087700000, 0x0000000087800000, 0x0000000087800000|100%| E|CS|TAMS 0x0000000087700000, 0x0000000087700000| Complete 
| 120|0x0000000087800000, 0x0000000087900000, 0x0000000087900000|100%| E|CS|TAMS 0x0000000087800000, 0x0000000087800000| Complete 
| 121|0x0000000087900000, 0x0000000087a00000, 0x0000000087a00000|100%| E|CS|TAMS 0x0000000087900000, 0x0000000087900000| Complete 
| 122|0x0000000087a00000, 0x0000000087b00000, 0x0000000087b00000|100%| E|CS|TAMS 0x0000000087a00000, 0x0000000087a00000| Complete 
| 123|0x0000000087b00000, 0x0000000087c00000, 0x0000000087c00000|100%| E|CS|TAMS 0x0000000087b00000, 0x0000000087b00000| Complete 
| 124|0x0000000087c00000, 0x0000000087d00000, 0x0000000087d00000|100%| E|CS|TAMS 0x0000000087c00000, 0x0000000087c00000| Complete 
| 125|0x0000000087d00000, 0x0000000087e00000, 0x0000000087e00000|100%| E|CS|TAMS 0x0000000087d00000, 0x0000000087d00000| Complete 
| 126|0x0000000087e00000, 0x0000000087f00000, 0x0000000087f00000|100%| E|CS|TAMS 0x0000000087e00000, 0x0000000087e00000| Complete 
| 127|0x0000000087f00000, 0x0000000088000000, 0x0000000088000000|100%| E|CS|TAMS 0x0000000087f00000, 0x0000000087f00000| Complete 
| 128|0x0000000088000000, 0x0000000088100000, 0x0000000088100000|100%| E|CS|TAMS 0x0000000088000000, 0x0000000088000000| Complete 
| 129|0x0000000088100000, 0x0000000088200000, 0x0000000088200000|100%| E|CS|TAMS 0x0000000088100000, 0x0000000088100000| Complete 
| 130|0x0000000088200000, 0x0000000088300000, 0x0000000088300000|100%| E|CS|TAMS 0x0000000088200000, 0x0000000088200000| Complete 
| 131|0x0000000088300000, 0x0000000088400000, 0x0000000088400000|100%| E|CS|TAMS 0x0000000088300000, 0x0000000088300000| Complete 
| 132|0x0000000088400000, 0x0000000088500000, 0x0000000088500000|100%| E|CS|TAMS 0x0000000088400000, 0x0000000088400000| Complete 
| 133|0x0000000088500000, 0x0000000088600000, 0x0000000088600000|100%| E|CS|TAMS 0x0000000088500000, 0x0000000088500000| Complete 
| 134|0x0000000088600000, 0x0000000088700000, 0x0000000088700000|100%| E|CS|TAMS 0x0000000088600000, 0x0000000088600000| Complete 
| 135|0x0000000088700000, 0x0000000088800000, 0x0000000088800000|100%| E|CS|TAMS 0x0000000088700000, 0x0000000088700000| Complete 
| 136|0x0000000088800000, 0x0000000088900000, 0x0000000088900000|100%| E|CS|TAMS 0x0000000088800000, 0x0000000088800000| Complete 
| 137|0x0000000088900000, 0x0000000088a00000, 0x0000000088a00000|100%| E|CS|TAMS 0x0000000088900000, 0x0000000088900000| Complete 
| 138|0x0000000088a00000, 0x0000000088b00000, 0x0000000088b00000|100%| E|CS|TAMS 0x0000000088a00000, 0x0000000088a00000| Complete 
| 139|0x0000000088b00000, 0x0000000088c00000, 0x0000000088c00000|100%| E|CS|TAMS 0x0000000088b00000, 0x0000000088b00000| Complete 
| 140|0x0000000088c00000, 0x0000000088d00000, 0x0000000088d00000|100%| E|CS|TAMS 0x0000000088c00000, 0x0000000088c00000| Complete 
| 141|0x0000000088d00000, 0x0000000088e00000, 0x0000000088e00000|100%| E|CS|TAMS 0x0000000088d00000, 0x0000000088d00000| Complete 
| 142|0x0000000088e00000, 0x0000000088f00000, 0x0000000088f00000|100%| E|CS|TAMS 0x0000000088e00000, 0x0000000088e00000| Complete 
| 143|0x0000000088f00000, 0x0000000089000000, 0x0000000089000000|100%| E|CS|TAMS 0x0000000088f00000, 0x0000000088f00000| Complete 
| 144|0x0000000089000000, 0x0000000089100000, 0x0000000089100000|100%| E|CS|TAMS 0x0000000089000000, 0x0000000089000000| Complete 
| 145|0x0000000089100000, 0x0000000089200000, 0x0000000089200000|100%| E|CS|TAMS 0x0000000089100000, 0x0000000089100000| Complete 
| 146|0x0000000089200000, 0x0000000089300000, 0x0000000089300000|100%| E|CS|TAMS 0x0000000089200000, 0x0000000089200000| Complete 
| 147|0x0000000089300000, 0x0000000089400000, 0x0000000089400000|100%| E|CS|TAMS 0x0000000089300000, 0x0000000089300000| Complete 
| 148|0x0000000089400000, 0x0000000089500000, 0x0000000089500000|100%| E|CS|TAMS 0x0000000089400000, 0x0000000089400000| Complete 
| 149|0x0000000089500000, 0x0000000089600000, 0x0000000089600000|100%| E|CS|TAMS 0x0000000089500000, 0x0000000089500000| Complete 
| 150|0x0000000089600000, 0x0000000089700000, 0x0000000089700000|100%| E|CS|TAMS 0x0000000089600000, 0x0000000089600000| Complete 
| 151|0x0000000089700000, 0x0000000089800000, 0x0000000089800000|100%| E|CS|TAMS 0x0000000089700000, 0x0000000089700000| Complete 
| 152|0x0000000089800000, 0x0000000089900000, 0x0000000089900000|100%| E|CS|TAMS 0x0000000089800000, 0x0000000089800000| Complete 
| 153|0x0000000089900000, 0x0000000089a00000, 0x0000000089a00000|100%| E|CS|TAMS 0x0000000089900000, 0x0000000089900000| Complete 

Card table byte_map: [0x000002d237790000,0x000002d237b90000] _byte_map_base: 0x000002d237390000

Marking Bits (Prev, Next): (CMBitMap*) 0x000002d2248c0098, (CMBitMap*) 0x000002d2248c00d0
 Prev Bits: [0x000002d237f90000, 0x000002d239f90000)
 Next Bits: [0x000002d239f90000, 0x000002d23bf90000)

Polling page: 0x000002d222760000

Metaspace:

Usage:
  Non-class:     38.97 MB capacity,    38.33 MB ( 98%) used,   547.63 KB (  1%) free+waste,   106.44 KB ( <1%) overhead. 
      Class:      6.05 MB capacity,     5.66 MB ( 94%) used,   347.63 KB (  6%) free+waste,    51.06 KB ( <1%) overhead. 
       Both:     45.02 MB capacity,    43.99 MB ( 98%) used,   895.26 KB (  2%) free+waste,   157.50 KB ( <1%) overhead. 

Virtual space:
  Non-class space:       40.00 MB reserved,      39.00 MB ( 98%) committed 
      Class space:        1.00 GB reserved,       6.13 MB ( <1%) committed 
             Both:        1.04 GB reserved,      45.13 MB (  4%) committed 

Chunk freelists:
   Non-Class:  31.00 KB
       Class:  12.00 KB
        Both:  43.00 KB

MaxMetaspaceSize: 17179869184.00 GB
CompressedClassSpaceSize: 1.00 GB
Initial GC threshold: 20.80 MB
Current GC threshold: 58.54 MB
CDS: off

CodeHeap 'non-profiled nmethods': size=120064Kb used=2179Kb max_used=2179Kb free=117885Kb
 bounds [0x000002d22fe50000, 0x000002d2300c0000, 0x000002d237390000]
CodeHeap 'profiled nmethods': size=120000Kb used=8190Kb max_used=8190Kb free=111809Kb
 bounds [0x000002d228920000, 0x000002d229120000, 0x000002d22fe50000]
CodeHeap 'non-nmethods': size=5696Kb used=2281Kb max_used=2332Kb free=3414Kb
 bounds [0x000002d228390000, 0x000002d228600000, 0x000002d228920000]
 total_blobs=4580 nmethods=3809 adapters=683
 compilation: enabled
              stopped_count=0, restarted_count=0
 full_count=0

Compilation events (20 events):
Event: 8.705 Thread 0x000002d240117800 nmethod 3799 0x000002d23006dc10 code [0x000002d23006ddc0, 0x000002d23006e178]
Event: 8.705 Thread 0x000002d240117800 3805       4       org.objectweb.asm.ByteVector::putShort (52 bytes)
Event: 8.707 Thread 0x000002d240117800 nmethod 3805 0x000002d23006e390 code [0x000002d23006e540, 0x000002d23006e6c8]
Event: 8.707 Thread 0x000002d240117800 3797       4       java.util.Collections$UnmodifiableCollection$1::next (10 bytes)
Event: 8.707 Thread 0x000002d23e49b000 3807       3       java.lang.invoke.LambdaForm::fixResult (31 bytes)
Event: 8.708 Thread 0x000002d240117800 nmethod 3797 0x000002d23006eb10 code [0x000002d23006eca0, 0x000002d23006ed38]
Event: 8.708 Thread 0x000002d23e49b000 nmethod 3807 0x000002d22911ec10 code [0x000002d22911edc0, 0x000002d22911ef98]
Event: 8.715 Thread 0x000002d23e49b000 3811       3       org.gradle.internal.instantiation.generator.AbstractClassGenerator$ClassGenerationHandler::<init> (5 bytes)
Event: 8.716 Thread 0x000002d23e49b000 nmethod 3811 0x000002d22911f090 code [0x000002d22911f240, 0x000002d22911f3f8]
Event: 8.716 Thread 0x000002d23e49b000 3812       3       org.gradle.internal.instantiation.generator.AbstractClassGenerator$ClassGenerationHandler::<init> (5 bytes)
Event: 8.716 Thread 0x000002d23e49b000 nmethod 3812 0x000002d22911f510 code [0x000002d22911f6c0, 0x000002d22911f818]
Event: 8.733 Thread 0x000002d240117800 3813       4       java.lang.invoke.MethodTypeForm::canonicalize (233 bytes)
Event: 8.734 Thread 0x000002d240117800 nmethod 3813 0x000002d23006f710 code [0x000002d23006f8a0, 0x000002d23006f978]
Event: 8.744 Thread 0x000002d23e49b000 3814       1       java.lang.invoke.DirectMethodHandle$Special::isInvokeSpecial (2 bytes)
Event: 8.744 Thread 0x000002d240117800 3815       4       jdk.internal.org.objectweb.asm.MethodWriter::visitVarInsn (300 bytes)
Event: 8.744 Thread 0x000002d23e49b000 nmethod 3814 0x000002d23006fa90 code [0x000002d23006fc40, 0x000002d23006fcf8]
Event: 8.751 Thread 0x000002d240117800 nmethod 3815 0x000002d23006fd90 code [0x000002d23006ff80, 0x000002d2300704a8]
Event: 8.751 Thread 0x000002d240117800 3816       4       java.lang.ClassLoader::loadClass (7 bytes)
Event: 8.751 Thread 0x000002d240117800 nmethod 3816 0x000002d230070910 code [0x000002d230070aa0, 0x000002d230070b18]
Event: 8.758 Thread 0x000002d240117800 3817       4       java.net.URLStreamHandler::toExternalForm (156 bytes)

GC Heap History (14 events):
Event: 0.723 GC heap before
{Heap before GC invocations=0 (full 0):
 garbage-first heap   total 131072K, used 20480K [0x0000000080000000, 0x0000000100000000)
  region size 1024K, 14 young (14336K), 0 survivors (0K)
 Metaspace       used 6737K, capacity 6925K, committed 7168K, reserved 1056768K
  class space    used 582K, capacity 650K, committed 768K, reserved 1048576K
}
Event: 0.739 GC heap after
{Heap after GC invocations=1 (full 0):
 garbage-first heap   total 131072K, used 7877K [0x0000000080000000, 0x0000000100000000)
  region size 1024K, 2 young (2048K), 2 survivors (2048K)
 Metaspace       used 6737K, capacity 6925K, committed 7168K, reserved 1056768K
  class space    used 582K, capacity 650K, committed 768K, reserved 1048576K
}
Event: 1.707 GC heap before
{Heap before GC invocations=1 (full 0):
 garbage-first heap   total 131072K, used 47813K [0x0000000080000000, 0x0000000100000000)
  region size 1024K, 40 young (40960K), 2 survivors (2048K)
 Metaspace       used 10855K, capacity 11073K, committed 11264K, reserved 1058816K
  class space    used 1130K, capacity 1207K, committed 1280K, reserved 1048576K
}
Event: 1.712 GC heap after
{Heap after GC invocations=2 (full 0):
 garbage-first heap   total 131072K, used 11474K [0x0000000080000000, 0x0000000100000000)
  region size 1024K, 5 young (5120K), 5 survivors (5120K)
 Metaspace       used 10855K, capacity 11073K, committed 11264K, reserved 1058816K
  class space    used 1130K, capacity 1207K, committed 1280K, reserved 1048576K
}
Event: 3.471 GC heap before
{Heap before GC invocations=2 (full 0):
 garbage-first heap   total 131072K, used 52434K [0x0000000080000000, 0x0000000100000000)
  region size 1024K, 45 young (46080K), 5 survivors (5120K)
 Metaspace       used 17334K, capacity 17715K, committed 17792K, reserved 1064960K
  class space    used 2018K, capacity 2145K, committed 2176K, reserved 1048576K
}
Event: 3.484 GC heap after
{Heap after GC invocations=3 (full 0):
 garbage-first heap   total 131072K, used 16154K [0x0000000080000000, 0x0000000100000000)
  region size 1024K, 6 young (6144K), 6 survivors (6144K)
 Metaspace       used 17334K, capacity 17715K, committed 17792K, reserved 1064960K
  class space    used 2018K, capacity 2145K, committed 2176K, reserved 1048576K
}
Event: 4.002 GC heap before
{Heap before GC invocations=3 (full 0):
 garbage-first heap   total 131072K, used 47898K [0x0000000080000000, 0x0000000100000000)
  region size 1024K, 38 young (38912K), 6 survivors (6144K)
 Metaspace       used 20700K, capacity 21135K, committed 21248K, reserved 1067008K
  class space    used 2541K, capacity 2710K, committed 2816K, reserved 1048576K
}
Event: 4.011 GC heap after
{Heap after GC invocations=4 (full 0):
 garbage-first heap   total 131072K, used 17371K [0x0000000080000000, 0x0000000100000000)
  region size 1024K, 2 young (2048K), 2 survivors (2048K)
 Metaspace       used 20700K, capacity 21135K, committed 21248K, reserved 1067008K
  class space    used 2541K, capacity 2710K, committed 2816K, reserved 1048576K
}
Event: 4.784 GC heap before
{Heap before GC invocations=5 (full 0):
 garbage-first heap   total 131072K, used 68571K [0x0000000080000000, 0x0000000100000000)
  region size 1024K, 52 young (53248K), 2 survivors (2048K)
 Metaspace       used 26206K, capacity 26756K, committed 27008K, reserved 1073152K
  class space    used 3397K, capacity 3589K, committed 3712K, reserved 1048576K
}
Event: 4.789 GC heap after
{Heap after GC invocations=6 (full 0):
 garbage-first heap   total 131072K, used 19091K [0x0000000080000000, 0x0000000100000000)
  region size 1024K, 4 young (4096K), 4 survivors (4096K)
 Metaspace       used 26206K, capacity 26756K, committed 27008K, reserved 1073152K
  class space    used 3397K, capacity 3589K, committed 3712K, reserved 1048576K
}
Event: 6.469 GC heap before
{Heap before GC invocations=6 (full 0):
 garbage-first heap   total 131072K, used 78483K [0x0000000080000000, 0x0000000100000000)
  region size 1024K, 63 young (64512K), 4 survivors (4096K)
 Metaspace       used 34922K, capacity 35787K, committed 35840K, reserved 1081344K
  class space    used 4531K, capacity 4839K, committed 4864K, reserved 1048576K
}
Event: 6.483 GC heap after
{Heap after GC invocations=7 (full 0):
 garbage-first heap   total 131072K, used 22279K [0x0000000080000000, 0x0000000100000000)
  region size 1024K, 7 young (7168K), 7 survivors (7168K)
 Metaspace       used 34922K, capacity 35787K, committed 35840K, reserved 1081344K
  class space    used 4531K, capacity 4839K, committed 4864K, reserved 1048576K
}
Event: 7.923 GC heap before
{Heap before GC invocations=8 (full 0):
 garbage-first heap   total 131072K, used 94983K [0x0000000080000000, 0x0000000100000000)
  region size 1024K, 76 young (77824K), 7 survivors (7168K)
 Metaspace       used 40752K, capacity 41726K, committed 41984K, reserved 1085440K
  class space    used 5208K, capacity 5578K, committed 5632K, reserved 1048576K
}
Event: 7.943 GC heap after
{Heap after GC invocations=9 (full 0):
 garbage-first heap   total 157696K, used 28086K [0x0000000080000000, 0x0000000100000000)
  region size 1024K, 9 young (9216K), 9 survivors (9216K)
 Metaspace       used 40752K, capacity 41726K, committed 41984K, reserved 1085440K
  class space    used 5208K, capacity 5578K, committed 5632K, reserved 1048576K
}

Deoptimization events (20 events):
Event: 8.287 Thread 0x000002d2419c3000 Uncommon trap: trap_request=0xffffff4d fr.pc=0x000002d22ffafb08 relative=0x00000000000000e8
Event: 8.287 Thread 0x000002d2419c3000 Uncommon trap: reason=unstable_if action=reinterpret pc=0x000002d22ffafb08 method=org.objectweb.asm.ByteVector.putShort(I)Lorg/objectweb/asm/ByteVector; @ 13 c2
Event: 8.287 Thread 0x000002d2419c3000 DEOPT PACKING pc=0x000002d22ffafb08 sp=0x000000efed3f8dd0
Event: 8.287 Thread 0x000002d2419c3000 DEOPT UNPACKING pc=0x000002d2283da1af sp=0x000000efed3f8d68 mode 2
Event: 8.332 Thread 0x000002d241737800 Uncommon trap: trap_request=0xffffffc6 fr.pc=0x000002d23000087c relative=0x00000000000001fc
Event: 8.332 Thread 0x000002d241737800 Uncommon trap: reason=bimorphic_or_optimized_type_check action=maybe_recompile pc=0x000002d23000087c method=java.util.stream.Sink$ChainedReference.cancellationRequested()Z @ 4 c2
Event: 8.332 Thread 0x000002d241737800 DEOPT PACKING pc=0x000002d23000087c sp=0x000000efecefe520
Event: 8.332 Thread 0x000002d241737800 DEOPT UNPACKING pc=0x000002d2283da1af sp=0x000000efecefe450 mode 2
Event: 8.631 Thread 0x000002d2419c3000 Uncommon trap: trap_request=0xffffff4d fr.pc=0x000002d22fed4780 relative=0x00000000000001c0
Event: 8.631 Thread 0x000002d2419c3000 Uncommon trap: reason=unstable_if action=reinterpret pc=0x000002d22fed4780 method=java.net.URI$Parser.scan(IILjava/lang/String;)I @ 26 c2
Event: 8.631 Thread 0x000002d2419c3000 DEOPT PACKING pc=0x000002d22fed4780 sp=0x000000efed3f8c00
Event: 8.632 Thread 0x000002d2419c3000 DEOPT UNPACKING pc=0x000002d2283da1af sp=0x000000efed3f8b90 mode 2
Event: 8.632 Thread 0x000002d2419c3000 Uncommon trap: trap_request=0xffffff4d fr.pc=0x000002d22feaa0dc relative=0x000000000000011c
Event: 8.632 Thread 0x000002d2419c3000 Uncommon trap: reason=unstable_if action=reinterpret pc=0x000002d22feaa0dc method=java.net.URI.match(CJJ)Z @ 45 c2
Event: 8.632 Thread 0x000002d2419c3000 DEOPT PACKING pc=0x000002d22feaa0dc sp=0x000000efed3f8970
Event: 8.632 Thread 0x000002d2419c3000 DEOPT UNPACKING pc=0x000002d2283da1af sp=0x000000efed3f88a8 mode 2
Event: 8.632 Thread 0x000002d2419c3000 Uncommon trap: trap_request=0xffffff4d fr.pc=0x000002d22fe74768 relative=0x0000000000000048
Event: 8.632 Thread 0x000002d2419c3000 Uncommon trap: reason=unstable_if action=reinterpret pc=0x000002d22fe74768 method=java.net.URI.match(CJJ)Z @ 19 c2
Event: 8.632 Thread 0x000002d2419c3000 DEOPT PACKING pc=0x000002d22fe74768 sp=0x000000efed3f8980
Event: 8.632 Thread 0x000002d2419c3000 DEOPT UNPACKING pc=0x000002d2283da1af sp=0x000000efed3f8930 mode 2

Classes redefined (0 events):
No events

Internal exceptions (20 events):
Event: 7.763 Thread 0x000002d2419c3000 Exception <a 'java/lang/ClassNotFoundException'{0x000000008412edb8}: org/gradle/api/internal/provider/AbstractMinimalProviderCustomizer> (0x000000008412edb8) thrown at [./src/hotspot/share/classfile/systemDictionary.cpp, line 231]
Event: 7.769 Thread 0x000002d2419c3000 Exception <a 'java/lang/ClassNotFoundException'{0x000000008418cbf0}: org/gradle/api/internal/provider/AbstractPropertyCustomizer> (0x000000008418cbf0) thrown at [./src/hotspot/share/classfile/systemDictionary.cpp, line 231]
Event: 7.771 Thread 0x000002d2419c3000 Exception <a 'java/lang/ClassNotFoundException'{0x00000000841bdc10}: org/gradle/api/internal/provider/DefaultPropertyCustomizer> (0x00000000841bdc10) thrown at [./src/hotspot/share/classfile/systemDictionary.cpp, line 231]
Event: 7.832 Thread 0x000002d2419c3000 Exception <a 'java/lang/ClassNotFoundException'{0x00000000838ad3f0}: org/gradle/initialization/DefaultProjectDescriptorBeanInfo> (0x00000000838ad3f0) thrown at [./src/hotspot/share/classfile/systemDictionary.cpp, line 231]
Event: 7.833 Thread 0x000002d2419c3000 Exception <a 'java/lang/ClassNotFoundException'{0x00000000838d1b10}: org/gradle/initialization/DefaultProjectDescriptorCustomizer> (0x00000000838d1b10) thrown at [./src/hotspot/share/classfile/systemDictionary.cpp, line 231]
Event: 7.839 Thread 0x000002d2419c3000 Implicit null exception at 0x000002d22ffc9c6c to 0x000002d22ffc9d14
Event: 8.052 Thread 0x000002d241a24800 Exception <a 'java/lang/NoSuchMethodError'{0x000000008990ecd8}: <clinit>> (0x000000008990ecd8) thrown at [./src/hotspot/share/prims/jni.cpp, line 1365]
Event: 8.053 Thread 0x000002d241a24800 Exception <a 'java/lang/NoSuchMethodError'{0x00000000899103c8}: <clinit>> (0x00000000899103c8) thrown at [./src/hotspot/share/prims/jni.cpp, line 1365]
Event: 8.054 Thread 0x000002d241a24800 Exception <a 'java/lang/NoSuchMethodError'{0x000000008938c770}: <clinit>> (0x000000008938c770) thrown at [./src/hotspot/share/prims/jni.cpp, line 1365]
Event: 8.055 Thread 0x000002d241a24800 Exception <a 'java/lang/NoSuchMethodError'{0x000000008938eaf8}: <clinit>> (0x000000008938eaf8) thrown at [./src/hotspot/share/prims/jni.cpp, line 1365]
Event: 8.057 Thread 0x000002d241a24800 Exception <a 'java/lang/NoSuchMethodError'{0x000000008939e790}: <clinit>> (0x000000008939e790) thrown at [./src/hotspot/share/prims/jni.cpp, line 1365]
Event: 8.252 Thread 0x000002d2419c3000 Implicit null exception at 0x000002d22ff46c74 to 0x000002d22ff46e84
Event: 8.452 Thread 0x000002d2419c3000 Exception <a 'java/lang/ClassNotFoundException'{0x0000000088154d90}: build_1kld4yu5xjpc93kanzz7jvyhkBeanInfo> (0x0000000088154d90) thrown at [./src/hotspot/share/classfile/systemDictionary.cpp, line 231]
Event: 8.453 Thread 0x000002d2419c3000 Exception <a 'java/lang/ClassNotFoundException'{0x000000008816ad48}: org/gradle/api/internal/project/ProjectScriptBeanInfo> (0x000000008816ad48) thrown at [./src/hotspot/share/classfile/systemDictionary.cpp, line 231]
Event: 8.453 Thread 0x000002d2419c3000 Exception <a 'java/lang/ClassNotFoundException'{0x0000000088180ec0}: org/gradle/api/internal/project/ProjectScriptCustomizer> (0x0000000088180ec0) thrown at [./src/hotspot/share/classfile/systemDictionary.cpp, line 231]
Event: 8.454 Thread 0x000002d2419c3000 Exception <a 'java/lang/ClassNotFoundException'{0x000000008819b940}: build_1kld4yu5xjpc93kanzz7jvyhkCustomizer> (0x000000008819b940) thrown at [./src/hotspot/share/classfile/systemDictionary.cpp, line 231]
Event: 8.468 Thread 0x000002d2419c3000 Exception <a 'java/lang/ClassNotFoundException'{0x000000008802c318}: org/gradle/plugin/use/internal/PluginRequestCollector$PluginDependenciesSpecImplBeanInfo> (0x000000008802c318) thrown at [./src/hotspot/share/classfile/systemDictionary.cpp, line 231]
Event: 8.469 Thread 0x000002d2419c3000 Exception <a 'java/lang/ClassNotFoundException'{0x00000000880598f8}: org/gradle/plugin/use/internal/PluginRequestCollector$PluginDependenciesSpecImplCustomizer> (0x00000000880598f8) thrown at [./src/hotspot/share/classfile/systemDictionary.cpp, line 231]
Event: 8.475 Thread 0x000002d2419c3000 Exception <a 'java/lang/ClassNotFoundException'{0x00000000880bf5f8}: org/gradle/plugin/use/internal/PluginRequestCollector$PluginDependencySpecImplBeanInfo> (0x00000000880bf5f8) thrown at [./src/hotspot/share/classfile/systemDictionary.cpp, line 231]
Event: 8.476 Thread 0x000002d2419c3000 Exception <a 'java/lang/ClassNotFoundException'{0x00000000880ebdb8}: org/gradle/plugin/use/internal/PluginRequestCollector$PluginDependencySpecImplCustomizer> (0x00000000880ebdb8) thrown at [./src/hotspot/share/classfile/systemDictionary.cpp, line 231]

Events (20 events):
Event: 8.783 loading class org/gradle/internal/resource/ExternalResourceListBuildOperationType$Result
Event: 8.783 loading class org/gradle/internal/resource/ExternalResourceListBuildOperationType$Result done
Event: 8.783 loading class org/gradle/internal/resource/transfer/ProgressLoggingExternalResourceLister$1
Event: 8.783 loading class org/gradle/internal/resource/transfer/ProgressLoggingExternalResourceLister$1 done
Event: 8.784 loading class org/gradle/internal/resource/transport/DefaultExternalResourceRepository
Event: 8.784 loading class org/gradle/internal/resource/transport/DefaultExternalResourceRepository done
Event: 8.784 loading class org/gradle/internal/resource/transfer/DefaultCacheAwareExternalResourceAccessor
Event: 8.784 loading class org/gradle/internal/resource/transfer/DefaultCacheAwareExternalResourceAccessor done
Event: 8.785 loading class org/gradle/internal/resource/ExternalResource$ContentAndMetadataAction
Event: 8.785 loading class org/gradle/internal/resource/ExternalResource$ContentAndMetadataAction done
Event: 8.786 loading class org/gradle/internal/resource/transfer/CacheAwareExternalResourceAccessor$ResourceFileStore
Event: 8.786 loading class org/gradle/internal/resource/transfer/CacheAwareExternalResourceAccessor$ResourceFileStore done
Event: 8.787 loading class org/gradle/api/internal/artifacts/repositories/DefaultMavenArtifactRepository$MavenSnapshotDecoratingSource
Event: 8.787 loading class org/gradle/api/internal/artifacts/repositories/DefaultMavenArtifactRepository$MavenSnapshotDecoratingSource done
Event: 8.787 loading class org/gradle/api/internal/artifacts/repositories/metadata/DefaultGradleModuleMetadataSource
Event: 8.787 loading class org/gradle/api/internal/artifacts/repositories/metadata/DefaultGradleModuleMetadataSource done
Event: 8.788 loading class org/gradle/api/internal/artifacts/repositories/metadata/GradleModuleMetadataCompatibilityConverter
Event: 8.788 loading class org/gradle/api/internal/artifacts/repositories/metadata/GradleModuleMetadataCompatibilityConverter done
Event: 8.789 loading class org/gradle/internal/component/model/ModuleDescriptorArtifactMetadata
Event: 8.789 loading class org/gradle/internal/component/model/ModuleDescriptorArtifactMetadata done


Dynamic libraries:
0x00007ff71ad90000 - 0x00007ff71ad9a000 	C:\Program Files\Android\Android Studio\jre\bin\java.exe
0x00007ffa9fe40000 - 0x00007ffaa0049000 	C:\Windows\SYSTEM32\ntdll.dll
0x00007ffa9ed00000 - 0x00007ffa9edbd000 	C:\Windows\System32\KERNEL32.DLL
0x00007ffa9d510000 - 0x00007ffa9d884000 	C:\Windows\System32\KERNELBASE.dll
0x00007ffa9dbc0000 - 0x00007ffa9dcd1000 	C:\Windows\System32\ucrtbase.dll
0x00007ffa74730000 - 0x00007ffa74749000 	C:\Program Files\Android\Android Studio\jre\bin\jli.dll
0x00007ffa70240000 - 0x00007ffa70257000 	C:\Program Files\Android\Android Studio\jre\bin\VCRUNTIME140.dll
0x00007ffa9eb50000 - 0x00007ffa9ecfc000 	C:\Windows\System32\USER32.dll
0x00007ffa9d3a0000 - 0x00007ffa9d3c6000 	C:\Windows\System32\win32u.dll
0x00007ffa76ba0000 - 0x00007ffa76e45000 	C:\Windows\WinSxS\amd64_microsoft.windows.common-controls_6595b64144ccf1df_6.0.22000.120_none_9d947278b86cc467\COMCTL32.dll
0x00007ffa9f780000 - 0x00007ffa9f7a9000 	C:\Windows\System32\GDI32.dll
0x00007ffa9ef50000 - 0x00007ffa9eff3000 	C:\Windows\System32\msvcrt.dll
0x00007ffa9d930000 - 0x00007ffa9da42000 	C:\Windows\System32\gdi32full.dll
0x00007ffa9d890000 - 0x00007ffa9d92d000 	C:\Windows\System32\msvcp_win.dll
0x00007ffa9eb10000 - 0x00007ffa9eb41000 	C:\Windows\System32\IMM32.DLL
0x00007ffa6f360000 - 0x00007ffa6f3fd000 	C:\Program Files\Android\Android Studio\jre\bin\msvcp140.dll
0x00007ffa55f50000 - 0x00007ffa56a35000 	C:\Program Files\Android\Android Studio\jre\bin\server\jvm.dll
0x00007ffa9fb50000 - 0x00007ffa9fbfe000 	C:\Windows\System32\ADVAPI32.dll
0x00007ffa9eeb0000 - 0x00007ffa9ef4e000 	C:\Windows\System32\sechost.dll
0x00007ffa9fc80000 - 0x00007ffa9fda0000 	C:\Windows\System32\RPCRT4.dll
0x00007ffa9f6f0000 - 0x00007ffa9f6f8000 	C:\Windows\System32\PSAPI.DLL
0x00007ffa76350000 - 0x00007ffa76359000 	C:\Windows\SYSTEM32\WSOCK32.dll
0x00007ffa9e9f0000 - 0x00007ffa9ea5f000 	C:\Windows\System32\WS2_32.dll
0x00007ffa92b60000 - 0x00007ffa92b93000 	C:\Windows\SYSTEM32\WINMM.dll
0x00007ffa8a860000 - 0x00007ffa8a86a000 	C:\Windows\SYSTEM32\VERSION.dll
0x00007ffa9be10000 - 0x00007ffa9be28000 	C:\Windows\SYSTEM32\kernel.appcore.dll
0x00007ffa75f60000 - 0x00007ffa75f71000 	C:\Program Files\Android\Android Studio\jre\bin\verify.dll
0x00007ffa96210000 - 0x00007ffa96431000 	C:\Windows\SYSTEM32\DBGHELP.DLL
0x00007ffa8a100000 - 0x00007ffa8a131000 	C:\Windows\SYSTEM32\dbgcore.DLL
0x00007ffa9d3d0000 - 0x00007ffa9d44f000 	C:\Windows\System32\bcryptPrimitives.dll
0x00007ffa75dc0000 - 0x00007ffa75de9000 	C:\Program Files\Android\Android Studio\jre\bin\java.dll
0x00007ffa75db0000 - 0x00007ffa75dbb000 	C:\Program Files\Android\Android Studio\jre\bin\jimage.dll
0x00007ffa75230000 - 0x00007ffa75248000 	C:\Program Files\Android\Android Studio\jre\bin\zip.dll
0x00007ffa9dce0000 - 0x00007ffa9e48e000 	C:\Windows\System32\SHELL32.dll
0x00007ffa9b5a0000 - 0x00007ffa9be07000 	C:\Windows\SYSTEM32\windows.storage.dll
0x00007ffa9e580000 - 0x00007ffa9e8f8000 	C:\Windows\System32\combase.dll
0x00007ffa9b430000 - 0x00007ffa9b596000 	C:\Windows\SYSTEM32\wintypes.dll
0x00007ffa9edc0000 - 0x00007ffa9eeaa000 	C:\Windows\System32\SHCORE.dll
0x00007ffa9fc20000 - 0x00007ffa9fc7d000 	C:\Windows\System32\shlwapi.dll
0x00007ffa9d260000 - 0x00007ffa9d281000 	C:\Windows\SYSTEM32\profapi.dll
0x00007ffa75210000 - 0x00007ffa7522a000 	C:\Program Files\Android\Android Studio\jre\bin\net.dll
0x00007ffa912e0000 - 0x00007ffa913ec000 	C:\Windows\SYSTEM32\WINHTTP.dll
0x00007ffa9c950000 - 0x00007ffa9c9b7000 	C:\Windows\system32\mswsock.dll
0x00007ffa751f0000 - 0x00007ffa75204000 	C:\Program Files\Android\Android Studio\jre\bin\nio.dll
0x00007ffa75400000 - 0x00007ffa75427000 	C:\Users\Admin\.gradle\native\e1d6ef7f7dcc3fd88c89a11ec53ec762bb8ba0a96d01ffa2cd45eb1d1d8dd5c5\windows-amd64\native-platform.dll
0x00007ffa3dbd0000 - 0x00007ffa3dd14000 	C:\Users\Admin\.gradle\native\5664cfc778a61ccfe75a443a1ab52a65af34e5dc3c78e0209fed803814484fcb\windows-amd64\native-platform-file-events.dll
0x00007ffa75440000 - 0x00007ffa7544a000 	C:\Program Files\Android\Android Studio\jre\bin\management.dll
0x00007ffa751e0000 - 0x00007ffa751ed000 	C:\Program Files\Android\Android Studio\jre\bin\management_ext.dll
0x00007ffa9cb90000 - 0x00007ffa9cba8000 	C:\Windows\SYSTEM32\CRYPTSP.dll
0x00007ffa9c4b0000 - 0x00007ffa9c4e5000 	C:\Windows\system32\rsaenh.dll
0x00007ffa9ca40000 - 0x00007ffa9ca69000 	C:\Windows\SYSTEM32\USERENV.dll
0x00007ffa9cd10000 - 0x00007ffa9cd37000 	C:\Windows\SYSTEM32\bcrypt.dll
0x00007ffa9cbb0000 - 0x00007ffa9cbbc000 	C:\Windows\SYSTEM32\CRYPTBASE.dll
0x00007ffa9c080000 - 0x00007ffa9c0ad000 	C:\Windows\SYSTEM32\IPHLPAPI.DLL
0x00007ffa9e9e0000 - 0x00007ffa9e9e9000 	C:\Windows\System32\NSI.dll
0x00007ffa91230000 - 0x00007ffa91249000 	C:\Windows\SYSTEM32\dhcpcsvc6.DLL
0x00007ffa91d10000 - 0x00007ffa91d2e000 	C:\Windows\SYSTEM32\dhcpcsvc.DLL
0x00007ffa9c0f0000 - 0x00007ffa9c1d7000 	C:\Windows\SYSTEM32\DNSAPI.dll

dbghelp: loaded successfully - version: 4.0.5 - missing functions: none
symbol engine: initialized successfully - sym options: 0x614 - pdb path: .;C:\Program Files\Android\Android Studio\jre\bin;C:\Windows\SYSTEM32;C:\Windows\WinSxS\amd64_microsoft.windows.common-controls_6595b64144ccf1df_6.0.22000.120_none_9d947278b86cc467;C:\Program Files\Android\Android Studio\jre\bin\server;C:\Users\Admin\.gradle\native\e1d6ef7f7dcc3fd88c89a11ec53ec762bb8ba0a96d01ffa2cd45eb1d1d8dd5c5\windows-amd64;C:\Users\Admin\.gradle\native\5664cfc778a61ccfe75a443a1ab52a65af34e5dc3c78e0209fed803814484fcb\windows-amd64

VM Arguments:
jvm_args: --add-opens=java.base/java.util=ALL-UNNAMED --add-opens=java.base/java.lang=ALL-UNNAMED --add-opens=java.base/java.lang.invoke=ALL-UNNAMED --add-opens=java.base/java.util=ALL-UNNAMED --add-opens=java.prefs/java.util.prefs=ALL-UNNAMED --add-opens=java.prefs/java.util.prefs=ALL-UNNAMED --add-opens=java.base/java.nio.charset=ALL-UNNAMED --add-opens=java.base/java.net=ALL-UNNAMED --add-opens=java.base/java.util.concurrent.atomic=ALL-UNNAMED -Xmx2048m -Dfile.encoding=UTF-8 -Duser.country=US -Duser.language=en -Duser.variant 
java_command: org.gradle.launcher.daemon.bootstrap.GradleDaemon 7.3.3
java_class_path (initial): C:\Users\Admin\.gradle\wrapper\dists\gradle-7.3.3-bin\6a41zxkdtcxs8rphpq6y0069z\gradle-7.3.3\lib\gradle-launcher-7.3.3.jar
Launcher Type: SUN_STANDARD

[Global flags]
     intx CICompilerCount                          = 3                                         {product} {ergonomic}
     uint ConcGCThreads                            = 1                                         {product} {ergonomic}
     uint G1ConcRefinementThreads                  = 4                                         {product} {ergonomic}
   size_t G1HeapRegionSize                         = 1048576                                   {product} {ergonomic}
    uintx GCDrainStackTargetSize                   = 64                                        {product} {ergonomic}
   size_t InitialHeapSize                          = 134217728                                 {product} {ergonomic}
   size_t MarkStackSize                            = 4194304                                   {product} {ergonomic}
   size_t MaxHeapSize                              = 2147483648                                {product} {command line}
   size_t MaxNewSize                               = 1287651328                                {product} {ergonomic}
   size_t MinHeapDeltaBytes                        = 1048576                                   {product} {ergonomic}
    uintx NonNMethodCodeHeapSize                   = 5830732                                {pd product} {ergonomic}
    uintx NonProfiledCodeHeapSize                  = 122913754                              {pd product} {ergonomic}
    uintx ProfiledCodeHeapSize                     = 122913754                              {pd product} {ergonomic}
    uintx ReservedCodeCacheSize                    = 251658240                              {pd product} {ergonomic}
     bool SegmentedCodeCache                       = true                                      {product} {ergonomic}
     bool UseCompressedClassPointers               = true                                 {lp64_product} {ergonomic}
     bool UseCompressedOops                        = true                                 {lp64_product} {ergonomic}
     bool UseG1GC                                  = true                                      {product} {ergonomic}
     bool UseLargePagesIndividualAllocation        = false                                  {pd product} {ergonomic}

Logging:
Log output configuration:
 #0: stdout all=warning uptime,level,tags
 #1: stderr all=off uptime,level,tags

Environment Variables:
PATH=C:\Program Files\Common Files\Oracle\Java\javapath;C:\Program Files (x86)\Common Files\Oracle\Java\javapath;C:\Windows\system32;C:\Windows;C:\Windows\System32\Wbem;C:\Windows\System32\WindowsPowerShell\v1.0\;C:\Windows\System32\OpenSSH\;C:\Program Files (x86)\Intel\Intel(R) Management Engine Components\DAL;C:\Program Files\Intel\Intel(R) Management Engine Components\DAL;C:\Program Files\Git\cmd;C:\Users\Admin\AppData\Local\Microsoft\WindowsApps;C:\Users\Admin\AppData\Local\Programs\Microsoft VS Code\bin;C:\Users\Admin\AppData\Local\atom\bin;C:\Users\Admin\AppData\Local\GitHubDesktop\bin
USERNAME=Admin
OS=Windows_NT
PROCESSOR_IDENTIFIER=Intel64 Family 6 Model 78 Stepping 3, GenuineIntel



---------------  S Y S T E M  ---------------

OS: Windows 10 , 64 bit Build 22000 (10.0.22000.434)
OS uptime: 0 days 0:04 hours

CPU:total 4 (initial active 4) (2 cores per cpu, 2 threads per core) family 6 model 78 stepping 3 microcode 0xd6, cmov, cx8, fxsr, mmx, sse, sse2, sse3, ssse3, sse4.1, sse4.2, popcnt, avx, avx2, aes, clmul, erms, rtm, 3dnowpref, lzcnt, ht, tsc, tscinvbit, bmi1, bmi2, adx, fma

Memory: 4k page, system-wide physical 8072M (1337M free)
TotalPageFile size 8072M (AvailPageFile size 5M)
current process WorkingSet (physical memory assigned to process): 298M, peak: 298M
current process commit charge ("private bytes"): 350M, peak: 352M

vm_info: OpenJDK 64-Bit Server VM (11.0.12+7-b1504.28-7817840) for windows-amd64 JRE (11.0.12+7-b1504.28-7817840), built on Oct 13 2021 22:12:33 by "builder" with MS VC++ 14.0 (VS2015)

END.
