#
# There is insufficient memory for the Java Runtime Environment to continue.
# Native memory allocation (malloc) failed to allocate 1866736 bytes for Chunk::new
# Possible reasons:
#   The system is out of physical RAM or swap space
#   The process is running with CompressedOops enabled, and the Java Heap may be blocking the growth of the native heap
# Possible solutions:
#   Reduce memory load on the system
#   Increase physical memory or swap space
#   Check if swap backing store is full
#   Decrease Java heap size (-Xmx/-Xms)
#   Decrease number of Java threads
#   Decrease Java thread stack sizes (-Xss)
#   Set larger code cache with -XX:ReservedCodeCacheSize=
#   JVM is running with Unscaled Compressed Oops mode in which the Java heap is
#     placed in the first 4GB address space. The Java Heap base address is the
#     maximum limit for the native heap growth. Please use -XX:HeapBaseMinAddress
#     to set the Java Heap base and to place the Java Heap above 4GB virtual address.
# This output file may be truncated or incomplete.
#
#  Out of Memory Error (./src/hotspot/share/memory/arena.cpp:197), pid=3428, tid=7124
#
# JRE version: OpenJDK Runtime Environment (11.0.12+7) (build 11.0.12+7-b1504.28-7817840)
# Java VM: OpenJDK 64-Bit Server VM (11.0.12+7-b1504.28-7817840, mixed mode, tiered, compressed oops, g1 gc, windows-amd64)
# No core dump will be written. Minidumps are not enabled by default on client versions of Windows
#

---------------  S U M M A R Y ------------

Command Line: --add-opens=java.base/java.util=ALL-UNNAMED --add-opens=java.base/java.lang=ALL-UNNAMED --add-opens=java.base/java.lang.invoke=ALL-UNNAMED --add-opens=java.base/java.util=ALL-UNNAMED --add-opens=java.prefs/java.util.prefs=ALL-UNNAMED --add-opens=java.prefs/java.util.prefs=ALL-UNNAMED --add-opens=java.base/java.nio.charset=ALL-UNNAMED --add-opens=java.base/java.net=ALL-UNNAMED --add-opens=java.base/java.util.concurrent.atomic=ALL-UNNAMED -Xmx2048m -Dfile.encoding=UTF-8 -Duser.country=US -Duser.language=en -Duser.variant org.gradle.launcher.daemon.bootstrap.GradleDaemon 7.3.3

Host: Intel(R) Core(TM) i7-6600U CPU @ 2.60GHz, 4 cores, 7G,  Windows 10 , 64 bit Build 22000 (10.0.22000.434)
Time: Mon Aug 15 09:40:18 2022 Egypt Standard Time elapsed time: 9.688910 seconds (0d 0h 0m 9s)

---------------  T H R E A D  ---------------

Current thread (0x0000024654085000):  JavaThread "C2 CompilerThread0" daemon [_thread_in_native, id=7124, stack(0x0000004ce6b00000,0x0000004ce6c00000)]


Current CompileTask:
C2:   9688 4752       4       java.lang.invoke.MethodType::makeImpl (108 bytes)

Stack: [0x0000004ce6b00000,0x0000004ce6c00000]
Native frames: (J=compiled Java code, j=interpreted, Vv=VM code, C=native code)
V  [jvm.dll+0x5fbcea]
V  [jvm.dll+0x731905]
V  [jvm.dll+0x732f1d]
V  [jvm.dll+0x7335d3]
V  [jvm.dll+0x247bf8]
V  [jvm.dll+0xc018c]
V  [jvm.dll+0xc06cc]
V  [jvm.dll+0x35b2db]
V  [jvm.dll+0x328803]
V  [jvm.dll+0x327cfa]
V  [jvm.dll+0x200602]
V  [jvm.dll+0x1ff794]
V  [jvm.dll+0x18868c]
V  [jvm.dll+0x20e0d7]
V  [jvm.dll+0x20c901]
V  [jvm.dll+0x6f9b7f]
V  [jvm.dll+0x6f26a5]
V  [jvm.dll+0x5fabf6]
C  [ucrtbase.dll+0x26c0c]
C  [KERNEL32.DLL+0x154e0]
C  [ntdll.dll+0x485b]


---------------  P R O C E S S  ---------------

Threads class SMR info:
_java_thread_list=0x0000024659a4f9c0, length=77, elements={
0x000002463a46d000, 0x0000024654060800, 0x0000024654063800, 0x00000246549f2800,
0x0000024654080000, 0x0000024654081000, 0x0000024654085000, 0x0000024654086800,
0x0000024654095800, 0x0000024654b35000, 0x0000024656abc000, 0x0000024654da9800,
0x0000024657236800, 0x0000024657237800, 0x0000024656547800, 0x0000024655ba5000,
0x000002465691a000, 0x0000024656c71800, 0x00000246575ae000, 0x0000024656914800,
0x0000024656913000, 0x0000024656910800, 0x0000024656910000, 0x0000024656915800,
0x0000024656916800, 0x0000024656914000, 0x0000024656912800, 0x0000024656911800,
0x0000024658e8c800, 0x0000024658e8e000, 0x0000024658e8d800, 0x0000024658e8f000,
0x0000024658e90000, 0x0000024658e8a000, 0x0000024658e90800, 0x0000024658e91800,
0x000002465acc1800, 0x0000024658e8b800, 0x0000024658e96800, 0x0000024658e97000,
0x0000024658e94000, 0x0000024658e92800, 0x0000024658e93000, 0x0000024658e94800,
0x0000024658e98000, 0x0000024658e95800, 0x000002465ae0b000, 0x000002465ae0b800,
0x000002465ae0c800, 0x000002465ae0a000, 0x000002465ae0d800, 0x000002465ae0e000,
0x000002465ae0f000, 0x000002465ae09800, 0x000002465ae14000, 0x000002465ae15800,
0x000002465ae10000, 0x000002465ae16800, 0x000002465ae14800, 0x000002465ae11800,
0x000002465ae10800, 0x000002465ae17000, 0x000002465ae18000, 0x000002465ae13000,
0x000002465ae12800, 0x00000246597da000, 0x00000246597da800, 0x00000246597d9000,
0x00000246597db800, 0x00000246597de000, 0x00000246597dd000, 0x00000246597dc000,
0x00000246597d8000, 0x00000246597e2000, 0x00000246597e2800, 0x00000246597df800,
0x00000246597e4800
}

Java Threads: ( => current thread )
  0x000002463a46d000 JavaThread "main" [_thread_blocked, id=8224, stack(0x0000004ce5f00000,0x0000004ce6000000)]
  0x0000024654060800 JavaThread "Reference Handler" daemon [_thread_blocked, id=10012, stack(0x0000004ce6600000,0x0000004ce6700000)]
  0x0000024654063800 JavaThread "Finalizer" daemon [_thread_blocked, id=9820, stack(0x0000004ce6700000,0x0000004ce6800000)]
  0x00000246549f2800 JavaThread "Signal Dispatcher" daemon [_thread_blocked, id=3280, stack(0x0000004ce6800000,0x0000004ce6900000)]
  0x0000024654080000 JavaThread "Attach Listener" daemon [_thread_blocked, id=9608, stack(0x0000004ce6900000,0x0000004ce6a00000)]
  0x0000024654081000 JavaThread "Service Thread" daemon [_thread_blocked, id=4952, stack(0x0000004ce6a00000,0x0000004ce6b00000)]
=>0x0000024654085000 JavaThread "C2 CompilerThread0" daemon [_thread_in_native, id=7124, stack(0x0000004ce6b00000,0x0000004ce6c00000)]
  0x0000024654086800 JavaThread "C1 CompilerThread0" daemon [_thread_blocked, id=3344, stack(0x0000004ce6c00000,0x0000004ce6d00000)]
  0x0000024654095800 JavaThread "Sweeper thread" daemon [_thread_blocked, id=9604, stack(0x0000004ce6d00000,0x0000004ce6e00000)]
  0x0000024654b35000 JavaThread "Common-Cleaner" daemon [_thread_blocked, id=6736, stack(0x0000004ce6e00000,0x0000004ce6f00000)]
  0x0000024656abc000 JavaThread "Daemon health stats" [_thread_blocked, id=6888, stack(0x0000004ce7300000,0x0000004ce7400000)]
  0x0000024654da9800 JavaThread "Incoming local TCP Connector on port 61819" [_thread_in_native, id=9800, stack(0x0000004ce7000000,0x0000004ce7100000)]
  0x0000024657236800 JavaThread "Daemon periodic checks" [_thread_blocked, id=9296, stack(0x0000004ce7400000,0x0000004ce7500000)]
  0x0000024657237800 JavaThread "Daemon" [_thread_blocked, id=9760, stack(0x0000004ce7500000,0x0000004ce7600000)]
  0x0000024656547800 JavaThread "Handler for socket connection from /127.0.0.1:61819 to /127.0.0.1:61820" [_thread_in_native, id=5868, stack(0x0000004ce7600000,0x0000004ce7700000)]
  0x0000024655ba5000 JavaThread "Cancel handler" [_thread_blocked, id=1848, stack(0x0000004ce7700000,0x0000004ce7800000)]
  0x000002465691a000 JavaThread "Daemon worker" [_thread_blocked, id=4264, stack(0x0000004ce7800000,0x0000004ce7900000)]
  0x0000024656c71800 JavaThread "Asynchronous log dispatcher for DefaultDaemonConnection: socket connection from /127.0.0.1:61819 to /127.0.0.1:61820" [_thread_blocked, id=5876, stack(0x0000004ce7a00000,0x0000004ce7b00000)]
  0x00000246575ae000 JavaThread "Stdin handler" [_thread_blocked, id=5112, stack(0x0000004ce7b00000,0x0000004ce7c00000)]
  0x0000024656914800 JavaThread "Daemon client event forwarder" [_thread_blocked, id=2236, stack(0x0000004ce7c00000,0x0000004ce7d00000)]
  0x0000024656913000 JavaThread "Cache worker for journal cache (C:\Users\Admin\.gradle\caches\journal-1)" [_thread_blocked, id=5460, stack(0x0000004ce7e00000,0x0000004ce7f00000)]
  0x0000024656910800 JavaThread "File lock request listener" [_thread_in_native, id=7248, stack(0x0000004ce7f00000,0x0000004ce8000000)]
  0x0000024656910000 JavaThread "Cache worker for file hash cache (C:\Users\Admin\.gradle\caches\7.3.3\fileHashes)" [_thread_blocked, id=3748, stack(0x0000004ce8000000,0x0000004ce8100000)]
  0x0000024656915800 JavaThread "Cache worker for file hash cache (C:\Users\Admin\Desktop\jana\cw66\.gradle\7.3.3\fileHashes)" [_thread_blocked, id=5312, stack(0x0000004ce8100000,0x0000004ce8200000)]
  0x0000024656916800 JavaThread "File watcher server" daemon [_thread_in_native, id=8220, stack(0x0000004ce8200000,0x0000004ce8300000)]
  0x0000024656914000 JavaThread "File watcher consumer" daemon [_thread_blocked, id=6892, stack(0x0000004ce8300000,0x0000004ce8400000)]
  0x0000024656912800 JavaThread "Cache worker for checksums cache (C:\Users\Admin\Desktop\jana\cw66\.gradle\7.3.3\checksums)" [_thread_blocked, id=5628, stack(0x0000004ce8400000,0x0000004ce8500000)]
  0x0000024656911800 JavaThread "Cache worker for cache directory md-supplier (C:\Users\Admin\.gradle\caches\7.3.3\md-supplier)" [_thread_blocked, id=8740, stack(0x0000004ce8500000,0x0000004ce8600000)]
  0x0000024658e8c800 JavaThread "Cache worker for cache directory md-rule (C:\Users\Admin\.gradle\caches\7.3.3\md-rule)" [_thread_blocked, id=5316, stack(0x0000004ce8600000,0x0000004ce8700000)]
  0x0000024658e8e000 JavaThread "Cache worker for execution history cache (C:\Users\Admin\.gradle\caches\7.3.3\executionHistory)" [_thread_blocked, id=2324, stack(0x0000004ce8700000,0x0000004ce8800000)]
  0x0000024658e8d800 JavaThread "jar transforms" [_thread_blocked, id=5036, stack(0x0000004ce8800000,0x0000004ce8900000)]
  0x0000024658e8f000 JavaThread "Cache worker for file content cache (C:\Users\Admin\.gradle\caches\7.3.3\fileContent)" [_thread_blocked, id=8912, stack(0x0000004ce8900000,0x0000004ce8a00000)]
  0x0000024658e90000 JavaThread "jar transforms Thread 2" [_thread_blocked, id=1012, stack(0x0000004ce8a00000,0x0000004ce8b00000)]
  0x0000024658e8a000 JavaThread "Cache worker for dependencies-accessors (C:\Users\Admin\Desktop\jana\cw66\.gradle\7.3.3\dependencies-accessors)" [_thread_blocked, id=5584, stack(0x0000004ce8b00000,0x0000004ce8c00000)]
  0x0000024658e90800 JavaThread "jar transforms Thread 3" [_thread_blocked, id=1928, stack(0x0000004ce8c00000,0x0000004ce8d00000)]
  0x0000024658e91800 JavaThread "Cache worker for Build Output Cleanup Cache (C:\Users\Admin\Desktop\jana\cw66\.gradle\buildOutputCleanup)" [_thread_blocked, id=9752, stack(0x0000004ce7900000,0x0000004ce7a00000)]
  0x000002465acc1800 JavaThread "C2 CompilerThread1" daemon [_thread_in_native, id=3644, stack(0x0000004ce8d00000,0x0000004ce8e00000)]
  0x0000024658e8b800 JavaThread "Unconstrained build operations" [_thread_blocked, id=6956, stack(0x0000004ce8e00000,0x0000004ce8f00000)]
  0x0000024658e96800 JavaThread "Unconstrained build operations Thread 2" [_thread_in_Java, id=1448, stack(0x0000004ce8f00000,0x0000004ce9000000)]
  0x0000024658e97000 JavaThread "Unconstrained build operations Thread 3" [_thread_blocked, id=1000, stack(0x0000004ce9000000,0x0000004ce9100000)]
  0x0000024658e94000 JavaThread "Unconstrained build operations Thread 4" [_thread_blocked, id=5504, stack(0x0000004ce9100000,0x0000004ce9200000)]
  0x0000024658e92800 JavaThread "Unconstrained build operations Thread 5" [_thread_blocked, id=9832, stack(0x0000004ce9200000,0x0000004ce9300000)]
  0x0000024658e93000 JavaThread "Unconstrained build operations Thread 6" [_thread_blocked, id=1844, stack(0x0000004ce9300000,0x0000004ce9400000)]
  0x0000024658e94800 JavaThread "Unconstrained build operations Thread 7" [_thread_blocked, id=3456, stack(0x0000004ce9400000,0x0000004ce9500000)]
  0x0000024658e98000 JavaThread "Unconstrained build operations Thread 8" [_thread_blocked, id=8532, stack(0x0000004ce9500000,0x0000004ce9600000)]
  0x0000024658e95800 JavaThread "Unconstrained build operations Thread 9" [_thread_blocked, id=7712, stack(0x0000004ce9600000,0x0000004ce9700000)]
  0x000002465ae0b000 JavaThread "Unconstrained build operations Thread 10" [_thread_blocked, id=9368, stack(0x0000004ce9700000,0x0000004ce9800000)]
  0x000002465ae0b800 JavaThread "Unconstrained build operations Thread 11" [_thread_blocked, id=8460, stack(0x0000004ce9800000,0x0000004ce9900000)]
  0x000002465ae0c800 JavaThread "Unconstrained build operations Thread 12" [_thread_blocked, id=2204, stack(0x0000004ce9900000,0x0000004ce9a00000)]
  0x000002465ae0a000 JavaThread "Unconstrained build operations Thread 13" [_thread_blocked, id=8548, stack(0x0000004ce9a00000,0x0000004ce9b00000)]
  0x000002465ae0d800 JavaThread "Unconstrained build operations Thread 14" [_thread_blocked, id=2400, stack(0x0000004ce9b00000,0x0000004ce9c00000)]
  0x000002465ae0e000 JavaThread "Unconstrained build operations Thread 15" [_thread_blocked, id=1492, stack(0x0000004ce9c00000,0x0000004ce9d00000)]
  0x000002465ae0f000 JavaThread "Unconstrained build operations Thread 16" [_thread_blocked, id=5364, stack(0x0000004ce9d00000,0x0000004ce9e00000)]
  0x000002465ae09800 JavaThread "Unconstrained build operations Thread 17" [_thread_blocked, id=9712, stack(0x0000004ce9e00000,0x0000004ce9f00000)]
  0x000002465ae14000 JavaThread "Unconstrained build operations Thread 18" [_thread_blocked, id=6224, stack(0x0000004ce9f00000,0x0000004cea000000)]
  0x000002465ae15800 JavaThread "Unconstrained build operations Thread 19" [_thread_blocked, id=9540, stack(0x0000004cea000000,0x0000004cea100000)]
  0x000002465ae10000 JavaThread "Unconstrained build operations Thread 20" [_thread_blocked, id=9284, stack(0x0000004cea100000,0x0000004cea200000)]
  0x000002465ae16800 JavaThread "Unconstrained build operations Thread 21" [_thread_blocked, id=1836, stack(0x0000004cea200000,0x0000004cea300000)]
  0x000002465ae14800 JavaThread "Unconstrained build operations Thread 22" [_thread_blocked, id=3216, stack(0x0000004cea300000,0x0000004cea400000)]
  0x000002465ae11800 JavaThread "Unconstrained build operations Thread 23" [_thread_blocked, id=6828, stack(0x0000004cea400000,0x0000004cea500000)]
  0x000002465ae10800 JavaThread "Unconstrained build operations Thread 24" [_thread_blocked, id=2280, stack(0x0000004cea500000,0x0000004cea600000)]
  0x000002465ae17000 JavaThread "Unconstrained build operations Thread 25" [_thread_blocked, id=7520, stack(0x0000004cea600000,0x0000004cea700000)]
  0x000002465ae18000 JavaThread "Unconstrained build operations Thread 26" [_thread_blocked, id=4552, stack(0x0000004cea700000,0x0000004cea800000)]
  0x000002465ae13000 JavaThread "Unconstrained build operations Thread 27" [_thread_blocked, id=1236, stack(0x0000004cea800000,0x0000004cea900000)]
  0x000002465ae12800 JavaThread "Unconstrained build operations Thread 28" [_thread_blocked, id=4956, stack(0x0000004cea900000,0x0000004ceaa00000)]
  0x00000246597da000 JavaThread "Unconstrained build operations Thread 29" [_thread_blocked, id=8784, stack(0x0000004ceaa00000,0x0000004ceab00000)]
  0x00000246597da800 JavaThread "Unconstrained build operations Thread 30" [_thread_blocked, id=4276, stack(0x0000004ceab00000,0x0000004ceac00000)]
  0x00000246597d9000 JavaThread "Unconstrained build operations Thread 31" [_thread_blocked, id=10244, stack(0x0000004ceac00000,0x0000004cead00000)]
  0x00000246597db800 JavaThread "Unconstrained build operations Thread 32" [_thread_blocked, id=10248, stack(0x0000004cead00000,0x0000004ceae00000)]
  0x00000246597de000 JavaThread "Unconstrained build operations Thread 33" [_thread_blocked, id=10252, stack(0x0000004ceae00000,0x0000004ceaf00000)]
  0x00000246597dd000 JavaThread "Unconstrained build operations Thread 34" [_thread_blocked, id=10256, stack(0x0000004ceaf00000,0x0000004ceb000000)]
  0x00000246597dc000 JavaThread "Unconstrained build operations Thread 35" [_thread_blocked, id=10260, stack(0x0000004ceb000000,0x0000004ceb100000)]
  0x00000246597d8000 JavaThread "Unconstrained build operations Thread 36" [_thread_blocked, id=10264, stack(0x0000004ceb100000,0x0000004ceb200000)]
  0x00000246597e2000 JavaThread "Unconstrained build operations Thread 37" [_thread_blocked, id=10268, stack(0x0000004ceb200000,0x0000004ceb300000)]
  0x00000246597e2800 JavaThread "Unconstrained build operations Thread 38" [_thread_blocked, id=10272, stack(0x0000004ceb300000,0x0000004ceb400000)]
  0x00000246597df800 JavaThread "Unconstrained build operations Thread 39" [_thread_blocked, id=10276, stack(0x0000004ceb400000,0x0000004ceb500000)]
  0x00000246597e4800 JavaThread "Unconstrained build operations Thread 40" [_thread_blocked, id=10280, stack(0x0000004ceb500000,0x0000004ceb600000)]

Other Threads:
  0x000002465405a000 VMThread "VM Thread" [stack: 0x0000004ce6500000,0x0000004ce6600000] [id=2052]
  0x0000024654b60000 WatcherThread [stack: 0x0000004ce6f00000,0x0000004ce7000000] [id=3488]
  0x000002463a486800 GCTaskThread "GC Thread#0" [stack: 0x0000004ce6000000,0x0000004ce6100000] [id=2872]
  0x00000246556c2000 GCTaskThread "GC Thread#1" [stack: 0x0000004ce7100000,0x0000004ce7200000] [id=2992]
  0x0000024655319000 GCTaskThread "GC Thread#2" [stack: 0x0000004ce7200000,0x0000004ce7300000] [id=6624]
  0x00000246560db800 GCTaskThread "GC Thread#3" [stack: 0x0000004ce7d00000,0x0000004ce7e00000] [id=7812]
  0x000002463a4b8000 ConcurrentGCThread "G1 Main Marker" [stack: 0x0000004ce6100000,0x0000004ce6200000] [id=1788]
  0x000002463a4b9000 ConcurrentGCThread "G1 Conc#0" [stack: 0x0000004ce6200000,0x0000004ce6300000] [id=9404]
  0x000002463a549800 ConcurrentGCThread "G1 Refine#0" [stack: 0x0000004ce6300000,0x0000004ce6400000] [id=5188]
  0x000002463a54b000 ConcurrentGCThread "G1 Young RemSet Sampling" [stack: 0x0000004ce6400000,0x0000004ce6500000] [id=6056]

Threads with active compile tasks:
C2 CompilerThread0   9705 4752       4       java.lang.invoke.MethodType::makeImpl (108 bytes)
C2 CompilerThread1   9705 4898       4       java.lang.StringBuilder::append (10 bytes)

VM state:not at safepoint (normal execution)

VM Mutex/Monitor currently owned by a thread: None

Heap address: 0x0000000080000000, size: 2048 MB, Compressed Oops mode: 32-bit
Narrow klass base: 0x0000000000000000, Narrow klass shift: 3
Compressed class space size: 1073741824 Address: 0x0000000100000000

Heap:
 garbage-first heap   total 157696K, used 45424K [0x0000000080000000, 0x0000000100000000)
  region size 1024K, 24 young (24576K), 10 survivors (10240K)
 Metaspace       used 48065K, capacity 49230K, committed 49408K, reserved 1091584K
  class space    used 6161K, capacity 6618K, committed 6656K, reserved 1048576K
Heap Regions: E=young(eden), S=young(survivor), O=old, HS=humongous(starts), HC=humongous(continues), CS=collection set, F=free, A=archive, TAMS=top-at-mark-start (previous, next)
|   0|0x0000000080000000, 0x0000000080100000, 0x0000000080100000|100%| O|  |TAMS 0x0000000080100000, 0x0000000080000000| Untracked 
|   1|0x0000000080100000, 0x0000000080200000, 0x0000000080200000|100%| O|  |TAMS 0x0000000080200000, 0x0000000080100000| Untracked 
|   2|0x0000000080200000, 0x0000000080300000, 0x0000000080300000|100%| O|  |TAMS 0x0000000080300000, 0x0000000080200000| Untracked 
|   3|0x0000000080300000, 0x0000000080400000, 0x0000000080400000|100%|HS|  |TAMS 0x0000000080400000, 0x0000000080300000| Complete 
|   4|0x0000000080400000, 0x0000000080500000, 0x0000000080500000|100%|HC|  |TAMS 0x0000000080500000, 0x0000000080400000| Complete 
|   5|0x0000000080500000, 0x0000000080600000, 0x0000000080600000|100%|HC|  |TAMS 0x0000000080600000, 0x0000000080500000| Complete 
|   6|0x0000000080600000, 0x0000000080700000, 0x0000000080700000|100%| O|  |TAMS 0x0000000080700000, 0x0000000080600000| Untracked 
|   7|0x0000000080700000, 0x0000000080800000, 0x0000000080800000|100%| O|  |TAMS 0x0000000080800000, 0x0000000080700000| Untracked 
|   8|0x0000000080800000, 0x0000000080900000, 0x0000000080900000|100%| O|  |TAMS 0x0000000080900000, 0x0000000080800000| Untracked 
|   9|0x0000000080900000, 0x0000000080a00000, 0x0000000080a00000|100%| O|  |TAMS 0x0000000080a00000, 0x0000000080900000| Untracked 
|  10|0x0000000080a00000, 0x0000000080b00000, 0x0000000080b00000|100%| O|  |TAMS 0x0000000080b00000, 0x0000000080a00000| Untracked 
|  11|0x0000000080b00000, 0x0000000080c00000, 0x0000000080c00000|100%| O|  |TAMS 0x0000000080c00000, 0x0000000080b00000| Untracked 
|  12|0x0000000080c00000, 0x0000000080d00000, 0x0000000080d00000|100%| O|  |TAMS 0x0000000080d00000, 0x0000000080c00000| Untracked 
|  13|0x0000000080d00000, 0x0000000080e00000, 0x0000000080e00000|100%| O|  |TAMS 0x0000000080e00000, 0x0000000080d00000| Untracked 
|  14|0x0000000080e00000, 0x0000000080f00000, 0x0000000080f00000|100%| O|  |TAMS 0x0000000080f00000, 0x0000000080e00000| Untracked 
|  15|0x0000000080f00000, 0x0000000081000000, 0x0000000081000000|100%| O|  |TAMS 0x0000000080ff6a00, 0x0000000080f00000| Untracked 
|  16|0x0000000081000000, 0x0000000081000000, 0x0000000081100000|  0%| F|  |TAMS 0x0000000081000000, 0x0000000081000000| Untracked 
|  17|0x0000000081100000, 0x0000000081200000, 0x0000000081200000|100%| O|  |TAMS 0x0000000081100000, 0x0000000081100000| Untracked 
|  18|0x0000000081200000, 0x0000000081300000, 0x0000000081300000|100%| O|  |TAMS 0x0000000081200000, 0x0000000081200000| Untracked 
|  19|0x0000000081300000, 0x0000000081400000, 0x0000000081400000|100%| O|  |TAMS 0x0000000081300000, 0x0000000081300000| Untracked 
|  20|0x0000000081400000, 0x0000000081500000, 0x0000000081500000|100%| O|  |TAMS 0x0000000081400000, 0x0000000081400000| Untracked 
|  21|0x0000000081500000, 0x0000000081600000, 0x0000000081600000|100%| O|  |TAMS 0x0000000081500000, 0x0000000081500000| Untracked 
|  22|0x0000000081600000, 0x0000000081700000, 0x0000000081700000|100%| O|  |TAMS 0x0000000081600000, 0x0000000081600000| Untracked 
|  23|0x0000000081700000, 0x0000000081700000, 0x0000000081800000|  0%| F|  |TAMS 0x0000000081700000, 0x0000000081700000| Untracked 
|  24|0x0000000081800000, 0x0000000081800000, 0x0000000081900000|  0%| F|  |TAMS 0x0000000081800000, 0x0000000081800000| Untracked 
|  25|0x0000000081900000, 0x0000000081900000, 0x0000000081a00000|  0%| F|  |TAMS 0x0000000081900000, 0x0000000081900000| Untracked 
|  26|0x0000000081a00000, 0x0000000081a00000, 0x0000000081b00000|  0%| F|  |TAMS 0x0000000081a00000, 0x0000000081a00000| Untracked 
|  27|0x0000000081b00000, 0x0000000081b00000, 0x0000000081c00000|  0%| F|  |TAMS 0x0000000081b00000, 0x0000000081b00000| Untracked 
|  28|0x0000000081c00000, 0x0000000081c00000, 0x0000000081d00000|  0%| F|  |TAMS 0x0000000081c00000, 0x0000000081c00000| Untracked 
|  29|0x0000000081d00000, 0x0000000081d00000, 0x0000000081e00000|  0%| F|  |TAMS 0x0000000081d00000, 0x0000000081d00000| Untracked 
|  30|0x0000000081e00000, 0x0000000081e00000, 0x0000000081f00000|  0%| F|  |TAMS 0x0000000081e00000, 0x0000000081e00000| Untracked 
|  31|0x0000000081f00000, 0x0000000081f00000, 0x0000000082000000|  0%| F|  |TAMS 0x0000000081f00000, 0x0000000081f00000| Untracked 
|  32|0x0000000082000000, 0x0000000082000000, 0x0000000082100000|  0%| F|  |TAMS 0x0000000082000000, 0x0000000082000000| Untracked 
|  33|0x0000000082100000, 0x0000000082100000, 0x0000000082200000|  0%| F|  |TAMS 0x0000000082100000, 0x0000000082100000| Untracked 
|  34|0x0000000082200000, 0x0000000082200000, 0x0000000082300000|  0%| F|  |TAMS 0x0000000082200000, 0x0000000082200000| Untracked 
|  35|0x0000000082300000, 0x0000000082300000, 0x0000000082400000|  0%| F|  |TAMS 0x0000000082300000, 0x0000000082300000| Untracked 
|  36|0x0000000082400000, 0x0000000082400000, 0x0000000082500000|  0%| F|  |TAMS 0x0000000082400000, 0x0000000082400000| Untracked 
|  37|0x0000000082500000, 0x0000000082500000, 0x0000000082600000|  0%| F|  |TAMS 0x0000000082500000, 0x0000000082500000| Untracked 
|  38|0x0000000082600000, 0x0000000082600000, 0x0000000082700000|  0%| F|  |TAMS 0x0000000082600000, 0x0000000082600000| Untracked 
|  39|0x0000000082700000, 0x0000000082700000, 0x0000000082800000|  0%| F|  |TAMS 0x0000000082700000, 0x0000000082700000| Untracked 
|  40|0x0000000082800000, 0x0000000082800000, 0x0000000082900000|  0%| F|  |TAMS 0x0000000082800000, 0x0000000082800000| Untracked 
|  41|0x0000000082900000, 0x0000000082900000, 0x0000000082a00000|  0%| F|  |TAMS 0x0000000082900000, 0x0000000082900000| Untracked 
|  42|0x0000000082a00000, 0x0000000082a00000, 0x0000000082b00000|  0%| F|  |TAMS 0x0000000082a00000, 0x0000000082a00000| Untracked 
|  43|0x0000000082b00000, 0x0000000082b00000, 0x0000000082c00000|  0%| F|  |TAMS 0x0000000082b00000, 0x0000000082b00000| Untracked 
|  44|0x0000000082c00000, 0x0000000082c00000, 0x0000000082d00000|  0%| F|  |TAMS 0x0000000082c00000, 0x0000000082c00000| Untracked 
|  45|0x0000000082d00000, 0x0000000082d00000, 0x0000000082e00000|  0%| F|  |TAMS 0x0000000082d00000, 0x0000000082d00000| Untracked 
|  46|0x0000000082e00000, 0x0000000082e00000, 0x0000000082f00000|  0%| F|  |TAMS 0x0000000082e00000, 0x0000000082e00000| Untracked 
|  47|0x0000000082f00000, 0x0000000082f00000, 0x0000000083000000|  0%| F|  |TAMS 0x0000000082f00000, 0x0000000082f00000| Untracked 
|  48|0x0000000083000000, 0x0000000083000000, 0x0000000083100000|  0%| F|  |TAMS 0x0000000083000000, 0x0000000083000000| Untracked 
|  49|0x0000000083100000, 0x0000000083100000, 0x0000000083200000|  0%| F|  |TAMS 0x0000000083100000, 0x0000000083100000| Untracked 
|  50|0x0000000083200000, 0x0000000083200000, 0x0000000083300000|  0%| F|  |TAMS 0x0000000083200000, 0x0000000083200000| Untracked 
|  51|0x0000000083300000, 0x0000000083300000, 0x0000000083400000|  0%| F|  |TAMS 0x0000000083300000, 0x0000000083300000| Untracked 
|  52|0x0000000083400000, 0x0000000083400000, 0x0000000083500000|  0%| F|  |TAMS 0x0000000083400000, 0x0000000083400000| Untracked 
|  53|0x0000000083500000, 0x000000008355c3d0, 0x0000000083600000| 36%| S|CS|TAMS 0x0000000083500000, 0x0000000083500000| Complete 
|  54|0x0000000083600000, 0x0000000083700000, 0x0000000083700000|100%| S|CS|TAMS 0x0000000083600000, 0x0000000083600000| Complete 
|  55|0x0000000083700000, 0x0000000083800000, 0x0000000083800000|100%| S|CS|TAMS 0x0000000083700000, 0x0000000083700000| Complete 
|  56|0x0000000083800000, 0x0000000083900000, 0x0000000083900000|100%| S|CS|TAMS 0x0000000083800000, 0x0000000083800000| Complete 
|  57|0x0000000083900000, 0x0000000083a00000, 0x0000000083a00000|100%| S|CS|TAMS 0x0000000083900000, 0x0000000083900000| Complete 
|  58|0x0000000083a00000, 0x0000000083b00000, 0x0000000083b00000|100%| S|CS|TAMS 0x0000000083a00000, 0x0000000083a00000| Complete 
|  59|0x0000000083b00000, 0x0000000083c00000, 0x0000000083c00000|100%| S|CS|TAMS 0x0000000083b00000, 0x0000000083b00000| Complete 
|  60|0x0000000083c00000, 0x0000000083d00000, 0x0000000083d00000|100%| S|CS|TAMS 0x0000000083c00000, 0x0000000083c00000| Complete 
|  61|0x0000000083d00000, 0x0000000083e00000, 0x0000000083e00000|100%| S|CS|TAMS 0x0000000083d00000, 0x0000000083d00000| Complete 
|  62|0x0000000083e00000, 0x0000000083f00000, 0x0000000083f00000|100%| S|CS|TAMS 0x0000000083e00000, 0x0000000083e00000| Complete 
|  63|0x0000000083f00000, 0x0000000083f00000, 0x0000000084000000|  0%| F|  |TAMS 0x0000000083f00000, 0x0000000083f00000| Untracked 
|  64|0x0000000084000000, 0x0000000084000000, 0x0000000084100000|  0%| F|  |TAMS 0x0000000084000000, 0x0000000084000000| Untracked 
|  65|0x0000000084100000, 0x0000000084100000, 0x0000000084200000|  0%| F|  |TAMS 0x0000000084100000, 0x0000000084100000| Untracked 
|  66|0x0000000084200000, 0x0000000084200000, 0x0000000084300000|  0%| F|  |TAMS 0x0000000084200000, 0x0000000084200000| Untracked 
|  67|0x0000000084300000, 0x0000000084300000, 0x0000000084400000|  0%| F|  |TAMS 0x0000000084300000, 0x0000000084300000| Untracked 
|  68|0x0000000084400000, 0x0000000084400000, 0x0000000084500000|  0%| F|  |TAMS 0x0000000084400000, 0x0000000084400000| Untracked 
|  69|0x0000000084500000, 0x0000000084500000, 0x0000000084600000|  0%| F|  |TAMS 0x0000000084500000, 0x0000000084500000| Untracked 
|  70|0x0000000084600000, 0x0000000084600000, 0x0000000084700000|  0%| F|  |TAMS 0x0000000084600000, 0x0000000084600000| Untracked 
|  71|0x0000000084700000, 0x0000000084700000, 0x0000000084800000|  0%| F|  |TAMS 0x0000000084700000, 0x0000000084700000| Untracked 
|  72|0x0000000084800000, 0x0000000084800000, 0x0000000084900000|  0%| F|  |TAMS 0x0000000084800000, 0x0000000084800000| Untracked 
|  73|0x0000000084900000, 0x0000000084900000, 0x0000000084a00000|  0%| F|  |TAMS 0x0000000084900000, 0x0000000084900000| Untracked 
|  74|0x0000000084a00000, 0x0000000084a00000, 0x0000000084b00000|  0%| F|  |TAMS 0x0000000084a00000, 0x0000000084a00000| Untracked 
|  75|0x0000000084b00000, 0x0000000084b00000, 0x0000000084c00000|  0%| F|  |TAMS 0x0000000084b00000, 0x0000000084b00000| Untracked 
|  76|0x0000000084c00000, 0x0000000084c00000, 0x0000000084d00000|  0%| F|  |TAMS 0x0000000084c00000, 0x0000000084c00000| Untracked 
|  77|0x0000000084d00000, 0x0000000084d00000, 0x0000000084e00000|  0%| F|  |TAMS 0x0000000084d00000, 0x0000000084d00000| Untracked 
|  78|0x0000000084e00000, 0x0000000084e00000, 0x0000000084f00000|  0%| F|  |TAMS 0x0000000084e00000, 0x0000000084e00000| Untracked 
|  79|0x0000000084f00000, 0x0000000084f00000, 0x0000000085000000|  0%| F|  |TAMS 0x0000000084f00000, 0x0000000084f00000| Untracked 
|  80|0x0000000085000000, 0x0000000085000000, 0x0000000085100000|  0%| F|  |TAMS 0x0000000085000000, 0x0000000085000000| Untracked 
|  81|0x0000000085100000, 0x0000000085100000, 0x0000000085200000|  0%| F|  |TAMS 0x0000000085100000, 0x0000000085100000| Untracked 
|  82|0x0000000085200000, 0x0000000085200000, 0x0000000085300000|  0%| F|  |TAMS 0x0000000085200000, 0x0000000085200000| Untracked 
|  83|0x0000000085300000, 0x0000000085300000, 0x0000000085400000|  0%| F|  |TAMS 0x0000000085300000, 0x0000000085300000| Untracked 
|  84|0x0000000085400000, 0x0000000085400000, 0x0000000085500000|  0%| F|  |TAMS 0x0000000085400000, 0x0000000085400000| Untracked 
|  85|0x0000000085500000, 0x0000000085500000, 0x0000000085600000|  0%| F|  |TAMS 0x0000000085500000, 0x0000000085500000| Untracked 
|  86|0x0000000085600000, 0x0000000085600000, 0x0000000085700000|  0%| F|  |TAMS 0x0000000085600000, 0x0000000085600000| Untracked 
|  87|0x0000000085700000, 0x0000000085700000, 0x0000000085800000|  0%| F|  |TAMS 0x0000000085700000, 0x0000000085700000| Untracked 
|  88|0x0000000085800000, 0x0000000085800000, 0x0000000085900000|  0%| F|  |TAMS 0x0000000085800000, 0x0000000085800000| Untracked 
|  89|0x0000000085900000, 0x0000000085900000, 0x0000000085a00000|  0%| F|  |TAMS 0x0000000085900000, 0x0000000085900000| Untracked 
|  90|0x0000000085a00000, 0x0000000085a00000, 0x0000000085b00000|  0%| F|  |TAMS 0x0000000085a00000, 0x0000000085a00000| Untracked 
|  91|0x0000000085b00000, 0x0000000085b00000, 0x0000000085c00000|  0%| F|  |TAMS 0x0000000085b00000, 0x0000000085b00000| Untracked 
|  92|0x0000000085c00000, 0x0000000085c00000, 0x0000000085d00000|  0%| F|  |TAMS 0x0000000085c00000, 0x0000000085c00000| Untracked 
|  93|0x0000000085d00000, 0x0000000085d00000, 0x0000000085e00000|  0%| F|  |TAMS 0x0000000085d00000, 0x0000000085d00000| Untracked 
|  94|0x0000000085e00000, 0x0000000085e00000, 0x0000000085f00000|  0%| F|  |TAMS 0x0000000085e00000, 0x0000000085e00000| Untracked 
|  95|0x0000000085f00000, 0x0000000085f00000, 0x0000000086000000|  0%| F|  |TAMS 0x0000000085f00000, 0x0000000085f00000| Untracked 
|  96|0x0000000086000000, 0x0000000086000000, 0x0000000086100000|  0%| F|  |TAMS 0x0000000086000000, 0x0000000086000000| Untracked 
|  97|0x0000000086100000, 0x0000000086100000, 0x0000000086200000|  0%| F|  |TAMS 0x0000000086100000, 0x0000000086100000| Untracked 
|  98|0x0000000086200000, 0x0000000086200000, 0x0000000086300000|  0%| F|  |TAMS 0x0000000086200000, 0x0000000086200000| Untracked 
|  99|0x0000000086300000, 0x0000000086300000, 0x0000000086400000|  0%| F|  |TAMS 0x0000000086300000, 0x0000000086300000| Untracked 
| 100|0x0000000086400000, 0x0000000086400000, 0x0000000086500000|  0%| F|  |TAMS 0x0000000086400000, 0x0000000086400000| Untracked 
| 101|0x0000000086500000, 0x0000000086500000, 0x0000000086600000|  0%| F|  |TAMS 0x0000000086500000, 0x0000000086500000| Untracked 
| 102|0x0000000086600000, 0x0000000086600000, 0x0000000086700000|  0%| F|  |TAMS 0x0000000086600000, 0x0000000086600000| Untracked 
| 103|0x0000000086700000, 0x0000000086700000, 0x0000000086800000|  0%| F|  |TAMS 0x0000000086700000, 0x0000000086700000| Untracked 
| 104|0x0000000086800000, 0x0000000086800000, 0x0000000086900000|  0%| F|  |TAMS 0x0000000086800000, 0x0000000086800000| Untracked 
| 105|0x0000000086900000, 0x0000000086900000, 0x0000000086a00000|  0%| F|  |TAMS 0x0000000086900000, 0x0000000086900000| Untracked 
| 106|0x0000000086a00000, 0x0000000086a00000, 0x0000000086b00000|  0%| F|  |TAMS 0x0000000086a00000, 0x0000000086a00000| Untracked 
| 107|0x0000000086b00000, 0x0000000086b00000, 0x0000000086c00000|  0%| F|  |TAMS 0x0000000086b00000, 0x0000000086b00000| Untracked 
| 108|0x0000000086c00000, 0x0000000086c00000, 0x0000000086d00000|  0%| F|  |TAMS 0x0000000086c00000, 0x0000000086c00000| Untracked 
| 109|0x0000000086d00000, 0x0000000086d00000, 0x0000000086e00000|  0%| F|  |TAMS 0x0000000086d00000, 0x0000000086d00000| Untracked 
| 110|0x0000000086e00000, 0x0000000086e00000, 0x0000000086f00000|  0%| F|  |TAMS 0x0000000086e00000, 0x0000000086e00000| Untracked 
| 111|0x0000000086f00000, 0x0000000086f00000, 0x0000000087000000|  0%| F|  |TAMS 0x0000000086f00000, 0x0000000086f00000| Untracked 
| 112|0x0000000087000000, 0x0000000087000000, 0x0000000087100000|  0%| F|  |TAMS 0x0000000087000000, 0x0000000087000000| Untracked 
| 113|0x0000000087100000, 0x0000000087100000, 0x0000000087200000|  0%| F|  |TAMS 0x0000000087100000, 0x0000000087100000| Untracked 
| 114|0x0000000087200000, 0x0000000087200000, 0x0000000087300000|  0%| F|  |TAMS 0x0000000087200000, 0x0000000087200000| Untracked 
| 115|0x0000000087300000, 0x0000000087300000, 0x0000000087400000|  0%| F|  |TAMS 0x0000000087300000, 0x0000000087300000| Untracked 
| 116|0x0000000087400000, 0x0000000087400000, 0x0000000087500000|  0%| F|  |TAMS 0x0000000087400000, 0x0000000087400000| Untracked 
| 117|0x0000000087500000, 0x0000000087500000, 0x0000000087600000|  0%| F|  |TAMS 0x0000000087500000, 0x0000000087500000| Untracked 
| 118|0x0000000087600000, 0x0000000087600000, 0x0000000087700000|  0%| F|  |TAMS 0x0000000087600000, 0x0000000087600000| Untracked 
| 119|0x0000000087700000, 0x0000000087700000, 0x0000000087800000|  0%| F|  |TAMS 0x0000000087700000, 0x0000000087700000| Untracked 
| 120|0x0000000087800000, 0x0000000087800000, 0x0000000087900000|  0%| F|  |TAMS 0x0000000087800000, 0x0000000087800000| Untracked 
| 121|0x0000000087900000, 0x0000000087900000, 0x0000000087a00000|  0%| F|  |TAMS 0x0000000087900000, 0x0000000087900000| Untracked 
| 122|0x0000000087a00000, 0x0000000087a00000, 0x0000000087b00000|  0%| F|  |TAMS 0x0000000087a00000, 0x0000000087a00000| Untracked 
| 123|0x0000000087b00000, 0x0000000087b00000, 0x0000000087c00000|  0%| F|  |TAMS 0x0000000087b00000, 0x0000000087b00000| Untracked 
| 124|0x0000000087c00000, 0x0000000087c00000, 0x0000000087d00000|  0%| F|  |TAMS 0x0000000087c00000, 0x0000000087c00000| Untracked 
| 125|0x0000000087d00000, 0x0000000087d00000, 0x0000000087e00000|  0%| F|  |TAMS 0x0000000087d00000, 0x0000000087d00000| Untracked 
| 126|0x0000000087e00000, 0x0000000087e00000, 0x0000000087f00000|  0%| F|  |TAMS 0x0000000087e00000, 0x0000000087e00000| Untracked 
| 127|0x0000000087f00000, 0x0000000087f00000, 0x0000000088000000|  0%| F|  |TAMS 0x0000000087f00000, 0x0000000087f00000| Untracked 
| 128|0x0000000088000000, 0x0000000088000000, 0x0000000088100000|  0%| F|  |TAMS 0x0000000088000000, 0x0000000088000000| Untracked 
| 129|0x0000000088100000, 0x0000000088100000, 0x0000000088200000|  0%| F|  |TAMS 0x0000000088100000, 0x0000000088100000| Untracked 
| 130|0x0000000088200000, 0x0000000088200000, 0x0000000088300000|  0%| F|  |TAMS 0x0000000088200000, 0x0000000088200000| Untracked 
| 131|0x0000000088300000, 0x0000000088300000, 0x0000000088400000|  0%| F|  |TAMS 0x0000000088300000, 0x0000000088300000| Untracked 
| 132|0x0000000088400000, 0x0000000088400000, 0x0000000088500000|  0%| F|  |TAMS 0x0000000088400000, 0x0000000088400000| Untracked 
| 133|0x0000000088500000, 0x0000000088500000, 0x0000000088600000|  0%| F|  |TAMS 0x0000000088500000, 0x0000000088500000| Untracked 
| 134|0x0000000088600000, 0x0000000088600000, 0x0000000088700000|  0%| F|  |TAMS 0x0000000088600000, 0x0000000088600000| Untracked 
| 135|0x0000000088700000, 0x0000000088700000, 0x0000000088800000|  0%| F|  |TAMS 0x0000000088700000, 0x0000000088700000| Untracked 
| 136|0x0000000088800000, 0x0000000088800000, 0x0000000088900000|  0%| F|  |TAMS 0x0000000088800000, 0x0000000088800000| Untracked 
| 137|0x0000000088900000, 0x0000000088900000, 0x0000000088a00000|  0%| F|  |TAMS 0x0000000088900000, 0x0000000088900000| Untracked 
| 138|0x0000000088a00000, 0x0000000088a00000, 0x0000000088b00000|  0%| F|  |TAMS 0x0000000088a00000, 0x0000000088a00000| Untracked 
| 139|0x0000000088b00000, 0x0000000088b4a588, 0x0000000088c00000| 29%| E|  |TAMS 0x0000000088b00000, 0x0000000088b00000| Complete 
| 140|0x0000000088c00000, 0x0000000088d00000, 0x0000000088d00000|100%| E|CS|TAMS 0x0000000088c00000, 0x0000000088c00000| Complete 
| 141|0x0000000088d00000, 0x0000000088e00000, 0x0000000088e00000|100%| E|CS|TAMS 0x0000000088d00000, 0x0000000088d00000| Complete 
| 142|0x0000000088e00000, 0x0000000088f00000, 0x0000000088f00000|100%| E|CS|TAMS 0x0000000088e00000, 0x0000000088e00000| Complete 
| 143|0x0000000088f00000, 0x0000000089000000, 0x0000000089000000|100%| E|CS|TAMS 0x0000000088f00000, 0x0000000088f00000| Complete 
| 144|0x0000000089000000, 0x0000000089100000, 0x0000000089100000|100%| E|CS|TAMS 0x0000000089000000, 0x0000000089000000| Complete 
| 145|0x0000000089100000, 0x0000000089200000, 0x0000000089200000|100%| E|CS|TAMS 0x0000000089100000, 0x0000000089100000| Complete 
| 146|0x0000000089200000, 0x0000000089300000, 0x0000000089300000|100%| E|CS|TAMS 0x0000000089200000, 0x0000000089200000| Complete 
| 147|0x0000000089300000, 0x0000000089400000, 0x0000000089400000|100%| E|CS|TAMS 0x0000000089300000, 0x0000000089300000| Complete 
| 148|0x0000000089400000, 0x0000000089500000, 0x0000000089500000|100%| E|CS|TAMS 0x0000000089400000, 0x0000000089400000| Complete 
| 149|0x0000000089500000, 0x0000000089600000, 0x0000000089600000|100%| E|CS|TAMS 0x0000000089500000, 0x0000000089500000| Complete 
| 150|0x0000000089600000, 0x0000000089700000, 0x0000000089700000|100%| E|CS|TAMS 0x0000000089600000, 0x0000000089600000| Complete 
| 151|0x0000000089700000, 0x0000000089800000, 0x0000000089800000|100%| E|CS|TAMS 0x0000000089700000, 0x0000000089700000| Complete 
| 152|0x0000000089800000, 0x0000000089900000, 0x0000000089900000|100%| E|CS|TAMS 0x0000000089800000, 0x0000000089800000| Complete 
| 153|0x0000000089900000, 0x0000000089a00000, 0x0000000089a00000|100%| E|CS|TAMS 0x0000000089900000, 0x0000000089900000| Complete 

Card table byte_map: [0x000002464d380000,0x000002464d780000] _byte_map_base: 0x000002464cf80000

Marking Bits (Prev, Next): (CMBitMap*) 0x000002463a4af258, (CMBitMap*) 0x000002463a4af290
 Prev Bits: [0x000002464db80000, 0x000002464fb80000)
 Next Bits: [0x000002464fb80000, 0x0000024651b80000)

Polling page: 0x0000024638480000

Metaspace:

Usage:
  Non-class:     41.61 MB capacity,    40.92 MB ( 98%) used,   582.23 KB (  1%) free+waste,   125.63 KB ( <1%) overhead. 
      Class:      6.46 MB capacity,     6.02 MB ( 93%) used,   396.61 KB (  6%) free+waste,    60.00 KB ( <1%) overhead. 
       Both:     48.08 MB capacity,    46.94 MB ( 98%) used,   978.84 KB (  2%) free+waste,   185.63 KB ( <1%) overhead. 

Virtual space:
  Non-class space:       42.00 MB reserved,      41.75 MB (>99%) committed 
      Class space:        1.00 GB reserved,       6.50 MB ( <1%) committed 
             Both:        1.04 GB reserved,      48.25 MB (  5%) committed 

Chunk freelists:
   Non-Class:  12.00 KB
       Class:  6.00 KB
        Both:  18.00 KB

MaxMetaspaceSize: 17179869184.00 GB
CompressedClassSpaceSize: 1.00 GB
Initial GC threshold: 20.80 MB
Current GC threshold: 58.54 MB
CDS: off

CodeHeap 'non-profiled nmethods': size=120064Kb used=2756Kb max_used=2756Kb free=117307Kb
 bounds [0x0000024645a40000, 0x0000024645d00000, 0x000002464cf80000]
CodeHeap 'profiled nmethods': size=120000Kb used=9785Kb max_used=9785Kb free=110214Kb
 bounds [0x000002463e510000, 0x000002463eea0000, 0x0000024645a40000]
CodeHeap 'non-nmethods': size=5696Kb used=2295Kb max_used=2357Kb free=3400Kb
 bounds [0x000002463df80000, 0x000002463e1f0000, 0x000002463e510000]
 total_blobs=5684 nmethods=4896 adapters=700
 compilation: enabled
              stopped_count=0, restarted_count=0
 full_count=0

Compilation events (20 events):
Event: 9.679 Thread 0x0000024654086800 4867       1       org.gradle.cache.internal.filelock.DefaultLockStateSerializer$SequenceNumberLockState::access$200 (5 bytes)
Event: 9.679 Thread 0x0000024654086800 nmethod 4867 0x0000024645cef690 code [0x0000024645cef840, 0x0000024645cef8d8]
Event: 9.680 Thread 0x0000024654086800 4868       3       org.gradle.internal.operations.DefaultBuildOperationListenerManager$ProgressShieldingBuildOperationListener::finished (26 bytes)
Event: 9.680 Thread 0x0000024654086800 nmethod 4868 0x000002463ee8be90 code [0x000002463ee8c060, 0x000002463ee8c318]
Event: 9.681 Thread 0x0000024654086800 4869       3       org.gradle.cache.internal.filelock.DefaultLockStateSerializer$SequenceNumberLockState::isDirty (27 bytes)
Event: 9.681 Thread 0x0000024654086800 nmethod 4869 0x000002463ee8c490 code [0x000002463ee8c640, 0x000002463ee8c7f8]
Event: 9.681 Thread 0x0000024654086800 4870       3       org.gradle.internal.resolve.result.DefaultBuildableTypedResolveResult::assertHasResult (18 bytes)
Event: 9.682 Thread 0x0000024654086800 nmethod 4870 0x000002463ee8c890 code [0x000002463ee8ca60, 0x000002463ee8cde8]
Event: 9.682 Thread 0x000002465acc1800 nmethod 4865 0x0000024645cef990 code [0x0000024645cefb40, 0x0000024645ceffe8]
Event: 9.682 Thread 0x000002465acc1800 4857       4       java.util.concurrent.atomic.AtomicReferenceArray::length (6 bytes)
Event: 9.683 Thread 0x000002465acc1800 nmethod 4857 0x0000024645cf0190 code [0x0000024645cf0320, 0x0000024645cf0398]
Event: 9.683 Thread 0x0000024654086800 4871   !   3       org.gradle.api.internal.artifacts.ivyservice.ivyresolve.ErrorHandlingModuleComponentRepository$ErrorHandlingModuleComponentRepositoryAccess::tryResolveAndMaybeBlacklist (221 bytes)
Event: 9.686 Thread 0x0000024654086800 nmethod 4871 0x000002463ee8cf10 code [0x000002463ee8d340, 0x000002463ee8f708]
Event: 9.686 Thread 0x0000024654086800 4873       3       java.util.concurrent.locks.LockSupport::unpark (12 bytes)
Event: 9.686 Thread 0x0000024654086800 nmethod 4873 0x000002463ee90410 code [0x000002463ee905c0, 0x000002463ee90728]
Event: 9.686 Thread 0x0000024654086800 4872       3       org.gradle.cache.internal.DefaultFileLockManager$DefaultFileLock::assertOpenAndIntegral (41 bytes)
Event: 9.687 Thread 0x0000024654086800 nmethod 4872 0x000002463ee90810 code [0x000002463ee90ae0, 0x000002463ee918f8]
Event: 9.687 Thread 0x0000024654086800 4874       1       org.gradle.internal.operations.DefaultBuildOperationQueue::access$300 (5 bytes)
Event: 9.687 Thread 0x0000024654086800 nmethod 4874 0x0000024645cf0490 code [0x0000024645cf0640, 0x0000024645cf06d8]
Event: 9.687 Thread 0x0000024654086800 4875       3       org.gradle.internal.operations.CurrentBuildOperationRef::get (11 bytes)

GC Heap History (18 events):
Event: 0.601 GC heap before
{Heap before GC invocations=0 (full 0):
 garbage-first heap   total 131072K, used 20480K [0x0000000080000000, 0x0000000100000000)
  region size 1024K, 14 young (14336K), 0 survivors (0K)
 Metaspace       used 6737K, capacity 6929K, committed 7168K, reserved 1056768K
  class space    used 582K, capacity 650K, committed 768K, reserved 1048576K
}
Event: 0.605 GC heap after
{Heap after GC invocations=1 (full 0):
 garbage-first heap   total 131072K, used 7573K [0x0000000080000000, 0x0000000100000000)
  region size 1024K, 2 young (2048K), 2 survivors (2048K)
 Metaspace       used 6737K, capacity 6929K, committed 7168K, reserved 1056768K
  class space    used 582K, capacity 650K, committed 768K, reserved 1048576K
}
Event: 0.943 GC heap before
{Heap before GC invocations=1 (full 0):
 garbage-first heap   total 131072K, used 18837K [0x0000000080000000, 0x0000000100000000)
  region size 1024K, 13 young (13312K), 2 survivors (2048K)
 Metaspace       used 9889K, capacity 10122K, committed 10368K, reserved 1058816K
  class space    used 1028K, capacity 1102K, committed 1152K, reserved 1048576K
}
Event: 0.948 GC heap after
{Heap after GC invocations=2 (full 0):
 garbage-first heap   total 131072K, used 9504K [0x0000000080000000, 0x0000000100000000)
  region size 1024K, 2 young (2048K), 2 survivors (2048K)
 Metaspace       used 9889K, capacity 10122K, committed 10368K, reserved 1058816K
  class space    used 1028K, capacity 1102K, committed 1152K, reserved 1048576K
}
Event: 1.542 GC heap before
{Heap before GC invocations=2 (full 0):
 garbage-first heap   total 131072K, used 39200K [0x0000000080000000, 0x0000000100000000)
  region size 1024K, 31 young (31744K), 2 survivors (2048K)
 Metaspace       used 10831K, capacity 11013K, committed 11264K, reserved 1058816K
  class space    used 1131K, capacity 1207K, committed 1280K, reserved 1048576K
}
Event: 1.546 GC heap after
{Heap after GC invocations=3 (full 0):
 garbage-first heap   total 131072K, used 11927K [0x0000000080000000, 0x0000000100000000)
  region size 1024K, 4 young (4096K), 4 survivors (4096K)
 Metaspace       used 10831K, capacity 11013K, committed 11264K, reserved 1058816K
  class space    used 1131K, capacity 1207K, committed 1280K, reserved 1048576K
}
Event: 2.979 GC heap before
{Heap before GC invocations=3 (full 0):
 garbage-first heap   total 131072K, used 55959K [0x0000000080000000, 0x0000000100000000)
  region size 1024K, 47 young (48128K), 4 survivors (4096K)
 Metaspace       used 17647K, capacity 17975K, committed 18176K, reserved 1064960K
  class space    used 2084K, capacity 2209K, committed 2304K, reserved 1048576K
}
Event: 2.989 GC heap after
{Heap after GC invocations=4 (full 0):
 garbage-first heap   total 131072K, used 16073K [0x0000000080000000, 0x0000000100000000)
  region size 1024K, 6 young (6144K), 6 survivors (6144K)
 Metaspace       used 17647K, capacity 17975K, committed 18176K, reserved 1064960K
  class space    used 2084K, capacity 2209K, committed 2304K, reserved 1048576K
}
Event: 3.416 GC heap before
{Heap before GC invocations=4 (full 0):
 garbage-first heap   total 131072K, used 43721K [0x0000000080000000, 0x0000000100000000)
  region size 1024K, 34 young (34816K), 6 survivors (6144K)
 Metaspace       used 20758K, capacity 21139K, committed 21248K, reserved 1067008K
  class space    used 2549K, capacity 2710K, committed 2816K, reserved 1048576K
}
Event: 3.426 GC heap after
{Heap after GC invocations=5 (full 0):
 garbage-first heap   total 131072K, used 17325K [0x0000000080000000, 0x0000000100000000)
  region size 1024K, 6 young (6144K), 6 survivors (6144K)
 Metaspace       used 20758K, capacity 21139K, committed 21248K, reserved 1067008K
  class space    used 2549K, capacity 2710K, committed 2816K, reserved 1048576K
}
Event: 4.748 GC heap before
{Heap before GC invocations=6 (full 0):
 garbage-first heap   total 131072K, used 70573K [0x0000000080000000, 0x0000000100000000)
  region size 1024K, 58 young (59392K), 6 survivors (6144K)
 Metaspace       used 26398K, capacity 26933K, committed 27008K, reserved 1073152K
  class space    used 3427K, capacity 3651K, committed 3712K, reserved 1048576K
}
Event: 4.756 GC heap after
{Heap after GC invocations=7 (full 0):
 garbage-first heap   total 157696K, used 19418K [0x0000000080000000, 0x0000000100000000)
  region size 1024K, 3 young (3072K), 3 survivors (3072K)
 Metaspace       used 26398K, capacity 26933K, committed 27008K, reserved 1073152K
  class space    used 3427K, capacity 3651K, committed 3712K, reserved 1048576K
}
Event: 5.850 GC heap before
{Heap before GC invocations=7 (full 0):
 garbage-first heap   total 157696K, used 78810K [0x0000000080000000, 0x0000000100000000)
  region size 1024K, 62 young (63488K), 3 survivors (3072K)
 Metaspace       used 34971K, capacity 35791K, committed 35840K, reserved 1081344K
  class space    used 4531K, capacity 4839K, committed 4864K, reserved 1048576K
}
Event: 5.862 GC heap after
{Heap after GC invocations=8 (full 0):
 garbage-first heap   total 157696K, used 22639K [0x0000000080000000, 0x0000000100000000)
  region size 1024K, 7 young (7168K), 7 survivors (7168K)
 Metaspace       used 34971K, capacity 35791K, committed 35840K, reserved 1081344K
  class space    used 4531K, capacity 4839K, committed 4864K, reserved 1048576K
}
Event: 7.401 GC heap before
{Heap before GC invocations=9 (full 0):
 garbage-first heap   total 157696K, used 94319K [0x0000000080000000, 0x0000000100000000)
  region size 1024K, 75 young (76800K), 7 survivors (7168K)
 Metaspace       used 40591K, capacity 41537K, committed 41728K, reserved 1085440K
  class space    used 5174K, capacity 5513K, committed 5632K, reserved 1048576K
}
Event: 7.416 GC heap after
{Heap after GC invocations=10 (full 0):
 garbage-first heap   total 157696K, used 28398K [0x0000000080000000, 0x0000000100000000)
  region size 1024K, 9 young (9216K), 9 survivors (9216K)
 Metaspace       used 40591K, capacity 41537K, committed 41728K, reserved 1085440K
  class space    used 5174K, capacity 5513K, committed 5632K, reserved 1048576K
}
Event: 9.379 GC heap before
{Heap before GC invocations=10 (full 0):
 garbage-first heap   total 157696K, used 112366K [0x0000000080000000, 0x0000000100000000)
  region size 1024K, 91 young (93184K), 9 survivors (9216K)
 Metaspace       used 47555K, capacity 48663K, committed 48768K, reserved 1091584K
  class space    used 6106K, capacity 6516K, committed 6528K, reserved 1048576K
}
Event: 9.397 GC heap after
{Heap after GC invocations=11 (full 0):
 garbage-first heap   total 157696K, used 32112K [0x0000000080000000, 0x0000000100000000)
  region size 1024K, 10 young (10240K), 10 survivors (10240K)
 Metaspace       used 47555K, capacity 48663K, committed 48768K, reserved 1091584K
  class space    used 6106K, capacity 6516K, committed 6528K, reserved 1048576K
}

Deoptimization events (20 events):
Event: 9.548 Thread 0x0000024658e8b800 Uncommon trap: trap_request=0xffffffde fr.pc=0x0000024645baf5e8 relative=0x0000000000001228
Event: 9.548 Thread 0x0000024658e8b800 Uncommon trap: reason=class_check action=maybe_recompile pc=0x0000024645baf5e8 method=java.util.concurrent.ConcurrentHashMap.putVal(Ljava/lang/Object;Ljava/lang/Object;Z)Ljava/lang/Object; @ 159 c2
Event: 9.548 Thread 0x0000024658e8b800 DEOPT PACKING pc=0x0000024645baf5e8 sp=0x0000004ce8efd900
Event: 9.548 Thread 0x0000024658e8b800 DEOPT UNPACKING pc=0x000002463dfca1af sp=0x0000004ce8efd890 mode 2
Event: 9.548 Thread 0x0000024658e8b800 Uncommon trap: trap_request=0xffffff5c fr.pc=0x0000024645bfe064 relative=0x0000000000001424
Event: 9.548 Thread 0x0000024658e8b800 Uncommon trap: reason=speculate_null_assert action=make_not_entrant pc=0x0000024645bfe064 method=java.lang.invoke.MethodType$ConcurrentWeakInternSet.add(Ljava/lang/Object;)Ljava/lang/Object; @ 47 c2
Event: 9.548 Thread 0x0000024658e8b800 DEOPT PACKING pc=0x0000024645bfe064 sp=0x0000004ce8efd9c0
Event: 9.548 Thread 0x0000024658e8b800 DEOPT UNPACKING pc=0x000002463dfca1af sp=0x0000004ce8efd978 mode 2
Event: 9.553 Thread 0x0000024658e8b800 Uncommon trap: trap_request=0xffffffde fr.pc=0x0000024645baf5e8 relative=0x0000000000001228
Event: 9.553 Thread 0x0000024658e8b800 Uncommon trap: reason=class_check action=maybe_recompile pc=0x0000024645baf5e8 method=java.util.concurrent.ConcurrentHashMap.putVal(Ljava/lang/Object;Ljava/lang/Object;Z)Ljava/lang/Object; @ 159 c2
Event: 9.553 Thread 0x0000024658e8b800 DEOPT PACKING pc=0x0000024645baf5e8 sp=0x0000004ce8efd160
Event: 9.553 Thread 0x0000024658e8b800 DEOPT UNPACKING pc=0x000002463dfca1af sp=0x0000004ce8efd0f0 mode 2
Event: 9.589 Thread 0x0000024658e96800 DEOPT PACKING pc=0x000002463eba9d74 sp=0x0000004ce8ffcfa0
Event: 9.589 Thread 0x0000024658e96800 DEOPT UNPACKING pc=0x000002463dfca95e sp=0x0000004ce8ffc540 mode 0
Event: 9.623 Thread 0x0000024658e93000 Uncommon trap: trap_request=0xffffffcc fr.pc=0x0000024645ce9678 relative=0x00000000000010d8
Event: 9.624 Thread 0x0000024658e93000 Uncommon trap: reason=intrinsic_or_type_checked_inlining action=make_not_entrant pc=0x0000024645ce9678 method=java.util.ArrayList.toArray([Ljava/lang/Object;)[Ljava/lang/Object; @ 36 c2
Event: 9.624 Thread 0x0000024658e93000 DEOPT PACKING pc=0x0000024645ce9678 sp=0x0000004ce93fdaf0
Event: 9.624 Thread 0x0000024658e93000 DEOPT UNPACKING pc=0x000002463dfca1af sp=0x0000004ce93fda48 mode 2
Event: 9.652 Thread 0x0000024658e8b800 DEOPT PACKING pc=0x000002463eba9d74 sp=0x0000004ce8efd5b0
Event: 9.652 Thread 0x0000024658e8b800 DEOPT UNPACKING pc=0x000002463dfca95e sp=0x0000004ce8efcb50 mode 0

Classes redefined (0 events):
No events

Internal exceptions (20 events):
Event: 7.873 Thread 0x000002465691a000 Implicit null exception at 0x0000024645b3ba74 to 0x0000024645b3bc84
Event: 8.075 Thread 0x000002465691a000 Exception <a 'java/lang/ClassNotFoundException'{0x0000000087ea6c68}: build_1kld4yu5xjpc93kanzz7jvyhkBeanInfo> (0x0000000087ea6c68) thrown at [./src/hotspot/share/classfile/systemDictionary.cpp, line 231]
Event: 8.076 Thread 0x000002465691a000 Exception <a 'java/lang/ClassNotFoundException'{0x0000000087ebdc00}: org/gradle/api/internal/project/ProjectScriptBeanInfo> (0x0000000087ebdc00) thrown at [./src/hotspot/share/classfile/systemDictionary.cpp, line 231]
Event: 8.076 Thread 0x000002465691a000 Exception <a 'java/lang/ClassNotFoundException'{0x0000000087ed4ac0}: org/gradle/api/internal/project/ProjectScriptCustomizer> (0x0000000087ed4ac0) thrown at [./src/hotspot/share/classfile/systemDictionary.cpp, line 231]
Event: 8.078 Thread 0x000002465691a000 Exception <a 'java/lang/ClassNotFoundException'{0x0000000087eefd40}: build_1kld4yu5xjpc93kanzz7jvyhkCustomizer> (0x0000000087eefd40) thrown at [./src/hotspot/share/classfile/systemDictionary.cpp, line 231]
Event: 8.092 Thread 0x000002465691a000 Exception <a 'java/lang/ClassNotFoundException'{0x0000000087d834a0}: org/gradle/plugin/use/internal/PluginRequestCollector$PluginDependenciesSpecImplBeanInfo> (0x0000000087d834a0) thrown at [./src/hotspot/share/classfile/systemDictionary.cpp, line 231]
Event: 8.097 Thread 0x000002465691a000 Exception <a 'java/lang/ClassNotFoundException'{0x0000000087db2420}: org/gradle/plugin/use/internal/PluginRequestCollector$PluginDependenciesSpecImplCustomizer> (0x0000000087db2420) thrown at [./src/hotspot/share/classfile/systemDictionary.cpp, line 231]
Event: 8.105 Thread 0x000002465691a000 Exception <a 'java/lang/ClassNotFoundException'{0x0000000087c1a7c0}: org/gradle/plugin/use/internal/PluginRequestCollector$PluginDependencySpecImplBeanInfo> (0x0000000087c1a7c0) thrown at [./src/hotspot/share/classfile/systemDictionary.cpp, line 231]
Event: 8.106 Thread 0x000002465691a000 Exception <a 'java/lang/ClassNotFoundException'{0x0000000087c48920}: org/gradle/plugin/use/internal/PluginRequestCollector$PluginDependencySpecImplCustomizer> (0x0000000087c48920) thrown at [./src/hotspot/share/classfile/systemDictionary.cpp, line 231]
Event: 8.700 Thread 0x000002465691a000 Exception <a 'java/lang/NoSuchMethodError'{0x00000000863934e8}: 'int java.lang.invoke.DirectMethodHandle$Holder.invokeInterface(java.lang.Object, java.lang.Object)'> (0x00000000863934e8) thrown at [./src/hotspot/share/interpreter/linkResolver.cpp, line 773]
Event: 8.700 Thread 0x000002465691a000 Exception <a 'java/lang/IncompatibleClassChangeError'{0x0000000086396fc8}: Found class java.lang.Object, but interface was expected> (0x0000000086396fc8) thrown at [./src/hotspot/share/interpreter/linkResolver.cpp, line 839]
Event: 8.791 Thread 0x000002465691a000 Exception <a 'java/lang/NoSuchMethodError'{0x0000000085bde3d8}: 'int java.lang.invoke.DirectMethodHandle$Holder.invokeStaticInit(java.lang.Object)'> (0x0000000085bde3d8) thrown at [./src/hotspot/share/interpreter/linkResolver.cpp, line 773]
Event: 8.835 Thread 0x000002465691a000 Exception <a 'java/lang/NoSuchMethodError'{0x00000000858b4f50}: 'void java.lang.invoke.DirectMethodHandle$Holder.invokeStatic(java.lang.Object, java.lang.Object, java.lang.Object, int, java.lang.Object)'> (0x00000000858b4f50) thrown at [./src/hotspot/share/interpreter/linkResolver.cpp, line 773]
Event: 8.922 Thread 0x000002465691a000 Exception <a 'java/lang/NoSuchMethodError'{0x00000000852f87d8}: 'java.lang.Object java.lang.invoke.DelegatingMethodHandle$Holder.reinvoke_L(java.lang.Object, java.lang.Object, java.lang.Object, java.lang.Object, java.lang.Object, java.lang.Object, java.lang.Object, java.lang.Object, java.lang.Object, java.lang.Object, java.lang.Object, java.lang.Object, java.lang.Object, java.lang.Object, java.lang.Object, java.lang.Object, java.lang.Object, java.lang.Object, java.lang.Object, java.lang.Object)'> (0x000000
Event: 8.923 Thread 0x000002465691a000 Exception <a 'java/lang/NoSuchMethodError'{0x0000000085104d78}: 'java.lang.Object java.lang.invoke.DirectMethodHandle$Holder.invokeSpecial(java.lang.Object, java.lang.Object, java.lang.Object, java.lang.Object, java.lang.Object, java.lang.Object, java.lang.Object, java.lang.Object, java.lang.Object, java.lang.Object, java.lang.Object, java.lang.Object, java.lang.Object, java.lang.Object, java.lang.Object, java.lang.Object, java.lang.Object, java.lang.Object, java.lang.Object, java.lang.Object)'> (0x0000000
Event: 8.923 Thread 0x000002465691a000 Exception <a 'java/lang/NoSuchMethodError'{0x000000008510acb8}: 'java.lang.Object java.lang.invoke.Invokers$Holder.invoker(java.lang.Object, java.lang.Object, java.lang.Object, java.lang.Object, java.lang.Object, java.lang.Object, java.lang.Object, java.lang.Object, java.lang.Object, java.lang.Object, java.lang.Object, java.lang.Object, java.lang.Object, java.lang.Object, java.lang.Object, java.lang.Object, java.lang.Object, java.lang.Object, java.lang.Object, java.lang.Object)'> (0x000000008510acb8) throw
Event: 8.923 Thread 0x000002465691a000 Exception <a 'java/lang/NoSuchMethodError'{0x0000000085111dc8}: 'java.lang.Object java.lang.invoke.DelegatingMethodHandle$Holder.delegate(java.lang.Object, java.lang.Object, java.lang.Object, java.lang.Object, java.lang.Object, java.lang.Object, java.lang.Object, java.lang.Object, java.lang.Object, java.lang.Object, java.lang.Object, java.lang.Object, java.lang.Object, java.lang.Object, java.lang.Object, java.lang.Object, java.lang.Object, java.lang.Object, java.lang.Object, java.lang.Object)'> (0x00000000
Event: 8.932 Thread 0x000002465691a000 Exception <a 'java/lang/NoSuchMethodError'{0x0000000085159368}: 'java.lang.Object java.lang.invoke.DirectMethodHandle$Holder.invokeStatic(java.lang.Object, java.lang.Object, java.lang.Object, java.lang.Object, java.lang.Object, java.lang.Object, java.lang.Object, java.lang.Object, java.lang.Object, java.lang.Object, java.lang.Object, java.lang.Object, java.lang.Object, java.lang.Object, java.lang.Object)'> (0x0000000085159368) thrown at [./src/hotspot/share/interpreter/linkResolver.cpp, line 773]
Event: 8.933 Thread 0x000002465691a000 Exception <a 'java/lang/NoSuchMethodError'{0x0000000085169810}: 'java.lang.Object java.lang.invoke.DirectMethodHandle$Holder.invokeStatic(java.lang.Object, java.lang.Object, java.lang.Object, java.lang.Object, java.lang.Object, java.lang.Object, java.lang.Object, java.lang.Object, java.lang.Object, java.lang.Object, java.lang.Object, java.lang.Object, java.lang.Object, java.lang.Object, java.lang.Object, java.lang.Object)'> (0x0000000085169810) thrown at [./src/hotspot/share/interpreter/linkResolver.cpp, l
Event: 8.934 Thread 0x000002465691a000 Exception <a 'java/lang/NoSuchMethodError'{0x0000000085179a40}: 'java.lang.Object java.lang.invoke.DelegatingMethodHandle$Holder.reinvoke_L(java.lang.Object, java.lang.Object, java.lang.Object, java.lang.Object, java.lang.Object, java.lang.Object, java.lang.Object, java.lang.Object, java.lang.Object, java.lang.Object, java.lang.Object, java.lang.Object, java.lang.Object, java.lang.Object, java.lang.Object, java.lang.Object, java.lang.Object, java.lang.Object, java.lang.Object)'> (0x0000000085179a40) thrown

Events (20 events):
Event: 9.565 Executing VM operation: RevokeBias
Event: 9.566 Executing VM operation: RevokeBias done
Event: 9.567 loading class org/gradle/api/internal/artifacts/DefaultArtifactIdentifier
Event: 9.567 loading class org/gradle/api/internal/artifacts/DefaultArtifactIdentifier done
Event: 9.567 Executing VM operation: RevokeBias
Event: 9.567 Executing VM operation: RevokeBias done
Event: 9.568 loading class org/gradle/api/internal/artifacts/ivyservice/resolutionstrategy/DefaultCachePolicy$CachedArtifactResolutionControl
Event: 9.568 loading class org/gradle/api/internal/artifacts/ivyservice/resolutionstrategy/DefaultCachePolicy$CachedArtifactResolutionControl done
Event: 9.569 loading class org/gradle/api/internal/artifacts/DownloadArtifactBuildOperationType
Event: 9.569 loading class org/gradle/api/internal/artifacts/DownloadArtifactBuildOperationType done
Event: 9.570 Executing VM operation: RevokeBias
Event: 9.570 Executing VM operation: RevokeBias done
Event: 9.570 Executing VM operation: RevokeBias
Event: 9.570 Executing VM operation: RevokeBias done
Event: 9.571 loading class org/gradle/api/internal/artifacts/DownloadArtifactBuildOperationType$Result
Event: 9.571 loading class org/gradle/api/internal/artifacts/DownloadArtifactBuildOperationType$Result done
Event: 9.572 loading class org/gradle/api/internal/artifacts/DownloadArtifactBuildOperationType$1
Event: 9.572 loading class org/gradle/api/internal/artifacts/DownloadArtifactBuildOperationType$1 done
Event: 9.623 Executing VM operation: RevokeBias
Event: 9.624 Executing VM operation: RevokeBias done


Dynamic libraries:
0x00007ff71ad90000 - 0x00007ff71ad9a000 	C:\Program Files\Android\Android Studio\jre\bin\java.exe
0x00007ffa9fe40000 - 0x00007ffaa0049000 	C:\Windows\SYSTEM32\ntdll.dll
0x00007ffa9ed00000 - 0x00007ffa9edbd000 	C:\Windows\System32\KERNEL32.DLL
0x00007ffa9d510000 - 0x00007ffa9d884000 	C:\Windows\System32\KERNELBASE.dll
0x00007ffa9dbc0000 - 0x00007ffa9dcd1000 	C:\Windows\System32\ucrtbase.dll
0x00007ffa943f0000 - 0x00007ffa94409000 	C:\Program Files\Android\Android Studio\jre\bin\jli.dll
0x00007ffa772a0000 - 0x00007ffa772b7000 	C:\Program Files\Android\Android Studio\jre\bin\VCRUNTIME140.dll
0x00007ffa9eb50000 - 0x00007ffa9ecfc000 	C:\Windows\System32\USER32.dll
0x00007ffa9d3a0000 - 0x00007ffa9d3c6000 	C:\Windows\System32\win32u.dll
0x00007ffa9f780000 - 0x00007ffa9f7a9000 	C:\Windows\System32\GDI32.dll
0x00007ffa76ba0000 - 0x00007ffa76e45000 	C:\Windows\WinSxS\amd64_microsoft.windows.common-controls_6595b64144ccf1df_6.0.22000.120_none_9d947278b86cc467\COMCTL32.dll
0x00007ffa9d930000 - 0x00007ffa9da42000 	C:\Windows\System32\gdi32full.dll
0x00007ffa9ef50000 - 0x00007ffa9eff3000 	C:\Windows\System32\msvcrt.dll
0x00007ffa9d890000 - 0x00007ffa9d92d000 	C:\Windows\System32\msvcp_win.dll
0x00007ffa9eb10000 - 0x00007ffa9eb41000 	C:\Windows\System32\IMM32.DLL
0x00007ffa6f8e0000 - 0x00007ffa6f97d000 	C:\Program Files\Android\Android Studio\jre\bin\msvcp140.dll
0x00007ffa55f50000 - 0x00007ffa56a35000 	C:\Program Files\Android\Android Studio\jre\bin\server\jvm.dll
0x00007ffa9fb50000 - 0x00007ffa9fbfe000 	C:\Windows\System32\ADVAPI32.dll
0x00007ffa9eeb0000 - 0x00007ffa9ef4e000 	C:\Windows\System32\sechost.dll
0x00007ffa9fc80000 - 0x00007ffa9fda0000 	C:\Windows\System32\RPCRT4.dll
0x00007ffa9f6f0000 - 0x00007ffa9f6f8000 	C:\Windows\System32\PSAPI.DLL
0x00007ffa76350000 - 0x00007ffa76359000 	C:\Windows\SYSTEM32\WSOCK32.dll
0x00007ffa9e9f0000 - 0x00007ffa9ea5f000 	C:\Windows\System32\WS2_32.dll
0x00007ffa92b60000 - 0x00007ffa92b93000 	C:\Windows\SYSTEM32\WINMM.dll
0x00007ffa8a860000 - 0x00007ffa8a86a000 	C:\Windows\SYSTEM32\VERSION.dll
0x00007ffa9be10000 - 0x00007ffa9be28000 	C:\Windows\SYSTEM32\kernel.appcore.dll
0x00007ffa75f60000 - 0x00007ffa75f71000 	C:\Program Files\Android\Android Studio\jre\bin\verify.dll
0x00007ffa96210000 - 0x00007ffa96431000 	C:\Windows\SYSTEM32\DBGHELP.DLL
0x00007ffa8a100000 - 0x00007ffa8a131000 	C:\Windows\SYSTEM32\dbgcore.DLL
0x00007ffa9d3d0000 - 0x00007ffa9d44f000 	C:\Windows\System32\bcryptPrimitives.dll
0x00007ffa75dc0000 - 0x00007ffa75de9000 	C:\Program Files\Android\Android Studio\jre\bin\java.dll
0x00007ffa75db0000 - 0x00007ffa75dbb000 	C:\Program Files\Android\Android Studio\jre\bin\jimage.dll
0x00007ffa75230000 - 0x00007ffa75248000 	C:\Program Files\Android\Android Studio\jre\bin\zip.dll
0x00007ffa9dce0000 - 0x00007ffa9e48e000 	C:\Windows\System32\SHELL32.dll
0x00007ffa9b5a0000 - 0x00007ffa9be07000 	C:\Windows\SYSTEM32\windows.storage.dll
0x00007ffa9e580000 - 0x00007ffa9e8f8000 	C:\Windows\System32\combase.dll
0x00007ffa9b430000 - 0x00007ffa9b596000 	C:\Windows\SYSTEM32\wintypes.dll
0x00007ffa9edc0000 - 0x00007ffa9eeaa000 	C:\Windows\System32\SHCORE.dll
0x00007ffa9fc20000 - 0x00007ffa9fc7d000 	C:\Windows\System32\shlwapi.dll
0x00007ffa9d260000 - 0x00007ffa9d281000 	C:\Windows\SYSTEM32\profapi.dll
0x00007ffa75210000 - 0x00007ffa7522a000 	C:\Program Files\Android\Android Studio\jre\bin\net.dll
0x00007ffa912e0000 - 0x00007ffa913ec000 	C:\Windows\SYSTEM32\WINHTTP.dll
0x00007ffa9c950000 - 0x00007ffa9c9b7000 	C:\Windows\system32\mswsock.dll
0x00007ffa751f0000 - 0x00007ffa75204000 	C:\Program Files\Android\Android Studio\jre\bin\nio.dll
0x00007ffa75400000 - 0x00007ffa75427000 	C:\Users\Admin\.gradle\native\e1d6ef7f7dcc3fd88c89a11ec53ec762bb8ba0a96d01ffa2cd45eb1d1d8dd5c5\windows-amd64\native-platform.dll
0x00007ffa3da50000 - 0x00007ffa3db94000 	C:\Users\Admin\.gradle\native\5664cfc778a61ccfe75a443a1ab52a65af34e5dc3c78e0209fed803814484fcb\windows-amd64\native-platform-file-events.dll
0x00007ffa75440000 - 0x00007ffa7544a000 	C:\Program Files\Android\Android Studio\jre\bin\management.dll
0x00007ffa751e0000 - 0x00007ffa751ed000 	C:\Program Files\Android\Android Studio\jre\bin\management_ext.dll
0x00007ffa9cb90000 - 0x00007ffa9cba8000 	C:\Windows\SYSTEM32\CRYPTSP.dll
0x00007ffa9c4b0000 - 0x00007ffa9c4e5000 	C:\Windows\system32\rsaenh.dll
0x00007ffa9ca40000 - 0x00007ffa9ca69000 	C:\Windows\SYSTEM32\USERENV.dll
0x00007ffa9cd10000 - 0x00007ffa9cd37000 	C:\Windows\SYSTEM32\bcrypt.dll
0x00007ffa9cbb0000 - 0x00007ffa9cbbc000 	C:\Windows\SYSTEM32\CRYPTBASE.dll
0x00007ffa9c080000 - 0x00007ffa9c0ad000 	C:\Windows\SYSTEM32\IPHLPAPI.DLL
0x00007ffa9e9e0000 - 0x00007ffa9e9e9000 	C:\Windows\System32\NSI.dll
0x00007ffa91230000 - 0x00007ffa91249000 	C:\Windows\SYSTEM32\dhcpcsvc6.DLL
0x00007ffa91d10000 - 0x00007ffa91d2e000 	C:\Windows\SYSTEM32\dhcpcsvc.DLL
0x00007ffa9c0f0000 - 0x00007ffa9c1d7000 	C:\Windows\SYSTEM32\DNSAPI.dll

dbghelp: loaded successfully - version: 4.0.5 - missing functions: none
symbol engine: initialized successfully - sym options: 0x614 - pdb path: .;C:\Program Files\Android\Android Studio\jre\bin;C:\Windows\SYSTEM32;C:\Windows\WinSxS\amd64_microsoft.windows.common-controls_6595b64144ccf1df_6.0.22000.120_none_9d947278b86cc467;C:\Program Files\Android\Android Studio\jre\bin\server;C:\Users\Admin\.gradle\native\e1d6ef7f7dcc3fd88c89a11ec53ec762bb8ba0a96d01ffa2cd45eb1d1d8dd5c5\windows-amd64;C:\Users\Admin\.gradle\native\5664cfc778a61ccfe75a443a1ab52a65af34e5dc3c78e0209fed803814484fcb\windows-amd64

VM Arguments:
jvm_args: --add-opens=java.base/java.util=ALL-UNNAMED --add-opens=java.base/java.lang=ALL-UNNAMED --add-opens=java.base/java.lang.invoke=ALL-UNNAMED --add-opens=java.base/java.util=ALL-UNNAMED --add-opens=java.prefs/java.util.prefs=ALL-UNNAMED --add-opens=java.prefs/java.util.prefs=ALL-UNNAMED --add-opens=java.base/java.nio.charset=ALL-UNNAMED --add-opens=java.base/java.net=ALL-UNNAMED --add-opens=java.base/java.util.concurrent.atomic=ALL-UNNAMED -Xmx2048m -Dfile.encoding=UTF-8 -Duser.country=US -Duser.language=en -Duser.variant 
java_command: org.gradle.launcher.daemon.bootstrap.GradleDaemon 7.3.3
java_class_path (initial): C:\Users\Admin\.gradle\wrapper\dists\gradle-7.3.3-bin\6a41zxkdtcxs8rphpq6y0069z\gradle-7.3.3\lib\gradle-launcher-7.3.3.jar
Launcher Type: SUN_STANDARD

[Global flags]
     intx CICompilerCount                          = 3                                         {product} {ergonomic}
     uint ConcGCThreads                            = 1                                         {product} {ergonomic}
     uint G1ConcRefinementThreads                  = 4                                         {product} {ergonomic}
   size_t G1HeapRegionSize                         = 1048576                                   {product} {ergonomic}
    uintx GCDrainStackTargetSize                   = 64                                        {product} {ergonomic}
   size_t InitialHeapSize                          = 134217728                                 {product} {ergonomic}
   size_t MarkStackSize                            = 4194304                                   {product} {ergonomic}
   size_t MaxHeapSize                              = 2147483648                                {product} {command line}
   size_t MaxNewSize                               = 1287651328                                {product} {ergonomic}
   size_t MinHeapDeltaBytes                        = 1048576                                   {product} {ergonomic}
    uintx NonNMethodCodeHeapSize                   = 5830732                                {pd product} {ergonomic}
    uintx NonProfiledCodeHeapSize                  = 122913754                              {pd product} {ergonomic}
    uintx ProfiledCodeHeapSize                     = 122913754                              {pd product} {ergonomic}
    uintx ReservedCodeCacheSize                    = 251658240                              {pd product} {ergonomic}
     bool SegmentedCodeCache                       = true                                      {product} {ergonomic}
     bool UseCompressedClassPointers               = true                                 {lp64_product} {ergonomic}
     bool UseCompressedOops                        = true                                 {lp64_product} {ergonomic}
     bool UseG1GC                                  = true                                      {product} {ergonomic}
     bool UseLargePagesIndividualAllocation        = false                                  {pd product} {ergonomic}

Logging:
Log output configuration:
 #0: stdout all=warning uptime,level,tags
 #1: stderr all=off uptime,level,tags

Environment Variables:
PATH=C:\Program Files\Common Files\Oracle\Java\javapath;C:\Program Files (x86)\Common Files\Oracle\Java\javapath;C:\Windows\system32;C:\Windows;C:\Windows\System32\Wbem;C:\Windows\System32\WindowsPowerShell\v1.0\;C:\Windows\System32\OpenSSH\;C:\Program Files (x86)\Intel\Intel(R) Management Engine Components\DAL;C:\Program Files\Intel\Intel(R) Management Engine Components\DAL;C:\Program Files\Git\cmd;C:\Users\Admin\AppData\Local\Microsoft\WindowsApps;C:\Users\Admin\AppData\Local\Programs\Microsoft VS Code\bin;C:\Users\Admin\AppData\Local\atom\bin;C:\Users\Admin\AppData\Local\GitHubDesktop\bin
USERNAME=Admin
OS=Windows_NT
PROCESSOR_IDENTIFIER=Intel64 Family 6 Model 78 Stepping 3, GenuineIntel



---------------  S Y S T E M  ---------------

OS: Windows 10 , 64 bit Build 22000 (10.0.22000.434)
OS uptime: 0 days 0:04 hours

CPU:total 4 (initial active 4) (2 cores per cpu, 2 threads per core) family 6 model 78 stepping 3 microcode 0xd6, cmov, cx8, fxsr, mmx, sse, sse2, sse3, ssse3, sse4.1, sse4.2, popcnt, avx, avx2, aes, clmul, erms, rtm, 3dnowpref, lzcnt, ht, tsc, tscinvbit, bmi1, bmi2, adx, fma

Memory: 4k page, system-wide physical 8072M (1414M free)
TotalPageFile size 8072M (AvailPageFile size 6M)
current process WorkingSet (physical memory assigned to process): 294M, peak: 294M
current process commit charge ("private bytes"): 352M, peak: 354M

vm_info: OpenJDK 64-Bit Server VM (11.0.12+7-b1504.28-7817840) for windows-amd64 JRE (11.0.12+7-b1504.28-7817840), built on Oct 13 2021 22:12:33 by "builder" with MS VC++ 14.0 (VS2015)

END.
