#
# There is insufficient memory for the Java Runtime Environment to continue.
# Native memory allocation (mmap) failed to map 38797312 bytes for Failed to commit area from 0x000000008b900000 to 0x000000008de00000 of length 38797312.
# Possible reasons:
#   The system is out of physical RAM or swap space
#   The process is running with CompressedOops enabled, and the Java Heap may be blocking the growth of the native heap
# Possible solutions:
#   Reduce memory load on the system
#   Increase physical memory or swap space
#   Check if swap backing store is full
#   Decrease Java heap size (-Xmx/-Xms)
#   Decrease number of Java threads
#   Decrease Java thread stack sizes (-Xss)
#   Set larger code cache with -XX:ReservedCodeCacheSize=
#   JVM is running with Unscaled Compressed Oops mode in which the Java heap is
#     placed in the first 4GB address space. The Java Heap base address is the
#     maximum limit for the native heap growth. Please use -XX:HeapBaseMinAddress
#     to set the Java Heap base and to place the Java Heap above 4GB virtual address.
# This output file may be truncated or incomplete.
#
#  Out of Memory Error (./src/hotspot/os/windows/os_windows.cpp:3521), pid=4668, tid=2192
#
# JRE version: OpenJDK Runtime Environment (11.0.12+7) (build 11.0.12+7-b1504.28-7817840)
# Java VM: OpenJDK 64-Bit Server VM (11.0.12+7-b1504.28-7817840, mixed mode, tiered, compressed oops, g1 gc, windows-amd64)
# No core dump will be written. Minidumps are not enabled by default on client versions of Windows
#

---------------  S U M M A R Y ------------

Command Line: --add-opens=java.base/java.util=ALL-UNNAMED --add-opens=java.base/java.lang=ALL-UNNAMED --add-opens=java.base/java.lang.invoke=ALL-UNNAMED --add-opens=java.base/java.util=ALL-UNNAMED --add-opens=java.prefs/java.util.prefs=ALL-UNNAMED --add-opens=java.prefs/java.util.prefs=ALL-UNNAMED --add-opens=java.base/java.nio.charset=ALL-UNNAMED --add-opens=java.base/java.net=ALL-UNNAMED --add-opens=java.base/java.util.concurrent.atomic=ALL-UNNAMED -Xmx2048m -Dfile.encoding=UTF-8 -Duser.country=US -Duser.language=en -Duser.variant org.gradle.launcher.daemon.bootstrap.GradleDaemon 7.3.3

Host: Intel(R) Core(TM) i7-6600U CPU @ 2.60GHz, 4 cores, 7G,  Windows 10 , 64 bit Build 22000 (10.0.22000.434)
Time: Mon Aug 15 23:06:50 2022 Egypt Standard Time elapsed time: 11.974253 seconds (0d 0h 0m 11s)

---------------  T H R E A D  ---------------

Current thread (0x0000011dbdf4d800):  VMThread "VM Thread" [stack: 0x00000007b9a00000,0x00000007b9b00000] [id=2192]

Stack: [0x00000007b9a00000,0x00000007b9b00000]
[error occurred during error reporting (printing stack bounds), id 0xc0000005, EXCEPTION_ACCESS_VIOLATION (0xc0000005) at pc=0x0000011da7e7112d]

Native frames: (J=compiled Java code, j=interpreted, Vv=VM code, C=native code)
V  [jvm.dll+0x5fbcea]
V  [jvm.dll+0x731905]
V  [jvm.dll+0x732f1d]
V  [jvm.dll+0x733535]
V  [jvm.dll+0x7334eb]
V  [jvm.dll+0x5fb080]
V  [jvm.dll+0x5fb818]
C  [ntdll.dll+0xa86ef]
C  [ntdll.dll+0x35aea]
C  [ntdll.dll+0xa76fe]
C  0x0000011da7e7112d

VM_Operation (0x00000007badf62b0): G1CollectForAllocation, mode: safepoint, requested by thread 0x0000011dc10d2000


---------------  P R O C E S S  ---------------

Threads class SMR info:
_java_thread_list=0x0000011dc5763440, length=80, elements={
0x0000011da4363800, 0x0000011dbdf53000, 0x0000011dbdf56000, 0x0000011dbe8e2800,
0x0000011dbdf72800, 0x0000011dbdf73800, 0x0000011dbdf78000, 0x0000011dbdf83800,
0x0000011dbdf94000, 0x0000011dbea2b000, 0x0000011dc10e2800, 0x0000011dc0976000,
0x0000011dc0217800, 0x0000011dc1231800, 0x0000011dc1c04800, 0x0000011dc0251800,
0x0000011dc10d2000, 0x0000011dc0429800, 0x0000011dc1798000, 0x0000011dbdf87000,
0x0000011dbdf85800, 0x0000011dbdf84800, 0x0000011dbdf81000, 0x0000011dbdf88000,
0x0000011dbdf82000, 0x0000011dbdf83000, 0x0000011dc42c1000, 0x0000011dc42c2800,
0x0000011dc42c0800, 0x0000011dc42c3800, 0x0000011dc42c6000, 0x0000011dc42c4800,
0x0000011dc42c2000, 0x0000011dc42c9800, 0x0000011dc42c7000, 0x0000011dc42cb000,
0x0000011dc42cb800, 0x0000011dc42cf000, 0x0000011dc42ce000, 0x0000011dc42cc800,
0x0000011dc42cd800, 0x0000011dbdf86000, 0x0000011dc3be7800, 0x0000011dc3beb800,
0x0000011dc3be8000, 0x0000011dc3bea800, 0x0000011dc3be5800, 0x0000011dc3bec000,
0x0000011dc3be6800, 0x0000011dc3bed000, 0x0000011dc3bee000, 0x0000011dc3bee800,
0x0000011dc3be9000, 0x0000011dc3bef800, 0x0000011dc3be9800, 0x0000011dc3bf0000,
0x0000011dc3bf1000, 0x0000011dc3bf2000, 0x0000011dc3bf2800, 0x0000011dc3bf3800,
0x0000011dc3bf4800, 0x0000011dc545b000, 0x0000011dc545a000, 0x0000011dc5458800,
0x0000011dc5459000, 0x0000011dc5455000, 0x0000011dc5457800, 0x0000011dc545b800,
0x0000011dc5456000, 0x0000011dc545c800, 0x0000011dc5456800, 0x0000011dc5461800,
0x0000011dc545f000, 0x0000011dc5462000, 0x0000011dc545d800, 0x0000011dc545f800,
0x0000011dc5463000, 0x0000011dc5460800, 0x0000011dc545e000, 0x0000011dc5464000
}

Java Threads: ( => current thread )
  0x0000011da4363800 JavaThread "main" [_thread_blocked, id=7844, stack(0x00000007b9400000,0x00000007b9500000)]
  0x0000011dbdf53000 JavaThread "Reference Handler" daemon [_thread_blocked, id=9340, stack(0x00000007b9b00000,0x00000007b9c00000)]
  0x0000011dbdf56000 JavaThread "Finalizer" daemon [_thread_blocked, id=8536, stack(0x00000007b9c00000,0x00000007b9d00000)]
  0x0000011dbe8e2800 JavaThread "Signal Dispatcher" daemon [_thread_blocked, id=7708, stack(0x00000007b9d00000,0x00000007b9e00000)]
  0x0000011dbdf72800 JavaThread "Attach Listener" daemon [_thread_blocked, id=4036, stack(0x00000007b9e00000,0x00000007b9f00000)]
  0x0000011dbdf73800 JavaThread "Service Thread" daemon [_thread_blocked, id=1892, stack(0x00000007b9f00000,0x00000007ba000000)]
  0x0000011dbdf78000 JavaThread "C2 CompilerThread0" daemon [_thread_in_native, id=4432, stack(0x00000007ba000000,0x00000007ba100000)]
  0x0000011dbdf83800 JavaThread "C1 CompilerThread0" daemon [_thread_blocked, id=2284, stack(0x00000007ba100000,0x00000007ba200000)]
  0x0000011dbdf94000 JavaThread "Sweeper thread" daemon [_thread_blocked, id=8600, stack(0x00000007ba200000,0x00000007ba300000)]
  0x0000011dbea2b000 JavaThread "Common-Cleaner" daemon [_thread_blocked, id=6264, stack(0x00000007ba300000,0x00000007ba400000)]
  0x0000011dc10e2800 JavaThread "Daemon health stats" [_thread_blocked, id=2804, stack(0x00000007ba800000,0x00000007ba900000)]
  0x0000011dc0976000 JavaThread "Incoming local TCP Connector on port 53535" [_thread_in_native, id=2816, stack(0x00000007ba500000,0x00000007ba600000)]
  0x0000011dc0217800 JavaThread "Daemon periodic checks" [_thread_blocked, id=2636, stack(0x00000007ba900000,0x00000007baa00000)]
  0x0000011dc1231800 JavaThread "Daemon" [_thread_blocked, id=2640, stack(0x00000007baa00000,0x00000007bab00000)]
  0x0000011dc1c04800 JavaThread "Handler for socket connection from /127.0.0.1:53535 to /127.0.0.1:53536" [_thread_in_native, id=2620, stack(0x00000007bab00000,0x00000007bac00000)]
  0x0000011dc0251800 JavaThread "Cancel handler" [_thread_blocked, id=9984, stack(0x00000007bac00000,0x00000007bad00000)]
  0x0000011dc10d2000 JavaThread "Daemon worker" [_thread_blocked, id=4904, stack(0x00000007bad00000,0x00000007bae00000)]
  0x0000011dc0429800 JavaThread "Asynchronous log dispatcher for DefaultDaemonConnection: socket connection from /127.0.0.1:53535 to /127.0.0.1:53536" [_thread_blocked, id=2880, stack(0x00000007bae00000,0x00000007baf00000)]
  0x0000011dc1798000 JavaThread "Stdin handler" [_thread_blocked, id=2932, stack(0x00000007baf00000,0x00000007bb000000)]
  0x0000011dbdf87000 JavaThread "Daemon client event forwarder" [_thread_blocked, id=2196, stack(0x00000007bb000000,0x00000007bb100000)]
  0x0000011dbdf85800 JavaThread "Cache worker for journal cache (C:\Users\Admin\.gradle\caches\journal-1)" [_thread_blocked, id=4420, stack(0x00000007bb200000,0x00000007bb300000)]
  0x0000011dbdf84800 JavaThread "File lock request listener" [_thread_in_native, id=9880, stack(0x00000007bb300000,0x00000007bb400000)]
  0x0000011dbdf81000 JavaThread "Cache worker for file hash cache (C:\Users\Admin\.gradle\caches\7.3.3\fileHashes)" [_thread_blocked, id=5188, stack(0x00000007bb400000,0x00000007bb500000)]
  0x0000011dbdf88000 JavaThread "Cache worker for file hash cache (C:\Users\Admin\Desktop\jana\cw66\.gradle\7.3.3\fileHashes)" [_thread_blocked, id=2928, stack(0x00000007bb600000,0x00000007bb700000)]
  0x0000011dbdf82000 JavaThread "File watcher server" daemon [_thread_in_native, id=10148, stack(0x00000007bb700000,0x00000007bb800000)]
  0x0000011dbdf83000 JavaThread "File watcher consumer" daemon [_thread_blocked, id=5672, stack(0x00000007bb800000,0x00000007bb900000)]
  0x0000011dc42c1000 JavaThread "jar transforms" [_thread_blocked, id=9900, stack(0x00000007bb900000,0x00000007bba00000)]
  0x0000011dc42c2800 JavaThread "jar transforms Thread 2" [_thread_blocked, id=920, stack(0x00000007bba00000,0x00000007bbb00000)]
  0x0000011dc42c0800 JavaThread "jar transforms Thread 3" [_thread_blocked, id=3428, stack(0x00000007bbb00000,0x00000007bbc00000)]
  0x0000011dc42c3800 JavaThread "jar transforms Thread 4" [_thread_blocked, id=8068, stack(0x00000007bbc00000,0x00000007bbd00000)]
  0x0000011dc42c6000 JavaThread "Cache worker for checksums cache (C:\Users\Admin\Desktop\jana\cw66\.gradle\7.3.3\checksums)" [_thread_blocked, id=5176, stack(0x00000007bbd00000,0x00000007bbe00000)]
  0x0000011dc42c4800 JavaThread "Cache worker for cache directory md-supplier (C:\Users\Admin\.gradle\caches\7.3.3\md-supplier)" [_thread_blocked, id=10048, stack(0x00000007bbe00000,0x00000007bbf00000)]
  0x0000011dc42c2000 JavaThread "Cache worker for cache directory md-rule (C:\Users\Admin\.gradle\caches\7.3.3\md-rule)" [_thread_blocked, id=6304, stack(0x00000007bbf00000,0x00000007bc000000)]
  0x0000011dc42c9800 JavaThread "Cache worker for execution history cache (C:\Users\Admin\.gradle\caches\7.3.3\executionHistory)" [_thread_blocked, id=10196, stack(0x00000007bc000000,0x00000007bc100000)]
  0x0000011dc42c7000 JavaThread "C2 CompilerThread1" daemon [_thread_blocked, id=4268, stack(0x00000007bb500000,0x00000007bb600000)]
  0x0000011dc42cb000 JavaThread "Cache worker for file content cache (C:\Users\Admin\.gradle\caches\7.3.3\fileContent)" [_thread_blocked, id=10104, stack(0x00000007bc100000,0x00000007bc200000)]
  0x0000011dc42cb800 JavaThread "Cache worker for dependencies-accessors (C:\Users\Admin\Desktop\jana\cw66\.gradle\7.3.3\dependencies-accessors)" [_thread_blocked, id=4112, stack(0x00000007bc200000,0x00000007bc300000)]
  0x0000011dc42cf000 JavaThread "Cache worker for Build Output Cleanup Cache (C:\Users\Admin\Desktop\jana\cw66\.gradle\buildOutputCleanup)" [_thread_blocked, id=4064, stack(0x00000007bc300000,0x00000007bc400000)]
  0x0000011dc42ce000 JavaThread "Unconstrained build operations" [_thread_blocked, id=3632, stack(0x00000007bc400000,0x00000007bc500000)]
  0x0000011dc42cc800 JavaThread "Unconstrained build operations Thread 2" [_thread_blocked, id=6824, stack(0x00000007bc500000,0x00000007bc600000)]
  0x0000011dc42cd800 JavaThread "Unconstrained build operations Thread 3" [_thread_blocked, id=9036, stack(0x00000007bc600000,0x00000007bc700000)]
  0x0000011dbdf86000 JavaThread "Unconstrained build operations Thread 4" [_thread_blocked, id=1908, stack(0x00000007bc700000,0x00000007bc800000)]
  0x0000011dc3be7800 JavaThread "Unconstrained build operations Thread 5" [_thread_blocked, id=3712, stack(0x00000007bc800000,0x00000007bc900000)]
  0x0000011dc3beb800 JavaThread "Unconstrained build operations Thread 6" [_thread_blocked, id=4084, stack(0x00000007bc900000,0x00000007bca00000)]
  0x0000011dc3be8000 JavaThread "Unconstrained build operations Thread 7" [_thread_blocked, id=2168, stack(0x00000007bca00000,0x00000007bcb00000)]
  0x0000011dc3bea800 JavaThread "Unconstrained build operations Thread 8" [_thread_blocked, id=9624, stack(0x00000007bcb00000,0x00000007bcc00000)]
  0x0000011dc3be5800 JavaThread "Unconstrained build operations Thread 9" [_thread_blocked, id=10040, stack(0x00000007bcc00000,0x00000007bcd00000)]
  0x0000011dc3bec000 JavaThread "Unconstrained build operations Thread 10" [_thread_blocked, id=4796, stack(0x00000007bcd00000,0x00000007bce00000)]
  0x0000011dc3be6800 JavaThread "Unconstrained build operations Thread 11" [_thread_blocked, id=9384, stack(0x00000007bce00000,0x00000007bcf00000)]
  0x0000011dc3bed000 JavaThread "Unconstrained build operations Thread 12" [_thread_blocked, id=5248, stack(0x00000007bcf00000,0x00000007bd000000)]
  0x0000011dc3bee000 JavaThread "Unconstrained build operations Thread 13" [_thread_blocked, id=9040, stack(0x00000007bd000000,0x00000007bd100000)]
  0x0000011dc3bee800 JavaThread "Unconstrained build operations Thread 14" [_thread_blocked, id=5336, stack(0x00000007bd100000,0x00000007bd200000)]
  0x0000011dc3be9000 JavaThread "Unconstrained build operations Thread 15" [_thread_blocked, id=1708, stack(0x00000007bd200000,0x00000007bd300000)]
  0x0000011dc3bef800 JavaThread "Unconstrained build operations Thread 16" [_thread_blocked, id=9808, stack(0x00000007bd300000,0x00000007bd400000)]
  0x0000011dc3be9800 JavaThread "Unconstrained build operations Thread 17" [_thread_blocked, id=6964, stack(0x00000007bd400000,0x00000007bd500000)]
  0x0000011dc3bf0000 JavaThread "Unconstrained build operations Thread 18" [_thread_blocked, id=6912, stack(0x00000007bd500000,0x00000007bd600000)]
  0x0000011dc3bf1000 JavaThread "Unconstrained build operations Thread 19" [_thread_blocked, id=6956, stack(0x00000007bd600000,0x00000007bd700000)]
  0x0000011dc3bf2000 JavaThread "Unconstrained build operations Thread 20" [_thread_blocked, id=6968, stack(0x00000007bd700000,0x00000007bd800000)]
  0x0000011dc3bf2800 JavaThread "Unconstrained build operations Thread 21" [_thread_blocked, id=6696, stack(0x00000007bd800000,0x00000007bd900000)]
  0x0000011dc3bf3800 JavaThread "Unconstrained build operations Thread 22" [_thread_blocked, id=3580, stack(0x00000007bd900000,0x00000007bda00000)]
  0x0000011dc3bf4800 JavaThread "Unconstrained build operations Thread 23" [_thread_blocked, id=5584, stack(0x00000007bda00000,0x00000007bdb00000)]
  0x0000011dc545b000 JavaThread "Unconstrained build operations Thread 24" [_thread_blocked, id=6888, stack(0x00000007bdb00000,0x00000007bdc00000)]
  0x0000011dc545a000 JavaThread "Unconstrained build operations Thread 25" [_thread_blocked, id=7692, stack(0x00000007bdc00000,0x00000007bdd00000)]
  0x0000011dc5458800 JavaThread "Unconstrained build operations Thread 26" [_thread_blocked, id=4156, stack(0x00000007bdd00000,0x00000007bde00000)]
  0x0000011dc5459000 JavaThread "Unconstrained build operations Thread 27" [_thread_blocked, id=772, stack(0x00000007bde00000,0x00000007bdf00000)]
  0x0000011dc5455000 JavaThread "Unconstrained build operations Thread 28" [_thread_blocked, id=352, stack(0x00000007bdf00000,0x00000007be000000)]
  0x0000011dc5457800 JavaThread "Unconstrained build operations Thread 29" [_thread_blocked, id=9712, stack(0x00000007be000000,0x00000007be100000)]
  0x0000011dc545b800 JavaThread "Unconstrained build operations Thread 30" [_thread_blocked, id=2628, stack(0x00000007be100000,0x00000007be200000)]
  0x0000011dc5456000 JavaThread "Unconstrained build operations Thread 31" [_thread_blocked, id=6132, stack(0x00000007be200000,0x00000007be300000)]
  0x0000011dc545c800 JavaThread "Unconstrained build operations Thread 32" [_thread_blocked, id=5564, stack(0x00000007be300000,0x00000007be400000)]
  0x0000011dc5456800 JavaThread "Unconstrained build operations Thread 33" [_thread_blocked, id=7748, stack(0x00000007be400000,0x00000007be500000)]
  0x0000011dc5461800 JavaThread "Unconstrained build operations Thread 34" [_thread_blocked, id=9852, stack(0x00000007be500000,0x00000007be600000)]
  0x0000011dc545f000 JavaThread "Unconstrained build operations Thread 35" [_thread_blocked, id=3596, stack(0x00000007be600000,0x00000007be700000)]
  0x0000011dc5462000 JavaThread "Unconstrained build operations Thread 36" [_thread_blocked, id=8272, stack(0x00000007be700000,0x00000007be800000)]
  0x0000011dc545d800 JavaThread "Unconstrained build operations Thread 37" [_thread_blocked, id=9460, stack(0x00000007be800000,0x00000007be900000)]
  0x0000011dc545f800 JavaThread "Unconstrained build operations Thread 38" [_thread_blocked, id=6884, stack(0x00000007be900000,0x00000007bea00000)]
  0x0000011dc5463000 JavaThread "Unconstrained build operations Thread 39" [_thread_blocked, id=8248, stack(0x00000007bea00000,0x00000007beb00000)]
  0x0000011dc5460800 JavaThread "Unconstrained build operations Thread 40" [_thread_blocked, id=9468, stack(0x00000007beb00000,0x00000007bec00000)]
  0x0000011dc545e000 JavaThread "Memory manager" [_thread_blocked, id=6604, stack(0x00000007bec00000,0x00000007bed00000)]
  0x0000011dc5464000 JavaThread "pool-3-thread-1" [_thread_blocked, id=2708, stack(0x00000007bed00000,0x00000007bee00000)]

Other Threads:
=>0x0000011dbdf4d800 VMThread "VM Thread" [stack: 0x00000007b9a00000,0x00000007b9b00000] [id=2192]
  0x0000011dbea55800 WatcherThread [stack: 0x00000007ba400000,0x00000007ba500000] [id=9964]
  0x0000011da233d800 GCTaskThread "GC Thread#0" [stack: 0x00000007b9500000,0x00000007b9600000] [id=6072]
  0x0000011dbf5a4800 GCTaskThread "GC Thread#1" [stack: 0x00000007ba600000,0x00000007ba700000] [id=7864]
  0x0000011dbeb28800 GCTaskThread "GC Thread#2" [stack: 0x00000007ba700000,0x00000007ba800000] [id=2820]
  0x0000011dc1998800 GCTaskThread "GC Thread#3" [stack: 0x00000007bb100000,0x00000007bb200000] [id=3824]
  0x0000011da43a9800 ConcurrentGCThread "G1 Main Marker" [stack: 0x00000007b9600000,0x00000007b9700000] [id=4388]
  0x0000011da43aa800 ConcurrentGCThread "G1 Conc#0" [stack: 0x00000007b9700000,0x00000007b9800000] [id=9944]
  0x0000011da443b000 ConcurrentGCThread "G1 Refine#0" [stack: 0x00000007b9800000,0x00000007b9900000] [id=6880]
  0x0000011da443c000 ConcurrentGCThread "G1 Young RemSet Sampling" [stack: 0x00000007b9900000,0x00000007b9a00000] [id=1584]

Threads with active compile tasks:
C2 CompilerThread0  11984 7181       4       sun.reflect.generics.parser.SignatureParser::parsePackageNameAndSimpleClassTypeSignature (119 bytes)

VM state:at safepoint (normal execution)

VM Mutex/Monitor currently owned by a thread:  ([mutex/lock_event])
[0x0000011da435f440] Threads_lock - owner thread: 0x0000011dbdf4d800
[0x0000011da4360640] Heap_lock - owner thread: 0x0000011dc10d2000

Heap address: 0x0000000080000000, size: 2048 MB, Compressed Oops mode: 32-bit
Narrow klass base: 0x0000000000000000, Narrow klass shift: 3
Compressed class space size: 1073741824 Address: 0x0000000100000000

Heap:
 garbage-first heap   total 227328K, used 93450K [0x0000000080000000, 0x0000000100000000)
  region size 1024K, 9 young (9216K), 9 survivors (9216K)
 Metaspace       used 77177K, capacity 79083K, committed 79204K, reserved 1118208K
  class space    used 9938K, capacity 10603K, committed 10624K, reserved 1048576K
Heap Regions: E=young(eden), S=young(survivor), O=old, HS=humongous(starts), HC=humongous(continues), CS=collection set, F=free, A=archive, TAMS=top-at-mark-start (previous, next)
|   0|0x0000000080000000, 0x0000000080100000, 0x0000000080100000|100%| O|  |TAMS 0x0000000080100000, 0x0000000080100000| Untracked 
|   1|0x0000000080100000, 0x0000000080200000, 0x0000000080200000|100%| O|  |TAMS 0x0000000080200000, 0x0000000080200000| Untracked 
|   2|0x0000000080200000, 0x0000000080300000, 0x0000000080300000|100%| O|  |TAMS 0x0000000080300000, 0x0000000080300000| Untracked 
|   3|0x0000000080300000, 0x0000000080400000, 0x0000000080400000|100%|HS|  |TAMS 0x0000000080400000, 0x0000000080400000| Complete 
|   4|0x0000000080400000, 0x0000000080500000, 0x0000000080500000|100%|HC|  |TAMS 0x0000000080500000, 0x0000000080500000| Complete 
|   5|0x0000000080500000, 0x0000000080600000, 0x0000000080600000|100%|HC|  |TAMS 0x0000000080600000, 0x0000000080600000| Complete 
|   6|0x0000000080600000, 0x0000000080700000, 0x0000000080700000|100%| O|  |TAMS 0x0000000080700000, 0x0000000080700000| Untracked 
|   7|0x0000000080700000, 0x0000000080800000, 0x0000000080800000|100%| O|  |TAMS 0x0000000080800000, 0x0000000080800000| Untracked 
|   8|0x0000000080800000, 0x0000000080900000, 0x0000000080900000|100%| O|  |TAMS 0x0000000080900000, 0x0000000080900000| Untracked 
|   9|0x0000000080900000, 0x0000000080a00000, 0x0000000080a00000|100%| O|  |TAMS 0x0000000080a00000, 0x0000000080a00000| Untracked 
|  10|0x0000000080a00000, 0x0000000080b00000, 0x0000000080b00000|100%| O|  |TAMS 0x0000000080b00000, 0x0000000080b00000| Untracked 
|  11|0x0000000080b00000, 0x0000000080c00000, 0x0000000080c00000|100%| O|  |TAMS 0x0000000080c00000, 0x0000000080c00000| Untracked 
|  12|0x0000000080c00000, 0x0000000080d00000, 0x0000000080d00000|100%| O|  |TAMS 0x0000000080d00000, 0x0000000080d00000| Untracked 
|  13|0x0000000080d00000, 0x0000000080e00000, 0x0000000080e00000|100%| O|  |TAMS 0x0000000080e00000, 0x0000000080e00000| Untracked 
|  14|0x0000000080e00000, 0x0000000080f00000, 0x0000000080f00000|100%| O|  |TAMS 0x0000000080f00000, 0x0000000080f00000| Untracked 
|  15|0x0000000080f00000, 0x0000000081000000, 0x0000000081000000|100%| O|  |TAMS 0x0000000081000000, 0x0000000081000000| Untracked 
|  16|0x0000000081000000, 0x0000000081100000, 0x0000000081100000|100%| O|  |TAMS 0x0000000081100000, 0x0000000081100000| Untracked 
|  17|0x0000000081100000, 0x0000000081200000, 0x0000000081200000|100%|HS|  |TAMS 0x0000000081200000, 0x0000000081200000| Complete 
|  18|0x0000000081200000, 0x0000000081300000, 0x0000000081300000|100%|HC|  |TAMS 0x0000000081300000, 0x0000000081300000| Complete 
|  19|0x0000000081300000, 0x0000000081400000, 0x0000000081400000|100%|HS|  |TAMS 0x0000000081400000, 0x0000000081400000| Complete 
|  20|0x0000000081400000, 0x0000000081500000, 0x0000000081500000|100%|HC|  |TAMS 0x0000000081500000, 0x0000000081500000| Complete 
|  21|0x0000000081500000, 0x0000000081600000, 0x0000000081600000|100%|HC|  |TAMS 0x0000000081600000, 0x0000000081600000| Complete 
|  22|0x0000000081600000, 0x0000000081700000, 0x0000000081700000|100%|HS|  |TAMS 0x0000000081700000, 0x0000000081700000| Complete 
|  23|0x0000000081700000, 0x0000000081800000, 0x0000000081800000|100%|HS|  |TAMS 0x0000000081800000, 0x0000000081800000| Complete 
|  24|0x0000000081800000, 0x0000000081900000, 0x0000000081900000|100%|HC|  |TAMS 0x0000000081900000, 0x0000000081900000| Complete 
|  25|0x0000000081900000, 0x0000000081a00000, 0x0000000081a00000|100%|HC|  |TAMS 0x0000000081a00000, 0x0000000081a00000| Complete 
|  26|0x0000000081a00000, 0x0000000081b00000, 0x0000000081b00000|100%|HC|  |TAMS 0x0000000081b00000, 0x0000000081b00000| Complete 
|  27|0x0000000081b00000, 0x0000000081c00000, 0x0000000081c00000|100%|HS|  |TAMS 0x0000000081c00000, 0x0000000081c00000| Complete 
|  28|0x0000000081c00000, 0x0000000081d00000, 0x0000000081d00000|100%| O|  |TAMS 0x0000000081d00000, 0x0000000081d00000| Untracked 
|  29|0x0000000081d00000, 0x0000000081e00000, 0x0000000081e00000|100%| O|  |TAMS 0x0000000081e00000, 0x0000000081e00000| Untracked 
|  30|0x0000000081e00000, 0x0000000081f00000, 0x0000000081f00000|100%| O|  |TAMS 0x0000000081f00000, 0x0000000081f00000| Untracked 
|  31|0x0000000081f00000, 0x0000000082000000, 0x0000000082000000|100%| O|  |TAMS 0x0000000082000000, 0x0000000082000000| Untracked 
|  32|0x0000000082000000, 0x0000000082100000, 0x0000000082100000|100%| O|  |TAMS 0x0000000082100000, 0x0000000082100000| Untracked 
|  33|0x0000000082100000, 0x0000000082200000, 0x0000000082200000|100%| O|  |TAMS 0x0000000082200000, 0x0000000082200000| Untracked 
|  34|0x0000000082200000, 0x0000000082300000, 0x0000000082300000|100%| O|  |TAMS 0x0000000082300000, 0x0000000082300000| Untracked 
|  35|0x0000000082300000, 0x0000000082400000, 0x0000000082400000|100%| O|  |TAMS 0x0000000082400000, 0x0000000082400000| Untracked 
|  36|0x0000000082400000, 0x0000000082500000, 0x0000000082500000|100%| O|  |TAMS 0x0000000082500000, 0x0000000082500000| Untracked 
|  37|0x0000000082500000, 0x0000000082600000, 0x0000000082600000|100%| O|  |TAMS 0x0000000082600000, 0x0000000082600000| Untracked 
|  38|0x0000000082600000, 0x0000000082700000, 0x0000000082700000|100%|HS|  |TAMS 0x0000000082700000, 0x0000000082700000| Complete 
|  39|0x0000000082700000, 0x0000000082800000, 0x0000000082800000|100%|HC|  |TAMS 0x0000000082800000, 0x0000000082800000| Complete 
|  40|0x0000000082800000, 0x0000000082900000, 0x0000000082900000|100%|HC|  |TAMS 0x0000000082900000, 0x0000000082900000| Complete 
|  41|0x0000000082900000, 0x0000000082a00000, 0x0000000082a00000|100%| O|  |TAMS 0x0000000082a00000, 0x0000000082a00000| Untracked 
|  42|0x0000000082a00000, 0x0000000082b00000, 0x0000000082b00000|100%| O|  |TAMS 0x0000000082b00000, 0x0000000082b00000| Untracked 
|  43|0x0000000082b00000, 0x0000000082c00000, 0x0000000082c00000|100%| O|  |TAMS 0x0000000082c00000, 0x0000000082c00000| Untracked 
|  44|0x0000000082c00000, 0x0000000082d00000, 0x0000000082d00000|100%| O|  |TAMS 0x0000000082d00000, 0x0000000082d00000| Untracked 
|  45|0x0000000082d00000, 0x0000000082e00000, 0x0000000082e00000|100%|HS|  |TAMS 0x0000000082e00000, 0x0000000082e00000| Complete 
|  46|0x0000000082e00000, 0x0000000082f00000, 0x0000000082f00000|100%|HC|  |TAMS 0x0000000082f00000, 0x0000000082f00000| Complete 
|  47|0x0000000082f00000, 0x0000000083000000, 0x0000000083000000|100%|HC|  |TAMS 0x0000000083000000, 0x0000000083000000| Complete 
|  48|0x0000000083000000, 0x0000000083100000, 0x0000000083100000|100%|HC|  |TAMS 0x0000000083100000, 0x0000000083100000| Complete 
|  49|0x0000000083100000, 0x0000000083200000, 0x0000000083200000|100%| O|  |TAMS 0x0000000083200000, 0x0000000083200000| Untracked 
|  50|0x0000000083200000, 0x0000000083300000, 0x0000000083300000|100%| O|  |TAMS 0x0000000083300000, 0x0000000083300000| Untracked 
|  51|0x0000000083300000, 0x0000000083400000, 0x0000000083400000|100%| O|  |TAMS 0x0000000083400000, 0x0000000083400000| Untracked 
|  52|0x0000000083400000, 0x0000000083500000, 0x0000000083500000|100%| O|  |TAMS 0x0000000083500000, 0x0000000083500000| Untracked 
|  53|0x0000000083500000, 0x0000000083600000, 0x0000000083600000|100%|HS|  |TAMS 0x0000000083600000, 0x0000000083600000| Complete 
|  54|0x0000000083600000, 0x0000000083700000, 0x0000000083700000|100%|HS|  |TAMS 0x0000000083700000, 0x0000000083700000| Complete 
|  55|0x0000000083700000, 0x0000000083800000, 0x0000000083800000|100%|HS|  |TAMS 0x0000000083800000, 0x0000000083800000| Complete 
|  56|0x0000000083800000, 0x0000000083900000, 0x0000000083900000|100%|HC|  |TAMS 0x0000000083900000, 0x0000000083900000| Complete 
|  57|0x0000000083900000, 0x0000000083a00000, 0x0000000083a00000|100%| O|  |TAMS 0x0000000083a00000, 0x0000000083a00000| Untracked 
|  58|0x0000000083a00000, 0x0000000083b00000, 0x0000000083b00000|100%| O|  |TAMS 0x0000000083b00000, 0x0000000083b00000| Untracked 
|  59|0x0000000083b00000, 0x0000000083c00000, 0x0000000083c00000|100%| O|  |TAMS 0x0000000083c00000, 0x0000000083c00000| Untracked 
|  60|0x0000000083c00000, 0x0000000083d00000, 0x0000000083d00000|100%| O|  |TAMS 0x0000000083d00000, 0x0000000083d00000| Untracked 
|  61|0x0000000083d00000, 0x0000000083e00000, 0x0000000083e00000|100%| O|  |TAMS 0x0000000083e00000, 0x0000000083e00000| Untracked 
|  62|0x0000000083e00000, 0x0000000083f00000, 0x0000000083f00000|100%| O|  |TAMS 0x0000000083f00000, 0x0000000083f00000| Untracked 
|  63|0x0000000083f00000, 0x0000000084000000, 0x0000000084000000|100%| O|  |TAMS 0x0000000084000000, 0x0000000084000000| Untracked 
|  64|0x0000000084000000, 0x0000000084100000, 0x0000000084100000|100%| O|  |TAMS 0x0000000084100000, 0x0000000084100000| Untracked 
|  65|0x0000000084100000, 0x0000000084200000, 0x0000000084200000|100%| O|  |TAMS 0x0000000084200000, 0x0000000084200000| Untracked 
|  66|0x0000000084200000, 0x0000000084300000, 0x0000000084300000|100%| O|  |TAMS 0x0000000084300000, 0x0000000084300000| Untracked 
|  67|0x0000000084300000, 0x0000000084400000, 0x0000000084400000|100%| O|  |TAMS 0x0000000084400000, 0x0000000084400000| Untracked 
|  68|0x0000000084400000, 0x0000000084500000, 0x0000000084500000|100%| O|  |TAMS 0x0000000084469c00, 0x0000000084500000| Untracked 
|  69|0x0000000084500000, 0x0000000084600000, 0x0000000084600000|100%|HS|  |TAMS 0x0000000084500000, 0x0000000084600000| Complete 
|  70|0x0000000084600000, 0x0000000084700000, 0x0000000084700000|100%| O|  |TAMS 0x0000000084600000, 0x0000000084700000| Untracked 
|  71|0x0000000084700000, 0x0000000084800000, 0x0000000084800000|100%| O|  |TAMS 0x0000000084700000, 0x0000000084800000| Untracked 
|  72|0x0000000084800000, 0x0000000084900000, 0x0000000084900000|100%| O|  |TAMS 0x0000000084800000, 0x0000000084900000| Untracked 
|  73|0x0000000084900000, 0x0000000084a00000, 0x0000000084a00000|100%| O|  |TAMS 0x0000000084900000, 0x0000000084a00000| Untracked 
|  74|0x0000000084a00000, 0x0000000084b00000, 0x0000000084b00000|100%| O|  |TAMS 0x0000000084a00000, 0x0000000084b00000| Untracked 
|  75|0x0000000084b00000, 0x0000000084c00000, 0x0000000084c00000|100%|HS|  |TAMS 0x0000000084b00000, 0x0000000084c00000| Complete 
|  76|0x0000000084c00000, 0x0000000084d00000, 0x0000000084d00000|100%|HC|  |TAMS 0x0000000084c00000, 0x0000000084d00000| Complete 
|  77|0x0000000084d00000, 0x0000000084e00000, 0x0000000084e00000|100%|HS|  |TAMS 0x0000000084d00000, 0x0000000084e00000| Complete 
|  78|0x0000000084e00000, 0x0000000084f00000, 0x0000000084f00000|100%|HC|  |TAMS 0x0000000084e00000, 0x0000000084f00000| Complete 
|  79|0x0000000084f00000, 0x0000000085000000, 0x0000000085000000|100%|HC|  |TAMS 0x0000000084f00000, 0x0000000085000000| Complete 
|  80|0x0000000085000000, 0x0000000085100000, 0x0000000085100000|100%| O|  |TAMS 0x0000000085000000, 0x0000000085100000| Untracked 
|  81|0x0000000085100000, 0x0000000085200000, 0x0000000085200000|100%| O|  |TAMS 0x0000000085100000, 0x0000000085200000| Untracked 
|  82|0x0000000085200000, 0x0000000085242a00, 0x0000000085300000| 26%| O|  |TAMS 0x0000000085200000, 0x0000000085242a00| Untracked 
|  83|0x0000000085300000, 0x0000000085300000, 0x0000000085400000|  0%| F|  |TAMS 0x0000000085300000, 0x0000000085300000| Untracked 
|  84|0x0000000085400000, 0x0000000085400000, 0x0000000085500000|  0%| F|  |TAMS 0x0000000085400000, 0x0000000085400000| Untracked 
|  85|0x0000000085500000, 0x0000000085500000, 0x0000000085600000|  0%| F|  |TAMS 0x0000000085500000, 0x0000000085500000| Untracked 
|  86|0x0000000085600000, 0x0000000085600000, 0x0000000085700000|  0%| F|  |TAMS 0x0000000085600000, 0x0000000085600000| Untracked 
|  87|0x0000000085700000, 0x0000000085700000, 0x0000000085800000|  0%| F|  |TAMS 0x0000000085700000, 0x0000000085700000| Untracked 
|  88|0x0000000085800000, 0x0000000085800000, 0x0000000085900000|  0%| F|  |TAMS 0x0000000085800000, 0x0000000085800000| Untracked 
|  89|0x0000000085900000, 0x0000000085900000, 0x0000000085a00000|  0%| F|  |TAMS 0x0000000085900000, 0x0000000085900000| Untracked 
|  90|0x0000000085a00000, 0x0000000085a00000, 0x0000000085b00000|  0%| F|  |TAMS 0x0000000085a00000, 0x0000000085a00000| Untracked 
|  91|0x0000000085b00000, 0x0000000085b00000, 0x0000000085c00000|  0%| F|  |TAMS 0x0000000085b00000, 0x0000000085b00000| Untracked 
|  92|0x0000000085c00000, 0x0000000085c00000, 0x0000000085d00000|  0%| F|  |TAMS 0x0000000085c00000, 0x0000000085c00000| Untracked 
|  93|0x0000000085d00000, 0x0000000085d00000, 0x0000000085e00000|  0%| F|  |TAMS 0x0000000085d00000, 0x0000000085d00000| Untracked 
|  94|0x0000000085e00000, 0x0000000085e00000, 0x0000000085f00000|  0%| F|  |TAMS 0x0000000085e00000, 0x0000000085e00000| Untracked 
|  95|0x0000000085f00000, 0x0000000085f00000, 0x0000000086000000|  0%| F|  |TAMS 0x0000000085f00000, 0x0000000085f00000| Untracked 
|  96|0x0000000086000000, 0x0000000086000000, 0x0000000086100000|  0%| F|  |TAMS 0x0000000086000000, 0x0000000086000000| Untracked 
|  97|0x0000000086100000, 0x0000000086100000, 0x0000000086200000|  0%| F|  |TAMS 0x0000000086100000, 0x0000000086100000| Untracked 
|  98|0x0000000086200000, 0x0000000086200000, 0x0000000086300000|  0%| F|  |TAMS 0x0000000086200000, 0x0000000086200000| Untracked 
|  99|0x0000000086300000, 0x0000000086300000, 0x0000000086400000|  0%| F|  |TAMS 0x0000000086300000, 0x0000000086300000| Untracked 
| 100|0x0000000086400000, 0x0000000086400000, 0x0000000086500000|  0%| F|  |TAMS 0x0000000086400000, 0x0000000086400000| Untracked 
| 101|0x0000000086500000, 0x0000000086500000, 0x0000000086600000|  0%| F|  |TAMS 0x0000000086500000, 0x0000000086500000| Untracked 
| 102|0x0000000086600000, 0x0000000086600000, 0x0000000086700000|  0%| F|  |TAMS 0x0000000086600000, 0x0000000086600000| Untracked 
| 103|0x0000000086700000, 0x0000000086700000, 0x0000000086800000|  0%| F|  |TAMS 0x0000000086700000, 0x0000000086700000| Untracked 
| 104|0x0000000086800000, 0x0000000086800000, 0x0000000086900000|  0%| F|  |TAMS 0x0000000086800000, 0x0000000086800000| Untracked 
| 105|0x0000000086900000, 0x0000000086900000, 0x0000000086a00000|  0%| F|  |TAMS 0x0000000086900000, 0x0000000086900000| Untracked 
| 106|0x0000000086a00000, 0x0000000086a00000, 0x0000000086b00000|  0%| F|  |TAMS 0x0000000086a00000, 0x0000000086a00000| Untracked 
| 107|0x0000000086b00000, 0x0000000086b00000, 0x0000000086c00000|  0%| F|  |TAMS 0x0000000086b00000, 0x0000000086b00000| Untracked 
| 108|0x0000000086c00000, 0x0000000086c00000, 0x0000000086d00000|  0%| F|  |TAMS 0x0000000086c00000, 0x0000000086c00000| Untracked 
| 109|0x0000000086d00000, 0x0000000086d00000, 0x0000000086e00000|  0%| F|  |TAMS 0x0000000086d00000, 0x0000000086d00000| Untracked 
| 110|0x0000000086e00000, 0x0000000086e00000, 0x0000000086f00000|  0%| F|  |TAMS 0x0000000086e00000, 0x0000000086e00000| Untracked 
| 111|0x0000000086f00000, 0x0000000086f00000, 0x0000000087000000|  0%| F|  |TAMS 0x0000000086f00000, 0x0000000086f00000| Untracked 
| 112|0x0000000087000000, 0x0000000087000000, 0x0000000087100000|  0%| F|  |TAMS 0x0000000087000000, 0x0000000087000000| Untracked 
| 113|0x0000000087100000, 0x0000000087100000, 0x0000000087200000|  0%| F|  |TAMS 0x0000000087100000, 0x0000000087100000| Untracked 
| 114|0x0000000087200000, 0x0000000087200000, 0x0000000087300000|  0%| F|  |TAMS 0x0000000087200000, 0x0000000087200000| Untracked 
| 115|0x0000000087300000, 0x0000000087300000, 0x0000000087400000|  0%| F|  |TAMS 0x0000000087300000, 0x0000000087300000| Untracked 
| 116|0x0000000087400000, 0x0000000087400000, 0x0000000087500000|  0%| F|  |TAMS 0x0000000087400000, 0x0000000087400000| Untracked 
| 117|0x0000000087500000, 0x0000000087500000, 0x0000000087600000|  0%| F|  |TAMS 0x0000000087500000, 0x0000000087500000| Untracked 
| 118|0x0000000087600000, 0x0000000087600000, 0x0000000087700000|  0%| F|  |TAMS 0x0000000087600000, 0x0000000087600000| Untracked 
| 119|0x0000000087700000, 0x0000000087700000, 0x0000000087800000|  0%| F|  |TAMS 0x0000000087700000, 0x0000000087700000| Untracked 
| 120|0x0000000087800000, 0x0000000087800000, 0x0000000087900000|  0%| F|  |TAMS 0x0000000087800000, 0x0000000087800000| Untracked 
| 121|0x0000000087900000, 0x0000000087a00000, 0x0000000087a00000|100%| S|CS|TAMS 0x0000000087900000, 0x0000000087900000| Complete 
| 122|0x0000000087a00000, 0x0000000087b00000, 0x0000000087b00000|100%| S|CS|TAMS 0x0000000087a00000, 0x0000000087a00000| Complete 
| 123|0x0000000087b00000, 0x0000000087c00000, 0x0000000087c00000|100%| S|CS|TAMS 0x0000000087b00000, 0x0000000087b00000| Complete 
| 124|0x0000000087c00000, 0x0000000087d00000, 0x0000000087d00000|100%| S|CS|TAMS 0x0000000087c00000, 0x0000000087c00000| Complete 
| 125|0x0000000087d00000, 0x0000000087e00000, 0x0000000087e00000|100%| S|CS|TAMS 0x0000000087d00000, 0x0000000087d00000| Complete 
| 126|0x0000000087e00000, 0x0000000087f00000, 0x0000000087f00000|100%| S|CS|TAMS 0x0000000087e00000, 0x0000000087e00000| Complete 
| 127|0x0000000087f00000, 0x0000000088000000, 0x0000000088000000|100%| S|CS|TAMS 0x0000000087f00000, 0x0000000087f00000| Complete 
| 128|0x0000000088000000, 0x0000000088100000, 0x0000000088100000|100%| S|CS|TAMS 0x0000000088000000, 0x0000000088000000| Complete 
| 129|0x0000000088100000, 0x0000000088200000, 0x0000000088200000|100%| S|CS|TAMS 0x0000000088100000, 0x0000000088100000| Complete 
| 130|0x0000000088200000, 0x0000000088200000, 0x0000000088300000|  0%| F|  |TAMS 0x0000000088200000, 0x0000000088200000| Untracked 
| 131|0x0000000088300000, 0x0000000088300000, 0x0000000088400000|  0%| F|  |TAMS 0x0000000088300000, 0x0000000088300000| Untracked 
| 132|0x0000000088400000, 0x0000000088400000, 0x0000000088500000|  0%| F|  |TAMS 0x0000000088400000, 0x0000000088400000| Untracked 
| 133|0x0000000088500000, 0x0000000088500000, 0x0000000088600000|  0%| F|  |TAMS 0x0000000088500000, 0x0000000088500000| Untracked 
| 134|0x0000000088600000, 0x0000000088600000, 0x0000000088700000|  0%| F|  |TAMS 0x0000000088600000, 0x0000000088600000| Untracked 
| 135|0x0000000088700000, 0x0000000088700000, 0x0000000088800000|  0%| F|  |TAMS 0x0000000088700000, 0x0000000088700000| Untracked 
| 136|0x0000000088800000, 0x0000000088800000, 0x0000000088900000|  0%| F|  |TAMS 0x0000000088800000, 0x0000000088800000| Untracked 
| 137|0x0000000088900000, 0x0000000088900000, 0x0000000088a00000|  0%| F|  |TAMS 0x0000000088900000, 0x0000000088900000| Untracked 
| 138|0x0000000088a00000, 0x0000000088a00000, 0x0000000088b00000|  0%| F|  |TAMS 0x0000000088a00000, 0x0000000088a00000| Untracked 
| 139|0x0000000088b00000, 0x0000000088b00000, 0x0000000088c00000|  0%| F|  |TAMS 0x0000000088b00000, 0x0000000088b00000| Untracked 
| 140|0x0000000088c00000, 0x0000000088c00000, 0x0000000088d00000|  0%| F|  |TAMS 0x0000000088c00000, 0x0000000088c00000| Untracked 
| 141|0x0000000088d00000, 0x0000000088d00000, 0x0000000088e00000|  0%| F|  |TAMS 0x0000000088d00000, 0x0000000088d00000| Untracked 
| 142|0x0000000088e00000, 0x0000000088e00000, 0x0000000088f00000|  0%| F|  |TAMS 0x0000000088e00000, 0x0000000088e00000| Untracked 
| 143|0x0000000088f00000, 0x0000000088f00000, 0x0000000089000000|  0%| F|  |TAMS 0x0000000088f00000, 0x0000000088f00000| Untracked 
| 144|0x0000000089000000, 0x0000000089000000, 0x0000000089100000|  0%| F|  |TAMS 0x0000000089000000, 0x0000000089000000| Untracked 
| 145|0x0000000089100000, 0x0000000089100000, 0x0000000089200000|  0%| F|  |TAMS 0x0000000089100000, 0x0000000089100000| Untracked 
| 146|0x0000000089200000, 0x0000000089200000, 0x0000000089300000|  0%| F|  |TAMS 0x0000000089200000, 0x0000000089200000| Untracked 
| 147|0x0000000089300000, 0x0000000089300000, 0x0000000089400000|  0%| F|  |TAMS 0x0000000089300000, 0x0000000089300000| Untracked 
| 148|0x0000000089400000, 0x0000000089400000, 0x0000000089500000|  0%| F|  |TAMS 0x0000000089400000, 0x0000000089400000| Untracked 
| 149|0x0000000089500000, 0x0000000089500000, 0x0000000089600000|  0%| F|  |TAMS 0x0000000089500000, 0x0000000089500000| Untracked 
| 150|0x0000000089600000, 0x0000000089600000, 0x0000000089700000|  0%| F|  |TAMS 0x0000000089600000, 0x0000000089600000| Untracked 
| 151|0x0000000089700000, 0x0000000089700000, 0x0000000089800000|  0%| F|  |TAMS 0x0000000089700000, 0x0000000089700000| Untracked 
| 152|0x0000000089800000, 0x0000000089800000, 0x0000000089900000|  0%| F|  |TAMS 0x0000000089800000, 0x0000000089800000| Untracked 
| 153|0x0000000089900000, 0x0000000089900000, 0x0000000089a00000|  0%| F|  |TAMS 0x0000000089900000, 0x0000000089900000| Untracked 
| 154|0x0000000089a00000, 0x0000000089a00000, 0x0000000089b00000|  0%| F|  |TAMS 0x0000000089a00000, 0x0000000089a00000| Untracked 
| 155|0x0000000089b00000, 0x0000000089b00000, 0x0000000089c00000|  0%| F|  |TAMS 0x0000000089b00000, 0x0000000089b00000| Untracked 
| 156|0x0000000089c00000, 0x0000000089c00000, 0x0000000089d00000|  0%| F|  |TAMS 0x0000000089c00000, 0x0000000089c00000| Untracked 
| 157|0x0000000089d00000, 0x0000000089d00000, 0x0000000089e00000|  0%| F|  |TAMS 0x0000000089d00000, 0x0000000089d00000| Untracked 
| 158|0x0000000089e00000, 0x0000000089e00000, 0x0000000089f00000|  0%| F|  |TAMS 0x0000000089e00000, 0x0000000089e00000| Untracked 
| 159|0x0000000089f00000, 0x0000000089f00000, 0x000000008a000000|  0%| F|  |TAMS 0x0000000089f00000, 0x0000000089f00000| Untracked 
| 160|0x000000008a000000, 0x000000008a000000, 0x000000008a100000|  0%| F|  |TAMS 0x000000008a000000, 0x000000008a000000| Untracked 
| 161|0x000000008a100000, 0x000000008a100000, 0x000000008a200000|  0%| F|  |TAMS 0x000000008a100000, 0x000000008a100000| Untracked 
| 162|0x000000008a200000, 0x000000008a200000, 0x000000008a300000|  0%| F|  |TAMS 0x000000008a200000, 0x000000008a200000| Untracked 
| 163|0x000000008a300000, 0x000000008a300000, 0x000000008a400000|  0%| F|  |TAMS 0x000000008a300000, 0x000000008a300000| Untracked 
| 164|0x000000008a400000, 0x000000008a400000, 0x000000008a500000|  0%| F|  |TAMS 0x000000008a400000, 0x000000008a400000| Untracked 
| 165|0x000000008a500000, 0x000000008a500000, 0x000000008a600000|  0%| F|  |TAMS 0x000000008a500000, 0x000000008a500000| Untracked 
| 166|0x000000008a600000, 0x000000008a600000, 0x000000008a700000|  0%| F|  |TAMS 0x000000008a600000, 0x000000008a600000| Untracked 
| 167|0x000000008a700000, 0x000000008a700000, 0x000000008a800000|  0%| F|  |TAMS 0x000000008a700000, 0x000000008a700000| Untracked 
| 168|0x000000008a800000, 0x000000008a800000, 0x000000008a900000|  0%| F|  |TAMS 0x000000008a800000, 0x000000008a800000| Untracked 
| 169|0x000000008a900000, 0x000000008a900000, 0x000000008aa00000|  0%| F|  |TAMS 0x000000008a900000, 0x000000008a900000| Untracked 
| 170|0x000000008aa00000, 0x000000008aa00000, 0x000000008ab00000|  0%| F|  |TAMS 0x000000008aa00000, 0x000000008aa00000| Untracked 
| 171|0x000000008ab00000, 0x000000008ab00000, 0x000000008ac00000|  0%| F|  |TAMS 0x000000008ab00000, 0x000000008ab00000| Untracked 
| 172|0x000000008ac00000, 0x000000008ac00000, 0x000000008ad00000|  0%| F|  |TAMS 0x000000008ac00000, 0x000000008ac00000| Untracked 
| 173|0x000000008ad00000, 0x000000008ad00000, 0x000000008ae00000|  0%| F|  |TAMS 0x000000008ad00000, 0x000000008ad00000| Untracked 
| 174|0x000000008ae00000, 0x000000008ae00000, 0x000000008af00000|  0%| F|  |TAMS 0x000000008ae00000, 0x000000008ae00000| Untracked 
| 175|0x000000008af00000, 0x000000008af00000, 0x000000008b000000|  0%| F|  |TAMS 0x000000008af00000, 0x000000008af00000| Untracked 
| 176|0x000000008b000000, 0x000000008b000000, 0x000000008b100000|  0%| F|  |TAMS 0x000000008b000000, 0x000000008b000000| Untracked 
| 177|0x000000008b100000, 0x000000008b100000, 0x000000008b200000|  0%| F|  |TAMS 0x000000008b100000, 0x000000008b100000| Untracked 
| 178|0x000000008b200000, 0x000000008b200000, 0x000000008b300000|  0%| F|  |TAMS 0x000000008b200000, 0x000000008b200000| Untracked 
| 179|0x000000008b300000, 0x000000008b300000, 0x000000008b400000|  0%| F|  |TAMS 0x000000008b300000, 0x000000008b300000| Untracked 
| 180|0x000000008b400000, 0x000000008b400000, 0x000000008b500000|  0%| F|  |TAMS 0x000000008b400000, 0x000000008b400000| Untracked 
| 181|0x000000008b500000, 0x000000008b500000, 0x000000008b600000|  0%| F|  |TAMS 0x000000008b500000, 0x000000008b500000| Untracked 
| 182|0x000000008b600000, 0x000000008b600000, 0x000000008b700000|  0%| F|  |TAMS 0x000000008b600000, 0x000000008b600000| Untracked 
| 183|0x000000008b700000, 0x000000008b700000, 0x000000008b800000|  0%| F|  |TAMS 0x000000008b700000, 0x000000008b700000| Untracked 
| 184|0x000000008b800000, 0x000000008b800000, 0x000000008b900000|  0%| F|  |TAMS 0x000000008b800000, 0x000000008b800000| Untracked 

Card table byte_map: [0x0000011db7270000,0x0000011db7670000] _byte_map_base: 0x0000011db6e70000

Marking Bits (Prev, Next): (CMBitMap*) 0x0000011da43a0e58, (CMBitMap*) 0x0000011da43a0e90
 Prev Bits: [0x0000011db7a70000, 0x0000011db9a70000)
 Next Bits: [0x0000011db9a70000, 0x0000011dbba70000)

Polling page: 0x0000011da2230000

Metaspace:

Usage:
  Non-class:     66.88 MB capacity,    65.66 MB ( 98%) used,     1.03 MB (  2%) free+waste,   190.25 KB ( <1%) overhead. 
      Class:     10.35 MB capacity,     9.71 MB ( 94%) used,   575.52 KB (  5%) free+waste,    89.00 KB ( <1%) overhead. 
       Both:     77.23 MB capacity,    75.37 MB ( 98%) used,     1.59 MB (  2%) free+waste,   279.25 KB ( <1%) overhead. 

Virtual space:
  Non-class space:       68.00 MB reserved,      66.97 MB ( 98%) committed 
      Class space:        1.00 GB reserved,      10.38 MB (  1%) committed 
             Both:        1.07 GB reserved,      77.35 MB (  7%) committed 

Chunk freelists:
   Non-Class:  36.00 KB
       Class:  21.00 KB
        Both:  57.00 KB

MaxMetaspaceSize: 17179869184.00 GB
CompressedClassSpaceSize: 1.00 GB
Initial GC threshold: 20.80 MB
Current GC threshold: 112.87 MB
CDS: off

CodeHeap 'non-profiled nmethods': size=120064Kb used=4160Kb max_used=4160Kb free=115903Kb
 bounds [0x0000011daf930000, 0x0000011dafd50000, 0x0000011db6e70000]
CodeHeap 'profiled nmethods': size=120000Kb used=15869Kb max_used=15869Kb free=104130Kb
 bounds [0x0000011da8400000, 0x0000011da9380000, 0x0000011daf930000]
CodeHeap 'non-nmethods': size=5696Kb used=2359Kb max_used=2398Kb free=3336Kb
 bounds [0x0000011da7e70000, 0x0000011da80e0000, 0x0000011da8400000]
 total_blobs=8210 nmethods=7340 adapters=782
 compilation: enabled
              stopped_count=0, restarted_count=0
 full_count=0

Compilation events (20 events):
Event: 11.860 Thread 0x0000011dbdf83800 nmethod 7395 0x0000011dafd31910 code [0x0000011dafd31ac0, 0x0000011dafd31b78]
Event: 11.875 Thread 0x0000011dbdf83800 7396       2       org.gradle.internal.serialize.kryo.KryoBackedEncoder::writeSmallInt (11 bytes)
Event: 11.875 Thread 0x0000011dbdf83800 nmethod 7396 0x0000011da937f210 code [0x0000011da937f3c0, 0x0000011da937f4e8]
Event: 11.897 Thread 0x0000011dc42c7000 nmethod 6922% 0x0000011dafd31c10 code [0x0000011dafd320c0, 0x0000011dafd389e0]
Event: 11.897 Thread 0x0000011dc42c7000 7266       4       com.google.protobuf.Utf8$UnsafeProcessor::unsafeEstimateConsecutiveAscii (40 bytes)
Event: 11.901 Thread 0x0000011dc42c7000 nmethod 7266 0x0000011dafd3c210 code [0x0000011dafd3c3a0, 0x0000011dafd3c5b8]
Event: 11.901 Thread 0x0000011dc42c7000 7260       4       com.google.protobuf.Descriptors$DescriptorPool::validateSymbolName (132 bytes)
Event: 11.905 Thread 0x0000011dc42c7000 nmethod 7260 0x0000011dafd3c690 code [0x0000011dafd3c840, 0x0000011dafd3ca08]
Event: 11.905 Thread 0x0000011dc42c7000 7220       4       com.google.protobuf.CodedInputStream$ArrayDecoder::readRawVarint32 (215 bytes)
Event: 11.914 Thread 0x0000011dc42c7000 nmethod 7220 0x0000011dafd3cc90 code [0x0000011dafd3ce20, 0x0000011dafd3d298]
Event: 11.914 Thread 0x0000011dc42c7000 7229       4       com.google.protobuf.CodedInputStream$ArrayDecoder::readTag (41 bytes)
Event: 11.922 Thread 0x0000011dc42c7000 nmethod 7229 0x0000011dafd3d490 code [0x0000011dafd3d640, 0x0000011dafd3daf8]
Event: 11.922 Thread 0x0000011dc42c7000 7276       4       java.util.Collections$UnmodifiableCollection::size (10 bytes)
Event: 11.923 Thread 0x0000011dc42c7000 nmethod 7276 0x0000011dafd3dd10 code [0x0000011dafd3dea0, 0x0000011dafd3df58]
Event: 11.923 Thread 0x0000011dc42c7000 7336       4       java.util.AbstractCollection::<init> (5 bytes)
Event: 11.923 Thread 0x0000011dc42c7000 nmethod 7336 0x0000011dafd3e090 code [0x0000011dafd3e220, 0x0000011dafd3e278]
Event: 11.923 Thread 0x0000011dc42c7000 7189       4       jdk.internal.jimage.BasicImageReader::getString (48 bytes)
Event: 11.954 Thread 0x0000011dc42c7000 nmethod 7189 0x0000011dafd3e390 code [0x0000011dafd3e580, 0x0000011dafd3f418]
Event: 11.954 Thread 0x0000011dc42c7000 7193       4       java.util.HashMap::<init> (11 bytes)
Event: 11.954 Thread 0x0000011dc42c7000 nmethod 7193 0x0000011dafd3fe90 code [0x0000011dafd40020, 0x0000011dafd40098]

GC Heap History (20 events):
Event: 2.208 GC heap after
{Heap after GC invocations=4 (full 0):
 garbage-first heap   total 131072K, used 16412K [0x0000000080000000, 0x0000000100000000)
  region size 1024K, 6 young (6144K), 6 survivors (6144K)
 Metaspace       used 18017K, capacity 18436K, committed 18688K, reserved 1064960K
  class space    used 2135K, capacity 2290K, committed 2304K, reserved 1048576K
}
Event: 2.473 GC heap before
{Heap before GC invocations=4 (full 0):
 garbage-first heap   total 131072K, used 38940K [0x0000000080000000, 0x0000000100000000)
  region size 1024K, 29 young (29696K), 6 survivors (6144K)
 Metaspace       used 20723K, capacity 21152K, committed 21248K, reserved 1067008K
  class space    used 2548K, capacity 2727K, committed 2816K, reserved 1048576K
}
Event: 2.481 GC heap after
{Heap after GC invocations=5 (full 0):
 garbage-first heap   total 131072K, used 17308K [0x0000000080000000, 0x0000000100000000)
  region size 1024K, 6 young (6144K), 6 survivors (6144K)
 Metaspace       used 20723K, capacity 21152K, committed 21248K, reserved 1067008K
  class space    used 2548K, capacity 2727K, committed 2816K, reserved 1048576K
}
Event: 3.120 GC heap before
{Heap before GC invocations=6 (full 0):
 garbage-first heap   total 131072K, used 67484K [0x0000000080000000, 0x0000000100000000)
  region size 1024K, 55 young (56320K), 6 survivors (6144K)
 Metaspace       used 26339K, capacity 26922K, committed 27008K, reserved 1073152K
  class space    used 3414K, capacity 3634K, committed 3712K, reserved 1048576K
}
Event: 3.130 GC heap after
{Heap after GC invocations=7 (full 0):
 garbage-first heap   total 157696K, used 19571K [0x0000000080000000, 0x0000000100000000)
  region size 1024K, 3 young (3072K), 3 survivors (3072K)
 Metaspace       used 26339K, capacity 26922K, committed 27008K, reserved 1073152K
  class space    used 3414K, capacity 3634K, committed 3712K, reserved 1048576K
}
Event: 4.729 GC heap before
{Heap before GC invocations=7 (full 0):
 garbage-first heap   total 157696K, used 107635K [0x0000000080000000, 0x0000000100000000)
  region size 1024K, 81 young (82944K), 3 survivors (3072K)
 Metaspace       used 34845K, capacity 35780K, committed 35840K, reserved 1081344K
  class space    used 4648K, capacity 4988K, committed 4992K, reserved 1048576K
}
Event: 4.744 GC heap after
{Heap after GC invocations=8 (full 0):
 garbage-first heap   total 157696K, used 35505K [0x0000000080000000, 0x0000000100000000)
  region size 1024K, 9 young (9216K), 9 survivors (9216K)
 Metaspace       used 34845K, capacity 35780K, committed 35840K, reserved 1081344K
  class space    used 4648K, capacity 4988K, committed 4992K, reserved 1048576K
}
Event: 6.097 GC heap before
{Heap before GC invocations=9 (full 0):
 garbage-first heap   total 157696K, used 106161K [0x0000000080000000, 0x0000000100000000)
  region size 1024K, 76 young (77824K), 9 survivors (9216K)
 Metaspace       used 42897K, capacity 43999K, committed 44160K, reserved 1087488K
  class space    used 5511K, capacity 5912K, committed 6016K, reserved 1048576K
}
Event: 6.118 GC heap after
{Heap after GC invocations=10 (full 0):
 garbage-first heap   total 157696K, used 40917K [0x0000000080000000, 0x0000000100000000)
  region size 1024K, 6 young (6144K), 6 survivors (6144K)
 Metaspace       used 42897K, capacity 43999K, committed 44160K, reserved 1087488K
  class space    used 5511K, capacity 5912K, committed 6016K, reserved 1048576K
}
Event: 7.196 GC heap before
{Heap before GC invocations=10 (full 0):
 garbage-first heap   total 157696K, used 114645K [0x0000000080000000, 0x0000000100000000)
  region size 1024K, 73 young (74752K), 6 survivors (6144K)
 Metaspace       used 47132K, capacity 48448K, committed 48512K, reserved 1091584K
  class space    used 6009K, capacity 6488K, committed 6528K, reserved 1048576K
}
Event: 7.209 GC heap after
{Heap after GC invocations=11 (full 0):
 garbage-first heap   total 157696K, used 50095K [0x0000000080000000, 0x0000000100000000)
  region size 1024K, 6 young (6144K), 6 survivors (6144K)
 Metaspace       used 47132K, capacity 48448K, committed 48512K, reserved 1091584K
  class space    used 6009K, capacity 6488K, committed 6528K, reserved 1048576K
}
Event: 8.183 GC heap before
{Heap before GC invocations=11 (full 0):
 garbage-first heap   total 157696K, used 119727K [0x0000000080000000, 0x0000000100000000)
  region size 1024K, 70 young (71680K), 6 survivors (6144K)
 Metaspace       used 51183K, capacity 52628K, committed 52736K, reserved 1095680K
  class space    used 6605K, capacity 7110K, committed 7168K, reserved 1048576K
}
Event: 8.195 GC heap after
{Heap after GC invocations=12 (full 0):
 garbage-first heap   total 189440K, used 58090K [0x0000000080000000, 0x0000000100000000)
  region size 1024K, 4 young (4096K), 4 survivors (4096K)
 Metaspace       used 51183K, capacity 52628K, committed 52736K, reserved 1095680K
  class space    used 6605K, capacity 7110K, committed 7168K, reserved 1048576K
}
Event: 9.276 GC heap before
{Heap before GC invocations=12 (full 0):
 garbage-first heap   total 189440K, used 136938K [0x0000000080000000, 0x0000000100000000)
  region size 1024K, 79 young (80896K), 4 survivors (4096K)
 Metaspace       used 58515K, capacity 60036K, committed 60160K, reserved 1101824K
  class space    used 7505K, capacity 8038K, committed 8064K, reserved 1048576K
}
Event: 9.288 GC heap after
{Heap after GC invocations=13 (full 0):
 garbage-first heap   total 189440K, used 70369K [0x0000000080000000, 0x0000000100000000)
  region size 1024K, 11 young (11264K), 11 survivors (11264K)
 Metaspace       used 58515K, capacity 60036K, committed 60160K, reserved 1101824K
  class space    used 7505K, capacity 8038K, committed 8064K, reserved 1048576K
}
Event: 10.354 GC heap before
{Heap before GC invocations=14 (full 0):
 garbage-first heap   total 189440K, used 142049K [0x0000000080000000, 0x0000000100000000)
  region size 1024K, 82 young (83968K), 11 survivors (11264K)
 Metaspace       used 66827K, capacity 68496K, committed 68836K, reserved 1110016K
  class space    used 8497K, capacity 9122K, committed 9216K, reserved 1048576K
}
Event: 10.382 GC heap after
{Heap after GC invocations=15 (full 0):
 garbage-first heap   total 189440K, used 75824K [0x0000000080000000, 0x0000000100000000)
  region size 1024K, 6 young (6144K), 6 survivors (6144K)
 Metaspace       used 66827K, capacity 68496K, committed 68836K, reserved 1110016K
  class space    used 8497K, capacity 9122K, committed 9216K, reserved 1048576K
}
Event: 11.118 GC heap before
{Heap before GC invocations=16 (full 0):
 garbage-first heap   total 189440K, used 145456K [0x0000000080000000, 0x0000000100000000)
  region size 1024K, 74 young (75776K), 6 survivors (6144K)
 Metaspace       used 70822K, capacity 72606K, committed 72676K, reserved 1112064K
  class space    used 9043K, capacity 9695K, committed 9728K, reserved 1048576K
}
Event: 11.132 GC heap after
{Heap after GC invocations=17 (full 0):
 garbage-first heap   total 189440K, used 80719K [0x0000000080000000, 0x0000000100000000)
  region size 1024K, 5 young (5120K), 5 survivors (5120K)
 Metaspace       used 70822K, capacity 72606K, committed 72676K, reserved 1112064K
  class space    used 9043K, capacity 9695K, committed 9728K, reserved 1048576K
}
Event: 11.960 GC heap before
{Heap before GC invocations=17 (full 0):
 garbage-first heap   total 189440K, used 141135K [0x0000000080000000, 0x0000000100000000)
  region size 1024K, 60 young (61440K), 5 survivors (5120K)
 Metaspace       used 77177K, capacity 79083K, committed 79204K, reserved 1118208K
  class space    used 9938K, capacity 10603K, committed 10624K, reserved 1048576K
}

Deoptimization events (20 events):
Event: 11.804 Thread 0x0000011dc10d2000 Uncommon trap: trap_request=0xfffffff4 fr.pc=0x0000011dafbbe668 relative=0x00000000000007e8
Event: 11.804 Thread 0x0000011dc10d2000 Uncommon trap: reason=null_check action=make_not_entrant pc=0x0000011dafbbe668 method=org.gradle.util.internal.SimpleMapInterner.intern(Ljava/lang/Object;)Ljava/lang/Object; @ 2 c2
Event: 11.804 Thread 0x0000011dc10d2000 DEOPT PACKING pc=0x0000011dafbbe668 sp=0x00000007badf8820
Event: 11.804 Thread 0x0000011dc10d2000 DEOPT UNPACKING pc=0x0000011da7eba1af sp=0x00000007badf87e8 mode 2
Event: 11.850 Thread 0x0000011dc10d2000 Uncommon trap: trap_request=0xffffff4d fr.pc=0x0000011dafc7bb98 relative=0x0000000000001458
Event: 11.850 Thread 0x0000011dc10d2000 Uncommon trap: reason=unstable_if action=reinterpret pc=0x0000011dafc7bb98 method=java.util.TreeMap.put(Ljava/lang/Object;Ljava/lang/Object;)Ljava/lang/Object; @ 163 c2
Event: 11.850 Thread 0x0000011dc10d2000 DEOPT PACKING pc=0x0000011dafc7bb98 sp=0x00000007badfb1f0
Event: 11.850 Thread 0x0000011dc10d2000 DEOPT UNPACKING pc=0x0000011da7eba1af sp=0x00000007badfb1c8 mode 2
Event: 11.858 Thread 0x0000011dc10d2000 Uncommon trap: trap_request=0xffffff4d fr.pc=0x0000011dafb4fb5c relative=0x00000000000006fc
Event: 11.859 Thread 0x0000011dc10d2000 Uncommon trap: reason=unstable_if action=reinterpret pc=0x0000011dafb4fb5c method=java.lang.Integer.stringSize(I)I @ 3 c2
Event: 11.859 Thread 0x0000011dc10d2000 DEOPT PACKING pc=0x0000011dafb4fb5c sp=0x00000007badfc070
Event: 11.859 Thread 0x0000011dc10d2000 DEOPT UNPACKING pc=0x0000011da7eba1af sp=0x00000007badfbfd0 mode 2
Event: 11.859 Thread 0x0000011dc10d2000 Uncommon trap: trap_request=0xffffff4d fr.pc=0x0000011dafae0804 relative=0x0000000000000244
Event: 11.859 Thread 0x0000011dc10d2000 Uncommon trap: reason=unstable_if action=reinterpret pc=0x0000011dafae0804 method=java.lang.Integer.getChars(II[B)I @ 4 c2
Event: 11.859 Thread 0x0000011dc10d2000 DEOPT PACKING pc=0x0000011dafae0804 sp=0x00000007badfc020
Event: 11.859 Thread 0x0000011dc10d2000 DEOPT UNPACKING pc=0x0000011da7eba1af sp=0x00000007badfbfb0 mode 2
Event: 11.865 Thread 0x0000011dc10d2000 Uncommon trap: trap_request=0xffffff4d fr.pc=0x0000011dafae0318 relative=0x0000000000000078
Event: 11.865 Thread 0x0000011dc10d2000 Uncommon trap: reason=unstable_if action=reinterpret pc=0x0000011dafae0318 method=java.lang.Integer.stringSize(I)I @ 19 c2
Event: 11.865 Thread 0x0000011dc10d2000 DEOPT PACKING pc=0x0000011dafae0318 sp=0x00000007badfbfa0
Event: 11.865 Thread 0x0000011dc10d2000 DEOPT UNPACKING pc=0x0000011da7eba1af sp=0x00000007badfbf20 mode 2

Classes redefined (0 events):
No events

Internal exceptions (20 events):
Event: 10.872 Thread 0x0000011dc10d2000 Exception <a 'java/lang/ClassNotFoundException'{0x0000000088811508}: build_cve03uhlzvkejjb44rqpvo0rz$_run_closure1BeanInfo> (0x0000000088811508) thrown at [./src/hotspot/share/classfile/systemDictionary.cpp, line 231]
Event: 10.872 Thread 0x0000011dc10d2000 Exception <a 'java/lang/ClassNotFoundException'{0x0000000088822548}: build_cve03uhlzvkejjb44rqpvo0rz$_run_closure1Customizer> (0x0000000088822548) thrown at [./src/hotspot/share/classfile/systemDictionary.cpp, line 231]
Event: 10.876 Thread 0x0000011dc10d2000 Exception <a 'java/lang/ClassNotFoundException'{0x000000008887fcb0}: org/gradle/api/JavaVersionBeanInfo> (0x000000008887fcb0) thrown at [./src/hotspot/share/classfile/systemDictionary.cpp, line 231]
Event: 10.877 Thread 0x0000011dc10d2000 Exception <a 'java/lang/ClassNotFoundException'{0x00000000888a9958}: org/gradle/api/JavaVersionCustomizer> (0x00000000888a9958) thrown at [./src/hotspot/share/classfile/systemDictionary.cpp, line 231]
Event: 10.880 Thread 0x0000011dc10d2000 Exception <a 'java/lang/ClassNotFoundException'{0x0000000088711970}: com/android/build/gradle/internal/CompileOptions$AgpDecorated_DecoratedBeanInfo> (0x0000000088711970) thrown at [./src/hotspot/share/classfile/systemDictionary.cpp, line 231]
Event: 10.880 Thread 0x0000011dc10d2000 Exception <a 'java/lang/ClassNotFoundException'{0x000000008872cb50}: com/android/build/gradle/internal/CompileOptions$AgpDecoratedBeanInfo> (0x000000008872cb50) thrown at [./src/hotspot/share/classfile/systemDictionary.cpp, line 231]
Event: 10.880 Thread 0x0000011dc10d2000 Exception <a 'java/lang/ClassNotFoundException'{0x00000000887456e8}: com/android/build/gradle/internal/CompileOptionsBeanInfo> (0x00000000887456e8) thrown at [./src/hotspot/share/classfile/systemDictionary.cpp, line 231]
Event: 10.881 Thread 0x0000011dc10d2000 Exception <a 'java/lang/ClassNotFoundException'{0x000000008875eb18}: com/android/build/gradle/internal/CompileOptionsCustomizer> (0x000000008875eb18) thrown at [./src/hotspot/share/classfile/systemDictionary.cpp, line 231]
Event: 10.881 Thread 0x0000011dc10d2000 Exception <a 'java/lang/ClassNotFoundException'{0x0000000088786190}: com/android/build/gradle/internal/CompileOptions$AgpDecoratedCustomizer> (0x0000000088786190) thrown at [./src/hotspot/share/classfile/systemDictionary.cpp, line 231]
Event: 10.882 Thread 0x0000011dc10d2000 Exception <a 'java/lang/ClassNotFoundException'{0x00000000887b0d88}: com/android/build/gradle/internal/CompileOptions$AgpDecorated_DecoratedCustomizer> (0x00000000887b0d88) thrown at [./src/hotspot/share/classfile/systemDictionary.cpp, line 231]
Event: 11.612 Thread 0x0000011dc10d2000 Exception <a 'java/lang/ClassNotFoundException'{0x0000000089b6e1d8}: com/android/build/gradle/internal/api/ApkVariantOutputImpl_DecoratedBeanInfo> (0x0000000089b6e1d8) thrown at [./src/hotspot/share/classfile/systemDictionary.cpp, line 231]
Event: 11.613 Thread 0x0000011dc10d2000 Exception <a 'java/lang/ClassNotFoundException'{0x0000000089b88cf0}: com/android/build/gradle/internal/api/ApkVariantOutputImplBeanInfo> (0x0000000089b88cf0) thrown at [./src/hotspot/share/classfile/systemDictionary.cpp, line 231]
Event: 11.613 Thread 0x0000011dc10d2000 Exception <a 'java/lang/ClassNotFoundException'{0x0000000089ba4090}: com/android/build/gradle/internal/api/BaseVariantOutputImplBeanInfo> (0x0000000089ba4090) thrown at [./src/hotspot/share/classfile/systemDictionary.cpp, line 231]
Event: 11.615 Thread 0x0000011dc10d2000 Exception <a 'java/lang/ClassNotFoundException'{0x0000000089bbf498}: com/android/build/gradle/internal/api/BaseVariantOutputImplCustomizer> (0x0000000089bbf498) thrown at [./src/hotspot/share/classfile/systemDictionary.cpp, line 231]
Event: 11.616 Thread 0x0000011dc10d2000 Exception <a 'java/lang/ClassNotFoundException'{0x0000000089becf38}: com/android/build/gradle/internal/api/ApkVariantOutputImplCustomizer> (0x0000000089becf38) thrown at [./src/hotspot/share/classfile/systemDictionary.cpp, line 231]
Event: 11.617 Thread 0x0000011dc10d2000 Exception <a 'java/lang/ClassNotFoundException'{0x0000000089a16158}: com/android/build/gradle/internal/api/ApkVariantOutputImpl_DecoratedCustomizer> (0x0000000089a16158) thrown at [./src/hotspot/share/classfile/systemDictionary.cpp, line 231]
Event: 11.628 Thread 0x0000011dc10d2000 Exception <a 'java/lang/NoClassDefFoundError'{0x000000008997b758}: org/jetbrains/kotlin/gradle/plugin/KotlinBasePluginWrapper> (0x000000008997b758) thrown at [./src/hotspot/share/classfile/systemDictionary.cpp, line 220]
Event: 11.746 Thread 0x0000011dc10d2000 Exception <a 'java/lang/NoSuchMethodError'{0x0000000088ffdc78}: <clinit>> (0x0000000088ffdc78) thrown at [./src/hotspot/share/prims/jni.cpp, line 1365]
Event: 11.776 Thread 0x0000011dc10d2000 Exception <a 'sun/nio/fs/WindowsException'{0x0000000088dfda68}> (0x0000000088dfda68) thrown at [./src/hotspot/share/prims/jni.cpp, line 615]
Event: 11.804 Thread 0x0000011dc10d2000 Implicit null exception at 0x0000011dafbbdeb1 to 0x0000011dafbbe654

Events (20 events):
Event: 11.933 loading class org/jetbrains/plugins/gradle/tooling/serialization/ExternalTestsSerializationService done
Event: 11.933 loading class org/jetbrains/plugins/gradle/tooling/serialization/ExternalTestsSerializationService$WriteContext
Event: 11.933 loading class org/jetbrains/plugins/gradle/tooling/serialization/ExternalTestsSerializationService$WriteContext done
Event: 11.934 loading class org/jetbrains/plugins/gradle/tooling/serialization/ExternalTestsSerializationService$ReadContext
Event: 11.934 loading class org/jetbrains/plugins/gradle/tooling/serialization/ExternalTestsSerializationService$ReadContext done
Event: 11.934 loading class org/jetbrains/plugins/gradle/tooling/serialization/AnnotationProcessingModelSerializationService
Event: 11.934 loading class org/jetbrains/plugins/gradle/tooling/serialization/AnnotationProcessingModelSerializationService done
Event: 11.935 loading class org/jetbrains/plugins/gradle/tooling/serialization/AnnotationProcessingModelSerializationService$WriteContext
Event: 11.935 loading class org/jetbrains/plugins/gradle/tooling/serialization/AnnotationProcessingModelSerializationService$WriteContext done
Event: 11.936 loading class org/jetbrains/plugins/gradle/tooling/serialization/AnnotationProcessingModelSerializationService$ReadContext
Event: 11.936 loading class org/jetbrains/plugins/gradle/tooling/serialization/AnnotationProcessingModelSerializationService$ReadContext done
Event: 11.936 loading class org/jetbrains/plugins/gradle/tooling/serialization/ProjectDependenciesSerializationService
Event: 11.936 loading class org/jetbrains/plugins/gradle/tooling/serialization/ProjectDependenciesSerializationService done
Event: 11.937 loading class org/jetbrains/plugins/gradle/tooling/serialization/ProjectDependenciesSerializationService$WriteContext
Event: 11.937 loading class org/jetbrains/plugins/gradle/tooling/serialization/ProjectDependenciesSerializationService$WriteContext done
Event: 11.937 loading class org/jetbrains/plugins/gradle/tooling/serialization/ProjectDependenciesSerializationService$ReadContext
Event: 11.937 loading class org/jetbrains/plugins/gradle/tooling/serialization/ProjectDependenciesSerializationService$ReadContext done
Event: 11.937 loading class org/jetbrains/plugins/gradle/tooling/serialization/KotlinDslScriptsModelSerializationService
Event: 11.937 loading class org/jetbrains/plugins/gradle/tooling/serialization/KotlinDslScriptsModelSerializationService done
Event: 11.959 Executing VM operation: G1CollectForAllocation


Dynamic libraries:
0x00007ff7d2a40000 - 0x00007ff7d2a4a000 	C:\Program Files\Android\Android Studio\jre\bin\java.exe
0x00007ff97e420000 - 0x00007ff97e629000 	C:\Windows\SYSTEM32\ntdll.dll
0x00007ff97e220000 - 0x00007ff97e2dd000 	C:\Windows\System32\KERNEL32.DLL
0x00007ff97bbe0000 - 0x00007ff97bf54000 	C:\Windows\System32\KERNELBASE.dll
0x00007ff97bf60000 - 0x00007ff97c071000 	C:\Windows\System32\ucrtbase.dll
0x00007ff965d20000 - 0x00007ff965d39000 	C:\Program Files\Android\Android Studio\jre\bin\jli.dll
0x00007ff965d00000 - 0x00007ff965d17000 	C:\Program Files\Android\Android Studio\jre\bin\VCRUNTIME140.dll
0x00007ff97de40000 - 0x00007ff97dfec000 	C:\Windows\System32\USER32.dll
0x00007ff97c1a0000 - 0x00007ff97c1c6000 	C:\Windows\System32\win32u.dll
0x00007ff97cb70000 - 0x00007ff97cb99000 	C:\Windows\System32\GDI32.dll
0x00007ff97c080000 - 0x00007ff97c192000 	C:\Windows\System32\gdi32full.dll
0x00007ff97bb40000 - 0x00007ff97bbdd000 	C:\Windows\System32\msvcp_win.dll
0x00007ff94dd40000 - 0x00007ff94dfe5000 	C:\Windows\WinSxS\amd64_microsoft.windows.common-controls_6595b64144ccf1df_6.0.22000.120_none_9d947278b86cc467\COMCTL32.dll
0x00007ff97c9c0000 - 0x00007ff97ca63000 	C:\Windows\System32\msvcrt.dll
0x00007ff97e2f0000 - 0x00007ff97e321000 	C:\Windows\System32\IMM32.DLL
0x00007ff960a90000 - 0x00007ff960b2d000 	C:\Program Files\Android\Android Studio\jre\bin\msvcp140.dll
0x00007ff8f7cb0000 - 0x00007ff8f8795000 	C:\Program Files\Android\Android Studio\jre\bin\server\jvm.dll
0x00007ff97e330000 - 0x00007ff97e3de000 	C:\Windows\System32\ADVAPI32.dll
0x00007ff97cd00000 - 0x00007ff97cd9e000 	C:\Windows\System32\sechost.dll
0x00007ff97d250000 - 0x00007ff97d370000 	C:\Windows\System32\RPCRT4.dll
0x00007ff97cda0000 - 0x00007ff97cda8000 	C:\Windows\System32\PSAPI.DLL
0x00007ff9724e0000 - 0x00007ff972513000 	C:\Windows\SYSTEM32\WINMM.dll
0x00007ff96d6e0000 - 0x00007ff96d6ea000 	C:\Windows\SYSTEM32\VERSION.dll
0x00007ff977bb0000 - 0x00007ff977bb9000 	C:\Windows\SYSTEM32\WSOCK32.dll
0x00007ff97c840000 - 0x00007ff97c8af000 	C:\Windows\System32\WS2_32.dll
0x00007ff97a400000 - 0x00007ff97a418000 	C:\Windows\SYSTEM32\kernel.appcore.dll
0x00007ff958d80000 - 0x00007ff958d91000 	C:\Program Files\Android\Android Studio\jre\bin\verify.dll
0x00007ff973770000 - 0x00007ff973991000 	C:\Windows\SYSTEM32\DBGHELP.DLL
0x00007ff966d00000 - 0x00007ff966d31000 	C:\Windows\SYSTEM32\dbgcore.DLL
0x00007ff97c240000 - 0x00007ff97c2bf000 	C:\Windows\System32\bcryptPrimitives.dll
0x00007ff952f90000 - 0x00007ff952fb9000 	C:\Program Files\Android\Android Studio\jre\bin\java.dll
0x00007ff972bf0000 - 0x00007ff972bfb000 	C:\Program Files\Android\Android Studio\jre\bin\jimage.dll
0x00007ff952f70000 - 0x00007ff952f88000 	C:\Program Files\Android\Android Studio\jre\bin\zip.dll
0x00007ff97d370000 - 0x00007ff97db1e000 	C:\Windows\System32\SHELL32.dll
0x00007ff979b80000 - 0x00007ff97a3e7000 	C:\Windows\SYSTEM32\windows.storage.dll
0x00007ff97c320000 - 0x00007ff97c698000 	C:\Windows\System32\combase.dll
0x00007ff979a10000 - 0x00007ff979b76000 	C:\Windows\SYSTEM32\wintypes.dll
0x00007ff97cc10000 - 0x00007ff97ccfa000 	C:\Windows\System32\SHCORE.dll
0x00007ff97cba0000 - 0x00007ff97cbfd000 	C:\Windows\System32\shlwapi.dll
0x00007ff97b840000 - 0x00007ff97b861000 	C:\Windows\SYSTEM32\profapi.dll
0x00007ff952f50000 - 0x00007ff952f6a000 	C:\Program Files\Android\Android Studio\jre\bin\net.dll
0x00007ff970200000 - 0x00007ff97030c000 	C:\Windows\SYSTEM32\WINHTTP.dll
0x00007ff97af30000 - 0x00007ff97af97000 	C:\Windows\system32\mswsock.dll
0x00007ff952f30000 - 0x00007ff952f44000 	C:\Program Files\Android\Android Studio\jre\bin\nio.dll
0x00007ff966dd0000 - 0x00007ff966df7000 	C:\Users\Admin\.gradle\native\e1d6ef7f7dcc3fd88c89a11ec53ec762bb8ba0a96d01ffa2cd45eb1d1d8dd5c5\windows-amd64\native-platform.dll
0x00007ff960800000 - 0x00007ff960944000 	C:\Users\Admin\.gradle\native\5664cfc778a61ccfe75a443a1ab52a65af34e5dc3c78e0209fed803814484fcb\windows-amd64\native-platform-file-events.dll
0x00007ff952f20000 - 0x00007ff952f2a000 	C:\Program Files\Android\Android Studio\jre\bin\management.dll
0x00007ff952f10000 - 0x00007ff952f1d000 	C:\Program Files\Android\Android Studio\jre\bin\management_ext.dll
0x00007ff97b170000 - 0x00007ff97b188000 	C:\Windows\SYSTEM32\CRYPTSP.dll
0x00007ff97ab80000 - 0x00007ff97abb5000 	C:\Windows\system32\rsaenh.dll
0x00007ff97b020000 - 0x00007ff97b049000 	C:\Windows\SYSTEM32\USERENV.dll
0x00007ff97b2f0000 - 0x00007ff97b317000 	C:\Windows\SYSTEM32\bcrypt.dll
0x00007ff97b190000 - 0x00007ff97b19c000 	C:\Windows\SYSTEM32\CRYPTBASE.dll
0x00007ff97a660000 - 0x00007ff97a68d000 	C:\Windows\SYSTEM32\IPHLPAPI.DLL
0x00007ff97cc00000 - 0x00007ff97cc09000 	C:\Windows\System32\NSI.dll
0x00007ff9700a0000 - 0x00007ff9700b9000 	C:\Windows\SYSTEM32\dhcpcsvc6.DLL
0x00007ff970e10000 - 0x00007ff970e2e000 	C:\Windows\SYSTEM32\dhcpcsvc.DLL
0x00007ff97a690000 - 0x00007ff97a777000 	C:\Windows\SYSTEM32\DNSAPI.dll

dbghelp: loaded successfully - version: 4.0.5 - missing functions: none
symbol engine: initialized successfully - sym options: 0x614 - pdb path: .;C:\Program Files\Android\Android Studio\jre\bin;C:\Windows\SYSTEM32;C:\Windows\WinSxS\amd64_microsoft.windows.common-controls_6595b64144ccf1df_6.0.22000.120_none_9d947278b86cc467;C:\Program Files\Android\Android Studio\jre\bin\server;C:\Users\Admin\.gradle\native\e1d6ef7f7dcc3fd88c89a11ec53ec762bb8ba0a96d01ffa2cd45eb1d1d8dd5c5\windows-amd64;C:\Users\Admin\.gradle\native\5664cfc778a61ccfe75a443a1ab52a65af34e5dc3c78e0209fed803814484fcb\windows-amd64

VM Arguments:
jvm_args: --add-opens=java.base/java.util=ALL-UNNAMED --add-opens=java.base/java.lang=ALL-UNNAMED --add-opens=java.base/java.lang.invoke=ALL-UNNAMED --add-opens=java.base/java.util=ALL-UNNAMED --add-opens=java.prefs/java.util.prefs=ALL-UNNAMED --add-opens=java.prefs/java.util.prefs=ALL-UNNAMED --add-opens=java.base/java.nio.charset=ALL-UNNAMED --add-opens=java.base/java.net=ALL-UNNAMED --add-opens=java.base/java.util.concurrent.atomic=ALL-UNNAMED -Xmx2048m -Dfile.encoding=UTF-8 -Duser.country=US -Duser.language=en -Duser.variant 
java_command: org.gradle.launcher.daemon.bootstrap.GradleDaemon 7.3.3
java_class_path (initial): C:\Users\Admin\.gradle\wrapper\dists\gradle-7.3.3-bin\6a41zxkdtcxs8rphpq6y0069z\gradle-7.3.3\lib\gradle-launcher-7.3.3.jar
Launcher Type: SUN_STANDARD

[Global flags]
     intx CICompilerCount                          = 3                                         {product} {ergonomic}
     uint ConcGCThreads                            = 1                                         {product} {ergonomic}
     uint G1ConcRefinementThreads                  = 4                                         {product} {ergonomic}
   size_t G1HeapRegionSize                         = 1048576                                   {product} {ergonomic}
    uintx GCDrainStackTargetSize                   = 64                                        {product} {ergonomic}
   size_t InitialHeapSize                          = 134217728                                 {product} {ergonomic}
   size_t MarkStackSize                            = 4194304                                   {product} {ergonomic}
   size_t MaxHeapSize                              = 2147483648                                {product} {command line}
   size_t MaxNewSize                               = 1287651328                                {product} {ergonomic}
   size_t MinHeapDeltaBytes                        = 1048576                                   {product} {ergonomic}
    uintx NonNMethodCodeHeapSize                   = 5830732                                {pd product} {ergonomic}
    uintx NonProfiledCodeHeapSize                  = 122913754                              {pd product} {ergonomic}
    uintx ProfiledCodeHeapSize                     = 122913754                              {pd product} {ergonomic}
    uintx ReservedCodeCacheSize                    = 251658240                              {pd product} {ergonomic}
     bool SegmentedCodeCache                       = true                                      {product} {ergonomic}
     bool UseCompressedClassPointers               = true                                 {lp64_product} {ergonomic}
     bool UseCompressedOops                        = true                                 {lp64_product} {ergonomic}
     bool UseG1GC                                  = true                                      {product} {ergonomic}
     bool UseLargePagesIndividualAllocation        = false                                  {pd product} {ergonomic}

Logging:
Log output configuration:
 #0: stdout all=warning uptime,level,tags
 #1: stderr all=off uptime,level,tags

Environment Variables:
PATH=C:\Program Files\Common Files\Oracle\Java\javapath;C:\Program Files (x86)\Common Files\Oracle\Java\javapath;C:\Windows\system32;C:\Windows;C:\Windows\System32\Wbem;C:\Windows\System32\WindowsPowerShell\v1.0\;C:\Windows\System32\OpenSSH\;C:\Program Files (x86)\Intel\Intel(R) Management Engine Components\DAL;C:\Program Files\Intel\Intel(R) Management Engine Components\DAL;C:\Program Files\Git\cmd;C:\Users\Admin\AppData\Local\Microsoft\WindowsApps;C:\Users\Admin\AppData\Local\Programs\Microsoft VS Code\bin;C:\Users\Admin\AppData\Local\atom\bin;C:\Users\Admin\AppData\Local\GitHubDesktop\bin
USERNAME=Admin
OS=Windows_NT
PROCESSOR_IDENTIFIER=Intel64 Family 6 Model 78 Stepping 3, GenuineIntel



---------------  S Y S T E M  ---------------

OS: Windows 10 , 64 bit Build 22000 (10.0.22000.434)
OS uptime: 0 days 0:20 hours

CPU:total 4 (initial active 4) (2 cores per cpu, 2 threads per core) family 6 model 78 stepping 3 microcode 0xd6, cmov, cx8, fxsr, mmx, sse, sse2, sse3, ssse3, sse4.1, sse4.2, popcnt, avx, avx2, aes, clmul, erms, rtm, 3dnowpref, lzcnt, ht, tsc, tscinvbit, bmi1, bmi2, adx, fma

Memory: 4k page, system-wide physical 8072M (597M free)
TotalPageFile size 8072M (AvailPageFile size 26M)
current process WorkingSet (physical memory assigned to process): 413M, peak: 414M
current process commit charge ("private bytes"): 445M, peak: 482M

vm_info: OpenJDK 64-Bit Server VM (11.0.12+7-b1504.28-7817840) for windows-amd64 JRE (11.0.12+7-b1504.28-7817840), built on Oct 13 2021 22:12:33 by "builder" with MS VC++ 14.0 (VS2015)

END.
