#
# There is insufficient memory for the Java Runtime Environment to continue.
# Native memory allocation (malloc) failed to allocate 356016 bytes for Chunk::new
# Possible reasons:
#   The system is out of physical RAM or swap space
#   The process is running with CompressedOops enabled, and the Java Heap may be blocking the growth of the native heap
# Possible solutions:
#   Reduce memory load on the system
#   Increase physical memory or swap space
#   Check if swap backing store is full
#   Decrease Java heap size (-Xmx/-Xms)
#   Decrease number of Java threads
#   Decrease Java thread stack sizes (-Xss)
#   Set larger code cache with -XX:ReservedCodeCacheSize=
#   JVM is running with Unscaled Compressed Oops mode in which the Java heap is
#     placed in the first 4GB address space. The Java Heap base address is the
#     maximum limit for the native heap growth. Please use -XX:HeapBaseMinAddress
#     to set the Java Heap base and to place the Java Heap above 4GB virtual address.
# This output file may be truncated or incomplete.
#
#  Out of Memory Error (./src/hotspot/share/memory/arena.cpp:197), pid=5376, tid=11880
#
# JRE version: OpenJDK Runtime Environment (11.0.12+7) (build 11.0.12+7-b1504.28-7817840)
# Java VM: OpenJDK 64-Bit Server VM (11.0.12+7-b1504.28-7817840, mixed mode, tiered, compressed oops, g1 gc, windows-amd64)
# No core dump will be written. Minidumps are not enabled by default on client versions of Windows
#

---------------  S U M M A R Y ------------

Command Line: --add-opens=java.base/java.util=ALL-UNNAMED --add-opens=java.base/java.lang=ALL-UNNAMED --add-opens=java.base/java.lang.invoke=ALL-UNNAMED --add-opens=java.base/java.util=ALL-UNNAMED --add-opens=java.prefs/java.util.prefs=ALL-UNNAMED --add-opens=java.prefs/java.util.prefs=ALL-UNNAMED --add-opens=java.base/java.nio.charset=ALL-UNNAMED --add-opens=java.base/java.net=ALL-UNNAMED --add-opens=java.base/java.util.concurrent.atomic=ALL-UNNAMED -Xmx2048m -Dfile.encoding=UTF-8 -Duser.country=US -Duser.language=en -Duser.variant org.gradle.launcher.daemon.bootstrap.GradleDaemon 7.3.3

Host: Intel(R) Core(TM) i7-6600U CPU @ 2.60GHz, 4 cores, 7G,  Windows 10 , 64 bit Build 22000 (10.0.22000.434)
Time: Tue Aug 16 05:15:40 2022 Egypt Standard Time elapsed time: 13.529381 seconds (0d 0h 0m 13s)

---------------  T H R E A D  ---------------

Current thread (0x000002abf8509000):  JavaThread "C2 CompilerThread1" daemon [_thread_in_native, id=11880, stack(0x000000d98b100000,0x000000d98b200000)]


Current CompileTask:
C2:  13529 5728   !   4       java.util.jar.JarFile::checkForSpecialAttributes (163 bytes)

Stack: [0x000000d98b100000,0x000000d98b200000]
Native frames: (J=compiled Java code, j=interpreted, Vv=VM code, C=native code)
V  [jvm.dll+0x5fbcea]
V  [jvm.dll+0x731905]
V  [jvm.dll+0x732f1d]
V  [jvm.dll+0x7335d3]
V  [jvm.dll+0x247bf8]
V  [jvm.dll+0xc018c]
V  [jvm.dll+0xc06cc]
V  [jvm.dll+0x35b31d]
V  [jvm.dll+0x328803]
V  [jvm.dll+0x327cfa]
V  [jvm.dll+0x200602]
V  [jvm.dll+0x1ff794]
V  [jvm.dll+0x18868c]
V  [jvm.dll+0x20e0d7]
V  [jvm.dll+0x20c901]
V  [jvm.dll+0x6f9b7f]
V  [jvm.dll+0x6f26a5]
V  [jvm.dll+0x5fabf6]
C  [ucrtbase.dll+0x26c0c]
C  [KERNEL32.DLL+0x154e0]
C  [ntdll.dll+0x485b]


---------------  P R O C E S S  ---------------

Threads class SMR info:
_java_thread_list=0x000002abface8ef0, length=78, elements={
0x000002abdaf30800, 0x000002abf4b23800, 0x000002abf4b27000, 0x000002abf4b31000,
0x000002abf4b43000, 0x000002abf4b44000, 0x000002abf4b47800, 0x000002abf4b4c800,
0x000002abf4b51800, 0x000002abf55ea800, 0x000002abf66c2800, 0x000002abf6f4c000,
0x000002abf73ad000, 0x000002abf7583800, 0x000002abf8522800, 0x000002abf6d43000,
0x000002abf6ac3800, 0x000002abf78e1000, 0x000002abf7bc8800, 0x000002abf80b3000,
0x000002abf80b7000, 0x000002abf80b9000, 0x000002abf80b5800, 0x000002abf80b4800,
0x000002abf80b4000, 0x000002abf80b6800, 0x000002abf80b8000, 0x000002abf80b9800,
0x000002abfb6cf800, 0x000002abfb6ce800, 0x000002abfb6d0800, 0x000002abfb6d1000,
0x000002abfb6d2000, 0x000002abfb6cc800, 0x000002abfb6d3000, 0x000002abf8509000,
0x000002abfb6d9800, 0x000002abfb6d6000, 0x000002abfb6d7000, 0x000002abfb6d3800,
0x000002abfb6da000, 0x000002abfb6d4800, 0x000002abfb6db000, 0x000002abf65d5000,
0x000002abf65cf000, 0x000002abf65d4000, 0x000002abf65d0000, 0x000002abf65d3800,
0x000002abf65d2800, 0x000002abf65d1800, 0x000002abf65d5800, 0x000002abf65d6800,
0x000002abf65d1000, 0x000002abf65dc800, 0x000002abf65d7800, 0x000002abf65da000,
0x000002abf65da800, 0x000002abf65dd000, 0x000002abf65db800, 0x000002abf65de000,
0x000002abf65d8000, 0x000002abf65d9000, 0x000002abfc39c800, 0x000002abfc39d800,
0x000002abfc39e800, 0x000002abfc39f000, 0x000002abfc39b000, 0x000002abfc3a0000,
0x000002abfc39a000, 0x000002abfc3a1000, 0x000002abfc3a1800, 0x000002abfc39c000,
0x000002abfc3a2800, 0x000002abfc3a8000, 0x000002abfc3a9000, 0x000002abfc3a6800,
0x000002abfc3a5000, 0x000002abfc3a4000
}

Java Threads: ( => current thread )
  0x000002abdaf30800 JavaThread "main" [_thread_blocked, id=7068, stack(0x000000d989000000,0x000000d989100000)]
  0x000002abf4b23800 JavaThread "Reference Handler" daemon [_thread_blocked, id=4356, stack(0x000000d989700000,0x000000d989800000)]
  0x000002abf4b27000 JavaThread "Finalizer" daemon [_thread_blocked, id=480, stack(0x000000d989800000,0x000000d989900000)]
  0x000002abf4b31000 JavaThread "Signal Dispatcher" daemon [_thread_blocked, id=3100, stack(0x000000d989900000,0x000000d989a00000)]
  0x000002abf4b43000 JavaThread "Attach Listener" daemon [_thread_blocked, id=1572, stack(0x000000d989a00000,0x000000d989b00000)]
  0x000002abf4b44000 JavaThread "Service Thread" daemon [_thread_blocked, id=3228, stack(0x000000d989b00000,0x000000d989c00000)]
  0x000002abf4b47800 JavaThread "C2 CompilerThread0" daemon [_thread_in_native, id=2076, stack(0x000000d989c00000,0x000000d989d00000)]
  0x000002abf4b4c800 JavaThread "C1 CompilerThread0" daemon [_thread_blocked, id=12236, stack(0x000000d989d00000,0x000000d989e00000)]
  0x000002abf4b51800 JavaThread "Sweeper thread" daemon [_thread_blocked, id=4832, stack(0x000000d989e00000,0x000000d989f00000)]
  0x000002abf55ea800 JavaThread "Common-Cleaner" daemon [_thread_blocked, id=4204, stack(0x000000d989f00000,0x000000d98a000000)]
  0x000002abf66c2800 JavaThread "Daemon health stats" [_thread_blocked, id=3468, stack(0x000000d98a400000,0x000000d98a500000)]
  0x000002abf6f4c000 JavaThread "Incoming local TCP Connector on port 54470" [_thread_in_native, id=4364, stack(0x000000d98a100000,0x000000d98a200000)]
  0x000002abf73ad000 JavaThread "Daemon periodic checks" [_thread_blocked, id=11708, stack(0x000000d98a500000,0x000000d98a600000)]
  0x000002abf7583800 JavaThread "Daemon" [_thread_blocked, id=6308, stack(0x000000d98a600000,0x000000d98a700000)]
  0x000002abf8522800 JavaThread "Handler for socket connection from /127.0.0.1:54470 to /127.0.0.1:54471" [_thread_in_native, id=9696, stack(0x000000d98a700000,0x000000d98a800000)]
  0x000002abf6d43000 JavaThread "Cancel handler" [_thread_blocked, id=11688, stack(0x000000d98a900000,0x000000d98aa00000)]
  0x000002abf6ac3800 JavaThread "Daemon worker" [_thread_in_native, id=4464, stack(0x000000d98aa00000,0x000000d98ab00000)]
  0x000002abf78e1000 JavaThread "Asynchronous log dispatcher for DefaultDaemonConnection: socket connection from /127.0.0.1:54470 to /127.0.0.1:54471" [_thread_blocked, id=7860, stack(0x000000d98ac00000,0x000000d98ad00000)]
  0x000002abf7bc8800 JavaThread "Stdin handler" [_thread_blocked, id=1324, stack(0x000000d98ad00000,0x000000d98ae00000)]
  0x000002abf80b3000 JavaThread "Daemon client event forwarder" [_thread_blocked, id=10940, stack(0x000000d98ae00000,0x000000d98af00000)]
  0x000002abf80b7000 JavaThread "Cache worker for journal cache (C:\Users\Admin\.gradle\caches\journal-1)" [_thread_blocked, id=10040, stack(0x000000d98af00000,0x000000d98b000000)]
  0x000002abf80b9000 JavaThread "File lock request listener" [_thread_in_native, id=9508, stack(0x000000d98b000000,0x000000d98b100000)]
  0x000002abf80b5800 JavaThread "Cache worker for file hash cache (C:\Users\Admin\.gradle\caches\7.3.3\fileHashes)" [_thread_blocked, id=11576, stack(0x000000d98ab00000,0x000000d98ac00000)]
  0x000002abf80b4800 JavaThread "Cache worker for file hash cache (C:\Users\Admin\Desktop\jana\cw66\.gradle\7.3.3\fileHashes)" [_thread_blocked, id=5496, stack(0x000000d98b200000,0x000000d98b300000)]
  0x000002abf80b4000 JavaThread "File watcher server" daemon [_thread_in_native, id=9368, stack(0x000000d98b300000,0x000000d98b400000)]
  0x000002abf80b6800 JavaThread "File watcher consumer" daemon [_thread_blocked, id=2728, stack(0x000000d98b400000,0x000000d98b500000)]
  0x000002abf80b8000 JavaThread "jar transforms" [_thread_blocked, id=11700, stack(0x000000d98b500000,0x000000d98b600000)]
  0x000002abf80b9800 JavaThread "jar transforms Thread 2" [_thread_blocked, id=9388, stack(0x000000d98b600000,0x000000d98b700000)]
  0x000002abfb6cf800 JavaThread "jar transforms Thread 3" [_thread_blocked, id=7380, stack(0x000000d98b700000,0x000000d98b800000)]
  0x000002abfb6ce800 JavaThread "jar transforms Thread 4" [_thread_blocked, id=10408, stack(0x000000d98b800000,0x000000d98b900000)]
  0x000002abfb6d0800 JavaThread "Cache worker for checksums cache (C:\Users\Admin\Desktop\jana\cw66\.gradle\7.3.3\checksums)" [_thread_blocked, id=10528, stack(0x000000d98b900000,0x000000d98ba00000)]
  0x000002abfb6d1000 JavaThread "Cache worker for cache directory md-supplier (C:\Users\Admin\.gradle\caches\7.3.3\md-supplier)" [_thread_blocked, id=4948, stack(0x000000d98ba00000,0x000000d98bb00000)]
  0x000002abfb6d2000 JavaThread "Cache worker for cache directory md-rule (C:\Users\Admin\.gradle\caches\7.3.3\md-rule)" [_thread_blocked, id=2844, stack(0x000000d98bb00000,0x000000d98bc00000)]
  0x000002abfb6cc800 JavaThread "Cache worker for execution history cache (C:\Users\Admin\.gradle\caches\7.3.3\executionHistory)" [_thread_blocked, id=6112, stack(0x000000d98bc00000,0x000000d98bd00000)]
  0x000002abfb6d3000 JavaThread "Cache worker for file content cache (C:\Users\Admin\.gradle\caches\7.3.3\fileContent)" [_thread_blocked, id=12076, stack(0x000000d98bd00000,0x000000d98be00000)]
=>0x000002abf8509000 JavaThread "C2 CompilerThread1" daemon [_thread_in_native, id=11880, stack(0x000000d98b100000,0x000000d98b200000)]
  0x000002abfb6d9800 JavaThread "Cache worker for dependencies-accessors (C:\Users\Admin\Desktop\jana\cw66\.gradle\7.3.3\dependencies-accessors)" [_thread_blocked, id=9576, stack(0x000000d98be00000,0x000000d98bf00000)]
  0x000002abfb6d6000 JavaThread "Cache worker for Build Output Cleanup Cache (C:\Users\Admin\Desktop\jana\cw66\.gradle\buildOutputCleanup)" [_thread_blocked, id=1160, stack(0x000000d98bf00000,0x000000d98c000000)]
  0x000002abfb6d7000 JavaThread "Unconstrained build operations" [_thread_blocked, id=3860, stack(0x000000d98c000000,0x000000d98c100000)]
  0x000002abfb6d3800 JavaThread "Unconstrained build operations Thread 2" [_thread_blocked, id=7344, stack(0x000000d98c100000,0x000000d98c200000)]
  0x000002abfb6da000 JavaThread "Unconstrained build operations Thread 3" [_thread_blocked, id=6900, stack(0x000000d98c200000,0x000000d98c300000)]
  0x000002abfb6d4800 JavaThread "Unconstrained build operations Thread 4" [_thread_blocked, id=624, stack(0x000000d98c300000,0x000000d98c400000)]
  0x000002abfb6db000 JavaThread "Unconstrained build operations Thread 5" [_thread_blocked, id=5436, stack(0x000000d98c400000,0x000000d98c500000)]
  0x000002abf65d5000 JavaThread "Unconstrained build operations Thread 6" [_thread_blocked, id=11040, stack(0x000000d98c500000,0x000000d98c600000)]
  0x000002abf65cf000 JavaThread "Unconstrained build operations Thread 7" [_thread_blocked, id=11852, stack(0x000000d98c600000,0x000000d98c700000)]
  0x000002abf65d4000 JavaThread "Unconstrained build operations Thread 8" [_thread_blocked, id=8624, stack(0x000000d98c700000,0x000000d98c800000)]
  0x000002abf65d0000 JavaThread "Unconstrained build operations Thread 9" [_thread_blocked, id=10072, stack(0x000000d98c800000,0x000000d98c900000)]
  0x000002abf65d3800 JavaThread "Unconstrained build operations Thread 10" [_thread_blocked, id=12060, stack(0x000000d98c900000,0x000000d98ca00000)]
  0x000002abf65d2800 JavaThread "Unconstrained build operations Thread 11" [_thread_blocked, id=9380, stack(0x000000d98ca00000,0x000000d98cb00000)]
  0x000002abf65d1800 JavaThread "Unconstrained build operations Thread 12" [_thread_blocked, id=9448, stack(0x000000d98cb00000,0x000000d98cc00000)]
  0x000002abf65d5800 JavaThread "Unconstrained build operations Thread 13" [_thread_blocked, id=3576, stack(0x000000d98cc00000,0x000000d98cd00000)]
  0x000002abf65d6800 JavaThread "Unconstrained build operations Thread 14" [_thread_blocked, id=9584, stack(0x000000d98cd00000,0x000000d98ce00000)]
  0x000002abf65d1000 JavaThread "Unconstrained build operations Thread 15" [_thread_blocked, id=6404, stack(0x000000d98ce00000,0x000000d98cf00000)]
  0x000002abf65dc800 JavaThread "Unconstrained build operations Thread 16" [_thread_blocked, id=11292, stack(0x000000d98cf00000,0x000000d98d000000)]
  0x000002abf65d7800 JavaThread "Unconstrained build operations Thread 17" [_thread_blocked, id=11420, stack(0x000000d98d000000,0x000000d98d100000)]
  0x000002abf65da000 JavaThread "Unconstrained build operations Thread 18" [_thread_blocked, id=10976, stack(0x000000d98d100000,0x000000d98d200000)]
  0x000002abf65da800 JavaThread "Unconstrained build operations Thread 19" [_thread_blocked, id=5968, stack(0x000000d98d200000,0x000000d98d300000)]
  0x000002abf65dd000 JavaThread "Unconstrained build operations Thread 20" [_thread_blocked, id=2400, stack(0x000000d98d300000,0x000000d98d400000)]
  0x000002abf65db800 JavaThread "Unconstrained build operations Thread 21" [_thread_blocked, id=6268, stack(0x000000d98d400000,0x000000d98d500000)]
  0x000002abf65de000 JavaThread "Unconstrained build operations Thread 22" [_thread_blocked, id=10048, stack(0x000000d98d500000,0x000000d98d600000)]
  0x000002abf65d8000 JavaThread "Unconstrained build operations Thread 23" [_thread_blocked, id=1900, stack(0x000000d98d600000,0x000000d98d700000)]
  0x000002abf65d9000 JavaThread "Unconstrained build operations Thread 24" [_thread_blocked, id=1460, stack(0x000000d98d700000,0x000000d98d800000)]
  0x000002abfc39c800 JavaThread "Unconstrained build operations Thread 25" [_thread_blocked, id=3444, stack(0x000000d98d800000,0x000000d98d900000)]
  0x000002abfc39d800 JavaThread "Unconstrained build operations Thread 26" [_thread_blocked, id=4780, stack(0x000000d98d900000,0x000000d98da00000)]
  0x000002abfc39e800 JavaThread "Unconstrained build operations Thread 27" [_thread_blocked, id=11912, stack(0x000000d98da00000,0x000000d98db00000)]
  0x000002abfc39f000 JavaThread "Unconstrained build operations Thread 28" [_thread_blocked, id=12068, stack(0x000000d98db00000,0x000000d98dc00000)]
  0x000002abfc39b000 JavaThread "Unconstrained build operations Thread 29" [_thread_blocked, id=11408, stack(0x000000d98dc00000,0x000000d98dd00000)]
  0x000002abfc3a0000 JavaThread "Unconstrained build operations Thread 30" [_thread_blocked, id=6008, stack(0x000000d98dd00000,0x000000d98de00000)]
  0x000002abfc39a000 JavaThread "Unconstrained build operations Thread 31" [_thread_blocked, id=11368, stack(0x000000d98de00000,0x000000d98df00000)]
  0x000002abfc3a1000 JavaThread "Unconstrained build operations Thread 32" [_thread_blocked, id=10580, stack(0x000000d98df00000,0x000000d98e000000)]
  0x000002abfc3a1800 JavaThread "Unconstrained build operations Thread 33" [_thread_blocked, id=4608, stack(0x000000d98e000000,0x000000d98e100000)]
  0x000002abfc39c000 JavaThread "Unconstrained build operations Thread 34" [_thread_blocked, id=11348, stack(0x000000d98e100000,0x000000d98e200000)]
  0x000002abfc3a2800 JavaThread "Unconstrained build operations Thread 35" [_thread_blocked, id=2848, stack(0x000000d98e200000,0x000000d98e300000)]
  0x000002abfc3a8000 JavaThread "Unconstrained build operations Thread 36" [_thread_blocked, id=3308, stack(0x000000d98e300000,0x000000d98e400000)]
  0x000002abfc3a9000 JavaThread "Unconstrained build operations Thread 37" [_thread_blocked, id=4648, stack(0x000000d98e400000,0x000000d98e500000)]
  0x000002abfc3a6800 JavaThread "Unconstrained build operations Thread 38" [_thread_blocked, id=9616, stack(0x000000d98e500000,0x000000d98e600000)]
  0x000002abfc3a5000 JavaThread "Unconstrained build operations Thread 39" [_thread_blocked, id=1920, stack(0x000000d98e600000,0x000000d98e700000)]
  0x000002abfc3a4000 JavaThread "Unconstrained build operations Thread 40" [_thread_blocked, id=9404, stack(0x000000d98e700000,0x000000d98e800000)]

Other Threads:
  0x000002abf4b1d800 VMThread "VM Thread" [stack: 0x000000d989600000,0x000000d989700000] [id=12120]
  0x000002abf5635800 WatcherThread [stack: 0x000000d98a000000,0x000000d98a100000] [id=11816]
  0x000002abdaf4a000 GCTaskThread "GC Thread#0" [stack: 0x000000d989100000,0x000000d989200000] [id=11008]
  0x000002abf5999000 GCTaskThread "GC Thread#1" [stack: 0x000000d98a200000,0x000000d98a300000] [id=4672]
  0x000002abf6169800 GCTaskThread "GC Thread#2" [stack: 0x000000d98a300000,0x000000d98a400000] [id=5208]
  0x000002abf66fb800 GCTaskThread "GC Thread#3" [stack: 0x000000d98a800000,0x000000d98a900000] [id=76]
  0x000002abdaf79800 ConcurrentGCThread "G1 Main Marker" [stack: 0x000000d989200000,0x000000d989300000] [id=11632]
  0x000002abdaf7c000 ConcurrentGCThread "G1 Conc#0" [stack: 0x000000d989300000,0x000000d989400000] [id=11876]
  0x000002abdb00c000 ConcurrentGCThread "G1 Refine#0" [stack: 0x000000d989400000,0x000000d989500000] [id=4248]
  0x000002abdb00d000 ConcurrentGCThread "G1 Young RemSet Sampling" [stack: 0x000000d989500000,0x000000d989600000] [id=10576]

Threads with active compile tasks:
C2 CompilerThread0  13558 5694       4       java.util.regex.Pattern::compile (498 bytes)
C2 CompilerThread1  13558 5728   !   4       java.util.jar.JarFile::checkForSpecialAttributes (163 bytes)

VM state:not at safepoint (normal execution)

VM Mutex/Monitor currently owned by a thread: None

Heap address: 0x0000000080000000, size: 2048 MB, Compressed Oops mode: 32-bit
Narrow klass base: 0x0000000000000000, Narrow klass shift: 3
Compressed class space size: 1073741824 Address: 0x0000000100000000

Heap:
 garbage-first heap   total 189440K, used 80554K [0x0000000080000000, 0x0000000100000000)
  region size 1024K, 22 young (22528K), 3 survivors (3072K)
 Metaspace       used 52118K, capacity 53548K, committed 53632K, reserved 1095680K
  class space    used 6712K, capacity 7220K, committed 7296K, reserved 1048576K
Heap Regions: E=young(eden), S=young(survivor), O=old, HS=humongous(starts), HC=humongous(continues), CS=collection set, F=free, A=archive, TAMS=top-at-mark-start (previous, next)
|   0|0x0000000080000000, 0x0000000080100000, 0x0000000080100000|100%| O|  |TAMS 0x0000000080100000, 0x0000000080000000| Untracked 
|   1|0x0000000080100000, 0x0000000080200000, 0x0000000080200000|100%| O|  |TAMS 0x0000000080200000, 0x0000000080100000| Untracked 
|   2|0x0000000080200000, 0x0000000080300000, 0x0000000080300000|100%| O|  |TAMS 0x0000000080300000, 0x0000000080200000| Untracked 
|   3|0x0000000080300000, 0x0000000080400000, 0x0000000080400000|100%|HS|  |TAMS 0x0000000080400000, 0x0000000080300000| Complete 
|   4|0x0000000080400000, 0x0000000080500000, 0x0000000080500000|100%|HC|  |TAMS 0x0000000080500000, 0x0000000080400000| Complete 
|   5|0x0000000080500000, 0x0000000080600000, 0x0000000080600000|100%|HC|  |TAMS 0x0000000080600000, 0x0000000080500000| Complete 
|   6|0x0000000080600000, 0x0000000080700000, 0x0000000080700000|100%| O|  |TAMS 0x0000000080700000, 0x0000000080600000| Untracked 
|   7|0x0000000080700000, 0x0000000080800000, 0x0000000080800000|100%| O|  |TAMS 0x0000000080800000, 0x0000000080700000| Untracked 
|   8|0x0000000080800000, 0x0000000080900000, 0x0000000080900000|100%| O|  |TAMS 0x0000000080900000, 0x0000000080800000| Untracked 
|   9|0x0000000080900000, 0x0000000080a00000, 0x0000000080a00000|100%| O|  |TAMS 0x0000000080a00000, 0x0000000080900000| Untracked 
|  10|0x0000000080a00000, 0x0000000080b00000, 0x0000000080b00000|100%| O|  |TAMS 0x0000000080b00000, 0x0000000080a00000| Untracked 
|  11|0x0000000080b00000, 0x0000000080c00000, 0x0000000080c00000|100%| O|  |TAMS 0x0000000080c00000, 0x0000000080b00000| Untracked 
|  12|0x0000000080c00000, 0x0000000080d00000, 0x0000000080d00000|100%| O|  |TAMS 0x0000000080d00000, 0x0000000080c00000| Untracked 
|  13|0x0000000080d00000, 0x0000000080e00000, 0x0000000080e00000|100%| O|  |TAMS 0x0000000080e00000, 0x0000000080d00000| Untracked 
|  14|0x0000000080e00000, 0x0000000080f00000, 0x0000000080f00000|100%| O|  |TAMS 0x0000000080f00000, 0x0000000080e00000| Untracked 
|  15|0x0000000080f00000, 0x0000000081000000, 0x0000000081000000|100%| O|  |TAMS 0x0000000081000000, 0x0000000080f00000| Untracked 
|  16|0x0000000081000000, 0x0000000081100000, 0x0000000081100000|100%| O|  |TAMS 0x0000000081100000, 0x0000000081000000| Untracked 
|  17|0x0000000081100000, 0x0000000081200000, 0x0000000081200000|100%|HS|  |TAMS 0x0000000081200000, 0x0000000081100000| Complete 
|  18|0x0000000081200000, 0x0000000081300000, 0x0000000081300000|100%|HC|  |TAMS 0x0000000081300000, 0x0000000081200000| Complete 
|  19|0x0000000081300000, 0x0000000081400000, 0x0000000081400000|100%|HS|  |TAMS 0x0000000081400000, 0x0000000081300000| Complete 
|  20|0x0000000081400000, 0x0000000081500000, 0x0000000081500000|100%|HC|  |TAMS 0x0000000081500000, 0x0000000081400000| Complete 
|  21|0x0000000081500000, 0x0000000081600000, 0x0000000081600000|100%|HC|  |TAMS 0x0000000081600000, 0x0000000081500000| Complete 
|  22|0x0000000081600000, 0x0000000081700000, 0x0000000081700000|100%|HS|  |TAMS 0x0000000081700000, 0x0000000081600000| Complete 
|  23|0x0000000081700000, 0x0000000081800000, 0x0000000081800000|100%|HS|  |TAMS 0x0000000081800000, 0x0000000081700000| Complete 
|  24|0x0000000081800000, 0x0000000081900000, 0x0000000081900000|100%|HC|  |TAMS 0x0000000081900000, 0x0000000081800000| Complete 
|  25|0x0000000081900000, 0x0000000081a00000, 0x0000000081a00000|100%|HC|  |TAMS 0x0000000081a00000, 0x0000000081900000| Complete 
|  26|0x0000000081a00000, 0x0000000081b00000, 0x0000000081b00000|100%|HC|  |TAMS 0x0000000081b00000, 0x0000000081a00000| Complete 
|  27|0x0000000081b00000, 0x0000000081c00000, 0x0000000081c00000|100%| O|  |TAMS 0x0000000081c00000, 0x0000000081b00000| Untracked 
|  28|0x0000000081c00000, 0x0000000081d00000, 0x0000000081d00000|100%| O|  |TAMS 0x0000000081d00000, 0x0000000081c00000| Untracked 
|  29|0x0000000081d00000, 0x0000000081e00000, 0x0000000081e00000|100%| O|  |TAMS 0x0000000081e00000, 0x0000000081d00000| Untracked 
|  30|0x0000000081e00000, 0x0000000081f00000, 0x0000000081f00000|100%| O|  |TAMS 0x0000000081f00000, 0x0000000081e00000| Untracked 
|  31|0x0000000081f00000, 0x0000000082000000, 0x0000000082000000|100%| O|  |TAMS 0x0000000082000000, 0x0000000081f00000| Untracked 
|  32|0x0000000082000000, 0x0000000082100000, 0x0000000082100000|100%| O|  |TAMS 0x0000000082100000, 0x0000000082000000| Untracked 
|  33|0x0000000082100000, 0x0000000082200000, 0x0000000082200000|100%| O|  |TAMS 0x0000000082200000, 0x0000000082100000| Untracked 
|  34|0x0000000082200000, 0x0000000082300000, 0x0000000082300000|100%| O|  |TAMS 0x000000008227d800, 0x0000000082200000| Untracked 
|  35|0x0000000082300000, 0x0000000082400000, 0x0000000082400000|100%|HS|  |TAMS 0x0000000082300000, 0x0000000082300000| Complete 
|  36|0x0000000082400000, 0x0000000082500000, 0x0000000082500000|100%|HS|  |TAMS 0x0000000082400000, 0x0000000082400000| Complete 
|  37|0x0000000082500000, 0x0000000082600000, 0x0000000082600000|100%|HC|  |TAMS 0x0000000082500000, 0x0000000082500000| Complete 
|  38|0x0000000082600000, 0x0000000082700000, 0x0000000082700000|100%|HC|  |TAMS 0x0000000082600000, 0x0000000082600000| Complete 
|  39|0x0000000082700000, 0x0000000082800000, 0x0000000082800000|100%| O|  |TAMS 0x0000000082700000, 0x0000000082700000| Untracked 
|  40|0x0000000082800000, 0x0000000082900000, 0x0000000082900000|100%|HS|  |TAMS 0x0000000082800000, 0x0000000082800000| Complete 
|  41|0x0000000082900000, 0x0000000082a00000, 0x0000000082a00000|100%|HC|  |TAMS 0x0000000082900000, 0x0000000082900000| Complete 
|  42|0x0000000082a00000, 0x0000000082b00000, 0x0000000082b00000|100%|HC|  |TAMS 0x0000000082a00000, 0x0000000082a00000| Complete 
|  43|0x0000000082b00000, 0x0000000082c00000, 0x0000000082c00000|100%|HC|  |TAMS 0x0000000082b00000, 0x0000000082b00000| Complete 
|  44|0x0000000082c00000, 0x0000000082d00000, 0x0000000082d00000|100%| O|  |TAMS 0x0000000082c00000, 0x0000000082c00000| Untracked 
|  45|0x0000000082d00000, 0x0000000082e00000, 0x0000000082e00000|100%| O|  |TAMS 0x0000000082d00000, 0x0000000082d00000| Untracked 
|  46|0x0000000082e00000, 0x0000000082f00000, 0x0000000082f00000|100%| O|  |TAMS 0x0000000082e00000, 0x0000000082e00000| Untracked 
|  47|0x0000000082f00000, 0x0000000083000000, 0x0000000083000000|100%| O|  |TAMS 0x0000000082f00000, 0x0000000082f00000| Untracked 
|  48|0x0000000083000000, 0x0000000083100000, 0x0000000083100000|100%| O|  |TAMS 0x0000000083000000, 0x0000000083000000| Untracked 
|  49|0x0000000083100000, 0x0000000083200000, 0x0000000083200000|100%| O|  |TAMS 0x0000000083100000, 0x0000000083100000| Untracked 
|  50|0x0000000083200000, 0x0000000083300000, 0x0000000083300000|100%| O|  |TAMS 0x0000000083200000, 0x0000000083200000| Untracked 
|  51|0x0000000083300000, 0x0000000083400000, 0x0000000083400000|100%| O|  |TAMS 0x0000000083300000, 0x0000000083300000| Untracked 
|  52|0x0000000083400000, 0x0000000083500000, 0x0000000083500000|100%| O|  |TAMS 0x0000000083400000, 0x0000000083400000| Untracked 
|  53|0x0000000083500000, 0x0000000083600000, 0x0000000083600000|100%| O|  |TAMS 0x0000000083500000, 0x0000000083500000| Untracked 
|  54|0x0000000083600000, 0x00000000836df600, 0x0000000083700000| 87%| O|  |TAMS 0x0000000083600000, 0x0000000083600000| Untracked 
|  55|0x0000000083700000, 0x0000000083800000, 0x0000000083800000|100%|HS|  |TAMS 0x0000000083700000, 0x0000000083700000| Complete 
|  56|0x0000000083800000, 0x0000000083900000, 0x0000000083900000|100%|HS|  |TAMS 0x0000000083800000, 0x0000000083800000| Complete 
|  57|0x0000000083900000, 0x0000000083a00000, 0x0000000083a00000|100%|HS|  |TAMS 0x0000000083900000, 0x0000000083900000| Complete 
|  58|0x0000000083a00000, 0x0000000083b00000, 0x0000000083b00000|100%|HC|  |TAMS 0x0000000083a00000, 0x0000000083a00000| Complete 
|  59|0x0000000083b00000, 0x0000000083b00000, 0x0000000083c00000|  0%| F|  |TAMS 0x0000000083b00000, 0x0000000083b00000| Untracked 
|  60|0x0000000083c00000, 0x0000000083c00000, 0x0000000083d00000|  0%| F|  |TAMS 0x0000000083c00000, 0x0000000083c00000| Untracked 
|  61|0x0000000083d00000, 0x0000000083d00000, 0x0000000083e00000|  0%| F|  |TAMS 0x0000000083d00000, 0x0000000083d00000| Untracked 
|  62|0x0000000083e00000, 0x0000000083e00000, 0x0000000083f00000|  0%| F|  |TAMS 0x0000000083e00000, 0x0000000083e00000| Untracked 
|  63|0x0000000083f00000, 0x0000000083f00000, 0x0000000084000000|  0%| F|  |TAMS 0x0000000083f00000, 0x0000000083f00000| Untracked 
|  64|0x0000000084000000, 0x0000000084000000, 0x0000000084100000|  0%| F|  |TAMS 0x0000000084000000, 0x0000000084000000| Untracked 
|  65|0x0000000084100000, 0x0000000084100000, 0x0000000084200000|  0%| F|  |TAMS 0x0000000084100000, 0x0000000084100000| Untracked 
|  66|0x0000000084200000, 0x0000000084200000, 0x0000000084300000|  0%| F|  |TAMS 0x0000000084200000, 0x0000000084200000| Untracked 
|  67|0x0000000084300000, 0x0000000084300000, 0x0000000084400000|  0%| F|  |TAMS 0x0000000084300000, 0x0000000084300000| Untracked 
|  68|0x0000000084400000, 0x0000000084400000, 0x0000000084500000|  0%| F|  |TAMS 0x0000000084400000, 0x0000000084400000| Untracked 
|  69|0x0000000084500000, 0x0000000084500000, 0x0000000084600000|  0%| F|  |TAMS 0x0000000084500000, 0x0000000084500000| Untracked 
|  70|0x0000000084600000, 0x0000000084600000, 0x0000000084700000|  0%| F|  |TAMS 0x0000000084600000, 0x0000000084600000| Untracked 
|  71|0x0000000084700000, 0x0000000084700000, 0x0000000084800000|  0%| F|  |TAMS 0x0000000084700000, 0x0000000084700000| Untracked 
|  72|0x0000000084800000, 0x0000000084800000, 0x0000000084900000|  0%| F|  |TAMS 0x0000000084800000, 0x0000000084800000| Untracked 
|  73|0x0000000084900000, 0x0000000084900000, 0x0000000084a00000|  0%| F|  |TAMS 0x0000000084900000, 0x0000000084900000| Untracked 
|  74|0x0000000084a00000, 0x0000000084a00000, 0x0000000084b00000|  0%| F|  |TAMS 0x0000000084a00000, 0x0000000084a00000| Untracked 
|  75|0x0000000084b00000, 0x0000000084b00000, 0x0000000084c00000|  0%| F|  |TAMS 0x0000000084b00000, 0x0000000084b00000| Untracked 
|  76|0x0000000084c00000, 0x0000000084c00000, 0x0000000084d00000|  0%| F|  |TAMS 0x0000000084c00000, 0x0000000084c00000| Untracked 
|  77|0x0000000084d00000, 0x0000000084d00000, 0x0000000084e00000|  0%| F|  |TAMS 0x0000000084d00000, 0x0000000084d00000| Untracked 
|  78|0x0000000084e00000, 0x0000000084e00000, 0x0000000084f00000|  0%| F|  |TAMS 0x0000000084e00000, 0x0000000084e00000| Untracked 
|  79|0x0000000084f00000, 0x0000000084f00000, 0x0000000085000000|  0%| F|  |TAMS 0x0000000084f00000, 0x0000000084f00000| Untracked 
|  80|0x0000000085000000, 0x0000000085000000, 0x0000000085100000|  0%| F|  |TAMS 0x0000000085000000, 0x0000000085000000| Untracked 
|  81|0x0000000085100000, 0x0000000085100000, 0x0000000085200000|  0%| F|  |TAMS 0x0000000085100000, 0x0000000085100000| Untracked 
|  82|0x0000000085200000, 0x0000000085200000, 0x0000000085300000|  0%| F|  |TAMS 0x0000000085200000, 0x0000000085200000| Untracked 
|  83|0x0000000085300000, 0x0000000085300000, 0x0000000085400000|  0%| F|  |TAMS 0x0000000085300000, 0x0000000085300000| Untracked 
|  84|0x0000000085400000, 0x0000000085400000, 0x0000000085500000|  0%| F|  |TAMS 0x0000000085400000, 0x0000000085400000| Untracked 
|  85|0x0000000085500000, 0x0000000085500000, 0x0000000085600000|  0%| F|  |TAMS 0x0000000085500000, 0x0000000085500000| Untracked 
|  86|0x0000000085600000, 0x0000000085600000, 0x0000000085700000|  0%| F|  |TAMS 0x0000000085600000, 0x0000000085600000| Untracked 
|  87|0x0000000085700000, 0x00000000857cb4c0, 0x0000000085800000| 79%| S|CS|TAMS 0x0000000085700000, 0x0000000085700000| Complete 
|  88|0x0000000085800000, 0x0000000085900000, 0x0000000085900000|100%| S|CS|TAMS 0x0000000085800000, 0x0000000085800000| Complete 
|  89|0x0000000085900000, 0x0000000085a00000, 0x0000000085a00000|100%| S|CS|TAMS 0x0000000085900000, 0x0000000085900000| Complete 
|  90|0x0000000085a00000, 0x0000000085a00000, 0x0000000085b00000|  0%| F|  |TAMS 0x0000000085a00000, 0x0000000085a00000| Untracked 
|  91|0x0000000085b00000, 0x0000000085b00000, 0x0000000085c00000|  0%| F|  |TAMS 0x0000000085b00000, 0x0000000085b00000| Untracked 
|  92|0x0000000085c00000, 0x0000000085c00000, 0x0000000085d00000|  0%| F|  |TAMS 0x0000000085c00000, 0x0000000085c00000| Untracked 
|  93|0x0000000085d00000, 0x0000000085d00000, 0x0000000085e00000|  0%| F|  |TAMS 0x0000000085d00000, 0x0000000085d00000| Untracked 
|  94|0x0000000085e00000, 0x0000000085e00000, 0x0000000085f00000|  0%| F|  |TAMS 0x0000000085e00000, 0x0000000085e00000| Untracked 
|  95|0x0000000085f00000, 0x0000000085f00000, 0x0000000086000000|  0%| F|  |TAMS 0x0000000085f00000, 0x0000000085f00000| Untracked 
|  96|0x0000000086000000, 0x0000000086000000, 0x0000000086100000|  0%| F|  |TAMS 0x0000000086000000, 0x0000000086000000| Untracked 
|  97|0x0000000086100000, 0x0000000086100000, 0x0000000086200000|  0%| F|  |TAMS 0x0000000086100000, 0x0000000086100000| Untracked 
|  98|0x0000000086200000, 0x0000000086200000, 0x0000000086300000|  0%| F|  |TAMS 0x0000000086200000, 0x0000000086200000| Untracked 
|  99|0x0000000086300000, 0x0000000086300000, 0x0000000086400000|  0%| F|  |TAMS 0x0000000086300000, 0x0000000086300000| Untracked 
| 100|0x0000000086400000, 0x0000000086400000, 0x0000000086500000|  0%| F|  |TAMS 0x0000000086400000, 0x0000000086400000| Untracked 
| 101|0x0000000086500000, 0x0000000086500000, 0x0000000086600000|  0%| F|  |TAMS 0x0000000086500000, 0x0000000086500000| Untracked 
| 102|0x0000000086600000, 0x0000000086600000, 0x0000000086700000|  0%| F|  |TAMS 0x0000000086600000, 0x0000000086600000| Untracked 
| 103|0x0000000086700000, 0x0000000086700000, 0x0000000086800000|  0%| F|  |TAMS 0x0000000086700000, 0x0000000086700000| Untracked 
| 104|0x0000000086800000, 0x0000000086800000, 0x0000000086900000|  0%| F|  |TAMS 0x0000000086800000, 0x0000000086800000| Untracked 
| 105|0x0000000086900000, 0x0000000086900000, 0x0000000086a00000|  0%| F|  |TAMS 0x0000000086900000, 0x0000000086900000| Untracked 
| 106|0x0000000086a00000, 0x0000000086a00000, 0x0000000086b00000|  0%| F|  |TAMS 0x0000000086a00000, 0x0000000086a00000| Untracked 
| 107|0x0000000086b00000, 0x0000000086b00000, 0x0000000086c00000|  0%| F|  |TAMS 0x0000000086b00000, 0x0000000086b00000| Untracked 
| 108|0x0000000086c00000, 0x0000000086c00000, 0x0000000086d00000|  0%| F|  |TAMS 0x0000000086c00000, 0x0000000086c00000| Untracked 
| 109|0x0000000086d00000, 0x0000000086d00000, 0x0000000086e00000|  0%| F|  |TAMS 0x0000000086d00000, 0x0000000086d00000| Untracked 
| 110|0x0000000086e00000, 0x0000000086e00000, 0x0000000086f00000|  0%| F|  |TAMS 0x0000000086e00000, 0x0000000086e00000| Untracked 
| 111|0x0000000086f00000, 0x0000000086f00000, 0x0000000087000000|  0%| F|  |TAMS 0x0000000086f00000, 0x0000000086f00000| Untracked 
| 112|0x0000000087000000, 0x0000000087000000, 0x0000000087100000|  0%| F|  |TAMS 0x0000000087000000, 0x0000000087000000| Untracked 
| 113|0x0000000087100000, 0x0000000087100000, 0x0000000087200000|  0%| F|  |TAMS 0x0000000087100000, 0x0000000087100000| Untracked 
| 114|0x0000000087200000, 0x0000000087200000, 0x0000000087300000|  0%| F|  |TAMS 0x0000000087200000, 0x0000000087200000| Untracked 
| 115|0x0000000087300000, 0x0000000087300000, 0x0000000087400000|  0%| F|  |TAMS 0x0000000087300000, 0x0000000087300000| Untracked 
| 116|0x0000000087400000, 0x0000000087400000, 0x0000000087500000|  0%| F|  |TAMS 0x0000000087400000, 0x0000000087400000| Untracked 
| 117|0x0000000087500000, 0x0000000087500000, 0x0000000087600000|  0%| F|  |TAMS 0x0000000087500000, 0x0000000087500000| Untracked 
| 118|0x0000000087600000, 0x0000000087600000, 0x0000000087700000|  0%| F|  |TAMS 0x0000000087600000, 0x0000000087600000| Untracked 
| 119|0x0000000087700000, 0x0000000087700000, 0x0000000087800000|  0%| F|  |TAMS 0x0000000087700000, 0x0000000087700000| Untracked 
| 120|0x0000000087800000, 0x0000000087800000, 0x0000000087900000|  0%| F|  |TAMS 0x0000000087800000, 0x0000000087800000| Untracked 
| 121|0x0000000087900000, 0x0000000087900000, 0x0000000087a00000|  0%| F|  |TAMS 0x0000000087900000, 0x0000000087900000| Untracked 
| 122|0x0000000087a00000, 0x0000000087a00000, 0x0000000087b00000|  0%| F|  |TAMS 0x0000000087a00000, 0x0000000087a00000| Untracked 
| 123|0x0000000087b00000, 0x0000000087b00000, 0x0000000087c00000|  0%| F|  |TAMS 0x0000000087b00000, 0x0000000087b00000| Untracked 
| 124|0x0000000087c00000, 0x0000000087c00000, 0x0000000087d00000|  0%| F|  |TAMS 0x0000000087c00000, 0x0000000087c00000| Untracked 
| 125|0x0000000087d00000, 0x0000000087d00000, 0x0000000087e00000|  0%| F|  |TAMS 0x0000000087d00000, 0x0000000087d00000| Untracked 
| 126|0x0000000087e00000, 0x0000000087e00000, 0x0000000087f00000|  0%| F|  |TAMS 0x0000000087e00000, 0x0000000087e00000| Untracked 
| 127|0x0000000087f00000, 0x0000000087f00000, 0x0000000088000000|  0%| F|  |TAMS 0x0000000087f00000, 0x0000000087f00000| Untracked 
| 128|0x0000000088000000, 0x0000000088000000, 0x0000000088100000|  0%| F|  |TAMS 0x0000000088000000, 0x0000000088000000| Untracked 
| 129|0x0000000088100000, 0x0000000088100000, 0x0000000088200000|  0%| F|  |TAMS 0x0000000088100000, 0x0000000088100000| Untracked 
| 130|0x0000000088200000, 0x0000000088200000, 0x0000000088300000|  0%| F|  |TAMS 0x0000000088200000, 0x0000000088200000| Untracked 
| 131|0x0000000088300000, 0x0000000088300000, 0x0000000088400000|  0%| F|  |TAMS 0x0000000088300000, 0x0000000088300000| Untracked 
| 132|0x0000000088400000, 0x0000000088400000, 0x0000000088500000|  0%| F|  |TAMS 0x0000000088400000, 0x0000000088400000| Untracked 
| 133|0x0000000088500000, 0x0000000088500000, 0x0000000088600000|  0%| F|  |TAMS 0x0000000088500000, 0x0000000088500000| Untracked 
| 134|0x0000000088600000, 0x0000000088600000, 0x0000000088700000|  0%| F|  |TAMS 0x0000000088600000, 0x0000000088600000| Untracked 
| 135|0x0000000088700000, 0x0000000088700000, 0x0000000088800000|  0%| F|  |TAMS 0x0000000088700000, 0x0000000088700000| Untracked 
| 136|0x0000000088800000, 0x0000000088800000, 0x0000000088900000|  0%| F|  |TAMS 0x0000000088800000, 0x0000000088800000| Untracked 
| 137|0x0000000088900000, 0x0000000088900000, 0x0000000088a00000|  0%| F|  |TAMS 0x0000000088900000, 0x0000000088900000| Untracked 
| 138|0x0000000088a00000, 0x0000000088a00000, 0x0000000088b00000|  0%| F|  |TAMS 0x0000000088a00000, 0x0000000088a00000| Untracked 
| 139|0x0000000088b00000, 0x0000000088b00000, 0x0000000088c00000|  0%| F|  |TAMS 0x0000000088b00000, 0x0000000088b00000| Untracked 
| 140|0x0000000088c00000, 0x0000000088c00000, 0x0000000088d00000|  0%| F|  |TAMS 0x0000000088c00000, 0x0000000088c00000| Untracked 
| 141|0x0000000088d00000, 0x0000000088d00000, 0x0000000088e00000|  0%| F|  |TAMS 0x0000000088d00000, 0x0000000088d00000| Untracked 
| 142|0x0000000088e00000, 0x0000000088e00000, 0x0000000088f00000|  0%| F|  |TAMS 0x0000000088e00000, 0x0000000088e00000| Untracked 
| 143|0x0000000088f00000, 0x0000000088f00000, 0x0000000089000000|  0%| F|  |TAMS 0x0000000088f00000, 0x0000000088f00000| Untracked 
| 144|0x0000000089000000, 0x0000000089000000, 0x0000000089100000|  0%| F|  |TAMS 0x0000000089000000, 0x0000000089000000| Untracked 
| 145|0x0000000089100000, 0x0000000089100000, 0x0000000089200000|  0%| F|  |TAMS 0x0000000089100000, 0x0000000089100000| Untracked 
| 146|0x0000000089200000, 0x0000000089200000, 0x0000000089300000|  0%| F|  |TAMS 0x0000000089200000, 0x0000000089200000| Untracked 
| 147|0x0000000089300000, 0x0000000089300000, 0x0000000089400000|  0%| F|  |TAMS 0x0000000089300000, 0x0000000089300000| Untracked 
| 148|0x0000000089400000, 0x0000000089400000, 0x0000000089500000|  0%| F|  |TAMS 0x0000000089400000, 0x0000000089400000| Untracked 
| 149|0x0000000089500000, 0x0000000089500000, 0x0000000089600000|  0%| F|  |TAMS 0x0000000089500000, 0x0000000089500000| Untracked 
| 150|0x0000000089600000, 0x0000000089600000, 0x0000000089700000|  0%| F|  |TAMS 0x0000000089600000, 0x0000000089600000| Untracked 
| 151|0x0000000089700000, 0x0000000089700000, 0x0000000089800000|  0%| F|  |TAMS 0x0000000089700000, 0x0000000089700000| Untracked 
| 152|0x0000000089800000, 0x0000000089800000, 0x0000000089900000|  0%| F|  |TAMS 0x0000000089800000, 0x0000000089800000| Untracked 
| 153|0x0000000089900000, 0x0000000089900000, 0x0000000089a00000|  0%| F|  |TAMS 0x0000000089900000, 0x0000000089900000| Untracked 
| 154|0x0000000089a00000, 0x0000000089a00000, 0x0000000089b00000|  0%| F|  |TAMS 0x0000000089a00000, 0x0000000089a00000| Untracked 
| 155|0x0000000089b00000, 0x0000000089b00000, 0x0000000089c00000|  0%| F|  |TAMS 0x0000000089b00000, 0x0000000089b00000| Untracked 
| 156|0x0000000089c00000, 0x0000000089c00000, 0x0000000089d00000|  0%| F|  |TAMS 0x0000000089c00000, 0x0000000089c00000| Untracked 
| 157|0x0000000089d00000, 0x0000000089d00000, 0x0000000089e00000|  0%| F|  |TAMS 0x0000000089d00000, 0x0000000089d00000| Untracked 
| 158|0x0000000089e00000, 0x0000000089e00000, 0x0000000089f00000|  0%| F|  |TAMS 0x0000000089e00000, 0x0000000089e00000| Untracked 
| 159|0x0000000089f00000, 0x0000000089f00000, 0x000000008a000000|  0%| F|  |TAMS 0x0000000089f00000, 0x0000000089f00000| Untracked 
| 160|0x000000008a000000, 0x000000008a000000, 0x000000008a100000|  0%| F|  |TAMS 0x000000008a000000, 0x000000008a000000| Untracked 
| 161|0x000000008a100000, 0x000000008a100000, 0x000000008a200000|  0%| F|  |TAMS 0x000000008a100000, 0x000000008a100000| Untracked 
| 162|0x000000008a200000, 0x000000008a200000, 0x000000008a300000|  0%| F|  |TAMS 0x000000008a200000, 0x000000008a200000| Untracked 
| 163|0x000000008a300000, 0x000000008a300000, 0x000000008a400000|  0%| F|  |TAMS 0x000000008a300000, 0x000000008a300000| Untracked 
| 164|0x000000008a400000, 0x000000008a400000, 0x000000008a500000|  0%| F|  |TAMS 0x000000008a400000, 0x000000008a400000| Untracked 
| 165|0x000000008a500000, 0x000000008a500000, 0x000000008a600000|  0%| F|  |TAMS 0x000000008a500000, 0x000000008a500000| Untracked 
| 166|0x000000008a600000, 0x000000008a6a46b8, 0x000000008a700000| 64%| E|  |TAMS 0x000000008a600000, 0x000000008a600000| Complete 
| 167|0x000000008a700000, 0x000000008a800000, 0x000000008a800000|100%| E|CS|TAMS 0x000000008a700000, 0x000000008a700000| Complete 
| 168|0x000000008a800000, 0x000000008a900000, 0x000000008a900000|100%| E|CS|TAMS 0x000000008a800000, 0x000000008a800000| Complete 
| 169|0x000000008a900000, 0x000000008aa00000, 0x000000008aa00000|100%| E|CS|TAMS 0x000000008a900000, 0x000000008a900000| Complete 
| 170|0x000000008aa00000, 0x000000008ab00000, 0x000000008ab00000|100%| E|CS|TAMS 0x000000008aa00000, 0x000000008aa00000| Complete 
| 171|0x000000008ab00000, 0x000000008ac00000, 0x000000008ac00000|100%| E|CS|TAMS 0x000000008ab00000, 0x000000008ab00000| Complete 
| 172|0x000000008ac00000, 0x000000008ad00000, 0x000000008ad00000|100%| E|CS|TAMS 0x000000008ac00000, 0x000000008ac00000| Complete 
| 173|0x000000008ad00000, 0x000000008ae00000, 0x000000008ae00000|100%| E|CS|TAMS 0x000000008ad00000, 0x000000008ad00000| Complete 
| 174|0x000000008ae00000, 0x000000008af00000, 0x000000008af00000|100%| E|CS|TAMS 0x000000008ae00000, 0x000000008ae00000| Complete 
| 175|0x000000008af00000, 0x000000008b000000, 0x000000008b000000|100%| E|CS|TAMS 0x000000008af00000, 0x000000008af00000| Complete 
| 176|0x000000008b000000, 0x000000008b100000, 0x000000008b100000|100%| E|CS|TAMS 0x000000008b000000, 0x000000008b000000| Complete 
| 177|0x000000008b100000, 0x000000008b200000, 0x000000008b200000|100%| E|  |TAMS 0x000000008b100000, 0x000000008b100000| Complete 
| 178|0x000000008b200000, 0x000000008b300000, 0x000000008b300000|100%| E|CS|TAMS 0x000000008b200000, 0x000000008b200000| Complete 
| 179|0x000000008b300000, 0x000000008b400000, 0x000000008b400000|100%| E|CS|TAMS 0x000000008b300000, 0x000000008b300000| Complete 
| 180|0x000000008b400000, 0x000000008b500000, 0x000000008b500000|100%| E|CS|TAMS 0x000000008b400000, 0x000000008b400000| Complete 
| 181|0x000000008b500000, 0x000000008b600000, 0x000000008b600000|100%| E|CS|TAMS 0x000000008b500000, 0x000000008b500000| Complete 
| 182|0x000000008b600000, 0x000000008b700000, 0x000000008b700000|100%| E|CS|TAMS 0x000000008b600000, 0x000000008b600000| Complete 
| 183|0x000000008b700000, 0x000000008b800000, 0x000000008b800000|100%| E|CS|TAMS 0x000000008b700000, 0x000000008b700000| Complete 
| 184|0x000000008b800000, 0x000000008b900000, 0x000000008b900000|100%| E|CS|TAMS 0x000000008b800000, 0x000000008b800000| Complete 

Card table byte_map: [0x000002abede40000,0x000002abee240000] _byte_map_base: 0x000002abeda40000

Marking Bits (Prev, Next): (CMBitMap*) 0x000002abdaf70bb8, (CMBitMap*) 0x000002abdaf70bf0
 Prev Bits: [0x000002abee640000, 0x000002abf0640000)
 Next Bits: [0x000002abf0640000, 0x000002abf2640000)

Polling page: 0x000002abd8dd0000

Metaspace:

Usage:
  Non-class:     45.30 MB capacity,    44.37 MB ( 98%) used,   819.20 KB (  2%) free+waste,   140.63 KB ( <1%) overhead. 
      Class:      7.05 MB capacity,     6.56 MB ( 93%) used,   436.01 KB (  6%) free+waste,    67.81 KB ( <1%) overhead. 
       Both:     52.36 MB capacity,    50.93 MB ( 97%) used,     1.23 MB (  2%) free+waste,   208.44 KB ( <1%) overhead. 

Virtual space:
  Non-class space:       48.00 MB reserved,      45.50 MB ( 95%) committed 
      Class space:        1.00 GB reserved,       7.13 MB ( <1%) committed 
             Both:        1.05 GB reserved,      52.63 MB (  5%) committed 

Chunk freelists:
   Non-Class:  8.00 KB
       Class:  12.00 KB
        Both:  20.00 KB

MaxMetaspaceSize: 17179869184.00 GB
CompressedClassSpaceSize: 1.00 GB
Initial GC threshold: 20.80 MB
Current GC threshold: 58.75 MB
CDS: off

CodeHeap 'non-profiled nmethods': size=120064Kb used=3274Kb max_used=3274Kb free=116790Kb
 bounds [0x000002abe6500000, 0x000002abe6840000, 0x000002abeda40000]
CodeHeap 'profiled nmethods': size=120000Kb used=12010Kb max_used=12010Kb free=107989Kb
 bounds [0x000002abdefd0000, 0x000002abdfb90000, 0x000002abe6500000]
CodeHeap 'non-nmethods': size=5696Kb used=2305Kb max_used=2358Kb free=3390Kb
 bounds [0x000002abdea40000, 0x000002abdecb0000, 0x000002abdefd0000]
 total_blobs=6517 nmethods=5717 adapters=712
 compilation: enabled
              stopped_count=0, restarted_count=0
 full_count=0

Compilation events (20 events):
Event: 13.492 Thread 0x000002abf4b4c800 5727       3       com.google.common.collect.MapMakerInternalMap$StrongKeyWeakValueEntry::getValue (10 bytes)
Event: 13.492 Thread 0x000002abf4b4c800 nmethod 5727 0x000002abdfb85d90 code [0x000002abdfb85f40, 0x000002abdfb86108]
Event: 13.494 Thread 0x000002abf8509000 nmethod 5714 0x000002abe6832010 code [0x000002abe68321e0, 0x000002abe6832518]
Event: 13.495 Thread 0x000002abf8509000 5728   !   4       java.util.jar.JarFile::checkForSpecialAttributes (163 bytes)
Event: 13.499 Thread 0x000002abf4b4c800 5729       3       com.google.common.collect.RegularImmutableSet::size (6 bytes)
Event: 13.499 Thread 0x000002abf4b4c800 nmethod 5729 0x000002abdfb86210 code [0x000002abdfb863c0, 0x000002abdfb864d8]
Event: 13.509 Thread 0x000002abf4b4c800 5730       3       com.google.common.collect.MapMakerInternalMap$StrongKeyWeakValueEntry$Helper::newEntry (16 bytes)
Event: 13.509 Thread 0x000002abf4b4c800 nmethod 5730 0x000002abdfb86590 code [0x000002abdfb86780, 0x000002abdfb86db8]
Event: 13.510 Thread 0x000002abf4b4c800 5731       3       com.google.common.collect.MapMakerInternalMap$StrongKeyWeakValueEntry$Helper::newEntry (12 bytes)
Event: 13.510 Thread 0x000002abf4b4c800 nmethod 5731 0x000002abdfb86f90 code [0x000002abdfb87160, 0x000002abdfb87558]
Event: 13.510 Thread 0x000002abf4b4c800 5732       3       com.google.common.collect.MapMakerInternalMap$StrongKeyWeakValueEntry$Helper::setValue (14 bytes)
Event: 13.510 Thread 0x000002abf4b4c800 nmethod 5732 0x000002abdfb87710 code [0x000002abdfb87920, 0x000002abdfb87fd8]
Event: 13.510 Thread 0x000002abf4b4c800 5733       3       com.google.common.collect.MapMakerInternalMap$StrongKeyWeakValueEntry$Helper::setValue (10 bytes)
Event: 13.511 Thread 0x000002abf4b4c800 nmethod 5733 0x000002abdfb88290 code [0x000002abdfb88480, 0x000002abdfb88918]
Event: 13.511 Thread 0x000002abf4b4c800 5734       3       com.google.common.collect.MapMakerInternalMap$StrongKeyWeakValueEntry::setValue (26 bytes)
Event: 13.511 Thread 0x000002abf4b4c800 nmethod 5734 0x000002abdfb88b90 code [0x000002abdfb88d80, 0x000002abdfb892e8]
Event: 13.511 Thread 0x000002abf4b4c800 5735       3       com.google.common.collect.MapMakerInternalMap$1::clear (1 bytes)
Event: 13.511 Thread 0x000002abf4b4c800 nmethod 5735 0x000002abdfb89490 code [0x000002abdfb89640, 0x000002abdfb89738]
Event: 13.511 Thread 0x000002abf4b4c800 5736       3       com.google.common.collect.MapMakerInternalMap$Segment::drainValueReferenceQueue (42 bytes)
Event: 13.512 Thread 0x000002abf4b4c800 nmethod 5736 0x000002abdfb89810 code [0x000002abdfb89a60, 0x000002abdfb8a4e8]

GC Heap History (20 events):
Event: 1.421 GC heap before
{Heap before GC invocations=1 (full 0):
 garbage-first heap   total 131072K, used 17814K [0x0000000080000000, 0x0000000100000000)
  region size 1024K, 12 young (12288K), 2 survivors (2048K)
 Metaspace       used 9806K, capacity 10050K, committed 10112K, reserved 1058816K
  class space    used 1024K, capacity 1102K, committed 1152K, reserved 1048576K
}
Event: 1.425 GC heap after
{Heap after GC invocations=2 (full 0):
 garbage-first heap   total 131072K, used 9478K [0x0000000080000000, 0x0000000100000000)
  region size 1024K, 2 young (2048K), 2 survivors (2048K)
 Metaspace       used 9806K, capacity 10050K, committed 10112K, reserved 1058816K
  class space    used 1024K, capacity 1102K, committed 1152K, reserved 1048576K
}
Event: 1.959 GC heap before
{Heap before GC invocations=2 (full 0):
 garbage-first heap   total 131072K, used 36102K [0x0000000080000000, 0x0000000100000000)
  region size 1024K, 28 young (28672K), 2 survivors (2048K)
 Metaspace       used 10843K, capacity 11069K, committed 11264K, reserved 1058816K
  class space    used 1130K, capacity 1207K, committed 1280K, reserved 1048576K
}
Event: 1.962 GC heap after
{Heap after GC invocations=3 (full 0):
 garbage-first heap   total 131072K, used 9909K [0x0000000080000000, 0x0000000100000000)
  region size 1024K, 3 young (3072K), 3 survivors (3072K)
 Metaspace       used 10843K, capacity 11069K, committed 11264K, reserved 1058816K
  class space    used 1130K, capacity 1207K, committed 1280K, reserved 1048576K
}
Event: 3.644 GC heap before
{Heap before GC invocations=3 (full 0):
 garbage-first heap   total 131072K, used 50869K [0x0000000080000000, 0x0000000100000000)
  region size 1024K, 42 young (43008K), 3 survivors (3072K)
 Metaspace       used 17006K, capacity 17462K, committed 17536K, reserved 1064960K
  class space    used 1964K, capacity 2114K, committed 2176K, reserved 1048576K
}
Event: 3.662 GC heap after
{Heap after GC invocations=4 (full 0):
 garbage-first heap   total 131072K, used 15988K [0x0000000080000000, 0x0000000100000000)
  region size 1024K, 6 young (6144K), 6 survivors (6144K)
 Metaspace       used 17006K, capacity 17462K, committed 17536K, reserved 1064960K
  class space    used 1964K, capacity 2114K, committed 2176K, reserved 1048576K
}
Event: 4.389 GC heap before
{Heap before GC invocations=4 (full 0):
 garbage-first heap   total 131072K, used 51828K [0x0000000080000000, 0x0000000100000000)
  region size 1024K, 42 young (43008K), 6 survivors (6144K)
 Metaspace       used 20701K, capacity 21148K, committed 21248K, reserved 1067008K
  class space    used 2544K, capacity 2727K, committed 2816K, reserved 1048576K
}
Event: 4.405 GC heap after
{Heap after GC invocations=5 (full 0):
 garbage-first heap   total 131072K, used 17332K [0x0000000080000000, 0x0000000100000000)
  region size 1024K, 7 young (7168K), 7 survivors (7168K)
 Metaspace       used 20701K, capacity 21148K, committed 21248K, reserved 1067008K
  class space    used 2544K, capacity 2727K, committed 2816K, reserved 1048576K
}
Event: 5.683 GC heap before
{Heap before GC invocations=6 (full 0):
 garbage-first heap   total 131072K, used 73652K [0x0000000080000000, 0x0000000100000000)
  region size 1024K, 62 young (63488K), 7 survivors (7168K)
 Metaspace       used 26915K, capacity 27507K, committed 27648K, reserved 1073152K
  class space    used 3505K, capacity 3750K, committed 3840K, reserved 1048576K
}
Event: 5.695 GC heap after
{Heap after GC invocations=7 (full 0):
 garbage-first heap   total 131072K, used 20093K [0x0000000080000000, 0x0000000100000000)
  region size 1024K, 4 young (4096K), 4 survivors (4096K)
 Metaspace       used 26915K, capacity 27507K, committed 27648K, reserved 1073152K
  class space    used 3505K, capacity 3750K, committed 3840K, reserved 1048576K
}
Event: 7.182 GC heap before
{Heap before GC invocations=7 (full 0):
 garbage-first heap   total 131072K, used 100989K [0x0000000080000000, 0x0000000100000000)
  region size 1024K, 73 young (74752K), 4 survivors (4096K)
 Metaspace       used 33674K, capacity 34579K, committed 34688K, reserved 1079296K
  class space    used 4556K, capacity 4887K, committed 4992K, reserved 1048576K
}
Event: 7.197 GC heap after
{Heap after GC invocations=8 (full 0):
 garbage-first heap   total 157696K, used 36090K [0x0000000080000000, 0x0000000100000000)
  region size 1024K, 10 young (10240K), 10 survivors (10240K)
 Metaspace       used 33674K, capacity 34579K, committed 34688K, reserved 1079296K
  class space    used 4556K, capacity 4887K, committed 4992K, reserved 1048576K
}
Event: 7.459 GC heap before
{Heap before GC invocations=8 (full 0):
 garbage-first heap   total 157696K, used 41210K [0x0000000080000000, 0x0000000100000000)
  region size 1024K, 16 young (16384K), 10 survivors (10240K)
 Metaspace       used 34910K, capacity 35834K, committed 35840K, reserved 1081344K
  class space    used 4644K, capacity 4986K, committed 4992K, reserved 1048576K
}
Event: 7.478 GC heap after
{Heap after GC invocations=9 (full 0):
 garbage-first heap   total 157696K, used 36624K [0x0000000080000000, 0x0000000100000000)
  region size 1024K, 2 young (2048K), 2 survivors (2048K)
 Metaspace       used 34910K, capacity 35834K, committed 35840K, reserved 1081344K
  class space    used 4644K, capacity 4986K, committed 4992K, reserved 1048576K
}
Event: 9.164 GC heap before
{Heap before GC invocations=10 (full 0):
 garbage-first heap   total 157696K, used 115472K [0x0000000080000000, 0x0000000100000000)
  region size 1024K, 76 young (77824K), 2 survivors (2048K)
 Metaspace       used 43474K, capacity 44528K, committed 44672K, reserved 1087488K
  class space    used 5576K, capacity 5961K, committed 6016K, reserved 1048576K
}
Event: 9.179 GC heap after
{Heap after GC invocations=11 (full 0):
 garbage-first heap   total 157696K, used 41933K [0x0000000080000000, 0x0000000100000000)
  region size 1024K, 7 young (7168K), 7 survivors (7168K)
 Metaspace       used 43474K, capacity 44528K, committed 44672K, reserved 1087488K
  class space    used 5576K, capacity 5961K, committed 6016K, reserved 1048576K
}
Event: 11.061 GC heap before
{Heap before GC invocations=11 (full 0):
 garbage-first heap   total 157696K, used 124877K [0x0000000080000000, 0x0000000100000000)
  region size 1024K, 80 young (81920K), 7 survivors (7168K)
 Metaspace       used 47871K, capacity 49111K, committed 49408K, reserved 1091584K
  class space    used 6116K, capacity 6560K, committed 6656K, reserved 1048576K
}
Event: 11.095 GC heap after
{Heap after GC invocations=12 (full 0):
 garbage-first heap   total 157696K, used 56030K [0x0000000080000000, 0x0000000100000000)
  region size 1024K, 7 young (7168K), 7 survivors (7168K)
 Metaspace       used 47871K, capacity 49111K, committed 49408K, reserved 1091584K
  class space    used 6116K, capacity 6560K, committed 6656K, reserved 1048576K
}
Event: 13.041 GC heap before
{Heap before GC invocations=12 (full 0):
 garbage-first heap   total 157696K, used 121566K [0x0000000080000000, 0x0000000100000000)
  region size 1024K, 71 young (72704K), 7 survivors (7168K)
 Metaspace       used 51424K, capacity 52869K, committed 52992K, reserved 1095680K
  class space    used 6599K, capacity 7102K, committed 7168K, reserved 1048576K
}
Event: 13.058 GC heap after
{Heap after GC invocations=13 (full 0):
 garbage-first heap   total 189440K, used 59050K [0x0000000080000000, 0x0000000100000000)
  region size 1024K, 3 young (3072K), 3 survivors (3072K)
 Metaspace       used 51424K, capacity 52869K, committed 52992K, reserved 1095680K
  class space    used 6599K, capacity 7102K, committed 7168K, reserved 1048576K
}

Deoptimization events (20 events):
Event: 12.797 Thread 0x000002abfb6da000 DEOPT PACKING pc=0x000002abdf773374 sp=0x000000d98c2fcc70
Event: 12.797 Thread 0x000002abfb6da000 DEOPT UNPACKING pc=0x000002abdea8a95e sp=0x000000d98c2fc210 mode 0
Event: 12.813 Thread 0x000002abf65de000 DEOPT PACKING pc=0x000002abdf773374 sp=0x000000d98d5fcb10
Event: 12.813 Thread 0x000002abf65de000 DEOPT UNPACKING pc=0x000002abdea8a95e sp=0x000000d98d5fc0b0 mode 0
Event: 12.836 Thread 0x000002abf6ac3800 Uncommon trap: trap_request=0xffffff4d fr.pc=0x000002abe680dc1c relative=0x000000000000025c
Event: 12.836 Thread 0x000002abf6ac3800 Uncommon trap: reason=unstable_if action=reinterpret pc=0x000002abe680dc1c method=org.gradle.internal.snapshot.PathUtil.equalChars(CCLorg/gradle/internal/snapshot/CaseSensitivity;)Z @ 40 c2
Event: 12.836 Thread 0x000002abf6ac3800 DEOPT PACKING pc=0x000002abe680dc1c sp=0x000000d98aaf8a10
Event: 12.836 Thread 0x000002abf6ac3800 DEOPT UNPACKING pc=0x000002abdea8a1af sp=0x000000d98aaf89a0 mode 2
Event: 12.923 Thread 0x000002abf80b5800 DEOPT PACKING pc=0x000002abdf30f4fa sp=0x000000d98abfe7f0
Event: 12.923 Thread 0x000002abf80b5800 DEOPT UNPACKING pc=0x000002abdea8a95e sp=0x000000d98abfdc28 mode 0
Event: 13.061 Thread 0x000002abf6ac3800 DEOPT PACKING pc=0x000002abdf9a2bf1 sp=0x000000d98aaf9230
Event: 13.061 Thread 0x000002abf6ac3800 DEOPT UNPACKING pc=0x000002abdea8a95e sp=0x000000d98aaf8728 mode 0
Event: 13.069 Thread 0x000002abf6ac3800 DEOPT PACKING pc=0x000002abdf9a2bf1 sp=0x000000d98aaf9230
Event: 13.069 Thread 0x000002abf6ac3800 DEOPT UNPACKING pc=0x000002abdea8a95e sp=0x000000d98aaf8728 mode 0
Event: 13.184 Thread 0x000002abf6ac3800 Uncommon trap: trap_request=0xffffff4d fr.pc=0x000002abe6567014 relative=0x0000000000001314
Event: 13.184 Thread 0x000002abf6ac3800 Uncommon trap: reason=unstable_if action=reinterpret pc=0x000002abe6567014 method=java.util.jar.JarFile.checkForSpecialAttributes()V @ 53 c2
Event: 13.184 Thread 0x000002abf6ac3800 DEOPT PACKING pc=0x000002abe6567014 sp=0x000000d98aaefd30
Event: 13.184 Thread 0x000002abf6ac3800 DEOPT UNPACKING pc=0x000002abdea8a1af sp=0x000000d98aaefcf0 mode 2
Event: 13.308 Thread 0x000002abf6ac3800 DEOPT PACKING pc=0x000002abdf09ab2e sp=0x000000d98aaefbf0
Event: 13.308 Thread 0x000002abf6ac3800 DEOPT UNPACKING pc=0x000002abdea8a95e sp=0x000000d98aaef060 mode 0

Classes redefined (0 events):
No events

Internal exceptions (20 events):
Event: 13.227 Thread 0x000002abf6ac3800 Exception <a 'java/security/PrivilegedActionException'{0x000000008b390cb0}> (0x000000008b390cb0) thrown at [./src/hotspot/share/prims/jvm.cpp, line 1306]
Event: 13.227 Thread 0x000002abf6ac3800 Exception <a 'java/security/PrivilegedActionException'{0x000000008b392218}> (0x000000008b392218) thrown at [./src/hotspot/share/prims/jvm.cpp, line 1306]
Event: 13.227 Thread 0x000002abf6ac3800 Exception <a 'java/security/PrivilegedActionException'{0x000000008b395398}> (0x000000008b395398) thrown at [./src/hotspot/share/prims/jvm.cpp, line 1306]
Event: 13.227 Thread 0x000002abf6ac3800 Exception <a 'java/security/PrivilegedActionException'{0x000000008b396900}> (0x000000008b396900) thrown at [./src/hotspot/share/prims/jvm.cpp, line 1306]
Event: 13.227 Thread 0x000002abf6ac3800 Exception <a 'java/security/PrivilegedActionException'{0x000000008b399ad0}> (0x000000008b399ad0) thrown at [./src/hotspot/share/prims/jvm.cpp, line 1306]
Event: 13.227 Thread 0x000002abf6ac3800 Exception <a 'java/security/PrivilegedActionException'{0x000000008b39b038}> (0x000000008b39b038) thrown at [./src/hotspot/share/prims/jvm.cpp, line 1306]
Event: 13.227 Thread 0x000002abf6ac3800 Exception <a 'java/security/PrivilegedActionException'{0x000000008b39e268}> (0x000000008b39e268) thrown at [./src/hotspot/share/prims/jvm.cpp, line 1306]
Event: 13.227 Thread 0x000002abf6ac3800 Exception <a 'java/security/PrivilegedActionException'{0x000000008b39f7d0}> (0x000000008b39f7d0) thrown at [./src/hotspot/share/prims/jvm.cpp, line 1306]
Event: 13.387 Thread 0x000002abf6ac3800 Exception <a 'java/lang/ClassNotFoundException'{0x000000008aeb4fd8}: org/gradle/api/tasks/Delete_DecoratedBeanInfo> (0x000000008aeb4fd8) thrown at [./src/hotspot/share/classfile/systemDictionary.cpp, line 231]
Event: 13.388 Thread 0x000002abf6ac3800 Exception <a 'java/lang/ClassNotFoundException'{0x000000008aee0018}: org/gradle/api/tasks/DeleteBeanInfo> (0x000000008aee0018) thrown at [./src/hotspot/share/classfile/systemDictionary.cpp, line 231]
Event: 13.389 Thread 0x000002abf6ac3800 Exception <a 'java/lang/ClassNotFoundException'{0x000000008ad0e410}: org/gradle/api/internal/ConventionTaskBeanInfo> (0x000000008ad0e410) thrown at [./src/hotspot/share/classfile/systemDictionary.cpp, line 231]
Event: 13.390 Thread 0x000002abf6ac3800 Exception <a 'java/lang/ClassNotFoundException'{0x000000008ad380f0}: org/gradle/api/DefaultTaskBeanInfo> (0x000000008ad380f0) thrown at [./src/hotspot/share/classfile/systemDictionary.cpp, line 231]
Event: 13.391 Thread 0x000002abf6ac3800 Exception <a 'java/lang/ClassNotFoundException'{0x000000008ad65ae8}: org/gradle/api/internal/AbstractTaskBeanInfo> (0x000000008ad65ae8) thrown at [./src/hotspot/share/classfile/systemDictionary.cpp, line 231]
Event: 13.392 Thread 0x000002abf6ac3800 Exception <a 'java/lang/ClassNotFoundException'{0x000000008ad93c38}: org/gradle/api/internal/AbstractTaskCustomizer> (0x000000008ad93c38) thrown at [./src/hotspot/share/classfile/systemDictionary.cpp, line 231]
Event: 13.398 Thread 0x000002abf6ac3800 Exception <a 'java/lang/ClassNotFoundException'{0x000000008ac08e30}: org/gradle/api/DefaultTaskCustomizer> (0x000000008ac08e30) thrown at [./src/hotspot/share/classfile/systemDictionary.cpp, line 231]
Event: 13.403 Thread 0x000002abf6ac3800 Exception <a 'java/lang/ClassNotFoundException'{0x000000008ac8c410}: org/gradle/api/internal/ConventionTaskCustomizer> (0x000000008ac8c410) thrown at [./src/hotspot/share/classfile/systemDictionary.cpp, line 231]
Event: 13.405 Thread 0x000002abf6ac3800 Exception <a 'java/lang/ClassNotFoundException'{0x000000008acc6b28}: org/gradle/api/tasks/DeleteCustomizer> (0x000000008acc6b28) thrown at [./src/hotspot/share/classfile/systemDictionary.cpp, line 231]
Event: 13.410 Thread 0x000002abf6ac3800 Exception <a 'java/lang/ClassNotFoundException'{0x000000008ab08a38}: org/gradle/api/tasks/Delete_DecoratedCustomizer> (0x000000008ab08a38) thrown at [./src/hotspot/share/classfile/systemDictionary.cpp, line 231]
Event: 13.468 Thread 0x000002abf6ac3800 Exception <a 'java/lang/ClassNotFoundException'{0x000000008aa3e050}: build_cve03uhlzvkejjb44rqpvo0rzBeanInfo> (0x000000008aa3e050) thrown at [./src/hotspot/share/classfile/systemDictionary.cpp, line 231]
Event: 13.468 Thread 0x000002abf6ac3800 Exception <a 'java/lang/ClassNotFoundException'{0x000000008aa49d50}: build_cve03uhlzvkejjb44rqpvo0rzCustomizer> (0x000000008aa49d50) thrown at [./src/hotspot/share/classfile/systemDictionary.cpp, line 231]

Events (20 events):
Event: 13.520 loading class com/google/common/base/CharMatcher$And
Event: 13.520 loading class com/google/common/base/CharMatcher$And done
Event: 13.521 loading class com/google/common/base/CharMatcher$InRange
Event: 13.521 loading class com/google/common/base/CharMatcher$InRange done
Event: 13.521 loading class com/google/common/base/CharMatcher$1
Event: 13.521 loading class com/google/common/base/CharMatcher$1 done
Event: 13.522 loading class com/google/common/base/CharMatcher$NegatedFastMatcher
Event: 13.522 loading class com/google/common/base/CharMatcher$NegatedFastMatcher done
Event: 13.522 loading class com/google/common/base/CharMatcher$None
Event: 13.522 loading class com/google/common/base/CharMatcher$None done
Event: 13.524 loading class com/google/common/base/CharMatcher$IsEither
Event: 13.524 loading class com/google/common/base/CharMatcher$IsEither done
Event: 13.525 loading class com/google/common/base/CharMatcher$BitSetMatcher
Event: 13.525 loading class com/google/common/base/CharMatcher$BitSetMatcher done
Event: 13.526 loading class com/google/common/base/CharMatcher$AnyOf
Event: 13.526 loading class com/google/common/base/CharMatcher$AnyOf done
Event: 13.526 loading class com/google/common/base/CharMatcher$ForPredicate
Event: 13.526 loading class com/google/common/base/CharMatcher$ForPredicate done
Event: 13.527 loading class com/google/common/base/CharMatcher$Whitespace
Event: 13.527 loading class com/google/common/base/CharMatcher$Whitespace done


Dynamic libraries:
0x00007ff6ee8b0000 - 0x00007ff6ee8ba000 	C:\Program Files\Android\Android Studio\jre\bin\java.exe
0x00007ff97e420000 - 0x00007ff97e629000 	C:\Windows\SYSTEM32\ntdll.dll
0x00007ff97e220000 - 0x00007ff97e2dd000 	C:\Windows\System32\KERNEL32.DLL
0x00007ff97bbe0000 - 0x00007ff97bf54000 	C:\Windows\System32\KERNELBASE.dll
0x00007ff97bf60000 - 0x00007ff97c071000 	C:\Windows\System32\ucrtbase.dll
0x00007ff972d90000 - 0x00007ff972da9000 	C:\Program Files\Android\Android Studio\jre\bin\jli.dll
0x00007ff97de40000 - 0x00007ff97dfec000 	C:\Windows\System32\USER32.dll
0x00007ff97c1a0000 - 0x00007ff97c1c6000 	C:\Windows\System32\win32u.dll
0x00007ff9609e0000 - 0x00007ff9609f7000 	C:\Program Files\Android\Android Studio\jre\bin\VCRUNTIME140.dll
0x00007ff94dd40000 - 0x00007ff94dfe5000 	C:\Windows\WinSxS\amd64_microsoft.windows.common-controls_6595b64144ccf1df_6.0.22000.120_none_9d947278b86cc467\COMCTL32.dll
0x00007ff97cb70000 - 0x00007ff97cb99000 	C:\Windows\System32\GDI32.dll
0x00007ff97c9c0000 - 0x00007ff97ca63000 	C:\Windows\System32\msvcrt.dll
0x00007ff97c080000 - 0x00007ff97c192000 	C:\Windows\System32\gdi32full.dll
0x00007ff97bb40000 - 0x00007ff97bbdd000 	C:\Windows\System32\msvcp_win.dll
0x00007ff97e2f0000 - 0x00007ff97e321000 	C:\Windows\System32\IMM32.DLL
0x00007ff95dc60000 - 0x00007ff95dcfd000 	C:\Program Files\Android\Android Studio\jre\bin\msvcp140.dll
0x00007ff8f7cb0000 - 0x00007ff8f8795000 	C:\Program Files\Android\Android Studio\jre\bin\server\jvm.dll
0x00007ff97e330000 - 0x00007ff97e3de000 	C:\Windows\System32\ADVAPI32.dll
0x00007ff97cd00000 - 0x00007ff97cd9e000 	C:\Windows\System32\sechost.dll
0x00007ff97d250000 - 0x00007ff97d370000 	C:\Windows\System32\RPCRT4.dll
0x00007ff97cda0000 - 0x00007ff97cda8000 	C:\Windows\System32\PSAPI.DLL
0x00007ff96d6e0000 - 0x00007ff96d6ea000 	C:\Windows\SYSTEM32\VERSION.dll
0x00007ff9724e0000 - 0x00007ff972513000 	C:\Windows\SYSTEM32\WINMM.dll
0x00007ff977bb0000 - 0x00007ff977bb9000 	C:\Windows\SYSTEM32\WSOCK32.dll
0x00007ff97c840000 - 0x00007ff97c8af000 	C:\Windows\System32\WS2_32.dll
0x00007ff97a400000 - 0x00007ff97a418000 	C:\Windows\SYSTEM32\kernel.appcore.dll
0x00007ff958d80000 - 0x00007ff958d91000 	C:\Program Files\Android\Android Studio\jre\bin\verify.dll
0x00007ff973770000 - 0x00007ff973991000 	C:\Windows\SYSTEM32\DBGHELP.DLL
0x00007ff966d00000 - 0x00007ff966d31000 	C:\Windows\SYSTEM32\dbgcore.DLL
0x00007ff97c240000 - 0x00007ff97c2bf000 	C:\Windows\System32\bcryptPrimitives.dll
0x00007ff952f90000 - 0x00007ff952fb9000 	C:\Program Files\Android\Android Studio\jre\bin\java.dll
0x00007ff972bf0000 - 0x00007ff972bfb000 	C:\Program Files\Android\Android Studio\jre\bin\jimage.dll
0x00007ff952f70000 - 0x00007ff952f88000 	C:\Program Files\Android\Android Studio\jre\bin\zip.dll
0x00007ff97d370000 - 0x00007ff97db1e000 	C:\Windows\System32\SHELL32.dll
0x00007ff979b80000 - 0x00007ff97a3e7000 	C:\Windows\SYSTEM32\windows.storage.dll
0x00007ff97c320000 - 0x00007ff97c698000 	C:\Windows\System32\combase.dll
0x00007ff979a10000 - 0x00007ff979b76000 	C:\Windows\SYSTEM32\wintypes.dll
0x00007ff97cc10000 - 0x00007ff97ccfa000 	C:\Windows\System32\SHCORE.dll
0x00007ff97cba0000 - 0x00007ff97cbfd000 	C:\Windows\System32\shlwapi.dll
0x00007ff97b840000 - 0x00007ff97b861000 	C:\Windows\SYSTEM32\profapi.dll
0x00007ff952f50000 - 0x00007ff952f6a000 	C:\Program Files\Android\Android Studio\jre\bin\net.dll
0x00007ff970200000 - 0x00007ff97030c000 	C:\Windows\SYSTEM32\WINHTTP.dll
0x00007ff97af30000 - 0x00007ff97af97000 	C:\Windows\system32\mswsock.dll
0x00007ff952f30000 - 0x00007ff952f44000 	C:\Program Files\Android\Android Studio\jre\bin\nio.dll
0x00007ff966dd0000 - 0x00007ff966df7000 	C:\Users\Admin\.gradle\native\e1d6ef7f7dcc3fd88c89a11ec53ec762bb8ba0a96d01ffa2cd45eb1d1d8dd5c5\windows-amd64\native-platform.dll
0x00007ff95c750000 - 0x00007ff95c894000 	C:\Users\Admin\.gradle\native\5664cfc778a61ccfe75a443a1ab52a65af34e5dc3c78e0209fed803814484fcb\windows-amd64\native-platform-file-events.dll
0x00007ff952f20000 - 0x00007ff952f2a000 	C:\Program Files\Android\Android Studio\jre\bin\management.dll
0x00007ff952f10000 - 0x00007ff952f1d000 	C:\Program Files\Android\Android Studio\jre\bin\management_ext.dll
0x00007ff97b170000 - 0x00007ff97b188000 	C:\Windows\SYSTEM32\CRYPTSP.dll
0x00007ff97ab80000 - 0x00007ff97abb5000 	C:\Windows\system32\rsaenh.dll
0x00007ff97b020000 - 0x00007ff97b049000 	C:\Windows\SYSTEM32\USERENV.dll
0x00007ff97b2f0000 - 0x00007ff97b317000 	C:\Windows\SYSTEM32\bcrypt.dll
0x00007ff97b190000 - 0x00007ff97b19c000 	C:\Windows\SYSTEM32\CRYPTBASE.dll
0x00007ff97a660000 - 0x00007ff97a68d000 	C:\Windows\SYSTEM32\IPHLPAPI.DLL
0x00007ff97cc00000 - 0x00007ff97cc09000 	C:\Windows\System32\NSI.dll
0x00007ff9700a0000 - 0x00007ff9700b9000 	C:\Windows\SYSTEM32\dhcpcsvc6.DLL
0x00007ff970e10000 - 0x00007ff970e2e000 	C:\Windows\SYSTEM32\dhcpcsvc.DLL
0x00007ff97a690000 - 0x00007ff97a777000 	C:\Windows\SYSTEM32\DNSAPI.dll

dbghelp: loaded successfully - version: 4.0.5 - missing functions: none
symbol engine: initialized successfully - sym options: 0x614 - pdb path: .;C:\Program Files\Android\Android Studio\jre\bin;C:\Windows\SYSTEM32;C:\Windows\WinSxS\amd64_microsoft.windows.common-controls_6595b64144ccf1df_6.0.22000.120_none_9d947278b86cc467;C:\Program Files\Android\Android Studio\jre\bin\server;C:\Users\Admin\.gradle\native\e1d6ef7f7dcc3fd88c89a11ec53ec762bb8ba0a96d01ffa2cd45eb1d1d8dd5c5\windows-amd64;C:\Users\Admin\.gradle\native\5664cfc778a61ccfe75a443a1ab52a65af34e5dc3c78e0209fed803814484fcb\windows-amd64

VM Arguments:
jvm_args: --add-opens=java.base/java.util=ALL-UNNAMED --add-opens=java.base/java.lang=ALL-UNNAMED --add-opens=java.base/java.lang.invoke=ALL-UNNAMED --add-opens=java.base/java.util=ALL-UNNAMED --add-opens=java.prefs/java.util.prefs=ALL-UNNAMED --add-opens=java.prefs/java.util.prefs=ALL-UNNAMED --add-opens=java.base/java.nio.charset=ALL-UNNAMED --add-opens=java.base/java.net=ALL-UNNAMED --add-opens=java.base/java.util.concurrent.atomic=ALL-UNNAMED -Xmx2048m -Dfile.encoding=UTF-8 -Duser.country=US -Duser.language=en -Duser.variant 
java_command: org.gradle.launcher.daemon.bootstrap.GradleDaemon 7.3.3
java_class_path (initial): C:\Users\Admin\.gradle\wrapper\dists\gradle-7.3.3-bin\6a41zxkdtcxs8rphpq6y0069z\gradle-7.3.3\lib\gradle-launcher-7.3.3.jar
Launcher Type: SUN_STANDARD

[Global flags]
     intx CICompilerCount                          = 3                                         {product} {ergonomic}
     uint ConcGCThreads                            = 1                                         {product} {ergonomic}
     uint G1ConcRefinementThreads                  = 4                                         {product} {ergonomic}
   size_t G1HeapRegionSize                         = 1048576                                   {product} {ergonomic}
    uintx GCDrainStackTargetSize                   = 64                                        {product} {ergonomic}
   size_t InitialHeapSize                          = 134217728                                 {product} {ergonomic}
   size_t MarkStackSize                            = 4194304                                   {product} {ergonomic}
   size_t MaxHeapSize                              = 2147483648                                {product} {command line}
   size_t MaxNewSize                               = 1287651328                                {product} {ergonomic}
   size_t MinHeapDeltaBytes                        = 1048576                                   {product} {ergonomic}
    uintx NonNMethodCodeHeapSize                   = 5830732                                {pd product} {ergonomic}
    uintx NonProfiledCodeHeapSize                  = 122913754                              {pd product} {ergonomic}
    uintx ProfiledCodeHeapSize                     = 122913754                              {pd product} {ergonomic}
    uintx ReservedCodeCacheSize                    = 251658240                              {pd product} {ergonomic}
     bool SegmentedCodeCache                       = true                                      {product} {ergonomic}
     bool UseCompressedClassPointers               = true                                 {lp64_product} {ergonomic}
     bool UseCompressedOops                        = true                                 {lp64_product} {ergonomic}
     bool UseG1GC                                  = true                                      {product} {ergonomic}
     bool UseLargePagesIndividualAllocation        = false                                  {pd product} {ergonomic}

Logging:
Log output configuration:
 #0: stdout all=warning uptime,level,tags
 #1: stderr all=off uptime,level,tags

Environment Variables:
PATH=C:\Program Files\Common Files\Oracle\Java\javapath;C:\Program Files (x86)\Common Files\Oracle\Java\javapath;C:\Windows\system32;C:\Windows;C:\Windows\System32\Wbem;C:\Windows\System32\WindowsPowerShell\v1.0\;C:\Windows\System32\OpenSSH\;C:\Program Files (x86)\Intel\Intel(R) Management Engine Components\DAL;C:\Program Files\Intel\Intel(R) Management Engine Components\DAL;C:\Program Files\Git\cmd;C:\Users\Admin\AppData\Local\Microsoft\WindowsApps;C:\Users\Admin\AppData\Local\Programs\Microsoft VS Code\bin;C:\Users\Admin\AppData\Local\atom\bin;C:\Users\Admin\AppData\Local\GitHubDesktop\bin
USERNAME=Admin
OS=Windows_NT
PROCESSOR_IDENTIFIER=Intel64 Family 6 Model 78 Stepping 3, GenuineIntel



---------------  S Y S T E M  ---------------

OS: Windows 10 , 64 bit Build 22000 (10.0.22000.434)
OS uptime: 0 days 6:29 hours

CPU:total 4 (initial active 4) (2 cores per cpu, 2 threads per core) family 6 model 78 stepping 3 microcode 0xd6, cmov, cx8, fxsr, mmx, sse, sse2, sse3, ssse3, sse4.1, sse4.2, popcnt, avx, avx2, aes, clmul, erms, rtm, 3dnowpref, lzcnt, ht, tsc, tscinvbit, bmi1, bmi2, adx, fma

Memory: 4k page, system-wide physical 8072M (922M free)
TotalPageFile size 8072M (AvailPageFile size 2M)
current process WorkingSet (physical memory assigned to process): 362M, peak: 362M
current process commit charge ("private bytes"): 406M, peak: 406M

vm_info: OpenJDK 64-Bit Server VM (11.0.12+7-b1504.28-7817840) for windows-amd64 JRE (11.0.12+7-b1504.28-7817840), built on Oct 13 2021 22:12:33 by "builder" with MS VC++ 14.0 (VS2015)

END.
