#
# There is insufficient memory for the Java Runtime Environment to continue.
# Native memory allocation (mmap) failed to map 33554432 bytes for Failed to commit area from 0x0000000089a00000 to 0x000000008ba00000 of length 33554432.
# Possible reasons:
#   The system is out of physical RAM or swap space
#   The process is running with CompressedOops enabled, and the Java Heap may be blocking the growth of the native heap
# Possible solutions:
#   Reduce memory load on the system
#   Increase physical memory or swap space
#   Check if swap backing store is full
#   Decrease Java heap size (-Xmx/-Xms)
#   Decrease number of Java threads
#   Decrease Java thread stack sizes (-Xss)
#   Set larger code cache with -XX:ReservedCodeCacheSize=
#   JVM is running with Unscaled Compressed Oops mode in which the Java heap is
#     placed in the first 4GB address space. The Java Heap base address is the
#     maximum limit for the native heap growth. Please use -XX:HeapBaseMinAddress
#     to set the Java Heap base and to place the Java Heap above 4GB virtual address.
# This output file may be truncated or incomplete.
#
#  Out of Memory Error (./src/hotspot/os/windows/os_windows.cpp:3521), pid=6236, tid=3280
#
# JRE version: OpenJDK Runtime Environment (11.0.12+7) (build 11.0.12+7-b1504.28-7817840)
# Java VM: OpenJDK 64-Bit Server VM (11.0.12+7-b1504.28-7817840, mixed mode, tiered, compressed oops, g1 gc, windows-amd64)
# No core dump will be written. Minidumps are not enabled by default on client versions of Windows
#

---------------  S U M M A R Y ------------

Command Line: --add-opens=java.base/java.util=ALL-UNNAMED --add-opens=java.base/java.lang=ALL-UNNAMED --add-opens=java.base/java.lang.invoke=ALL-UNNAMED --add-opens=java.base/java.util=ALL-UNNAMED --add-opens=java.prefs/java.util.prefs=ALL-UNNAMED --add-opens=java.prefs/java.util.prefs=ALL-UNNAMED --add-opens=java.base/java.nio.charset=ALL-UNNAMED --add-opens=java.base/java.net=ALL-UNNAMED --add-opens=java.base/java.util.concurrent.atomic=ALL-UNNAMED -Xmx2048m -Dfile.encoding=UTF-8 -Duser.country=US -Duser.language=en -Duser.variant org.gradle.launcher.daemon.bootstrap.GradleDaemon 7.3.3

Host: Intel(R) Core(TM) i7-6600U CPU @ 2.60GHz, 4 cores, 7G,  Windows 10 , 64 bit Build 22000 (10.0.22000.434)
Time: Mon Aug 15 09:43:05 2022 Egypt Standard Time elapsed time: 9.359411 seconds (0d 0h 0m 9s)

---------------  T H R E A D  ---------------

Current thread (0x000001a9ff36a000):  VMThread "VM Thread" [stack: 0x000000040e300000,0x000000040e400000] [id=3280]

Stack: [0x000000040e300000,0x000000040e400000]
[error occurred during error reporting (printing stack bounds), id 0xc0000005, EXCEPTION_ACCESS_VIOLATION (0xc0000005) at pc=0x000001a98000112d]

Native frames: (J=compiled Java code, j=interpreted, Vv=VM code, C=native code)
V  [jvm.dll+0x5fbcea]
V  [jvm.dll+0x731905]
V  [jvm.dll+0x732f1d]
V  [jvm.dll+0x733535]
V  [jvm.dll+0x7334eb]
V  [jvm.dll+0x5fb080]
V  [jvm.dll+0x5fb818]
C  [ntdll.dll+0xa86ef]
C  [ntdll.dll+0x35aea]
C  [ntdll.dll+0xa76fe]
C  0x000001a98000112d

VM_Operation (0x000000040f6f3ac0): G1CollectForAllocation, mode: safepoint, requested by thread 0x000001a99121d000


---------------  P R O C E S S  ---------------

Threads class SMR info:
_java_thread_list=0x000001a9900842c0, length=78, elements={
0x000001a9f477e000, 0x000001a9ff370000, 0x000001a9ff373800, 0x000001a98f042800,
0x000001a9ff390800, 0x000001a9ff392000, 0x000001a9ff3b5000, 0x000001a9ff3bb000,
0x000001a98f04c000, 0x000001a98f19b800, 0x000001a990c8b800, 0x000001a99061c800,
0x000001a98f34f800, 0x000001a991a66800, 0x000001a992162000, 0x000001a9906bd000,
0x000001a99121d000, 0x000001a990aad000, 0x000001a991aaa000, 0x000001a991aac800,
0x000001a991aaf000, 0x000001a991aae000, 0x000001a991ab0000, 0x000001a99100f800,
0x000001a991ab0800, 0x000001a991aab000, 0x000001a991aad800, 0x000001a991aab800,
0x000001a992d10000, 0x000001a992d12800, 0x000001a992d11800, 0x000001a992d13000,
0x000001a992d0f000, 0x000001a992d19800, 0x000001a992d15800, 0x000001a992d16800,
0x000001a992d14000, 0x000001a992d1c000, 0x000001a992d19000, 0x000001a992d1e000,
0x000001a992d1a800, 0x000001a992d18000, 0x000001a992d1b800, 0x000001a992d1d000,
0x000001a991b1f800, 0x000001a991b21000, 0x000001a991b26000, 0x000001a991b25000,
0x000001a991b23800, 0x000001a991b20000, 0x000001a991b22800, 0x000001a991b24000,
0x000001a991b26800, 0x000001a991b27800, 0x000001a991b21800, 0x000001a991b2e000,
0x000001a991b2a800, 0x000001a991b2b800, 0x000001a991b2c800, 0x000001a991b2a000,
0x000001a991b28000, 0x000001a991b2d000, 0x000001a991b29000, 0x000001a990527000,
0x000001a99052a800, 0x000001a99052d000, 0x000001a99052d800, 0x000001a990528000,
0x000001a99052e800, 0x000001a990529000, 0x000001a99052f800, 0x000001a990529800,
0x000001a990530000, 0x000001a99052b800, 0x000001a990531000, 0x000001a990532000,
0x000001a99052c000, 0x000001a990533800
}

Java Threads: ( => current thread )
  0x000001a9f477e000 JavaThread "main" [_thread_blocked, id=3344, stack(0x000000040dd00000,0x000000040de00000)]
  0x000001a9ff370000 JavaThread "Reference Handler" daemon [_thread_blocked, id=6132, stack(0x000000040e400000,0x000000040e500000)]
  0x000001a9ff373800 JavaThread "Finalizer" daemon [_thread_blocked, id=7648, stack(0x000000040e500000,0x000000040e600000)]
  0x000001a98f042800 JavaThread "Signal Dispatcher" daemon [_thread_blocked, id=4796, stack(0x000000040e600000,0x000000040e700000)]
  0x000001a9ff390800 JavaThread "Attach Listener" daemon [_thread_blocked, id=8452, stack(0x000000040e700000,0x000000040e800000)]
  0x000001a9ff392000 JavaThread "Service Thread" daemon [_thread_blocked, id=5036, stack(0x000000040e800000,0x000000040e900000)]
  0x000001a9ff3b5000 JavaThread "C2 CompilerThread0" daemon [_thread_blocked, id=4964, stack(0x000000040e900000,0x000000040ea00000)]
  0x000001a9ff3bb000 JavaThread "C1 CompilerThread0" daemon [_thread_blocked, id=5768, stack(0x000000040ea00000,0x000000040eb00000)]
  0x000001a98f04c000 JavaThread "Sweeper thread" daemon [_thread_blocked, id=5316, stack(0x000000040eb00000,0x000000040ec00000)]
  0x000001a98f19b800 JavaThread "Common-Cleaner" daemon [_thread_blocked, id=10704, stack(0x000000040ec00000,0x000000040ed00000)]
  0x000001a990c8b800 JavaThread "Daemon health stats" [_thread_blocked, id=10352, stack(0x000000040f100000,0x000000040f200000)]
  0x000001a99061c800 JavaThread "Incoming local TCP Connector on port 62147" [_thread_in_native, id=8372, stack(0x000000040ee00000,0x000000040ef00000)]
  0x000001a98f34f800 JavaThread "Daemon periodic checks" [_thread_blocked, id=10360, stack(0x000000040f200000,0x000000040f300000)]
  0x000001a991a66800 JavaThread "Daemon" [_thread_blocked, id=8952, stack(0x000000040f300000,0x000000040f400000)]
  0x000001a992162000 JavaThread "Handler for socket connection from /127.0.0.1:62147 to /127.0.0.1:62148" [_thread_in_native, id=10312, stack(0x000000040f400000,0x000000040f500000)]
  0x000001a9906bd000 JavaThread "Cancel handler" [_thread_blocked, id=4044, stack(0x000000040f500000,0x000000040f600000)]
  0x000001a99121d000 JavaThread "Daemon worker" [_thread_blocked, id=2296, stack(0x000000040f600000,0x000000040f700000)]
  0x000001a990aad000 JavaThread "Asynchronous log dispatcher for DefaultDaemonConnection: socket connection from /127.0.0.1:62147 to /127.0.0.1:62148" [_thread_blocked, id=8436, stack(0x000000040f700000,0x000000040f800000)]
  0x000001a991aaa000 JavaThread "Stdin handler" [_thread_blocked, id=5244, stack(0x000000040f800000,0x000000040f900000)]
  0x000001a991aac800 JavaThread "Daemon client event forwarder" [_thread_blocked, id=2208, stack(0x000000040f900000,0x000000040fa00000)]
  0x000001a991aaf000 JavaThread "Cache worker for journal cache (C:\Users\Admin\.gradle\caches\journal-1)" [_thread_blocked, id=2824, stack(0x000000040fb00000,0x000000040fc00000)]
  0x000001a991aae000 JavaThread "File lock request listener" [_thread_in_native, id=9832, stack(0x000000040fc00000,0x000000040fd00000)]
  0x000001a991ab0000 JavaThread "Cache worker for file hash cache (C:\Users\Admin\.gradle\caches\7.3.3\fileHashes)" [_thread_blocked, id=5504, stack(0x000000040fd00000,0x000000040fe00000)]
  0x000001a99100f800 JavaThread "C2 CompilerThread1" daemon [_thread_blocked, id=8052, stack(0x000000040fe00000,0x000000040ff00000)]
  0x000001a991ab0800 JavaThread "Cache worker for file hash cache (C:\Users\Admin\Desktop\jana\cw66\.gradle\7.3.3\fileHashes)" [_thread_blocked, id=1012, stack(0x000000040ff00000,0x0000000410000000)]
  0x000001a991aab000 JavaThread "File watcher server" daemon [_thread_in_native, id=10144, stack(0x0000000410000000,0x0000000410100000)]
  0x000001a991aad800 JavaThread "File watcher consumer" daemon [_thread_blocked, id=4364, stack(0x0000000410100000,0x0000000410200000)]
  0x000001a991aab800 JavaThread "Cache worker for checksums cache (C:\Users\Admin\Desktop\jana\cw66\.gradle\7.3.3\checksums)" [_thread_blocked, id=3696, stack(0x0000000410200000,0x0000000410300000)]
  0x000001a992d10000 JavaThread "Cache worker for cache directory md-supplier (C:\Users\Admin\.gradle\caches\7.3.3\md-supplier)" [_thread_blocked, id=2236, stack(0x0000000410300000,0x0000000410400000)]
  0x000001a992d12800 JavaThread "Cache worker for cache directory md-rule (C:\Users\Admin\.gradle\caches\7.3.3\md-rule)" [_thread_blocked, id=7680, stack(0x0000000410400000,0x0000000410500000)]
  0x000001a992d11800 JavaThread "Cache worker for execution history cache (C:\Users\Admin\.gradle\caches\7.3.3\executionHistory)" [_thread_blocked, id=1152, stack(0x0000000410500000,0x0000000410600000)]
  0x000001a992d13000 JavaThread "jar transforms" [_thread_blocked, id=2060, stack(0x0000000410600000,0x0000000410700000)]
  0x000001a992d0f000 JavaThread "Cache worker for file content cache (C:\Users\Admin\.gradle\caches\7.3.3\fileContent)" [_thread_blocked, id=10304, stack(0x0000000410700000,0x0000000410800000)]
  0x000001a992d19800 JavaThread "jar transforms Thread 2" [_thread_blocked, id=10376, stack(0x0000000410800000,0x0000000410900000)]
  0x000001a992d15800 JavaThread "Cache worker for dependencies-accessors (C:\Users\Admin\Desktop\jana\cw66\.gradle\7.3.3\dependencies-accessors)" [_thread_blocked, id=10388, stack(0x0000000410900000,0x0000000410a00000)]
  0x000001a992d16800 JavaThread "jar transforms Thread 3" [_thread_blocked, id=9376, stack(0x0000000410a00000,0x0000000410b00000)]
  0x000001a992d14000 JavaThread "Cache worker for Build Output Cleanup Cache (C:\Users\Admin\Desktop\jana\cw66\.gradle\buildOutputCleanup)" [_thread_blocked, id=2804, stack(0x0000000410b00000,0x0000000410c00000)]
  0x000001a992d1c000 JavaThread "Unconstrained build operations" [_thread_blocked, id=10584, stack(0x0000000410c00000,0x0000000410d00000)]
  0x000001a992d19000 JavaThread "Unconstrained build operations Thread 2" [_thread_blocked, id=10668, stack(0x0000000410d00000,0x0000000410e00000)]
  0x000001a992d1e000 JavaThread "Unconstrained build operations Thread 3" [_thread_blocked, id=7852, stack(0x0000000410e00000,0x0000000410f00000)]
  0x000001a992d1a800 JavaThread "Unconstrained build operations Thread 4" [_thread_blocked, id=10692, stack(0x0000000410f00000,0x0000000411000000)]
  0x000001a992d18000 JavaThread "Unconstrained build operations Thread 5" [_thread_blocked, id=6320, stack(0x0000000411000000,0x0000000411100000)]
  0x000001a992d1b800 JavaThread "Unconstrained build operations Thread 6" [_thread_blocked, id=10696, stack(0x0000000411100000,0x0000000411200000)]
  0x000001a992d1d000 JavaThread "Unconstrained build operations Thread 7" [_thread_blocked, id=10652, stack(0x0000000411200000,0x0000000411300000)]
  0x000001a991b1f800 JavaThread "Unconstrained build operations Thread 8" [_thread_blocked, id=5084, stack(0x0000000411300000,0x0000000411400000)]
  0x000001a991b21000 JavaThread "Unconstrained build operations Thread 9" [_thread_blocked, id=11028, stack(0x0000000411400000,0x0000000411500000)]
  0x000001a991b26000 JavaThread "Unconstrained build operations Thread 10" [_thread_blocked, id=11104, stack(0x0000000411500000,0x0000000411600000)]
  0x000001a991b25000 JavaThread "Unconstrained build operations Thread 11" [_thread_blocked, id=10672, stack(0x0000000411600000,0x0000000411700000)]
  0x000001a991b23800 JavaThread "Unconstrained build operations Thread 12" [_thread_blocked, id=1772, stack(0x0000000411700000,0x0000000411800000)]
  0x000001a991b20000 JavaThread "Unconstrained build operations Thread 13" [_thread_blocked, id=1988, stack(0x0000000411800000,0x0000000411900000)]
  0x000001a991b22800 JavaThread "Unconstrained build operations Thread 14" [_thread_blocked, id=1996, stack(0x0000000411900000,0x0000000411a00000)]
  0x000001a991b24000 JavaThread "Unconstrained build operations Thread 15" [_thread_blocked, id=5116, stack(0x0000000411a00000,0x0000000411b00000)]
  0x000001a991b26800 JavaThread "Unconstrained build operations Thread 16" [_thread_blocked, id=1380, stack(0x0000000411b00000,0x0000000411c00000)]
  0x000001a991b27800 JavaThread "Unconstrained build operations Thread 17" [_thread_blocked, id=10736, stack(0x0000000411c00000,0x0000000411d00000)]
  0x000001a991b21800 JavaThread "Unconstrained build operations Thread 18" [_thread_blocked, id=10508, stack(0x0000000411d00000,0x0000000411e00000)]
  0x000001a991b2e000 JavaThread "Unconstrained build operations Thread 19" [_thread_blocked, id=10500, stack(0x0000000411e00000,0x0000000411f00000)]
  0x000001a991b2a800 JavaThread "Unconstrained build operations Thread 20" [_thread_blocked, id=10484, stack(0x0000000411f00000,0x0000000412000000)]
  0x000001a991b2b800 JavaThread "Unconstrained build operations Thread 21" [_thread_blocked, id=10664, stack(0x0000000412000000,0x0000000412100000)]
  0x000001a991b2c800 JavaThread "Unconstrained build operations Thread 22" [_thread_blocked, id=10688, stack(0x0000000412100000,0x0000000412200000)]
  0x000001a991b2a000 JavaThread "Unconstrained build operations Thread 23" [_thread_blocked, id=10568, stack(0x0000000412200000,0x0000000412300000)]
  0x000001a991b28000 JavaThread "Unconstrained build operations Thread 24" [_thread_blocked, id=10708, stack(0x0000000412300000,0x0000000412400000)]
  0x000001a991b2d000 JavaThread "Unconstrained build operations Thread 25" [_thread_blocked, id=5052, stack(0x0000000412400000,0x0000000412500000)]
  0x000001a991b29000 JavaThread "Unconstrained build operations Thread 26" [_thread_blocked, id=3448, stack(0x0000000412500000,0x0000000412600000)]
  0x000001a990527000 JavaThread "Unconstrained build operations Thread 27" [_thread_blocked, id=10460, stack(0x0000000412600000,0x0000000412700000)]
  0x000001a99052a800 JavaThread "Unconstrained build operations Thread 28" [_thread_blocked, id=10444, stack(0x0000000412700000,0x0000000412800000)]
  0x000001a99052d000 JavaThread "Unconstrained build operations Thread 29" [_thread_blocked, id=10636, stack(0x0000000412800000,0x0000000412900000)]
  0x000001a99052d800 JavaThread "Unconstrained build operations Thread 30" [_thread_blocked, id=10632, stack(0x0000000412900000,0x0000000412a00000)]
  0x000001a990528000 JavaThread "Unconstrained build operations Thread 31" [_thread_blocked, id=10544, stack(0x0000000412a00000,0x0000000412b00000)]
  0x000001a99052e800 JavaThread "Unconstrained build operations Thread 32" [_thread_blocked, id=10624, stack(0x0000000412b00000,0x0000000412c00000)]
  0x000001a990529000 JavaThread "Unconstrained build operations Thread 33" [_thread_blocked, id=10488, stack(0x0000000412c00000,0x0000000412d00000)]
  0x000001a99052f800 JavaThread "Unconstrained build operations Thread 34" [_thread_blocked, id=10628, stack(0x0000000412d00000,0x0000000412e00000)]
  0x000001a990529800 JavaThread "Unconstrained build operations Thread 35" [_thread_blocked, id=10552, stack(0x0000000412e00000,0x0000000412f00000)]
  0x000001a990530000 JavaThread "Unconstrained build operations Thread 36" [_thread_blocked, id=10588, stack(0x0000000412f00000,0x0000000413000000)]
  0x000001a99052b800 JavaThread "Unconstrained build operations Thread 37" [_thread_blocked, id=10620, stack(0x0000000413000000,0x0000000413100000)]
  0x000001a990531000 JavaThread "Unconstrained build operations Thread 38" [_thread_blocked, id=4168, stack(0x0000000413100000,0x0000000413200000)]
  0x000001a990532000 JavaThread "Unconstrained build operations Thread 39" [_thread_blocked, id=11024, stack(0x0000000413200000,0x0000000413300000)]
  0x000001a99052c000 JavaThread "Unconstrained build operations Thread 40" [_thread_blocked, id=10616, stack(0x0000000413300000,0x0000000413400000)]
  0x000001a990533800 JavaThread "jar transforms Thread 4" [_thread_blocked, id=11080, stack(0x0000000413400000,0x0000000413500000)]

Other Threads:
=>0x000001a9ff36a000 VMThread "VM Thread" [stack: 0x000000040e300000,0x000000040e400000] [id=3280]
  0x000001a98f1cf800 WatcherThread [stack: 0x000000040ed00000,0x000000040ee00000] [id=10248]
  0x000001a9f4796800 GCTaskThread "GC Thread#0" [stack: 0x000000040de00000,0x000000040df00000] [id=5628]
  0x000001a98fcef000 GCTaskThread "GC Thread#1" [stack: 0x000000040ef00000,0x000000040f000000] [id=3444]
  0x000001a98f773800 GCTaskThread "GC Thread#2" [stack: 0x000000040f000000,0x000000040f100000] [id=10300]
  0x000001a992372000 GCTaskThread "GC Thread#3" [stack: 0x000000040fa00000,0x000000040fb00000] [id=3772]
  0x000001a9f47c9000 ConcurrentGCThread "G1 Main Marker" [stack: 0x000000040df00000,0x000000040e000000] [id=11204]
  0x000001a9f47ca000 ConcurrentGCThread "G1 Conc#0" [stack: 0x000000040e000000,0x000000040e100000] [id=11200]
  0x000001a9f485a800 ConcurrentGCThread "G1 Refine#0" [stack: 0x000000040e100000,0x000000040e200000] [id=11188]
  0x000001a9f485b800 ConcurrentGCThread "G1 Young RemSet Sampling" [stack: 0x000000040e200000,0x000000040e300000] [id=11180]

Threads with active compile tasks:
C2 CompilerThread0   9370 5457       4       org.objectweb.asm.Frame::execute (2318 bytes)
C2 CompilerThread1   9370 5513   !   4       java.util.concurrent.ConcurrentHashMap::putVal (432 bytes)

VM state:at safepoint (normal execution)

VM Mutex/Monitor currently owned by a thread:  ([mutex/lock_event])
[0x000001a9f477aba0] Threads_lock - owner thread: 0x000001a9ff36a000
[0x000001a9f4779fd0] Heap_lock - owner thread: 0x000001a99121d000

Heap address: 0x0000000080000000, size: 2048 MB, Compressed Oops mode: 32-bit
Narrow klass base: 0x0000000000000000, Narrow klass shift: 3
Compressed class space size: 1073741824 Address: 0x0000000100000000

Heap:
 garbage-first heap   total 190464K, used 43835K [0x0000000080000000, 0x0000000100000000)
  region size 1024K, 12 young (12288K), 12 survivors (12288K)
 Metaspace       used 53901K, capacity 55233K, committed 55500K, reserved 1097728K
  class space    used 6893K, capacity 7387K, committed 7424K, reserved 1048576K
Heap Regions: E=young(eden), S=young(survivor), O=old, HS=humongous(starts), HC=humongous(continues), CS=collection set, F=free, A=archive, TAMS=top-at-mark-start (previous, next)
|   0|0x0000000080000000, 0x0000000080100000, 0x0000000080100000|100%| O|  |TAMS 0x0000000080100000, 0x0000000080000000| Untracked 
|   1|0x0000000080100000, 0x0000000080200000, 0x0000000080200000|100%| O|  |TAMS 0x0000000080200000, 0x0000000080100000| Untracked 
|   2|0x0000000080200000, 0x0000000080300000, 0x0000000080300000|100%| O|  |TAMS 0x0000000080300000, 0x0000000080200000| Untracked 
|   3|0x0000000080300000, 0x0000000080400000, 0x0000000080400000|100%|HS|  |TAMS 0x0000000080400000, 0x0000000080300000| Complete 
|   4|0x0000000080400000, 0x0000000080500000, 0x0000000080500000|100%|HC|  |TAMS 0x0000000080500000, 0x0000000080400000| Complete 
|   5|0x0000000080500000, 0x0000000080600000, 0x0000000080600000|100%|HC|  |TAMS 0x0000000080600000, 0x0000000080500000| Complete 
|   6|0x0000000080600000, 0x0000000080700000, 0x0000000080700000|100%| O|  |TAMS 0x0000000080700000, 0x0000000080600000| Untracked 
|   7|0x0000000080700000, 0x0000000080800000, 0x0000000080800000|100%| O|  |TAMS 0x0000000080800000, 0x0000000080700000| Untracked 
|   8|0x0000000080800000, 0x0000000080900000, 0x0000000080900000|100%| O|  |TAMS 0x0000000080900000, 0x0000000080800000| Untracked 
|   9|0x0000000080900000, 0x0000000080a00000, 0x0000000080a00000|100%| O|  |TAMS 0x0000000080a00000, 0x0000000080900000| Untracked 
|  10|0x0000000080a00000, 0x0000000080b00000, 0x0000000080b00000|100%| O|  |TAMS 0x0000000080b00000, 0x0000000080a00000| Untracked 
|  11|0x0000000080b00000, 0x0000000080c00000, 0x0000000080c00000|100%| O|  |TAMS 0x0000000080c00000, 0x0000000080b00000| Untracked 
|  12|0x0000000080c00000, 0x0000000080d00000, 0x0000000080d00000|100%| O|  |TAMS 0x0000000080d00000, 0x0000000080c00000| Untracked 
|  13|0x0000000080d00000, 0x0000000080e00000, 0x0000000080e00000|100%| O|  |TAMS 0x0000000080e00000, 0x0000000080d00000| Untracked 
|  14|0x0000000080e00000, 0x0000000080f00000, 0x0000000080f00000|100%| O|  |TAMS 0x0000000080f00000, 0x0000000080e00000| Untracked 
|  15|0x0000000080f00000, 0x0000000081000000, 0x0000000081000000|100%| O|  |TAMS 0x0000000081000000, 0x0000000080f00000| Untracked 
|  16|0x0000000081000000, 0x0000000081100000, 0x0000000081100000|100%| O|  |TAMS 0x000000008106a400, 0x0000000081000000| Untracked 
|  17|0x0000000081100000, 0x0000000081200000, 0x0000000081200000|100%|HS|  |TAMS 0x0000000081100000, 0x0000000081100000| Complete 
|  18|0x0000000081200000, 0x0000000081300000, 0x0000000081300000|100%| O|  |TAMS 0x0000000081200000, 0x0000000081200000| Untracked 
|  19|0x0000000081300000, 0x0000000081400000, 0x0000000081400000|100%| O|  |TAMS 0x0000000081300000, 0x0000000081300000| Untracked 
|  20|0x0000000081400000, 0x0000000081500000, 0x0000000081500000|100%| O|  |TAMS 0x0000000081400000, 0x0000000081400000| Untracked 
|  21|0x0000000081500000, 0x0000000081600000, 0x0000000081600000|100%| O|  |TAMS 0x0000000081500000, 0x0000000081500000| Untracked 
|  22|0x0000000081600000, 0x0000000081700000, 0x0000000081700000|100%| O|  |TAMS 0x0000000081600000, 0x0000000081600000| Untracked 
|  23|0x0000000081700000, 0x0000000081800000, 0x0000000081800000|100%|HS|  |TAMS 0x0000000081700000, 0x0000000081700000| Complete 
|  24|0x0000000081800000, 0x0000000081900000, 0x0000000081900000|100%|HS|  |TAMS 0x0000000081800000, 0x0000000081800000| Complete 
|  25|0x0000000081900000, 0x0000000081a00000, 0x0000000081a00000|100%|HC|  |TAMS 0x0000000081900000, 0x0000000081900000| Complete 
|  26|0x0000000081a00000, 0x0000000081b00000, 0x0000000081b00000|100%| O|  |TAMS 0x0000000081a00000, 0x0000000081a00000| Untracked 
|  27|0x0000000081b00000, 0x0000000081c00000, 0x0000000081c00000|100%| O|  |TAMS 0x0000000081b00000, 0x0000000081b00000| Untracked 
|  28|0x0000000081c00000, 0x0000000081d00000, 0x0000000081d00000|100%| O|  |TAMS 0x0000000081c00000, 0x0000000081c00000| Untracked 
|  29|0x0000000081d00000, 0x0000000081e00000, 0x0000000081e00000|100%| O|  |TAMS 0x0000000081d00000, 0x0000000081d00000| Untracked 
|  30|0x0000000081e00000, 0x0000000081ecec00, 0x0000000081f00000| 80%| O|  |TAMS 0x0000000081e00000, 0x0000000081e00000| Untracked 
|  31|0x0000000081f00000, 0x0000000081f00000, 0x0000000082000000|  0%| F|  |TAMS 0x0000000081f00000, 0x0000000081f00000| Untracked 
|  32|0x0000000082000000, 0x0000000082000000, 0x0000000082100000|  0%| F|  |TAMS 0x0000000082000000, 0x0000000082000000| Untracked 
|  33|0x0000000082100000, 0x0000000082100000, 0x0000000082200000|  0%| F|  |TAMS 0x0000000082100000, 0x0000000082100000| Untracked 
|  34|0x0000000082200000, 0x0000000082200000, 0x0000000082300000|  0%| F|  |TAMS 0x0000000082200000, 0x0000000082200000| Untracked 
|  35|0x0000000082300000, 0x0000000082300000, 0x0000000082400000|  0%| F|  |TAMS 0x0000000082300000, 0x0000000082300000| Untracked 
|  36|0x0000000082400000, 0x0000000082400000, 0x0000000082500000|  0%| F|  |TAMS 0x0000000082400000, 0x0000000082400000| Untracked 
|  37|0x0000000082500000, 0x0000000082500000, 0x0000000082600000|  0%| F|  |TAMS 0x0000000082500000, 0x0000000082500000| Untracked 
|  38|0x0000000082600000, 0x0000000082600000, 0x0000000082700000|  0%| F|  |TAMS 0x0000000082600000, 0x0000000082600000| Untracked 
|  39|0x0000000082700000, 0x0000000082700000, 0x0000000082800000|  0%| F|  |TAMS 0x0000000082700000, 0x0000000082700000| Untracked 
|  40|0x0000000082800000, 0x0000000082800000, 0x0000000082900000|  0%| F|  |TAMS 0x0000000082800000, 0x0000000082800000| Untracked 
|  41|0x0000000082900000, 0x0000000082900000, 0x0000000082a00000|  0%| F|  |TAMS 0x0000000082900000, 0x0000000082900000| Untracked 
|  42|0x0000000082a00000, 0x0000000082a00000, 0x0000000082b00000|  0%| F|  |TAMS 0x0000000082a00000, 0x0000000082a00000| Untracked 
|  43|0x0000000082b00000, 0x0000000082b00000, 0x0000000082c00000|  0%| F|  |TAMS 0x0000000082b00000, 0x0000000082b00000| Untracked 
|  44|0x0000000082c00000, 0x0000000082c00000, 0x0000000082d00000|  0%| F|  |TAMS 0x0000000082c00000, 0x0000000082c00000| Untracked 
|  45|0x0000000082d00000, 0x0000000082d00000, 0x0000000082e00000|  0%| F|  |TAMS 0x0000000082d00000, 0x0000000082d00000| Untracked 
|  46|0x0000000082e00000, 0x0000000082e00000, 0x0000000082f00000|  0%| F|  |TAMS 0x0000000082e00000, 0x0000000082e00000| Untracked 
|  47|0x0000000082f00000, 0x0000000082f00000, 0x0000000083000000|  0%| F|  |TAMS 0x0000000082f00000, 0x0000000082f00000| Untracked 
|  48|0x0000000083000000, 0x0000000083000000, 0x0000000083100000|  0%| F|  |TAMS 0x0000000083000000, 0x0000000083000000| Untracked 
|  49|0x0000000083100000, 0x0000000083100000, 0x0000000083200000|  0%| F|  |TAMS 0x0000000083100000, 0x0000000083100000| Untracked 
|  50|0x0000000083200000, 0x0000000083300000, 0x0000000083300000|100%| S|CS|TAMS 0x0000000083200000, 0x0000000083200000| Complete 
|  51|0x0000000083300000, 0x0000000083400000, 0x0000000083400000|100%| S|CS|TAMS 0x0000000083300000, 0x0000000083300000| Complete 
|  52|0x0000000083400000, 0x0000000083500000, 0x0000000083500000|100%| S|CS|TAMS 0x0000000083400000, 0x0000000083400000| Complete 
|  53|0x0000000083500000, 0x0000000083600000, 0x0000000083600000|100%| S|CS|TAMS 0x0000000083500000, 0x0000000083500000| Complete 
|  54|0x0000000083600000, 0x0000000083700000, 0x0000000083700000|100%| S|CS|TAMS 0x0000000083600000, 0x0000000083600000| Complete 
|  55|0x0000000083700000, 0x0000000083800000, 0x0000000083800000|100%| S|CS|TAMS 0x0000000083700000, 0x0000000083700000| Complete 
|  56|0x0000000083800000, 0x0000000083900000, 0x0000000083900000|100%| S|CS|TAMS 0x0000000083800000, 0x0000000083800000| Complete 
|  57|0x0000000083900000, 0x0000000083a00000, 0x0000000083a00000|100%| S|CS|TAMS 0x0000000083900000, 0x0000000083900000| Complete 
|  58|0x0000000083a00000, 0x0000000083a00000, 0x0000000083b00000|  0%| F|  |TAMS 0x0000000083a00000, 0x0000000083a00000| Untracked 
|  59|0x0000000083b00000, 0x0000000083b00000, 0x0000000083c00000|  0%| F|  |TAMS 0x0000000083b00000, 0x0000000083b00000| Untracked 
|  60|0x0000000083c00000, 0x0000000083c00000, 0x0000000083d00000|  0%| F|  |TAMS 0x0000000083c00000, 0x0000000083c00000| Untracked 
|  61|0x0000000083d00000, 0x0000000083d00000, 0x0000000083e00000|  0%| F|  |TAMS 0x0000000083d00000, 0x0000000083d00000| Untracked 
|  62|0x0000000083e00000, 0x0000000083e00000, 0x0000000083f00000|  0%| F|  |TAMS 0x0000000083e00000, 0x0000000083e00000| Untracked 
|  63|0x0000000083f00000, 0x0000000083f00000, 0x0000000084000000|  0%| F|  |TAMS 0x0000000083f00000, 0x0000000083f00000| Untracked 
|  64|0x0000000084000000, 0x0000000084000000, 0x0000000084100000|  0%| F|  |TAMS 0x0000000084000000, 0x0000000084000000| Untracked 
|  65|0x0000000084100000, 0x0000000084100000, 0x0000000084200000|  0%| F|  |TAMS 0x0000000084100000, 0x0000000084100000| Untracked 
|  66|0x0000000084200000, 0x0000000084200000, 0x0000000084300000|  0%| F|  |TAMS 0x0000000084200000, 0x0000000084200000| Untracked 
|  67|0x0000000084300000, 0x0000000084400000, 0x0000000084400000|100%| S|CS|TAMS 0x0000000084300000, 0x0000000084300000| Complete 
|  68|0x0000000084400000, 0x0000000084500000, 0x0000000084500000|100%| S|CS|TAMS 0x0000000084400000, 0x0000000084400000| Complete 
|  69|0x0000000084500000, 0x0000000084600000, 0x0000000084600000|100%| S|CS|TAMS 0x0000000084500000, 0x0000000084500000| Complete 
|  70|0x0000000084600000, 0x0000000084700000, 0x0000000084700000|100%| S|CS|TAMS 0x0000000084600000, 0x0000000084600000| Complete 
|  71|0x0000000084700000, 0x0000000084700000, 0x0000000084800000|  0%| F|  |TAMS 0x0000000084700000, 0x0000000084700000| Untracked 
|  72|0x0000000084800000, 0x0000000084800000, 0x0000000084900000|  0%| F|  |TAMS 0x0000000084800000, 0x0000000084800000| Untracked 
|  73|0x0000000084900000, 0x0000000084900000, 0x0000000084a00000|  0%| F|  |TAMS 0x0000000084900000, 0x0000000084900000| Untracked 
|  74|0x0000000084a00000, 0x0000000084a00000, 0x0000000084b00000|  0%| F|  |TAMS 0x0000000084a00000, 0x0000000084a00000| Untracked 
|  75|0x0000000084b00000, 0x0000000084b00000, 0x0000000084c00000|  0%| F|  |TAMS 0x0000000084b00000, 0x0000000084b00000| Untracked 
|  76|0x0000000084c00000, 0x0000000084c00000, 0x0000000084d00000|  0%| F|  |TAMS 0x0000000084c00000, 0x0000000084c00000| Untracked 
|  77|0x0000000084d00000, 0x0000000084d00000, 0x0000000084e00000|  0%| F|  |TAMS 0x0000000084d00000, 0x0000000084d00000| Untracked 
|  78|0x0000000084e00000, 0x0000000084e00000, 0x0000000084f00000|  0%| F|  |TAMS 0x0000000084e00000, 0x0000000084e00000| Untracked 
|  79|0x0000000084f00000, 0x0000000084f00000, 0x0000000085000000|  0%| F|  |TAMS 0x0000000084f00000, 0x0000000084f00000| Untracked 
|  80|0x0000000085000000, 0x0000000085000000, 0x0000000085100000|  0%| F|  |TAMS 0x0000000085000000, 0x0000000085000000| Untracked 
|  81|0x0000000085100000, 0x0000000085100000, 0x0000000085200000|  0%| F|  |TAMS 0x0000000085100000, 0x0000000085100000| Untracked 
|  82|0x0000000085200000, 0x0000000085200000, 0x0000000085300000|  0%| F|  |TAMS 0x0000000085200000, 0x0000000085200000| Untracked 
|  83|0x0000000085300000, 0x0000000085300000, 0x0000000085400000|  0%| F|  |TAMS 0x0000000085300000, 0x0000000085300000| Untracked 
|  84|0x0000000085400000, 0x0000000085400000, 0x0000000085500000|  0%| F|  |TAMS 0x0000000085400000, 0x0000000085400000| Untracked 
|  85|0x0000000085500000, 0x0000000085500000, 0x0000000085600000|  0%| F|  |TAMS 0x0000000085500000, 0x0000000085500000| Untracked 
|  86|0x0000000085600000, 0x0000000085600000, 0x0000000085700000|  0%| F|  |TAMS 0x0000000085600000, 0x0000000085600000| Untracked 
|  87|0x0000000085700000, 0x0000000085700000, 0x0000000085800000|  0%| F|  |TAMS 0x0000000085700000, 0x0000000085700000| Untracked 
|  88|0x0000000085800000, 0x0000000085800000, 0x0000000085900000|  0%| F|  |TAMS 0x0000000085800000, 0x0000000085800000| Untracked 
|  89|0x0000000085900000, 0x0000000085900000, 0x0000000085a00000|  0%| F|  |TAMS 0x0000000085900000, 0x0000000085900000| Untracked 
|  90|0x0000000085a00000, 0x0000000085a00000, 0x0000000085b00000|  0%| F|  |TAMS 0x0000000085a00000, 0x0000000085a00000| Untracked 
|  91|0x0000000085b00000, 0x0000000085b00000, 0x0000000085c00000|  0%| F|  |TAMS 0x0000000085b00000, 0x0000000085b00000| Untracked 
|  92|0x0000000085c00000, 0x0000000085c00000, 0x0000000085d00000|  0%| F|  |TAMS 0x0000000085c00000, 0x0000000085c00000| Untracked 
|  93|0x0000000085d00000, 0x0000000085d00000, 0x0000000085e00000|  0%| F|  |TAMS 0x0000000085d00000, 0x0000000085d00000| Untracked 
|  94|0x0000000085e00000, 0x0000000085e00000, 0x0000000085f00000|  0%| F|  |TAMS 0x0000000085e00000, 0x0000000085e00000| Untracked 
|  95|0x0000000085f00000, 0x0000000085f00000, 0x0000000086000000|  0%| F|  |TAMS 0x0000000085f00000, 0x0000000085f00000| Untracked 
|  96|0x0000000086000000, 0x0000000086000000, 0x0000000086100000|  0%| F|  |TAMS 0x0000000086000000, 0x0000000086000000| Untracked 
|  97|0x0000000086100000, 0x0000000086100000, 0x0000000086200000|  0%| F|  |TAMS 0x0000000086100000, 0x0000000086100000| Untracked 
|  98|0x0000000086200000, 0x0000000086200000, 0x0000000086300000|  0%| F|  |TAMS 0x0000000086200000, 0x0000000086200000| Untracked 
|  99|0x0000000086300000, 0x0000000086300000, 0x0000000086400000|  0%| F|  |TAMS 0x0000000086300000, 0x0000000086300000| Untracked 
| 100|0x0000000086400000, 0x0000000086400000, 0x0000000086500000|  0%| F|  |TAMS 0x0000000086400000, 0x0000000086400000| Untracked 
| 101|0x0000000086500000, 0x0000000086500000, 0x0000000086600000|  0%| F|  |TAMS 0x0000000086500000, 0x0000000086500000| Untracked 
| 102|0x0000000086600000, 0x0000000086600000, 0x0000000086700000|  0%| F|  |TAMS 0x0000000086600000, 0x0000000086600000| Untracked 
| 103|0x0000000086700000, 0x0000000086700000, 0x0000000086800000|  0%| F|  |TAMS 0x0000000086700000, 0x0000000086700000| Untracked 
| 104|0x0000000086800000, 0x0000000086800000, 0x0000000086900000|  0%| F|  |TAMS 0x0000000086800000, 0x0000000086800000| Untracked 
| 105|0x0000000086900000, 0x0000000086900000, 0x0000000086a00000|  0%| F|  |TAMS 0x0000000086900000, 0x0000000086900000| Untracked 
| 106|0x0000000086a00000, 0x0000000086a00000, 0x0000000086b00000|  0%| F|  |TAMS 0x0000000086a00000, 0x0000000086a00000| Untracked 
| 107|0x0000000086b00000, 0x0000000086b00000, 0x0000000086c00000|  0%| F|  |TAMS 0x0000000086b00000, 0x0000000086b00000| Untracked 
| 108|0x0000000086c00000, 0x0000000086c00000, 0x0000000086d00000|  0%| F|  |TAMS 0x0000000086c00000, 0x0000000086c00000| Untracked 
| 109|0x0000000086d00000, 0x0000000086d00000, 0x0000000086e00000|  0%| F|  |TAMS 0x0000000086d00000, 0x0000000086d00000| Untracked 
| 110|0x0000000086e00000, 0x0000000086e00000, 0x0000000086f00000|  0%| F|  |TAMS 0x0000000086e00000, 0x0000000086e00000| Untracked 
| 111|0x0000000086f00000, 0x0000000086f00000, 0x0000000087000000|  0%| F|  |TAMS 0x0000000086f00000, 0x0000000086f00000| Untracked 
| 112|0x0000000087000000, 0x0000000087000000, 0x0000000087100000|  0%| F|  |TAMS 0x0000000087000000, 0x0000000087000000| Untracked 
| 113|0x0000000087100000, 0x0000000087100000, 0x0000000087200000|  0%| F|  |TAMS 0x0000000087100000, 0x0000000087100000| Untracked 
| 114|0x0000000087200000, 0x0000000087200000, 0x0000000087300000|  0%| F|  |TAMS 0x0000000087200000, 0x0000000087200000| Untracked 
| 115|0x0000000087300000, 0x0000000087300000, 0x0000000087400000|  0%| F|  |TAMS 0x0000000087300000, 0x0000000087300000| Untracked 
| 116|0x0000000087400000, 0x0000000087400000, 0x0000000087500000|  0%| F|  |TAMS 0x0000000087400000, 0x0000000087400000| Untracked 
| 117|0x0000000087500000, 0x0000000087500000, 0x0000000087600000|  0%| F|  |TAMS 0x0000000087500000, 0x0000000087500000| Untracked 
| 118|0x0000000087600000, 0x0000000087600000, 0x0000000087700000|  0%| F|  |TAMS 0x0000000087600000, 0x0000000087600000| Untracked 
| 119|0x0000000087700000, 0x0000000087700000, 0x0000000087800000|  0%| F|  |TAMS 0x0000000087700000, 0x0000000087700000| Untracked 
| 120|0x0000000087800000, 0x0000000087800000, 0x0000000087900000|  0%| F|  |TAMS 0x0000000087800000, 0x0000000087800000| Untracked 
| 121|0x0000000087900000, 0x0000000087900000, 0x0000000087a00000|  0%| F|  |TAMS 0x0000000087900000, 0x0000000087900000| Untracked 
| 122|0x0000000087a00000, 0x0000000087a00000, 0x0000000087b00000|  0%| F|  |TAMS 0x0000000087a00000, 0x0000000087a00000| Untracked 
| 123|0x0000000087b00000, 0x0000000087b00000, 0x0000000087c00000|  0%| F|  |TAMS 0x0000000087b00000, 0x0000000087b00000| Untracked 
| 124|0x0000000087c00000, 0x0000000087c00000, 0x0000000087d00000|  0%| F|  |TAMS 0x0000000087c00000, 0x0000000087c00000| Untracked 
| 125|0x0000000087d00000, 0x0000000087d00000, 0x0000000087e00000|  0%| F|  |TAMS 0x0000000087d00000, 0x0000000087d00000| Untracked 
| 126|0x0000000087e00000, 0x0000000087e00000, 0x0000000087f00000|  0%| F|  |TAMS 0x0000000087e00000, 0x0000000087e00000| Untracked 
| 127|0x0000000087f00000, 0x0000000087f00000, 0x0000000088000000|  0%| F|  |TAMS 0x0000000087f00000, 0x0000000087f00000| Untracked 
| 128|0x0000000088000000, 0x0000000088000000, 0x0000000088100000|  0%| F|  |TAMS 0x0000000088000000, 0x0000000088000000| Untracked 
| 129|0x0000000088100000, 0x0000000088100000, 0x0000000088200000|  0%| F|  |TAMS 0x0000000088100000, 0x0000000088100000| Untracked 
| 130|0x0000000088200000, 0x0000000088200000, 0x0000000088300000|  0%| F|  |TAMS 0x0000000088200000, 0x0000000088200000| Untracked 
| 131|0x0000000088300000, 0x0000000088300000, 0x0000000088400000|  0%| F|  |TAMS 0x0000000088300000, 0x0000000088300000| Untracked 
| 132|0x0000000088400000, 0x0000000088400000, 0x0000000088500000|  0%| F|  |TAMS 0x0000000088400000, 0x0000000088400000| Untracked 
| 133|0x0000000088500000, 0x0000000088500000, 0x0000000088600000|  0%| F|  |TAMS 0x0000000088500000, 0x0000000088500000| Untracked 
| 134|0x0000000088600000, 0x0000000088600000, 0x0000000088700000|  0%| F|  |TAMS 0x0000000088600000, 0x0000000088600000| Untracked 
| 135|0x0000000088700000, 0x0000000088700000, 0x0000000088800000|  0%| F|  |TAMS 0x0000000088700000, 0x0000000088700000| Untracked 
| 136|0x0000000088800000, 0x0000000088800000, 0x0000000088900000|  0%| F|  |TAMS 0x0000000088800000, 0x0000000088800000| Untracked 
| 137|0x0000000088900000, 0x0000000088900000, 0x0000000088a00000|  0%| F|  |TAMS 0x0000000088900000, 0x0000000088900000| Untracked 
| 138|0x0000000088a00000, 0x0000000088a00000, 0x0000000088b00000|  0%| F|  |TAMS 0x0000000088a00000, 0x0000000088a00000| Untracked 
| 139|0x0000000088b00000, 0x0000000088b00000, 0x0000000088c00000|  0%| F|  |TAMS 0x0000000088b00000, 0x0000000088b00000| Untracked 
| 140|0x0000000088c00000, 0x0000000088c00000, 0x0000000088d00000|  0%| F|  |TAMS 0x0000000088c00000, 0x0000000088c00000| Untracked 
| 141|0x0000000088d00000, 0x0000000088d00000, 0x0000000088e00000|  0%| F|  |TAMS 0x0000000088d00000, 0x0000000088d00000| Untracked 
| 142|0x0000000088e00000, 0x0000000088e00000, 0x0000000088f00000|  0%| F|  |TAMS 0x0000000088e00000, 0x0000000088e00000| Untracked 
| 143|0x0000000088f00000, 0x0000000088f00000, 0x0000000089000000|  0%| F|  |TAMS 0x0000000088f00000, 0x0000000088f00000| Untracked 
| 144|0x0000000089000000, 0x0000000089000000, 0x0000000089100000|  0%| F|  |TAMS 0x0000000089000000, 0x0000000089000000| Untracked 
| 145|0x0000000089100000, 0x0000000089100000, 0x0000000089200000|  0%| F|  |TAMS 0x0000000089100000, 0x0000000089100000| Untracked 
| 146|0x0000000089200000, 0x0000000089200000, 0x0000000089300000|  0%| F|  |TAMS 0x0000000089200000, 0x0000000089200000| Untracked 
| 147|0x0000000089300000, 0x0000000089300000, 0x0000000089400000|  0%| F|  |TAMS 0x0000000089300000, 0x0000000089300000| Untracked 
| 148|0x0000000089400000, 0x0000000089400000, 0x0000000089500000|  0%| F|  |TAMS 0x0000000089400000, 0x0000000089400000| Untracked 
| 149|0x0000000089500000, 0x0000000089500000, 0x0000000089600000|  0%| F|  |TAMS 0x0000000089500000, 0x0000000089500000| Untracked 
| 150|0x0000000089600000, 0x0000000089600000, 0x0000000089700000|  0%| F|  |TAMS 0x0000000089600000, 0x0000000089600000| Untracked 
| 151|0x0000000089700000, 0x0000000089700000, 0x0000000089800000|  0%| F|  |TAMS 0x0000000089700000, 0x0000000089700000| Untracked 
| 152|0x0000000089800000, 0x0000000089800000, 0x0000000089900000|  0%| F|  |TAMS 0x0000000089800000, 0x0000000089800000| Untracked 
| 153|0x0000000089900000, 0x0000000089900000, 0x0000000089a00000|  0%| F|  |TAMS 0x0000000089900000, 0x0000000089900000| Untracked 

Card table byte_map: [0x000001a9f8690000,0x000001a9f8a90000] _byte_map_base: 0x000001a9f8290000

Marking Bits (Prev, Next): (CMBitMap*) 0x000001a9f47c02e8, (CMBitMap*) 0x000001a9f47c0320
 Prev Bits: [0x000001a9f8e90000, 0x000001a9fae90000)
 Next Bits: [0x000001a9fae90000, 0x000001a9fce90000)

Polling page: 0x000001a9f3f60000

Metaspace:

Usage:
  Non-class:     46.72 MB capacity,    45.91 MB ( 98%) used,   697.10 KB (  1%) free+waste,   140.75 KB ( <1%) overhead. 
      Class:      7.21 MB capacity,     6.73 MB ( 93%) used,   426.48 KB (  6%) free+waste,    66.88 KB ( <1%) overhead. 
       Both:     53.94 MB capacity,    52.64 MB ( 98%) used,     1.10 MB (  2%) free+waste,   207.63 KB ( <1%) overhead. 

Virtual space:
  Non-class space:       48.00 MB reserved,      46.95 MB ( 98%) committed 
      Class space:        1.00 GB reserved,       7.25 MB ( <1%) committed 
             Both:        1.05 GB reserved,      54.20 MB (  5%) committed 

Chunk freelists:
   Non-Class:  38.00 KB
       Class:  5.00 KB
        Both:  43.00 KB

MaxMetaspaceSize: 17179869184.00 GB
CompressedClassSpaceSize: 1.00 GB
Initial GC threshold: 20.80 MB
Current GC threshold: 58.88 MB
CDS: off

CodeHeap 'non-profiled nmethods': size=120064Kb used=3153Kb max_used=3153Kb free=116910Kb
 bounds [0x000001a987ac0000, 0x000001a987de0000, 0x000001a98f000000]
CodeHeap 'profiled nmethods': size=120000Kb used=11358Kb max_used=11358Kb free=108641Kb
 bounds [0x000001a980590000, 0x000001a9810b0000, 0x000001a987ac0000]
CodeHeap 'non-nmethods': size=5696Kb used=2308Kb max_used=2349Kb free=3387Kb
 bounds [0x000001a980000000, 0x000001a980270000, 0x000001a980590000]
 total_blobs=6307 nmethods=5500 adapters=719
 compilation: enabled
              stopped_count=0, restarted_count=0
 full_count=0

Compilation events (20 events):
Event: 9.181 Thread 0x000001a9ff3bb000 nmethod 5502 0x000001a98109e310 code [0x000001a98109e4e0, 0x000001a98109e6f8]
Event: 9.181 Thread 0x000001a9ff3bb000 5503       3       java.lang.invoke.ClassSpecializer$Factory$1Var::emitVarInstruction (73 bytes)
Event: 9.182 Thread 0x000001a9ff3bb000 nmethod 5503 0x000001a98109e810 code [0x000001a98109eac0, 0x000001a98109f5f8]
Event: 9.182 Thread 0x000001a9ff3bb000 5504       3       java.lang.invoke.ClassSpecializer$Factory::typeLoadOp (90 bytes)
Event: 9.182 Thread 0x000001a9ff3bb000 nmethod 5504 0x000001a98109fa90 code [0x000001a98109fd00, 0x000001a9810a06f8]
Event: 9.182 Thread 0x000001a9ff3bb000 5507       3       jdk.internal.org.objectweb.asm.ClassWriter::newConstItem (320 bytes)
Event: 9.184 Thread 0x000001a9ff3bb000 nmethod 5507 0x000001a9810a0a10 code [0x000001a9810a0f60, 0x000001a9810a3e78]
Event: 9.184 Thread 0x000001a9ff3bb000 5508       3       java.util.jar.Manifest::read (340 bytes)
Event: 9.186 Thread 0x000001a9ff3bb000 nmethod 5508 0x000001a9810a4990 code [0x000001a9810a4d80, 0x000001a9810a69b8]
Event: 9.187 Thread 0x000001a99100f800 5509       4       java.util.HashSet::contains (9 bytes)
Event: 9.195 Thread 0x000001a99100f800 nmethod 5509 0x000001a987dd2790 code [0x000001a987dd2960, 0x000001a987dd2e58]
Event: 9.205 Thread 0x000001a99100f800 5510       4       java.lang.ClassLoader::checkPackageAccess (102 bytes)
Event: 9.206 Thread 0x000001a99100f800 nmethod 5510 0x000001a987dd3210 code [0x000001a987dd33a0, 0x000001a987dd3438]
Event: 9.231 Thread 0x000001a99100f800 5511       4       java.util.concurrent.ConcurrentHashMap::addCount (289 bytes)
Event: 9.240 Thread 0x000001a99100f800 nmethod 5511 0x000001a987dd3510 code [0x000001a987dd36e0, 0x000001a987dd3a98]
Event: 9.253 Thread 0x000001a99100f800 5512       4       jdk.internal.loader.ClassLoaders$BootClassLoader::loadClassOrNull (11 bytes)
Event: 9.258 Thread 0x000001a99100f800 nmethod 5512 0x000001a987dd3e10 code [0x000001a987dd3fc0, 0x000001a987dd41e8]
Event: 9.274 Thread 0x000001a99100f800 5513   !   4       java.util.concurrent.ConcurrentHashMap::putVal (432 bytes)
Event: 9.279 Thread 0x000001a9ff3bb000 5515       3       java.util.Hashtable::<init> (9 bytes)
Event: 9.279 Thread 0x000001a9ff3bb000 nmethod 5515 0x000001a9810a7510 code [0x000001a9810a76e0, 0x000001a9810a7828]

GC Heap History (20 events):
Event: 0.582 GC heap after
{Heap after GC invocations=1 (full 0):
 garbage-first heap   total 131072K, used 7592K [0x0000000080000000, 0x0000000100000000)
  region size 1024K, 2 young (2048K), 2 survivors (2048K)
 Metaspace       used 6734K, capacity 6933K, committed 7168K, reserved 1056768K
  class space    used 582K, capacity 650K, committed 768K, reserved 1048576K
}
Event: 0.880 GC heap before
{Heap before GC invocations=1 (full 0):
 garbage-first heap   total 131072K, used 18856K [0x0000000080000000, 0x0000000100000000)
  region size 1024K, 13 young (13312K), 2 survivors (2048K)
 Metaspace       used 9874K, capacity 10126K, committed 10368K, reserved 1058816K
  class space    used 1027K, capacity 1102K, committed 1152K, reserved 1048576K
}
Event: 0.883 GC heap after
{Heap after GC invocations=2 (full 0):
 garbage-first heap   total 131072K, used 9376K [0x0000000080000000, 0x0000000100000000)
  region size 1024K, 2 young (2048K), 2 survivors (2048K)
 Metaspace       used 9874K, capacity 10126K, committed 10368K, reserved 1058816K
  class space    used 1027K, capacity 1102K, committed 1152K, reserved 1048576K
}
Event: 1.245 GC heap before
{Heap before GC invocations=2 (full 0):
 garbage-first heap   total 131072K, used 39072K [0x0000000080000000, 0x0000000100000000)
  region size 1024K, 31 young (31744K), 2 survivors (2048K)
 Metaspace       used 10867K, capacity 11081K, committed 11264K, reserved 1058816K
  class space    used 1130K, capacity 1207K, committed 1280K, reserved 1048576K
}
Event: 1.248 GC heap after
{Heap after GC invocations=3 (full 0):
 garbage-first heap   total 131072K, used 11572K [0x0000000080000000, 0x0000000100000000)
  region size 1024K, 3 young (3072K), 3 survivors (3072K)
 Metaspace       used 10867K, capacity 11081K, committed 11264K, reserved 1058816K
  class space    used 1130K, capacity 1207K, committed 1280K, reserved 1048576K
}
Event: 2.585 GC heap before
{Heap before GC invocations=3 (full 0):
 garbage-first heap   total 131072K, used 58676K [0x0000000080000000, 0x0000000100000000)
  region size 1024K, 49 young (50176K), 3 survivors (3072K)
 Metaspace       used 17908K, capacity 18269K, committed 18432K, reserved 1064960K
  class space    used 2126K, capacity 2242K, committed 2304K, reserved 1048576K
}
Event: 2.604 GC heap after
{Heap after GC invocations=4 (full 0):
 garbage-first heap   total 131072K, used 16467K [0x0000000080000000, 0x0000000100000000)
  region size 1024K, 7 young (7168K), 7 survivors (7168K)
 Metaspace       used 17908K, capacity 18269K, committed 18432K, reserved 1064960K
  class space    used 2126K, capacity 2242K, committed 2304K, reserved 1048576K
}
Event: 2.925 GC heap before
{Heap before GC invocations=4 (full 0):
 garbage-first heap   total 131072K, used 40019K [0x0000000080000000, 0x0000000100000000)
  region size 1024K, 31 young (31744K), 7 survivors (7168K)
 Metaspace       used 20677K, capacity 21079K, committed 21248K, reserved 1067008K
  class space    used 2539K, capacity 2710K, committed 2816K, reserved 1048576K
}
Event: 2.932 GC heap after
{Heap after GC invocations=5 (full 0):
 garbage-first heap   total 131072K, used 17134K [0x0000000080000000, 0x0000000100000000)
  region size 1024K, 1 young (1024K), 1 survivors (1024K)
 Metaspace       used 20677K, capacity 21079K, committed 21248K, reserved 1067008K
  class space    used 2539K, capacity 2710K, committed 2816K, reserved 1048576K
}
Event: 3.522 GC heap before
{Heap before GC invocations=6 (full 0):
 garbage-first heap   total 131072K, used 67310K [0x0000000080000000, 0x0000000100000000)
  region size 1024K, 50 young (51200K), 1 survivors (1024K)
 Metaspace       used 25888K, capacity 26459K, committed 26624K, reserved 1073152K
  class space    used 3345K, capacity 3551K, committed 3584K, reserved 1048576K
}
Event: 3.527 GC heap after
{Heap after GC invocations=7 (full 0):
 garbage-first heap   total 157696K, used 18795K [0x0000000080000000, 0x0000000100000000)
  region size 1024K, 3 young (3072K), 3 survivors (3072K)
 Metaspace       used 25888K, capacity 26459K, committed 26624K, reserved 1073152K
  class space    used 3345K, capacity 3551K, committed 3584K, reserved 1048576K
}
Event: 4.507 GC heap before
{Heap before GC invocations=7 (full 0):
 garbage-first heap   total 157696K, used 80235K [0x0000000080000000, 0x0000000100000000)
  region size 1024K, 63 young (64512K), 3 survivors (3072K)
 Metaspace       used 32889K, capacity 33633K, committed 33792K, reserved 1079296K
  class space    used 4332K, capacity 4608K, committed 4608K, reserved 1048576K
}
Event: 4.514 GC heap after
{Heap after GC invocations=8 (full 0):
 garbage-first heap   total 157696K, used 21563K [0x0000000080000000, 0x0000000100000000)
  region size 1024K, 6 young (6144K), 6 survivors (6144K)
 Metaspace       used 32889K, capacity 33633K, committed 33792K, reserved 1079296K
  class space    used 4332K, capacity 4608K, committed 4608K, reserved 1048576K
}
Event: 4.609 GC heap before
{Heap before GC invocations=8 (full 0):
 garbage-first heap   total 157696K, used 23611K [0x0000000080000000, 0x0000000100000000)
  region size 1024K, 9 young (9216K), 6 survivors (6144K)
 Metaspace       used 34938K, capacity 35795K, committed 35840K, reserved 1081344K
  class space    used 4532K, capacity 4839K, committed 4864K, reserved 1048576K
}
Event: 4.624 GC heap after
{Heap after GC invocations=9 (full 0):
 garbage-first heap   total 157696K, used 22150K [0x0000000080000000, 0x0000000100000000)
  region size 1024K, 6 young (6144K), 6 survivors (6144K)
 Metaspace       used 34938K, capacity 35795K, committed 35840K, reserved 1081344K
  class space    used 4532K, capacity 4839K, committed 4864K, reserved 1048576K
}
Event: 5.882 GC heap before
{Heap before GC invocations=10 (full 0):
 garbage-first heap   total 157696K, used 96902K [0x0000000080000000, 0x0000000100000000)
  region size 1024K, 77 young (78848K), 6 survivors (6144K)
 Metaspace       used 40777K, capacity 41805K, committed 41932K, reserved 1085440K
  class space    used 5207K, capacity 5579K, committed 5632K, reserved 1048576K
}
Event: 5.899 GC heap after
{Heap after GC invocations=11 (full 0):
 garbage-first heap   total 157696K, used 28426K [0x0000000080000000, 0x0000000100000000)
  region size 1024K, 10 young (10240K), 10 survivors (10240K)
 Metaspace       used 40777K, capacity 41805K, committed 41932K, reserved 1085440K
  class space    used 5207K, capacity 5579K, committed 5632K, reserved 1048576K
}
Event: 7.439 GC heap before
{Heap before GC invocations=11 (full 0):
 garbage-first heap   total 157696K, used 107274K [0x0000000080000000, 0x0000000100000000)
  region size 1024K, 87 young (89088K), 10 survivors (10240K)
 Metaspace       used 47412K, capacity 48536K, committed 48716K, reserved 1091584K
  class space    used 6107K, capacity 6516K, committed 6528K, reserved 1048576K
}
Event: 7.469 GC heap after
{Heap after GC invocations=12 (full 0):
 garbage-first heap   total 157696K, used 30716K [0x0000000080000000, 0x0000000100000000)
  region size 1024K, 9 young (9216K), 9 survivors (9216K)
 Metaspace       used 47412K, capacity 48536K, committed 48716K, reserved 1091584K
  class space    used 6107K, capacity 6516K, committed 6528K, reserved 1048576K
}
Event: 9.304 GC heap before
{Heap before GC invocations=12 (full 0):
 garbage-first heap   total 157696K, used 119804K [0x0000000080000000, 0x0000000100000000)
  region size 1024K, 92 young (94208K), 9 survivors (9216K)
 Metaspace       used 53901K, capacity 55233K, committed 55500K, reserved 1097728K
  class space    used 6893K, capacity 7387K, committed 7424K, reserved 1048576K
}

Deoptimization events (20 events):
Event: 8.524 Thread 0x000001a99121d000 DEOPT PACKING pc=0x000001a987c46bc8 sp=0x000000040f6f8c70
Event: 8.524 Thread 0x000001a99121d000 DEOPT UNPACKING pc=0x000001a98004a1af sp=0x000000040f6f8bf8 mode 2
Event: 8.531 Thread 0x000001a991aac800 DEOPT PACKING pc=0x000001a9808c83c9 sp=0x000000040f9fcf20
Event: 8.531 Thread 0x000001a991aac800 DEOPT UNPACKING pc=0x000001a98004a95e sp=0x000000040f9fc398 mode 0
Event: 8.587 Thread 0x000001a99121d000 Uncommon trap: trap_request=0xffffff4d fr.pc=0x000001a987b191d8 relative=0x0000000000000578
Event: 8.587 Thread 0x000001a99121d000 Uncommon trap: reason=unstable_if action=reinterpret pc=0x000001a987b191d8 method=java.util.jar.Manifest$FastInputStream.readLine([BII)I @ 130 c2
Event: 8.588 Thread 0x000001a99121d000 DEOPT PACKING pc=0x000001a987b191d8 sp=0x000000040f6f7d40
Event: 8.588 Thread 0x000001a99121d000 DEOPT UNPACKING pc=0x000001a98004a1af sp=0x000000040f6f7cd0 mode 2
Event: 8.910 Thread 0x000001a99121d000 Uncommon trap: trap_request=0xffffff45 fr.pc=0x000001a987c7c37c relative=0x0000000000000d5c
Event: 8.910 Thread 0x000001a99121d000 Uncommon trap: reason=unstable_fused_if action=reinterpret pc=0x000001a987c7c37c method=org.objectweb.asm.ByteVector.putUTF8(Ljava/lang/String;)Lorg/objectweb/asm/ByteVector; @ 93 c2
Event: 8.910 Thread 0x000001a99121d000 DEOPT PACKING pc=0x000001a987c7c37c sp=0x000000040f6f7d50
Event: 8.910 Thread 0x000001a99121d000 DEOPT UNPACKING pc=0x000001a98004a1af sp=0x000000040f6f7ca8 mode 2
Event: 8.942 Thread 0x000001a99121d000 Uncommon trap: trap_request=0xffffff45 fr.pc=0x000001a987bffe74 relative=0x0000000000000214
Event: 8.942 Thread 0x000001a99121d000 Uncommon trap: reason=unstable_fused_if action=reinterpret pc=0x000001a987bffe74 method=org.objectweb.asm.ByteVector.putUTF8(Ljava/lang/String;)Lorg/objectweb/asm/ByteVector; @ 93 c2
Event: 8.942 Thread 0x000001a99121d000 DEOPT PACKING pc=0x000001a987bffe74 sp=0x000000040f6f8070
Event: 8.942 Thread 0x000001a99121d000 DEOPT UNPACKING pc=0x000001a98004a1af sp=0x000000040f6f7ff0 mode 2
Event: 9.143 Thread 0x000001a99121d000 Uncommon trap: trap_request=0xffffff4d fr.pc=0x000001a987c64594 relative=0x0000000000000694
Event: 9.143 Thread 0x000001a99121d000 Uncommon trap: reason=unstable_if action=reinterpret pc=0x000001a987c64594 method=java.io.BufferedInputStream.read([BII)I @ 56 c2
Event: 9.143 Thread 0x000001a99121d000 DEOPT PACKING pc=0x000001a987c64594 sp=0x000000040f6f7af0
Event: 9.143 Thread 0x000001a99121d000 DEOPT UNPACKING pc=0x000001a98004a1af sp=0x000000040f6f7aa8 mode 2

Classes redefined (0 events):
No events

Internal exceptions (20 events):
Event: 8.483 Thread 0x000001a99121d000 Exception <a 'java/lang/ClassNotFoundException'{0x0000000086c47f28}: org/gradle/api/tasks/DeleteCustomizer> (0x0000000086c47f28) thrown at [./src/hotspot/share/classfile/systemDictionary.cpp, line 231]
Event: 8.485 Thread 0x000001a99121d000 Exception <a 'java/lang/ClassNotFoundException'{0x0000000086c884f8}: org/gradle/api/tasks/Delete_DecoratedCustomizer> (0x0000000086c884f8) thrown at [./src/hotspot/share/classfile/systemDictionary.cpp, line 231]
Event: 8.509 Thread 0x000001a99121d000 Exception <a 'java/lang/NoSuchMethodError'{0x0000000086b9deb8}: 'long java.lang.invoke.DirectMethodHandle$Holder.invokeVirtual(java.lang.Object, java.lang.Object)'> (0x0000000086b9deb8) thrown at [./src/hotspot/share/interpreter/linkResolver.cpp, line 773]
Event: 8.518 Thread 0x000001a991aac800 Exception <a 'java/lang/NoSuchMethodError'{0x0000000089888a88}: <clinit>> (0x0000000089888a88) thrown at [./src/hotspot/share/prims/jni.cpp, line 1365]
Event: 8.531 Thread 0x000001a991aac800 Exception <a 'java/lang/NoSuchMethodError'{0x0000000086a12350}: <clinit>> (0x0000000086a12350) thrown at [./src/hotspot/share/prims/jni.cpp, line 1365]
Event: 8.531 Thread 0x000001a991aac800 Exception <a 'java/lang/NoSuchMethodError'{0x0000000086a13460}: <clinit>> (0x0000000086a13460) thrown at [./src/hotspot/share/prims/jni.cpp, line 1365]
Event: 8.531 Thread 0x000001a991aac800 Exception <a 'java/lang/NoSuchMethodError'{0x0000000086a14ac0}: <clinit>> (0x0000000086a14ac0) thrown at [./src/hotspot/share/prims/jni.cpp, line 1365]
Event: 8.532 Thread 0x000001a991aac800 Exception <a 'java/lang/NoSuchMethodError'{0x0000000086a15ae0}: <clinit>> (0x0000000086a15ae0) thrown at [./src/hotspot/share/prims/jni.cpp, line 1365]
Event: 8.533 Thread 0x000001a991aac800 Exception <a 'java/lang/NoSuchMethodError'{0x0000000086a27ea8}: <clinit>> (0x0000000086a27ea8) thrown at [./src/hotspot/share/prims/jni.cpp, line 1365]
Event: 8.534 Thread 0x000001a991aac800 Exception <a 'java/lang/NoSuchMethodError'{0x0000000086a32190}: <clinit>> (0x0000000086a32190) thrown at [./src/hotspot/share/prims/jni.cpp, line 1365]
Event: 8.536 Thread 0x000001a991aac800 Exception <a 'java/lang/NoSuchMethodError'{0x0000000086a45ad0}: <clinit>> (0x0000000086a45ad0) thrown at [./src/hotspot/share/prims/jni.cpp, line 1365]
Event: 8.580 Thread 0x000001a99121d000 Exception <a 'java/lang/ClassNotFoundException'{0x0000000086ada040}: build_cve03uhlzvkejjb44rqpvo0rzBeanInfo> (0x0000000086ada040) thrown at [./src/hotspot/share/classfile/systemDictionary.cpp, line 231]
Event: 8.580 Thread 0x000001a99121d000 Exception <a 'java/lang/ClassNotFoundException'{0x0000000086ae5238}: build_cve03uhlzvkejjb44rqpvo0rzCustomizer> (0x0000000086ae5238) thrown at [./src/hotspot/share/classfile/systemDictionary.cpp, line 231]
Event: 8.612 Thread 0x000001a99121d000 Exception <a 'java/lang/ClassNotFoundException'{0x000000008686f470}: org/gradle/api/internal/plugins/DefaultObjectConfigurationActionBeanInfo> (0x000000008686f470) thrown at [./src/hotspot/share/classfile/systemDictionary.cpp, line 231]
Event: 8.613 Thread 0x000001a99121d000 Exception <a 'java/lang/ClassNotFoundException'{0x00000000868a4898}: org/gradle/api/internal/plugins/DefaultObjectConfigurationActionCustomizer> (0x00000000868a4898) thrown at [./src/hotspot/share/classfile/systemDictionary.cpp, line 231]
Event: 8.896 Thread 0x000001a99121d000 Exception <a 'java/lang/NoSuchMethodError'{0x0000000085ee4580}: 'java.lang.Object java.lang.invoke.DirectMethodHandle$Holder.invokeStatic(java.lang.Object, java.lang.Object, java.lang.Object, java.lang.Object, int)'> (0x0000000085ee4580) thrown at [./src/hotspot/share/interpreter/linkResolver.cpp, line 773]
Event: 8.896 Thread 0x000001a99121d000 Exception <a 'java/lang/NoSuchMethodError'{0x0000000085ee8f78}: 'java.lang.Object java.lang.invoke.DirectMethodHandle$Holder.invokeSpecial(java.lang.Object, java.lang.Object, java.lang.Object, java.lang.Object, java.lang.Object, int)'> (0x0000000085ee8f78) thrown at [./src/hotspot/share/interpreter/linkResolver.cpp, line 773]
Event: 8.896 Thread 0x000001a99121d000 Exception <a 'java/lang/NoSuchMethodError'{0x0000000085eed5b8}: 'java.lang.Object java.lang.invoke.Invokers$Holder.linkToTargetMethod(java.lang.Object, java.lang.Object, java.lang.Object, int, java.lang.Object)'> (0x0000000085eed5b8) thrown at [./src/hotspot/share/interpreter/linkResolver.cpp, line 773]
Event: 9.173 Thread 0x000001a99121d000 Exception <a 'java/lang/NoSuchMethodError'{0x0000000084e21b90}: 'java.lang.Object java.lang.invoke.DirectMethodHandle$Holder.invokeSpecial(java.lang.Object, java.lang.Object, int, int, java.lang.Object, java.lang.Object, java.lang.Object)'> (0x0000000084e21b90) thrown at [./src/hotspot/share/interpreter/linkResolver.cpp, line 773]
Event: 9.173 Thread 0x000001a99121d000 Exception <a 'java/lang/NoSuchMethodError'{0x0000000084e26110}: 'java.lang.Object java.lang.invoke.DelegatingMethodHandle$Holder.reinvoke_L(java.lang.Object, int, int, java.lang.Object, java.lang.Object, java.lang.Object)'> (0x0000000084e26110) thrown at [./src/hotspot/share/interpreter/linkResolver.cpp, line 773]

Events (20 events):
Event: 9.299 loading class org/w3c/dom/events/EventException done
Event: 9.301 loading class org/apache/xerces/dom/DeferredAttrNSImpl
Event: 9.301 loading class org/apache/xerces/dom/DeferredAttrNSImpl done
Event: 9.302 loading class org/apache/xerces/dom/DeferredAttrImpl
Event: 9.302 loading class org/apache/xerces/dom/DeferredAttrImpl done
Event: 9.302 loading class org/apache/xerces/dom/DeferredCDATASectionImpl
Event: 9.302 loading class org/apache/xerces/dom/DeferredCDATASectionImpl done
Event: 9.302 loading class org/apache/xerces/dom/CDATASectionImpl
Event: 9.302 loading class org/apache/xerces/dom/CDATASectionImpl done
Event: 9.302 loading class org/apache/xerces/dom/TextImpl
Event: 9.302 loading class org/apache/xerces/dom/TextImpl done
Event: 9.303 loading class org/apache/xerces/dom/CharacterDataImpl
Event: 9.303 loading class org/apache/xerces/dom/CharacterDataImpl done
Event: 9.303 loading class org/apache/xerces/dom/DeferredCommentImpl
Event: 9.303 loading class org/apache/xerces/dom/DeferredCommentImpl done
Event: 9.304 loading class org/apache/xerces/dom/CommentImpl
Event: 9.304 loading class org/apache/xerces/dom/CommentImpl done
Event: 9.304 loading class org/apache/xerces/dom/DeferredDocumentTypeImpl
Event: 9.304 loading class org/apache/xerces/dom/DeferredDocumentTypeImpl done
Event: 9.304 Executing VM operation: G1CollectForAllocation


Dynamic libraries:
0x00007ff71ad90000 - 0x00007ff71ad9a000 	C:\Program Files\Android\Android Studio\jre\bin\java.exe
0x00007ffa9fe40000 - 0x00007ffaa0049000 	C:\Windows\SYSTEM32\ntdll.dll
0x00007ffa9ed00000 - 0x00007ffa9edbd000 	C:\Windows\System32\KERNEL32.DLL
0x00007ffa9d510000 - 0x00007ffa9d884000 	C:\Windows\System32\KERNELBASE.dll
0x00007ffa9dbc0000 - 0x00007ffa9dcd1000 	C:\Windows\System32\ucrtbase.dll
0x00007ffa94430000 - 0x00007ffa94449000 	C:\Program Files\Android\Android Studio\jre\bin\jli.dll
0x00007ffa94410000 - 0x00007ffa94427000 	C:\Program Files\Android\Android Studio\jre\bin\VCRUNTIME140.dll
0x00007ffa9eb50000 - 0x00007ffa9ecfc000 	C:\Windows\System32\USER32.dll
0x00007ffa9d3a0000 - 0x00007ffa9d3c6000 	C:\Windows\System32\win32u.dll
0x00007ffa76ba0000 - 0x00007ffa76e45000 	C:\Windows\WinSxS\amd64_microsoft.windows.common-controls_6595b64144ccf1df_6.0.22000.120_none_9d947278b86cc467\COMCTL32.dll
0x00007ffa9f780000 - 0x00007ffa9f7a9000 	C:\Windows\System32\GDI32.dll
0x00007ffa9ef50000 - 0x00007ffa9eff3000 	C:\Windows\System32\msvcrt.dll
0x00007ffa9d930000 - 0x00007ffa9da42000 	C:\Windows\System32\gdi32full.dll
0x00007ffa9d890000 - 0x00007ffa9d92d000 	C:\Windows\System32\msvcp_win.dll
0x00007ffa9eb10000 - 0x00007ffa9eb41000 	C:\Windows\System32\IMM32.DLL
0x00007ffa6f540000 - 0x00007ffa6f5dd000 	C:\Program Files\Android\Android Studio\jre\bin\msvcp140.dll
0x00007ffa55f50000 - 0x00007ffa56a35000 	C:\Program Files\Android\Android Studio\jre\bin\server\jvm.dll
0x00007ffa9fb50000 - 0x00007ffa9fbfe000 	C:\Windows\System32\ADVAPI32.dll
0x00007ffa9eeb0000 - 0x00007ffa9ef4e000 	C:\Windows\System32\sechost.dll
0x00007ffa9fc80000 - 0x00007ffa9fda0000 	C:\Windows\System32\RPCRT4.dll
0x00007ffa9f6f0000 - 0x00007ffa9f6f8000 	C:\Windows\System32\PSAPI.DLL
0x00007ffa76350000 - 0x00007ffa76359000 	C:\Windows\SYSTEM32\WSOCK32.dll
0x00007ffa92b60000 - 0x00007ffa92b93000 	C:\Windows\SYSTEM32\WINMM.dll
0x00007ffa9e9f0000 - 0x00007ffa9ea5f000 	C:\Windows\System32\WS2_32.dll
0x00007ffa8a860000 - 0x00007ffa8a86a000 	C:\Windows\SYSTEM32\VERSION.dll
0x00007ffa9be10000 - 0x00007ffa9be28000 	C:\Windows\SYSTEM32\kernel.appcore.dll
0x00007ffa75f60000 - 0x00007ffa75f71000 	C:\Program Files\Android\Android Studio\jre\bin\verify.dll
0x00007ffa96210000 - 0x00007ffa96431000 	C:\Windows\SYSTEM32\DBGHELP.DLL
0x00007ffa8a100000 - 0x00007ffa8a131000 	C:\Windows\SYSTEM32\dbgcore.DLL
0x00007ffa9d3d0000 - 0x00007ffa9d44f000 	C:\Windows\System32\bcryptPrimitives.dll
0x00007ffa75dc0000 - 0x00007ffa75de9000 	C:\Program Files\Android\Android Studio\jre\bin\java.dll
0x00007ffa75db0000 - 0x00007ffa75dbb000 	C:\Program Files\Android\Android Studio\jre\bin\jimage.dll
0x00007ffa75230000 - 0x00007ffa75248000 	C:\Program Files\Android\Android Studio\jre\bin\zip.dll
0x00007ffa9dce0000 - 0x00007ffa9e48e000 	C:\Windows\System32\SHELL32.dll
0x00007ffa9b5a0000 - 0x00007ffa9be07000 	C:\Windows\SYSTEM32\windows.storage.dll
0x00007ffa9e580000 - 0x00007ffa9e8f8000 	C:\Windows\System32\combase.dll
0x00007ffa9b430000 - 0x00007ffa9b596000 	C:\Windows\SYSTEM32\wintypes.dll
0x00007ffa9edc0000 - 0x00007ffa9eeaa000 	C:\Windows\System32\SHCORE.dll
0x00007ffa9fc20000 - 0x00007ffa9fc7d000 	C:\Windows\System32\shlwapi.dll
0x00007ffa9d260000 - 0x00007ffa9d281000 	C:\Windows\SYSTEM32\profapi.dll
0x00007ffa75210000 - 0x00007ffa7522a000 	C:\Program Files\Android\Android Studio\jre\bin\net.dll
0x00007ffa912e0000 - 0x00007ffa913ec000 	C:\Windows\SYSTEM32\WINHTTP.dll
0x00007ffa9c950000 - 0x00007ffa9c9b7000 	C:\Windows\system32\mswsock.dll
0x00007ffa751f0000 - 0x00007ffa75204000 	C:\Program Files\Android\Android Studio\jre\bin\nio.dll
0x00007ffa75400000 - 0x00007ffa75427000 	C:\Users\Admin\.gradle\native\e1d6ef7f7dcc3fd88c89a11ec53ec762bb8ba0a96d01ffa2cd45eb1d1d8dd5c5\windows-amd64\native-platform.dll
0x00007ff9f56a0000 - 0x00007ff9f57e4000 	C:\Users\Admin\.gradle\native\5664cfc778a61ccfe75a443a1ab52a65af34e5dc3c78e0209fed803814484fcb\windows-amd64\native-platform-file-events.dll
0x00007ffa75440000 - 0x00007ffa7544a000 	C:\Program Files\Android\Android Studio\jre\bin\management.dll
0x00007ffa751e0000 - 0x00007ffa751ed000 	C:\Program Files\Android\Android Studio\jre\bin\management_ext.dll
0x00007ffa9cb90000 - 0x00007ffa9cba8000 	C:\Windows\SYSTEM32\CRYPTSP.dll
0x00007ffa9c4b0000 - 0x00007ffa9c4e5000 	C:\Windows\system32\rsaenh.dll
0x00007ffa9ca40000 - 0x00007ffa9ca69000 	C:\Windows\SYSTEM32\USERENV.dll
0x00007ffa9cd10000 - 0x00007ffa9cd37000 	C:\Windows\SYSTEM32\bcrypt.dll
0x00007ffa9cbb0000 - 0x00007ffa9cbbc000 	C:\Windows\SYSTEM32\CRYPTBASE.dll
0x00007ffa9c080000 - 0x00007ffa9c0ad000 	C:\Windows\SYSTEM32\IPHLPAPI.DLL
0x00007ffa9e9e0000 - 0x00007ffa9e9e9000 	C:\Windows\System32\NSI.dll
0x00007ffa91230000 - 0x00007ffa91249000 	C:\Windows\SYSTEM32\dhcpcsvc6.DLL
0x00007ffa91d10000 - 0x00007ffa91d2e000 	C:\Windows\SYSTEM32\dhcpcsvc.DLL
0x00007ffa9c0f0000 - 0x00007ffa9c1d7000 	C:\Windows\SYSTEM32\DNSAPI.dll

dbghelp: loaded successfully - version: 4.0.5 - missing functions: none
symbol engine: initialized successfully - sym options: 0x614 - pdb path: .;C:\Program Files\Android\Android Studio\jre\bin;C:\Windows\SYSTEM32;C:\Windows\WinSxS\amd64_microsoft.windows.common-controls_6595b64144ccf1df_6.0.22000.120_none_9d947278b86cc467;C:\Program Files\Android\Android Studio\jre\bin\server;C:\Users\Admin\.gradle\native\e1d6ef7f7dcc3fd88c89a11ec53ec762bb8ba0a96d01ffa2cd45eb1d1d8dd5c5\windows-amd64;C:\Users\Admin\.gradle\native\5664cfc778a61ccfe75a443a1ab52a65af34e5dc3c78e0209fed803814484fcb\windows-amd64

VM Arguments:
jvm_args: --add-opens=java.base/java.util=ALL-UNNAMED --add-opens=java.base/java.lang=ALL-UNNAMED --add-opens=java.base/java.lang.invoke=ALL-UNNAMED --add-opens=java.base/java.util=ALL-UNNAMED --add-opens=java.prefs/java.util.prefs=ALL-UNNAMED --add-opens=java.prefs/java.util.prefs=ALL-UNNAMED --add-opens=java.base/java.nio.charset=ALL-UNNAMED --add-opens=java.base/java.net=ALL-UNNAMED --add-opens=java.base/java.util.concurrent.atomic=ALL-UNNAMED -Xmx2048m -Dfile.encoding=UTF-8 -Duser.country=US -Duser.language=en -Duser.variant 
java_command: org.gradle.launcher.daemon.bootstrap.GradleDaemon 7.3.3
java_class_path (initial): C:\Users\Admin\.gradle\wrapper\dists\gradle-7.3.3-bin\6a41zxkdtcxs8rphpq6y0069z\gradle-7.3.3\lib\gradle-launcher-7.3.3.jar
Launcher Type: SUN_STANDARD

[Global flags]
     intx CICompilerCount                          = 3                                         {product} {ergonomic}
     uint ConcGCThreads                            = 1                                         {product} {ergonomic}
     uint G1ConcRefinementThreads                  = 4                                         {product} {ergonomic}
   size_t G1HeapRegionSize                         = 1048576                                   {product} {ergonomic}
    uintx GCDrainStackTargetSize                   = 64                                        {product} {ergonomic}
   size_t InitialHeapSize                          = 134217728                                 {product} {ergonomic}
   size_t MarkStackSize                            = 4194304                                   {product} {ergonomic}
   size_t MaxHeapSize                              = 2147483648                                {product} {command line}
   size_t MaxNewSize                               = 1287651328                                {product} {ergonomic}
   size_t MinHeapDeltaBytes                        = 1048576                                   {product} {ergonomic}
    uintx NonNMethodCodeHeapSize                   = 5830732                                {pd product} {ergonomic}
    uintx NonProfiledCodeHeapSize                  = 122913754                              {pd product} {ergonomic}
    uintx ProfiledCodeHeapSize                     = 122913754                              {pd product} {ergonomic}
    uintx ReservedCodeCacheSize                    = 251658240                              {pd product} {ergonomic}
     bool SegmentedCodeCache                       = true                                      {product} {ergonomic}
     bool UseCompressedClassPointers               = true                                 {lp64_product} {ergonomic}
     bool UseCompressedOops                        = true                                 {lp64_product} {ergonomic}
     bool UseG1GC                                  = true                                      {product} {ergonomic}
     bool UseLargePagesIndividualAllocation        = false                                  {pd product} {ergonomic}

Logging:
Log output configuration:
 #0: stdout all=warning uptime,level,tags
 #1: stderr all=off uptime,level,tags

Environment Variables:
PATH=C:\Program Files\Common Files\Oracle\Java\javapath;C:\Program Files (x86)\Common Files\Oracle\Java\javapath;C:\Windows\system32;C:\Windows;C:\Windows\System32\Wbem;C:\Windows\System32\WindowsPowerShell\v1.0\;C:\Windows\System32\OpenSSH\;C:\Program Files (x86)\Intel\Intel(R) Management Engine Components\DAL;C:\Program Files\Intel\Intel(R) Management Engine Components\DAL;C:\Program Files\Git\cmd;C:\Users\Admin\AppData\Local\Microsoft\WindowsApps;C:\Users\Admin\AppData\Local\Programs\Microsoft VS Code\bin;C:\Users\Admin\AppData\Local\atom\bin;C:\Users\Admin\AppData\Local\GitHubDesktop\bin
USERNAME=Admin
OS=Windows_NT
PROCESSOR_IDENTIFIER=Intel64 Family 6 Model 78 Stepping 3, GenuineIntel



---------------  S Y S T E M  ---------------

OS: Windows 10 , 64 bit Build 22000 (10.0.22000.434)
OS uptime: 0 days 0:07 hours

CPU:total 4 (initial active 4) (2 cores per cpu, 2 threads per core) family 6 model 78 stepping 3 microcode 0xd6, cmov, cx8, fxsr, mmx, sse, sse2, sse3, ssse3, sse4.1, sse4.2, popcnt, avx, avx2, aes, clmul, erms, rtm, 3dnowpref, lzcnt, ht, tsc, tscinvbit, bmi1, bmi2, adx, fma

Memory: 4k page, system-wide physical 8072M (1454M free)
TotalPageFile size 8072M (AvailPageFile size 7M)
current process WorkingSet (physical memory assigned to process): 328M, peak: 330M
current process commit charge ("private bytes"): 377M, peak: 409M

vm_info: OpenJDK 64-Bit Server VM (11.0.12+7-b1504.28-7817840) for windows-amd64 JRE (11.0.12+7-b1504.28-7817840), built on Oct 13 2021 22:12:33 by "builder" with MS VC++ 14.0 (VS2015)

END.
