#
# There is insufficient memory for the Java Runtime Environment to continue.
# Native memory allocation (malloc) failed to allocate 178416 bytes for Chunk::new
# Possible reasons:
#   The system is out of physical RAM or swap space
#   The process is running with CompressedOops enabled, and the Java Heap may be blocking the growth of the native heap
# Possible solutions:
#   Reduce memory load on the system
#   Increase physical memory or swap space
#   Check if swap backing store is full
#   Decrease Java heap size (-Xmx/-Xms)
#   Decrease number of Java threads
#   Decrease Java thread stack sizes (-Xss)
#   Set larger code cache with -XX:ReservedCodeCacheSize=
#   JVM is running with Unscaled Compressed Oops mode in which the Java heap is
#     placed in the first 4GB address space. The Java Heap base address is the
#     maximum limit for the native heap growth. Please use -XX:HeapBaseMinAddress
#     to set the Java Heap base and to place the Java Heap above 4GB virtual address.
# This output file may be truncated or incomplete.
#
#  Out of Memory Error (./src/hotspot/share/memory/arena.cpp:197), pid=4540, tid=1900
#
# JRE version: OpenJDK Runtime Environment (11.0.12+7) (build 11.0.12+7-b1504.28-7817840)
# Java VM: OpenJDK 64-Bit Server VM (11.0.12+7-b1504.28-7817840, mixed mode, tiered, compressed oops, g1 gc, windows-amd64)
# No core dump will be written. Minidumps are not enabled by default on client versions of Windows
#

---------------  S U M M A R Y ------------

Command Line: --add-opens=java.base/java.util=ALL-UNNAMED --add-opens=java.base/java.lang=ALL-UNNAMED --add-opens=java.base/java.lang.invoke=ALL-UNNAMED --add-opens=java.base/java.util=ALL-UNNAMED --add-opens=java.prefs/java.util.prefs=ALL-UNNAMED --add-opens=java.prefs/java.util.prefs=ALL-UNNAMED --add-opens=java.base/java.nio.charset=ALL-UNNAMED --add-opens=java.base/java.net=ALL-UNNAMED --add-opens=java.base/java.util.concurrent.atomic=ALL-UNNAMED -Xmx2048m -Dfile.encoding=UTF-8 -Duser.country=US -Duser.language=en -Duser.variant org.gradle.launcher.daemon.bootstrap.GradleDaemon 7.3.3

Host: Intel(R) Core(TM) i7-6600U CPU @ 2.60GHz, 4 cores, 7G,  Windows 10 , 64 bit Build 22000 (10.0.22000.434)
Time: Mon Aug 15 09:25:26 2022 Egypt Standard Time elapsed time: 30.854749 seconds (0d 0h 0m 30s)

---------------  T H R E A D  ---------------

Current thread (0x00000177cd254800):  JavaThread "C2 CompilerThread0" daemon [_thread_in_native, id=1900, stack(0x00000043bc900000,0x00000043bca00000)]


Current CompileTask:
C2:  30854 6598       4       java.util.regex.Pattern::RemoveQEQuoting (346 bytes)

Stack: [0x00000043bc900000,0x00000043bca00000]
Native frames: (J=compiled Java code, j=interpreted, Vv=VM code, C=native code)
V  [jvm.dll+0x5fbcea]
V  [jvm.dll+0x731905]
V  [jvm.dll+0x732f1d]
V  [jvm.dll+0x7335d3]
V  [jvm.dll+0x247bf8]
V  [jvm.dll+0xc018c]
V  [jvm.dll+0xc06cc]
V  [jvm.dll+0x35b2db]
V  [jvm.dll+0x328803]
V  [jvm.dll+0x327cfa]
V  [jvm.dll+0x200602]
V  [jvm.dll+0x1ff794]
V  [jvm.dll+0x18868c]
V  [jvm.dll+0x20e0d7]
V  [jvm.dll+0x20c901]
V  [jvm.dll+0x6f9b7f]
V  [jvm.dll+0x6f26a5]
V  [jvm.dll+0x5fabf6]
C  [ucrtbase.dll+0x26c0c]
C  [KERNEL32.DLL+0x154e0]
C  [ntdll.dll+0x485b]


---------------  P R O C E S S  ---------------

Threads class SMR info:
_java_thread_list=0x00000177d427db00, length=79, elements={
0x00000177b363e000, 0x00000177cd230000, 0x00000177cd233000, 0x00000177cdbc2800,
0x00000177cd252800, 0x00000177cd253800, 0x00000177cd254800, 0x00000177cd255800,
0x00000177cdc02800, 0x00000177cdcfc000, 0x00000177cf5d9000, 0x00000177ce973000,
0x00000177cf4cd800, 0x00000177cfd4c800, 0x00000177cfde0000, 0x00000177ce77e000,
0x00000177cffa6800, 0x00000177cf631800, 0x00000177d0212000, 0x00000177cea04000,
0x00000177cea01000, 0x00000177cea00000, 0x00000177cea01800, 0x00000177cea05000,
0x00000177cea02800, 0x00000177ce9ff800, 0x00000177cea06000, 0x00000177cea03800,
0x00000177cddb6800, 0x00000177cddb7800, 0x00000177cddb6000, 0x00000177cddb5000,
0x00000177cddb8800, 0x00000177cddb3800, 0x00000177cddbb800, 0x00000177cddbf000,
0x00000177cddbe000, 0x00000177cddba000, 0x00000177cddbf800, 0x00000177cddc0800,
0x00000177cddbb000, 0x00000177cddc1800, 0x00000177cddc2000, 0x00000177cddbd800,
0x00000177cddbc800, 0x00000177d3d79000, 0x00000177d3d74800, 0x00000177d3d73800,
0x00000177d3d78800, 0x00000177d3d7a000, 0x00000177d3d7b000, 0x00000177d3d77800,
0x00000177d3d75000, 0x00000177d3d7b800, 0x00000177d3d76000, 0x00000177d3d7c800,
0x00000177d3d77000, 0x00000177d3d81800, 0x00000177d3d7f000, 0x00000177d3d7e000,
0x00000177d3d7d800, 0x00000177d3d80000, 0x00000177d3d82000, 0x00000177d3d80800,
0x00000177cfd72800, 0x00000177cfd73000, 0x00000177cfd6d800, 0x00000177cfd70800,
0x00000177cfd6f000, 0x00000177cfd71800, 0x00000177cfd74000, 0x00000177cfd6e000,
0x00000177cfd74800, 0x00000177cfd70000, 0x00000177cfd78000, 0x00000177cfd7a800,
0x00000177cfd7b800, 0x00000177cfd79800, 0x00000177d385b800
}

Java Threads: ( => current thread )
  0x00000177b363e000 JavaThread "main" [_thread_blocked, id=12228, stack(0x00000043bbc00000,0x00000043bbd00000)]
  0x00000177cd230000 JavaThread "Reference Handler" daemon [_thread_blocked, id=5116, stack(0x00000043bc400000,0x00000043bc500000)]
  0x00000177cd233000 JavaThread "Finalizer" daemon [_thread_blocked, id=11960, stack(0x00000043bc500000,0x00000043bc600000)]
  0x00000177cdbc2800 JavaThread "Signal Dispatcher" daemon [_thread_blocked, id=3152, stack(0x00000043bc600000,0x00000043bc700000)]
  0x00000177cd252800 JavaThread "Attach Listener" daemon [_thread_blocked, id=5688, stack(0x00000043bc700000,0x00000043bc800000)]
  0x00000177cd253800 JavaThread "Service Thread" daemon [_thread_blocked, id=11160, stack(0x00000043bc800000,0x00000043bc900000)]
=>0x00000177cd254800 JavaThread "C2 CompilerThread0" daemon [_thread_in_native, id=1900, stack(0x00000043bc900000,0x00000043bca00000)]
  0x00000177cd255800 JavaThread "C1 CompilerThread0" daemon [_thread_blocked, id=8420, stack(0x00000043bca00000,0x00000043bcb00000)]
  0x00000177cdc02800 JavaThread "Sweeper thread" daemon [_thread_blocked, id=11656, stack(0x00000043bcb00000,0x00000043bcc00000)]
  0x00000177cdcfc000 JavaThread "Common-Cleaner" daemon [_thread_blocked, id=11392, stack(0x00000043bcc00000,0x00000043bcd00000)]
  0x00000177cf5d9000 JavaThread "Daemon health stats" [_thread_blocked, id=1244, stack(0x00000043bd100000,0x00000043bd200000)]
  0x00000177ce973000 JavaThread "Incoming local TCP Connector on port 55001" [_thread_in_native, id=11072, stack(0x00000043bce00000,0x00000043bcf00000)]
  0x00000177cf4cd800 JavaThread "Daemon periodic checks" [_thread_blocked, id=9608, stack(0x00000043bd200000,0x00000043bd300000)]
  0x00000177cfd4c800 JavaThread "Daemon" [_thread_blocked, id=10432, stack(0x00000043bd300000,0x00000043bd400000)]
  0x00000177cfde0000 JavaThread "Handler for socket connection from /127.0.0.1:55001 to /127.0.0.1:55002" [_thread_in_native, id=5968, stack(0x00000043bd400000,0x00000043bd500000)]
  0x00000177ce77e000 JavaThread "Cancel handler" [_thread_blocked, id=4604, stack(0x00000043bd500000,0x00000043bd600000)]
  0x00000177cffa6800 JavaThread "Daemon worker" [_thread_in_vm, id=12284, stack(0x00000043bd600000,0x00000043bd700000)]
  0x00000177cf631800 JavaThread "Asynchronous log dispatcher for DefaultDaemonConnection: socket connection from /127.0.0.1:55001 to /127.0.0.1:55002" [_thread_blocked, id=8360, stack(0x00000043bd800000,0x00000043bd900000)]
  0x00000177d0212000 JavaThread "Stdin handler" [_thread_blocked, id=4716, stack(0x00000043bd900000,0x00000043bda00000)]
  0x00000177cea04000 JavaThread "Daemon client event forwarder" [_thread_blocked, id=6404, stack(0x00000043bda00000,0x00000043bdb00000)]
  0x00000177cea01000 JavaThread "Cache worker for journal cache (C:\Users\Admin\.gradle\caches\journal-1)" [_thread_blocked, id=3248, stack(0x00000043bdc00000,0x00000043bdd00000)]
  0x00000177cea00000 JavaThread "File lock request listener" [_thread_in_native, id=4808, stack(0x00000043bdd00000,0x00000043bde00000)]
  0x00000177cea01800 JavaThread "Cache worker for file hash cache (C:\Users\Admin\.gradle\caches\7.3.3\fileHashes)" [_thread_blocked, id=9288, stack(0x00000043bde00000,0x00000043bdf00000)]
  0x00000177cea05000 JavaThread "Cache worker for file hash cache (C:\Users\Admin\Desktop\jana\cw66\.gradle\7.3.3\fileHashes)" [_thread_blocked, id=5928, stack(0x00000043bd700000,0x00000043bd800000)]
  0x00000177cea02800 JavaThread "File watcher server" daemon [_thread_in_native, id=10696, stack(0x00000043be000000,0x00000043be100000)]
  0x00000177ce9ff800 JavaThread "File watcher consumer" daemon [_thread_blocked, id=10372, stack(0x00000043bdf00000,0x00000043be000000)]
  0x00000177cea06000 JavaThread "Cache worker for checksums cache (C:\Users\Admin\Desktop\jana\cw66\.gradle\7.3.3\checksums)" [_thread_blocked, id=10912, stack(0x00000043be100000,0x00000043be200000)]
  0x00000177cea03800 JavaThread "Cache worker for cache directory md-supplier (C:\Users\Admin\.gradle\caches\7.3.3\md-supplier)" [_thread_blocked, id=9720, stack(0x00000043be200000,0x00000043be300000)]
  0x00000177cddb6800 JavaThread "Cache worker for cache directory md-rule (C:\Users\Admin\.gradle\caches\7.3.3\md-rule)" [_thread_blocked, id=5272, stack(0x00000043be300000,0x00000043be400000)]
  0x00000177cddb7800 JavaThread "Cache worker for execution history cache (C:\Users\Admin\.gradle\caches\7.3.3\executionHistory)" [_thread_blocked, id=8444, stack(0x00000043be400000,0x00000043be500000)]
  0x00000177cddb6000 JavaThread "jar transforms" [_thread_blocked, id=7944, stack(0x00000043be600000,0x00000043be700000)]
  0x00000177cddb5000 JavaThread "Cache worker for file content cache (C:\Users\Admin\.gradle\caches\7.3.3\fileContent)" [_thread_blocked, id=8552, stack(0x00000043be700000,0x00000043be800000)]
  0x00000177cddb8800 JavaThread "jar transforms Thread 2" [_thread_blocked, id=5416, stack(0x00000043be800000,0x00000043be900000)]
  0x00000177cddb3800 JavaThread "Cache worker for dependencies-accessors (C:\Users\Admin\Desktop\jana\cw66\.gradle\7.3.3\dependencies-accessors)" [_thread_blocked, id=1644, stack(0x00000043be500000,0x00000043be600000)]
  0x00000177cddbb800 JavaThread "jar transforms Thread 3" [_thread_blocked, id=7452, stack(0x00000043be900000,0x00000043bea00000)]
  0x00000177cddbf000 JavaThread "Cache worker for Build Output Cleanup Cache (C:\Users\Admin\Desktop\jana\cw66\.gradle\buildOutputCleanup)" [_thread_blocked, id=2236, stack(0x00000043bea00000,0x00000043beb00000)]
  0x00000177cddbe000 JavaThread "Unconstrained build operations" [_thread_blocked, id=5100, stack(0x00000043bec00000,0x00000043bed00000)]
  0x00000177cddba000 JavaThread "Unconstrained build operations Thread 2" [_thread_blocked, id=8496, stack(0x00000043bed00000,0x00000043bee00000)]
  0x00000177cddbf800 JavaThread "Unconstrained build operations Thread 3" [_thread_blocked, id=8728, stack(0x00000043bee00000,0x00000043bef00000)]
  0x00000177cddc0800 JavaThread "Unconstrained build operations Thread 4" [_thread_blocked, id=4972, stack(0x00000043bef00000,0x00000043bf000000)]
  0x00000177cddbb000 JavaThread "Unconstrained build operations Thread 5" [_thread_blocked, id=7356, stack(0x00000043bf000000,0x00000043bf100000)]
  0x00000177cddc1800 JavaThread "Unconstrained build operations Thread 6" [_thread_blocked, id=1236, stack(0x00000043bf100000,0x00000043bf200000)]
  0x00000177cddc2000 JavaThread "Unconstrained build operations Thread 7" [_thread_blocked, id=8520, stack(0x00000043bf200000,0x00000043bf300000)]
  0x00000177cddbd800 JavaThread "Unconstrained build operations Thread 8" [_thread_blocked, id=7692, stack(0x00000043bf300000,0x00000043bf400000)]
  0x00000177cddbc800 JavaThread "Unconstrained build operations Thread 9" [_thread_blocked, id=8408, stack(0x00000043bf400000,0x00000043bf500000)]
  0x00000177d3d79000 JavaThread "Unconstrained build operations Thread 10" [_thread_blocked, id=6840, stack(0x00000043bf500000,0x00000043bf600000)]
  0x00000177d3d74800 JavaThread "Unconstrained build operations Thread 11" [_thread_blocked, id=7184, stack(0x00000043bf600000,0x00000043bf700000)]
  0x00000177d3d73800 JavaThread "Unconstrained build operations Thread 12" [_thread_blocked, id=3844, stack(0x00000043bf700000,0x00000043bf800000)]
  0x00000177d3d78800 JavaThread "Unconstrained build operations Thread 13" [_thread_blocked, id=8140, stack(0x00000043bf800000,0x00000043bf900000)]
  0x00000177d3d7a000 JavaThread "Unconstrained build operations Thread 14" [_thread_blocked, id=2176, stack(0x00000043bf900000,0x00000043bfa00000)]
  0x00000177d3d7b000 JavaThread "Unconstrained build operations Thread 15" [_thread_blocked, id=4524, stack(0x00000043bfa00000,0x00000043bfb00000)]
  0x00000177d3d77800 JavaThread "Unconstrained build operations Thread 16" [_thread_blocked, id=6156, stack(0x00000043bfb00000,0x00000043bfc00000)]
  0x00000177d3d75000 JavaThread "Unconstrained build operations Thread 17" [_thread_blocked, id=8508, stack(0x00000043bfc00000,0x00000043bfd00000)]
  0x00000177d3d7b800 JavaThread "Unconstrained build operations Thread 18" [_thread_blocked, id=7372, stack(0x00000043bfd00000,0x00000043bfe00000)]
  0x00000177d3d76000 JavaThread "Unconstrained build operations Thread 19" [_thread_blocked, id=5452, stack(0x00000043bfe00000,0x00000043bff00000)]
  0x00000177d3d7c800 JavaThread "Unconstrained build operations Thread 20" [_thread_blocked, id=6516, stack(0x00000043bff00000,0x00000043c0000000)]
  0x00000177d3d77000 JavaThread "Unconstrained build operations Thread 21" [_thread_blocked, id=3044, stack(0x00000043c0000000,0x00000043c0100000)]
  0x00000177d3d81800 JavaThread "Unconstrained build operations Thread 22" [_thread_blocked, id=8136, stack(0x00000043c0100000,0x00000043c0200000)]
  0x00000177d3d7f000 JavaThread "Unconstrained build operations Thread 23" [_thread_blocked, id=2756, stack(0x00000043c0200000,0x00000043c0300000)]
  0x00000177d3d7e000 JavaThread "Unconstrained build operations Thread 24" [_thread_blocked, id=4912, stack(0x00000043c0300000,0x00000043c0400000)]
  0x00000177d3d7d800 JavaThread "Unconstrained build operations Thread 25" [_thread_blocked, id=7188, stack(0x00000043c0400000,0x00000043c0500000)]
  0x00000177d3d80000 JavaThread "Unconstrained build operations Thread 26" [_thread_blocked, id=7256, stack(0x00000043c0500000,0x00000043c0600000)]
  0x00000177d3d82000 JavaThread "Unconstrained build operations Thread 27" [_thread_blocked, id=5132, stack(0x00000043c0600000,0x00000043c0700000)]
  0x00000177d3d80800 JavaThread "Unconstrained build operations Thread 28" [_thread_blocked, id=1176, stack(0x00000043c0700000,0x00000043c0800000)]
  0x00000177cfd72800 JavaThread "Unconstrained build operations Thread 29" [_thread_blocked, id=1324, stack(0x00000043c0800000,0x00000043c0900000)]
  0x00000177cfd73000 JavaThread "Unconstrained build operations Thread 30" [_thread_blocked, id=8000, stack(0x00000043c0900000,0x00000043c0a00000)]
  0x00000177cfd6d800 JavaThread "Unconstrained build operations Thread 31" [_thread_blocked, id=8504, stack(0x00000043c0a00000,0x00000043c0b00000)]
  0x00000177cfd70800 JavaThread "Unconstrained build operations Thread 32" [_thread_blocked, id=5260, stack(0x00000043c0b00000,0x00000043c0c00000)]
  0x00000177cfd6f000 JavaThread "Unconstrained build operations Thread 33" [_thread_blocked, id=8056, stack(0x00000043c0c00000,0x00000043c0d00000)]
  0x00000177cfd71800 JavaThread "Unconstrained build operations Thread 34" [_thread_blocked, id=6668, stack(0x00000043c0d00000,0x00000043c0e00000)]
  0x00000177cfd74000 JavaThread "Unconstrained build operations Thread 35" [_thread_blocked, id=5472, stack(0x00000043c0e00000,0x00000043c0f00000)]
  0x00000177cfd6e000 JavaThread "Unconstrained build operations Thread 36" [_thread_blocked, id=7980, stack(0x00000043c0f00000,0x00000043c1000000)]
  0x00000177cfd74800 JavaThread "Unconstrained build operations Thread 37" [_thread_blocked, id=2592, stack(0x00000043c1000000,0x00000043c1100000)]
  0x00000177cfd70000 JavaThread "Unconstrained build operations Thread 38" [_thread_blocked, id=6348, stack(0x00000043c1100000,0x00000043c1200000)]
  0x00000177cfd78000 JavaThread "Unconstrained build operations Thread 39" [_thread_blocked, id=8288, stack(0x00000043c1200000,0x00000043c1300000)]
  0x00000177cfd7a800 JavaThread "Unconstrained build operations Thread 40" [_thread_blocked, id=7468, stack(0x00000043c1300000,0x00000043c1400000)]
  0x00000177cfd7b800 JavaThread "jar transforms Thread 4" [_thread_blocked, id=6552, stack(0x00000043c1400000,0x00000043c1500000)]
  0x00000177cfd79800 JavaThread "Memory manager" [_thread_blocked, id=7548, stack(0x00000043c1500000,0x00000043c1600000)]
  0x00000177d385b800 JavaThread "C2 CompilerThread1" daemon [_thread_blocked, id=252, stack(0x00000043beb00000,0x00000043bec00000)]

Other Threads:
  0x00000177cd229800 VMThread "VM Thread" [stack: 0x00000043bc300000,0x00000043bc400000] [id=8060]
  0x00000177cdd16800 WatcherThread [stack: 0x00000043bcd00000,0x00000043bce00000] [id=3516]
  0x00000177b3657000 GCTaskThread "GC Thread#0" [stack: 0x00000043bbe00000,0x00000043bbf00000] [id=8320]
  0x00000177ce262800 GCTaskThread "GC Thread#1" [stack: 0x00000043bcf00000,0x00000043bd000000] [id=4268]
  0x00000177ce07b000 GCTaskThread "GC Thread#2" [stack: 0x00000043bd000000,0x00000043bd100000] [id=5256]
  0x00000177d04c3000 GCTaskThread "GC Thread#3" [stack: 0x00000043bdb00000,0x00000043bdc00000] [id=4196]
  0x00000177b3689000 ConcurrentGCThread "G1 Main Marker" [stack: 0x00000043bbf00000,0x00000043bc000000] [id=6808]
  0x00000177b368a000 ConcurrentGCThread "G1 Conc#0" [stack: 0x00000043bc000000,0x00000043bc100000] [id=5824]
  0x00000177b3719000 ConcurrentGCThread "G1 Refine#0" [stack: 0x00000043bc100000,0x00000043bc200000] [id=5932]
  0x00000177b371a800 ConcurrentGCThread "G1 Young RemSet Sampling" [stack: 0x00000043bc200000,0x00000043bc300000] [id=11692]

Threads with active compile tasks:
C2 CompilerThread0  30884 6598       4       java.util.regex.Pattern::RemoveQEQuoting (346 bytes)

VM state:not at safepoint (normal execution)

VM Mutex/Monitor currently owned by a thread: None

Heap address: 0x0000000080000000, size: 2048 MB, Compressed Oops mode: 32-bit
Narrow klass base: 0x0000000000000000, Narrow klass shift: 3
Compressed class space size: 1073741824 Address: 0x0000000100000000

Heap:
 garbage-first heap   total 131072K, used 76580K [0x0000000080000000, 0x0000000100000000)
  region size 1024K, 33 young (33792K), 6 survivors (6144K)
 Metaspace       used 65994K, capacity 67511K, committed 67788K, reserved 1107968K
  class space    used 8326K, capacity 8926K, committed 8960K, reserved 1048576K
Heap Regions: E=young(eden), S=young(survivor), O=old, HS=humongous(starts), HC=humongous(continues), CS=collection set, F=free, A=archive, TAMS=top-at-mark-start (previous, next)
|   0|0x0000000080000000, 0x0000000080100000, 0x0000000080100000|100%| O|  |TAMS 0x0000000080100000, 0x0000000080000000| Untracked 
|   1|0x0000000080100000, 0x0000000080200000, 0x0000000080200000|100%| O|  |TAMS 0x0000000080200000, 0x0000000080100000| Untracked 
|   2|0x0000000080200000, 0x0000000080300000, 0x0000000080300000|100%| O|  |TAMS 0x0000000080300000, 0x0000000080200000| Untracked 
|   3|0x0000000080300000, 0x0000000080400000, 0x0000000080400000|100%|HS|  |TAMS 0x0000000080400000, 0x0000000080300000| Complete 
|   4|0x0000000080400000, 0x0000000080500000, 0x0000000080500000|100%|HC|  |TAMS 0x0000000080500000, 0x0000000080400000| Complete 
|   5|0x0000000080500000, 0x0000000080600000, 0x0000000080600000|100%|HC|  |TAMS 0x0000000080600000, 0x0000000080500000| Complete 
|   6|0x0000000080600000, 0x0000000080700000, 0x0000000080700000|100%| O|  |TAMS 0x0000000080700000, 0x0000000080600000| Untracked 
|   7|0x0000000080700000, 0x0000000080800000, 0x0000000080800000|100%| O|  |TAMS 0x0000000080800000, 0x0000000080700000| Untracked 
|   8|0x0000000080800000, 0x0000000080900000, 0x0000000080900000|100%| O|  |TAMS 0x0000000080900000, 0x0000000080800000| Untracked 
|   9|0x0000000080900000, 0x0000000080a00000, 0x0000000080a00000|100%| O|  |TAMS 0x0000000080a00000, 0x0000000080900000| Untracked 
|  10|0x0000000080a00000, 0x0000000080b00000, 0x0000000080b00000|100%| O|  |TAMS 0x0000000080b00000, 0x0000000080a00000| Untracked 
|  11|0x0000000080b00000, 0x0000000080c00000, 0x0000000080c00000|100%| O|  |TAMS 0x0000000080c00000, 0x0000000080b00000| Untracked 
|  12|0x0000000080c00000, 0x0000000080d00000, 0x0000000080d00000|100%| O|  |TAMS 0x0000000080d00000, 0x0000000080c00000| Untracked 
|  13|0x0000000080d00000, 0x0000000080e00000, 0x0000000080e00000|100%| O|  |TAMS 0x0000000080e00000, 0x0000000080d00000| Untracked 
|  14|0x0000000080e00000, 0x0000000080f00000, 0x0000000080f00000|100%| O|  |TAMS 0x0000000080f00000, 0x0000000080e00000| Untracked 
|  15|0x0000000080f00000, 0x0000000081000000, 0x0000000081000000|100%| O|  |TAMS 0x0000000081000000, 0x0000000080f00000| Untracked 
|  16|0x0000000081000000, 0x0000000081100000, 0x0000000081100000|100%| O|  |TAMS 0x0000000081100000, 0x0000000081000000| Untracked 
|  17|0x0000000081100000, 0x0000000081200000, 0x0000000081200000|100%|HS|  |TAMS 0x0000000081200000, 0x0000000081100000| Complete 
|  18|0x0000000081200000, 0x0000000081300000, 0x0000000081300000|100%| O|  |TAMS 0x0000000081300000, 0x0000000081200000| Untracked 
|  19|0x0000000081300000, 0x0000000081400000, 0x0000000081400000|100%| O|  |TAMS 0x0000000081400000, 0x0000000081300000| Untracked 
|  20|0x0000000081400000, 0x0000000081500000, 0x0000000081500000|100%| O|  |TAMS 0x0000000081500000, 0x0000000081400000| Untracked 
|  21|0x0000000081500000, 0x0000000081600000, 0x0000000081600000|100%| O|  |TAMS 0x0000000081600000, 0x0000000081500000| Untracked 
|  22|0x0000000081600000, 0x0000000081700000, 0x0000000081700000|100%| O|  |TAMS 0x0000000081700000, 0x0000000081600000| Untracked 
|  23|0x0000000081700000, 0x0000000081800000, 0x0000000081800000|100%| O|  |TAMS 0x0000000081800000, 0x0000000081700000| Untracked 
|  24|0x0000000081800000, 0x0000000081900000, 0x0000000081900000|100%| O|  |TAMS 0x0000000081900000, 0x0000000081800000| Untracked 
|  25|0x0000000081900000, 0x0000000081a00000, 0x0000000081a00000|100%| O|  |TAMS 0x0000000081a00000, 0x0000000081900000| Untracked 
|  26|0x0000000081a00000, 0x0000000081b00000, 0x0000000081b00000|100%| O|  |TAMS 0x0000000081b00000, 0x0000000081a00000| Untracked 
|  27|0x0000000081b00000, 0x0000000081c00000, 0x0000000081c00000|100%|HS|  |TAMS 0x0000000081c00000, 0x0000000081b00000| Complete 
|  28|0x0000000081c00000, 0x0000000081d00000, 0x0000000081d00000|100%|HS|  |TAMS 0x0000000081d00000, 0x0000000081c00000| Complete 
|  29|0x0000000081d00000, 0x0000000081e00000, 0x0000000081e00000|100%|HC|  |TAMS 0x0000000081e00000, 0x0000000081d00000| Complete 
|  30|0x0000000081e00000, 0x0000000081f00000, 0x0000000081f00000|100%| O|  |TAMS 0x0000000081f00000, 0x0000000081e00000| Untracked 
|  31|0x0000000081f00000, 0x0000000082000000, 0x0000000082000000|100%| O|  |TAMS 0x0000000082000000, 0x0000000081f00000| Untracked 
|  32|0x0000000082000000, 0x0000000082100000, 0x0000000082100000|100%| O|  |TAMS 0x0000000082100000, 0x0000000082000000| Untracked 
|  33|0x0000000082100000, 0x0000000082200000, 0x0000000082200000|100%| O|  |TAMS 0x0000000082200000, 0x0000000082100000| Untracked 
|  34|0x0000000082200000, 0x0000000082300000, 0x0000000082300000|100%| O|  |TAMS 0x0000000082300000, 0x0000000082200000| Untracked 
|  35|0x0000000082300000, 0x0000000082400000, 0x0000000082400000|100%| O|  |TAMS 0x0000000082400000, 0x0000000082300000| Untracked 
|  36|0x0000000082400000, 0x0000000082500000, 0x0000000082500000|100%| O|  |TAMS 0x0000000082500000, 0x0000000082400000| Untracked 
|  37|0x0000000082500000, 0x0000000082600000, 0x0000000082600000|100%| O|  |TAMS 0x0000000082600000, 0x0000000082500000| Untracked 
|  38|0x0000000082600000, 0x0000000082700000, 0x0000000082700000|100%| O|  |TAMS 0x0000000082700000, 0x0000000082600000| Untracked 
|  39|0x0000000082700000, 0x0000000082800000, 0x0000000082800000|100%| O|  |TAMS 0x0000000082800000, 0x0000000082700000| Untracked 
|  40|0x0000000082800000, 0x0000000082900000, 0x0000000082900000|100%| O|  |TAMS 0x0000000082900000, 0x0000000082800000| Untracked 
|  41|0x0000000082900000, 0x0000000082a00000, 0x0000000082a00000|100%| O|  |TAMS 0x0000000082a00000, 0x0000000082900000| Untracked 
|  42|0x0000000082a00000, 0x0000000082a6c000, 0x0000000082b00000| 42%| O|  |TAMS 0x0000000082a6c000, 0x0000000082a00000| Untracked 
|  43|0x0000000082b00000, 0x0000000082c00000, 0x0000000082c00000|100%|HS|  |TAMS 0x0000000082b00000, 0x0000000082b00000| Complete 
|  44|0x0000000082c00000, 0x0000000082c00000, 0x0000000082d00000|  0%| F|  |TAMS 0x0000000082c00000, 0x0000000082c00000| Untracked 
|  45|0x0000000082d00000, 0x0000000082d00000, 0x0000000082e00000|  0%| F|  |TAMS 0x0000000082d00000, 0x0000000082d00000| Untracked 
|  46|0x0000000082e00000, 0x0000000082e00000, 0x0000000082f00000|  0%| F|  |TAMS 0x0000000082e00000, 0x0000000082e00000| Untracked 
|  47|0x0000000082f00000, 0x0000000082f00000, 0x0000000083000000|  0%| F|  |TAMS 0x0000000082f00000, 0x0000000082f00000| Untracked 
|  48|0x0000000083000000, 0x0000000083000000, 0x0000000083100000|  0%| F|  |TAMS 0x0000000083000000, 0x0000000083000000| Untracked 
|  49|0x0000000083100000, 0x0000000083100000, 0x0000000083200000|  0%| F|  |TAMS 0x0000000083100000, 0x0000000083100000| Untracked 
|  50|0x0000000083200000, 0x0000000083200000, 0x0000000083300000|  0%| F|  |TAMS 0x0000000083200000, 0x0000000083200000| Untracked 
|  51|0x0000000083300000, 0x0000000083300000, 0x0000000083400000|  0%| F|  |TAMS 0x0000000083300000, 0x0000000083300000| Untracked 
|  52|0x0000000083400000, 0x0000000083400000, 0x0000000083500000|  0%| F|  |TAMS 0x0000000083400000, 0x0000000083400000| Untracked 
|  53|0x0000000083500000, 0x0000000083500000, 0x0000000083600000|  0%| F|  |TAMS 0x0000000083500000, 0x0000000083500000| Untracked 
|  54|0x0000000083600000, 0x0000000083600000, 0x0000000083700000|  0%| F|  |TAMS 0x0000000083600000, 0x0000000083600000| Untracked 
|  55|0x0000000083700000, 0x0000000083700000, 0x0000000083800000|  0%| F|  |TAMS 0x0000000083700000, 0x0000000083700000| Untracked 
|  56|0x0000000083800000, 0x0000000083800000, 0x0000000083900000|  0%| F|  |TAMS 0x0000000083800000, 0x0000000083800000| Untracked 
|  57|0x0000000083900000, 0x0000000083900000, 0x0000000083a00000|  0%| F|  |TAMS 0x0000000083900000, 0x0000000083900000| Untracked 
|  58|0x0000000083a00000, 0x0000000083a00000, 0x0000000083b00000|  0%| F|  |TAMS 0x0000000083a00000, 0x0000000083a00000| Untracked 
|  59|0x0000000083b00000, 0x0000000083b00000, 0x0000000083c00000|  0%| F|  |TAMS 0x0000000083b00000, 0x0000000083b00000| Untracked 
|  60|0x0000000083c00000, 0x0000000083c00000, 0x0000000083d00000|  0%| F|  |TAMS 0x0000000083c00000, 0x0000000083c00000| Untracked 
|  61|0x0000000083d00000, 0x0000000083d00000, 0x0000000083e00000|  0%| F|  |TAMS 0x0000000083d00000, 0x0000000083d00000| Untracked 
|  62|0x0000000083e00000, 0x0000000083e00000, 0x0000000083f00000|  0%| F|  |TAMS 0x0000000083e00000, 0x0000000083e00000| Untracked 
|  63|0x0000000083f00000, 0x0000000083f00000, 0x0000000084000000|  0%| F|  |TAMS 0x0000000083f00000, 0x0000000083f00000| Untracked 
|  64|0x0000000084000000, 0x0000000084000000, 0x0000000084100000|  0%| F|  |TAMS 0x0000000084000000, 0x0000000084000000| Untracked 
|  65|0x0000000084100000, 0x0000000084100000, 0x0000000084200000|  0%| F|  |TAMS 0x0000000084100000, 0x0000000084100000| Untracked 
|  66|0x0000000084200000, 0x0000000084200000, 0x0000000084300000|  0%| F|  |TAMS 0x0000000084200000, 0x0000000084200000| Untracked 
|  67|0x0000000084300000, 0x0000000084300000, 0x0000000084400000|  0%| F|  |TAMS 0x0000000084300000, 0x0000000084300000| Untracked 
|  68|0x0000000084400000, 0x0000000084400000, 0x0000000084500000|  0%| F|  |TAMS 0x0000000084400000, 0x0000000084400000| Untracked 
|  69|0x0000000084500000, 0x0000000084500000, 0x0000000084600000|  0%| F|  |TAMS 0x0000000084500000, 0x0000000084500000| Untracked 
|  70|0x0000000084600000, 0x0000000084600000, 0x0000000084700000|  0%| F|  |TAMS 0x0000000084600000, 0x0000000084600000| Untracked 
|  71|0x0000000084700000, 0x0000000084700000, 0x0000000084800000|  0%| F|  |TAMS 0x0000000084700000, 0x0000000084700000| Untracked 
|  72|0x0000000084800000, 0x0000000084800000, 0x0000000084900000|  0%| F|  |TAMS 0x0000000084800000, 0x0000000084800000| Untracked 
|  73|0x0000000084900000, 0x0000000084900000, 0x0000000084a00000|  0%| F|  |TAMS 0x0000000084900000, 0x0000000084900000| Untracked 
|  74|0x0000000084a00000, 0x0000000084a00000, 0x0000000084b00000|  0%| F|  |TAMS 0x0000000084a00000, 0x0000000084a00000| Untracked 
|  75|0x0000000084b00000, 0x0000000084b00000, 0x0000000084c00000|  0%| F|  |TAMS 0x0000000084b00000, 0x0000000084b00000| Untracked 
|  76|0x0000000084c00000, 0x0000000084c5d3f0, 0x0000000084d00000| 36%| S|CS|TAMS 0x0000000084c00000, 0x0000000084c00000| Complete 
|  77|0x0000000084d00000, 0x0000000084e00000, 0x0000000084e00000|100%| S|CS|TAMS 0x0000000084d00000, 0x0000000084d00000| Complete 
|  78|0x0000000084e00000, 0x0000000084f00000, 0x0000000084f00000|100%| S|CS|TAMS 0x0000000084e00000, 0x0000000084e00000| Complete 
|  79|0x0000000084f00000, 0x0000000085000000, 0x0000000085000000|100%| S|CS|TAMS 0x0000000084f00000, 0x0000000084f00000| Complete 
|  80|0x0000000085000000, 0x0000000085100000, 0x0000000085100000|100%| S|CS|TAMS 0x0000000085000000, 0x0000000085000000| Complete 
|  81|0x0000000085100000, 0x0000000085200000, 0x0000000085200000|100%| S|CS|TAMS 0x0000000085100000, 0x0000000085100000| Complete 
|  82|0x0000000085200000, 0x0000000085200000, 0x0000000085300000|  0%| F|  |TAMS 0x0000000085200000, 0x0000000085200000| Untracked 
|  83|0x0000000085300000, 0x0000000085300000, 0x0000000085400000|  0%| F|  |TAMS 0x0000000085300000, 0x0000000085300000| Untracked 
|  84|0x0000000085400000, 0x0000000085400000, 0x0000000085500000|  0%| F|  |TAMS 0x0000000085400000, 0x0000000085400000| Untracked 
|  85|0x0000000085500000, 0x0000000085500000, 0x0000000085600000|  0%| F|  |TAMS 0x0000000085500000, 0x0000000085500000| Untracked 
|  86|0x0000000085600000, 0x0000000085600000, 0x0000000085700000|  0%| F|  |TAMS 0x0000000085600000, 0x0000000085600000| Untracked 
|  87|0x0000000085700000, 0x0000000085700000, 0x0000000085800000|  0%| F|  |TAMS 0x0000000085700000, 0x0000000085700000| Untracked 
|  88|0x0000000085800000, 0x0000000085800000, 0x0000000085900000|  0%| F|  |TAMS 0x0000000085800000, 0x0000000085800000| Untracked 
|  89|0x0000000085900000, 0x0000000085900000, 0x0000000085a00000|  0%| F|  |TAMS 0x0000000085900000, 0x0000000085900000| Untracked 
|  90|0x0000000085a00000, 0x0000000085a00000, 0x0000000085b00000|  0%| F|  |TAMS 0x0000000085a00000, 0x0000000085a00000| Untracked 
|  91|0x0000000085b00000, 0x0000000085b00000, 0x0000000085c00000|  0%| F|  |TAMS 0x0000000085b00000, 0x0000000085b00000| Untracked 
|  92|0x0000000085c00000, 0x0000000085c00000, 0x0000000085d00000|  0%| F|  |TAMS 0x0000000085c00000, 0x0000000085c00000| Untracked 
|  93|0x0000000085d00000, 0x0000000085d00000, 0x0000000085e00000|  0%| F|  |TAMS 0x0000000085d00000, 0x0000000085d00000| Untracked 
|  94|0x0000000085e00000, 0x0000000085e00000, 0x0000000085f00000|  0%| F|  |TAMS 0x0000000085e00000, 0x0000000085e00000| Untracked 
|  95|0x0000000085f00000, 0x0000000085f00000, 0x0000000086000000|  0%| F|  |TAMS 0x0000000085f00000, 0x0000000085f00000| Untracked 
|  96|0x0000000086000000, 0x0000000086000000, 0x0000000086100000|  0%| F|  |TAMS 0x0000000086000000, 0x0000000086000000| Untracked 
|  97|0x0000000086100000, 0x0000000086100000, 0x0000000086200000|  0%| F|  |TAMS 0x0000000086100000, 0x0000000086100000| Untracked 
|  98|0x0000000086200000, 0x0000000086200000, 0x0000000086300000|  0%| F|  |TAMS 0x0000000086200000, 0x0000000086200000| Untracked 
|  99|0x0000000086300000, 0x0000000086300000, 0x0000000086400000|  0%| F|  |TAMS 0x0000000086300000, 0x0000000086300000| Untracked 
| 100|0x0000000086400000, 0x0000000086400000, 0x0000000086500000|  0%| F|  |TAMS 0x0000000086400000, 0x0000000086400000| Untracked 
| 101|0x0000000086500000, 0x0000000086600000, 0x0000000086600000|100%| E|  |TAMS 0x0000000086500000, 0x0000000086500000| Complete 
| 102|0x0000000086600000, 0x0000000086700000, 0x0000000086700000|100%| E|CS|TAMS 0x0000000086600000, 0x0000000086600000| Complete 
| 103|0x0000000086700000, 0x0000000086800000, 0x0000000086800000|100%| E|CS|TAMS 0x0000000086700000, 0x0000000086700000| Complete 
| 104|0x0000000086800000, 0x0000000086900000, 0x0000000086900000|100%| E|CS|TAMS 0x0000000086800000, 0x0000000086800000| Complete 
| 105|0x0000000086900000, 0x0000000086a00000, 0x0000000086a00000|100%| E|CS|TAMS 0x0000000086900000, 0x0000000086900000| Complete 
| 106|0x0000000086a00000, 0x0000000086b00000, 0x0000000086b00000|100%| E|CS|TAMS 0x0000000086a00000, 0x0000000086a00000| Complete 
| 107|0x0000000086b00000, 0x0000000086c00000, 0x0000000086c00000|100%| E|CS|TAMS 0x0000000086b00000, 0x0000000086b00000| Complete 
| 108|0x0000000086c00000, 0x0000000086d00000, 0x0000000086d00000|100%| E|CS|TAMS 0x0000000086c00000, 0x0000000086c00000| Complete 
| 109|0x0000000086d00000, 0x0000000086e00000, 0x0000000086e00000|100%| E|CS|TAMS 0x0000000086d00000, 0x0000000086d00000| Complete 
| 110|0x0000000086e00000, 0x0000000086f00000, 0x0000000086f00000|100%| E|CS|TAMS 0x0000000086e00000, 0x0000000086e00000| Complete 
| 111|0x0000000086f00000, 0x0000000087000000, 0x0000000087000000|100%| E|CS|TAMS 0x0000000086f00000, 0x0000000086f00000| Complete 
| 112|0x0000000087000000, 0x0000000087100000, 0x0000000087100000|100%| E|CS|TAMS 0x0000000087000000, 0x0000000087000000| Complete 
| 113|0x0000000087100000, 0x0000000087200000, 0x0000000087200000|100%| E|CS|TAMS 0x0000000087100000, 0x0000000087100000| Complete 
| 114|0x0000000087200000, 0x0000000087300000, 0x0000000087300000|100%| E|CS|TAMS 0x0000000087200000, 0x0000000087200000| Complete 
| 115|0x0000000087300000, 0x0000000087400000, 0x0000000087400000|100%| E|CS|TAMS 0x0000000087300000, 0x0000000087300000| Complete 
| 116|0x0000000087400000, 0x0000000087500000, 0x0000000087500000|100%| E|CS|TAMS 0x0000000087400000, 0x0000000087400000| Complete 
| 117|0x0000000087500000, 0x0000000087600000, 0x0000000087600000|100%| E|CS|TAMS 0x0000000087500000, 0x0000000087500000| Complete 
| 118|0x0000000087600000, 0x0000000087700000, 0x0000000087700000|100%| E|CS|TAMS 0x0000000087600000, 0x0000000087600000| Complete 
| 119|0x0000000087700000, 0x0000000087800000, 0x0000000087800000|100%| E|CS|TAMS 0x0000000087700000, 0x0000000087700000| Complete 
| 120|0x0000000087800000, 0x0000000087900000, 0x0000000087900000|100%| E|CS|TAMS 0x0000000087800000, 0x0000000087800000| Complete 
| 121|0x0000000087900000, 0x0000000087a00000, 0x0000000087a00000|100%| E|CS|TAMS 0x0000000087900000, 0x0000000087900000| Complete 
| 122|0x0000000087a00000, 0x0000000087b00000, 0x0000000087b00000|100%| E|CS|TAMS 0x0000000087a00000, 0x0000000087a00000| Complete 
| 123|0x0000000087b00000, 0x0000000087c00000, 0x0000000087c00000|100%| E|CS|TAMS 0x0000000087b00000, 0x0000000087b00000| Complete 
| 124|0x0000000087c00000, 0x0000000087d00000, 0x0000000087d00000|100%| E|CS|TAMS 0x0000000087c00000, 0x0000000087c00000| Complete 
| 125|0x0000000087d00000, 0x0000000087e00000, 0x0000000087e00000|100%| E|CS|TAMS 0x0000000087d00000, 0x0000000087d00000| Complete 
| 126|0x0000000087e00000, 0x0000000087f00000, 0x0000000087f00000|100%| E|CS|TAMS 0x0000000087e00000, 0x0000000087e00000| Complete 
| 127|0x0000000087f00000, 0x0000000088000000, 0x0000000088000000|100%| E|CS|TAMS 0x0000000087f00000, 0x0000000087f00000| Complete 

Card table byte_map: [0x00000177c6550000,0x00000177c6950000] _byte_map_base: 0x00000177c6150000

Marking Bits (Prev, Next): (CMBitMap*) 0x00000177b3680060, (CMBitMap*) 0x00000177b3680028
 Prev Bits: [0x00000177c8d50000, 0x00000177cad50000)
 Next Bits: [0x00000177c6d50000, 0x00000177c8d50000)

Polling page: 0x00000177b2e20000

Metaspace:

Usage:
  Non-class:     57.21 MB capacity,    56.32 MB ( 98%) used,   742.62 KB (  1%) free+waste,   167.13 KB ( <1%) overhead. 
      Class:      8.72 MB capacity,     8.13 MB ( 93%) used,   519.82 KB (  6%) free+waste,    77.75 KB ( <1%) overhead. 
       Both:     65.93 MB capacity,    64.46 MB ( 98%) used,     1.23 MB (  2%) free+waste,   244.88 KB ( <1%) overhead. 

Virtual space:
  Non-class space:       58.00 MB reserved,      57.45 MB (>99%) committed 
      Class space:        1.00 GB reserved,       8.75 MB ( <1%) committed 
             Both:        1.06 GB reserved,      66.20 MB (  6%) committed 

Chunk freelists:
   Non-Class:  51.00 KB
       Class:  2.00 KB
        Both:  53.00 KB

MaxMetaspaceSize: 17179869184.00 GB
CompressedClassSpaceSize: 1.00 GB
Initial GC threshold: 20.80 MB
Current GC threshold: 98.46 MB
CDS: off

CodeHeap 'non-profiled nmethods': size=120064Kb used=4062Kb max_used=4062Kb free=116002Kb
 bounds [0x00000177bec10000, 0x00000177bf010000, 0x00000177c6150000]
CodeHeap 'profiled nmethods': size=120000Kb used=14167Kb max_used=14167Kb free=105832Kb
 bounds [0x00000177b76e0000, 0x00000177b84c0000, 0x00000177bec10000]
CodeHeap 'non-nmethods': size=5696Kb used=2346Kb max_used=2414Kb free=3349Kb
 bounds [0x00000177b7150000, 0x00000177b73c0000, 0x00000177b76e0000]
 total_blobs=7461 nmethods=6607 adapters=766
 compilation: enabled
              stopped_count=0, restarted_count=0
 full_count=0

Compilation events (20 events):
Event: 30.843 Thread 0x00000177cd255800 6608       3       kotlin.text.StringsKt__StringsKt::indexOf (58 bytes)
Event: 30.844 Thread 0x00000177cd255800 nmethod 6608 0x00000177b84b1710 code [0x00000177b84b19a0, 0x00000177b84b24c8]
Event: 30.845 Thread 0x00000177cd255800 6605       3       kotlin.text.StringsKt__StringsKt::contains$default (15 bytes)
Event: 30.845 Thread 0x00000177cd255800 nmethod 6605 0x00000177b84b2810 code [0x00000177b84b2a60, 0x00000177b84b31a8]
Event: 30.845 Thread 0x00000177cd255800 6606       3       kotlin.text.StringsKt__StringsKt::contains (25 bytes)
Event: 30.846 Thread 0x00000177cd255800 nmethod 6606 0x00000177b84b3490 code [0x00000177b84b36e0, 0x00000177b84b3d88]
Event: 30.846 Thread 0x00000177cd255800 6607       3       kotlin.text.StringsKt__StringsKt::indexOf$default (26 bytes)
Event: 30.846 Thread 0x00000177cd255800 nmethod 6607 0x00000177b84b4010 code [0x00000177b84b41c0, 0x00000177b84b4348]
Event: 30.846 Thread 0x00000177cd255800 6613       3       com.android.tools.build.jetifier.core.type.JavaType::hashCode (17 bytes)
Event: 30.847 Thread 0x00000177cd255800 nmethod 6613 0x00000177b84b4410 code [0x00000177b84b45e0, 0x00000177b84b4788]
Event: 30.847 Thread 0x00000177cd255800 6609       3       kotlin.TuplesKt::to (10 bytes)
Event: 30.847 Thread 0x00000177cd255800 nmethod 6609 0x00000177b84b4890 code [0x00000177b84b4a60, 0x00000177b84b4d18]
Event: 30.847 Thread 0x00000177cd255800 6610       3       kotlin.Pair::<init> (15 bytes)
Event: 30.847 Thread 0x00000177cd255800 nmethod 6610 0x00000177b84b4e10 code [0x00000177b84b4fc0, 0x00000177b84b51d8]
Event: 30.847 Thread 0x00000177cd255800 6611       1       kotlin.Pair::component1 (5 bytes)
Event: 30.847 Thread 0x00000177cd255800 nmethod 6611 0x00000177bf004290 code [0x00000177bf004440, 0x00000177bf0044f8]
Event: 30.847 Thread 0x00000177cd255800 6612       1       kotlin.Pair::component2 (5 bytes)
Event: 30.847 Thread 0x00000177cd255800 nmethod 6612 0x00000177bf004590 code [0x00000177bf004740, 0x00000177bf0047f8]
Event: 30.851 Thread 0x00000177cd255800 6614       3       com.android.tools.build.jetifier.core.type.JavaType::hasInnerType (16 bytes)
Event: 30.852 Thread 0x00000177cd255800 nmethod 6614 0x00000177b84b5290 code [0x00000177b84b54e0, 0x00000177b84b5c68]

GC Heap History (20 events):
Event: 10.638 GC heap before
{Heap before GC invocations=4 (full 0):
 garbage-first heap   total 131072K, used 42771K [0x0000000080000000, 0x0000000100000000)
  region size 1024K, 33 young (33792K), 6 survivors (6144K)
 Metaspace       used 20726K, capacity 21135K, committed 21248K, reserved 1067008K
  class space    used 2539K, capacity 2710K, committed 2816K, reserved 1048576K
}
Event: 10.653 GC heap after
{Heap after GC invocations=5 (full 0):
 garbage-first heap   total 131072K, used 17356K [0x0000000080000000, 0x0000000100000000)
  region size 1024K, 5 young (5120K), 5 survivors (5120K)
 Metaspace       used 20726K, capacity 21135K, committed 21248K, reserved 1067008K
  class space    used 2539K, capacity 2710K, committed 2816K, reserved 1048576K
}
Event: 12.080 GC heap before
{Heap before GC invocations=6 (full 0):
 garbage-first heap   total 131072K, used 67532K [0x0000000080000000, 0x0000000100000000)
  region size 1024K, 54 young (55296K), 5 survivors (5120K)
 Metaspace       used 25934K, capacity 26451K, committed 26624K, reserved 1073152K
  class space    used 3346K, capacity 3551K, committed 3584K, reserved 1048576K
}
Event: 12.094 GC heap after
{Heap after GC invocations=7 (full 0):
 garbage-first heap   total 131072K, used 19117K [0x0000000080000000, 0x0000000100000000)
  region size 1024K, 3 young (3072K), 3 survivors (3072K)
 Metaspace       used 25934K, capacity 26451K, committed 26624K, reserved 1073152K
  class space    used 3346K, capacity 3551K, committed 3584K, reserved 1048576K
}
Event: 14.898 GC heap before
{Heap before GC invocations=7 (full 0):
 garbage-first heap   total 131072K, used 74413K [0x0000000080000000, 0x0000000100000000)
  region size 1024K, 57 young (58368K), 3 survivors (3072K)
 Metaspace       used 31894K, capacity 32619K, committed 32768K, reserved 1077248K
  class space    used 4265K, capacity 4551K, committed 4608K, reserved 1048576K
}
Event: 14.908 GC heap after
{Heap after GC invocations=8 (full 0):
 garbage-first heap   total 131072K, used 21030K [0x0000000080000000, 0x0000000100000000)
  region size 1024K, 5 young (5120K), 5 survivors (5120K)
 Metaspace       used 31894K, capacity 32619K, committed 32768K, reserved 1077248K
  class space    used 4265K, capacity 4551K, committed 4608K, reserved 1048576K
}
Event: 15.695 GC heap before
{Heap before GC invocations=8 (full 0):
 garbage-first heap   total 131072K, used 27174K [0x0000000080000000, 0x0000000100000000)
  region size 1024K, 12 young (12288K), 5 survivors (5120K)
 Metaspace       used 34981K, capacity 35787K, committed 35840K, reserved 1081344K
  class space    used 4532K, capacity 4839K, committed 4864K, reserved 1048576K
}
Event: 15.714 GC heap after
{Heap after GC invocations=9 (full 0):
 garbage-first heap   total 131072K, used 22534K [0x0000000080000000, 0x0000000100000000)
  region size 1024K, 6 young (6144K), 6 survivors (6144K)
 Metaspace       used 34981K, capacity 35787K, committed 35840K, reserved 1081344K
  class space    used 4532K, capacity 4839K, committed 4864K, reserved 1048576K
}
Event: 17.939 GC heap before
{Heap before GC invocations=10 (full 0):
 garbage-first heap   total 131072K, used 79878K [0x0000000080000000, 0x0000000100000000)
  region size 1024K, 60 young (61440K), 6 survivors (6144K)
 Metaspace       used 39519K, capacity 40438K, committed 40780K, reserved 1085440K
  class space    used 5041K, capacity 5385K, committed 5504K, reserved 1048576K
}
Event: 17.967 GC heap after
{Heap after GC invocations=11 (full 0):
 garbage-first heap   total 131072K, used 27036K [0x0000000080000000, 0x0000000100000000)
  region size 1024K, 8 young (8192K), 8 survivors (8192K)
 Metaspace       used 39519K, capacity 40438K, committed 40780K, reserved 1085440K
  class space    used 5041K, capacity 5385K, committed 5504K, reserved 1048576K
}
Event: 20.293 GC heap before
{Heap before GC invocations=11 (full 0):
 garbage-first heap   total 131072K, used 83356K [0x0000000080000000, 0x0000000100000000)
  region size 1024K, 63 young (64512K), 8 survivors (8192K)
 Metaspace       used 44710K, capacity 45769K, committed 46028K, reserved 1089536K
  class space    used 5728K, capacity 6127K, committed 6144K, reserved 1048576K
}
Event: 20.313 GC heap after
{Heap after GC invocations=12 (full 0):
 garbage-first heap   total 131072K, used 29728K [0x0000000080000000, 0x0000000100000000)
  region size 1024K, 4 young (4096K), 4 survivors (4096K)
 Metaspace       used 44710K, capacity 45769K, committed 46028K, reserved 1089536K
  class space    used 5728K, capacity 6127K, committed 6144K, reserved 1048576K
}
Event: 22.827 GC heap before
{Heap before GC invocations=12 (full 0):
 garbage-first heap   total 131072K, used 87072K [0x0000000080000000, 0x0000000100000000)
  region size 1024K, 60 young (61440K), 4 survivors (4096K)
 Metaspace       used 48213K, capacity 49433K, committed 49612K, reserved 1091584K
  class space    used 6178K, capacity 6644K, committed 6656K, reserved 1048576K
}
Event: 22.839 GC heap after
{Heap after GC invocations=13 (full 0):
 garbage-first heap   total 131072K, used 31438K [0x0000000080000000, 0x0000000100000000)
  region size 1024K, 5 young (5120K), 5 survivors (5120K)
 Metaspace       used 48213K, capacity 49433K, committed 49612K, reserved 1091584K
  class space    used 6178K, capacity 6644K, committed 6656K, reserved 1048576K
}
Event: 25.132 GC heap before
{Heap before GC invocations=13 (full 0):
 garbage-first heap   total 131072K, used 95950K [0x0000000080000000, 0x0000000100000000)
  region size 1024K, 65 young (66560K), 5 survivors (5120K)
 Metaspace       used 53709K, capacity 55062K, committed 55244K, reserved 1097728K
  class space    used 6851K, capacity 7352K, committed 7424K, reserved 1048576K
}
Event: 25.152 GC heap after
{Heap after GC invocations=14 (full 0):
 garbage-first heap   total 131072K, used 43153K [0x0000000080000000, 0x0000000100000000)
  region size 1024K, 9 young (9216K), 9 survivors (9216K)
 Metaspace       used 53709K, capacity 55062K, committed 55244K, reserved 1097728K
  class space    used 6851K, capacity 7352K, committed 7424K, reserved 1048576K
}
Event: 26.665 GC heap before
{Heap before GC invocations=14 (full 0):
 garbage-first heap   total 131072K, used 74897K [0x0000000080000000, 0x0000000100000000)
  region size 1024K, 41 young (41984K), 9 survivors (9216K)
 Metaspace       used 58767K, capacity 60102K, committed 60236K, reserved 1101824K
  class space    used 7419K, capacity 7939K, committed 8064K, reserved 1048576K
}
Event: 26.688 GC heap after
{Heap after GC invocations=15 (full 0):
 garbage-first heap   total 131072K, used 45408K [0x0000000080000000, 0x0000000100000000)
  region size 1024K, 2 young (2048K), 2 survivors (2048K)
 Metaspace       used 58767K, capacity 60102K, committed 60236K, reserved 1101824K
  class space    used 7419K, capacity 7939K, committed 8064K, reserved 1048576K
}
Event: 29.051 GC heap before
{Heap before GC invocations=16 (full 0):
 garbage-first heap   total 131072K, used 89440K [0x0000000080000000, 0x0000000100000000)
  region size 1024K, 46 young (47104K), 2 survivors (2048K)
 Metaspace       used 63895K, capacity 65349K, committed 65484K, reserved 1105920K
  class space    used 8068K, capacity 8617K, committed 8704K, reserved 1048576K
}
Event: 29.070 GC heap after
{Heap after GC invocations=17 (full 0):
 garbage-first heap   total 131072K, used 48932K [0x0000000080000000, 0x0000000100000000)
  region size 1024K, 6 young (6144K), 6 survivors (6144K)
 Metaspace       used 63895K, capacity 65349K, committed 65484K, reserved 1105920K
  class space    used 8068K, capacity 8617K, committed 8704K, reserved 1048576K
}

Deoptimization events (20 events):
Event: 30.568 Thread 0x00000177cffa6800 Uncommon trap: trap_request=0xffffff4d fr.pc=0x00000177befc8bd0 relative=0x0000000000000130
Event: 30.568 Thread 0x00000177cffa6800 Uncommon trap: reason=unstable_if action=reinterpret pc=0x00000177befc8bd0 method=org.objectweb.asm.ByteVector.putByteArray([BII)Lorg/objectweb/asm/ByteVector; @ 20 c2
Event: 30.568 Thread 0x00000177cffa6800 DEOPT PACKING pc=0x00000177befc8bd0 sp=0x00000043bd6f5cc0
Event: 30.568 Thread 0x00000177cffa6800 DEOPT UNPACKING pc=0x00000177b719a1af sp=0x00000043bd6f5c90 mode 2
Event: 30.568 Thread 0x00000177cffa6800 Uncommon trap: trap_request=0xffffff4d fr.pc=0x00000177befc5f5c relative=0x0000000000000afc
Event: 30.568 Thread 0x00000177cffa6800 Uncommon trap: reason=unstable_if action=reinterpret pc=0x00000177befc5f5c method=org.objectweb.asm.Label.resolve([BI)Z @ 80 c2
Event: 30.568 Thread 0x00000177cffa6800 DEOPT PACKING pc=0x00000177befc5f5c sp=0x00000043bd6f5ce0
Event: 30.568 Thread 0x00000177cffa6800 DEOPT UNPACKING pc=0x00000177b719a1af sp=0x00000043bd6f5c00 mode 2
Event: 30.568 Thread 0x00000177cffa6800 Uncommon trap: trap_request=0xffffff4d fr.pc=0x00000177bef204a4 relative=0x0000000000000204
Event: 30.568 Thread 0x00000177cffa6800 Uncommon trap: reason=unstable_if action=reinterpret pc=0x00000177bef204a4 method=org.objectweb.asm.Label.resolve([BI)Z @ 80 c2
Event: 30.568 Thread 0x00000177cffa6800 DEOPT PACKING pc=0x00000177bef204a4 sp=0x00000043bd6f5c70
Event: 30.568 Thread 0x00000177cffa6800 DEOPT UNPACKING pc=0x00000177b719a1af sp=0x00000043bd6f5bf0 mode 2
Event: 30.782 Thread 0x00000177cffa6800 Uncommon trap: trap_request=0xffffff4d fr.pc=0x00000177bf000710 relative=0x0000000000000230
Event: 30.782 Thread 0x00000177cffa6800 Uncommon trap: reason=unstable_if action=reinterpret pc=0x00000177bf000710 method=com.google.gson.stream.JsonReader.doPeek()I @ 315 c2
Event: 30.782 Thread 0x00000177cffa6800 DEOPT PACKING pc=0x00000177bf000710 sp=0x00000043bd6f67e0
Event: 30.782 Thread 0x00000177cffa6800 DEOPT UNPACKING pc=0x00000177b719a1af sp=0x00000043bd6f6758 mode 2
Event: 30.782 Thread 0x00000177cffa6800 Uncommon trap: trap_request=0xffffff4d fr.pc=0x00000177bf000cc8 relative=0x0000000000000088
Event: 30.782 Thread 0x00000177cffa6800 Uncommon trap: reason=unstable_if action=reinterpret pc=0x00000177bf000cc8 method=com.google.gson.stream.JsonReader.peek()Lcom/google/gson/stream/JsonToken; @ 15 c2
Event: 30.782 Thread 0x00000177cffa6800 DEOPT PACKING pc=0x00000177bf000cc8 sp=0x00000043bd6f6810
Event: 30.783 Thread 0x00000177cffa6800 DEOPT UNPACKING pc=0x00000177b719a1af sp=0x00000043bd6f6798 mode 2

Classes redefined (0 events):
No events

Internal exceptions (20 events):
Event: 24.387 Thread 0x00000177cffa6800 Exception <a 'java/lang/NoSuchMethodError'{0x0000000085970c40}: 'java.lang.Object java.lang.invoke.Invokers$Holder.linkToTargetMethod(java.lang.Object, java.lang.Object, java.lang.Object, int, java.lang.Object)'> (0x0000000085970c40) thrown at [./src/hotspot/share/interpreter/linkResolver.cpp, line 773]
Event: 24.939 Thread 0x00000177cffa6800 Exception <a 'java/lang/NoSuchMethodError'{0x0000000084aa8b78}: 'java.lang.Object java.lang.invoke.DirectMethodHandle$Holder.invokeSpecial(java.lang.Object, java.lang.Object, int, int, java.lang.Object, java.lang.Object, java.lang.Object)'> (0x0000000084aa8b78) thrown at [./src/hotspot/share/interpreter/linkResolver.cpp, line 773]
Event: 24.940 Thread 0x00000177cffa6800 Exception <a 'java/lang/NoSuchMethodError'{0x0000000084aad0f8}: 'java.lang.Object java.lang.invoke.DelegatingMethodHandle$Holder.reinvoke_L(java.lang.Object, int, int, java.lang.Object, java.lang.Object, java.lang.Object)'> (0x0000000084aad0f8) thrown at [./src/hotspot/share/interpreter/linkResolver.cpp, line 773]
Event: 25.544 Thread 0x00000177cffa6800 Exception <a 'java/lang/NoSuchMethodError'{0x0000000087925fe8}: 'int java.lang.invoke.DirectMethodHandle$Holder.invokeInterface(java.lang.Object, java.lang.Object, java.lang.Object, java.lang.Object)'> (0x0000000087925fe8) thrown at [./src/hotspot/share/interpreter/linkResolver.cpp, line 773]
Event: 26.612 Thread 0x00000177cffa6800 Exception <a 'java/lang/NoSuchMethodError'{0x00000000862202f8}: 'void java.lang.invoke.DirectMethodHandle$Holder.invokeInterface(java.lang.Object, java.lang.Object, java.lang.Object, java.lang.Object)'> (0x00000000862202f8) thrown at [./src/hotspot/share/interpreter/linkResolver.cpp, line 773]
Event: 27.157 Thread 0x00000177cffa6800 Exception <a 'java/lang/IncompatibleClassChangeError'{0x000000008794c5c0}: Found class java.lang.Object, but interface was expected> (0x000000008794c5c0) thrown at [./src/hotspot/share/interpreter/linkResolver.cpp, line 839]
Event: 27.330 Thread 0x00000177cffa6800 Implicit null exception at 0x00000177bef1c254 to 0x00000177bef1c438
Event: 27.330 Thread 0x00000177cffa6800 Implicit null exception at 0x00000177bef154dd to 0x00000177bef156c0
Event: 27.528 Thread 0x00000177cffa6800 Implicit null exception at 0x00000177bed9208b to 0x00000177bed92164
Event: 27.827 Thread 0x00000177cffa6800 Implicit null exception at 0x00000177bedae5ac to 0x00000177bedae75a
Event: 28.452 Thread 0x00000177cffa6800 Exception <a 'sun/nio/fs/WindowsException'{0x00000000863457a0}> (0x00000000863457a0) thrown at [./src/hotspot/share/prims/jni.cpp, line 615]
Event: 29.348 Thread 0x00000177cffa6800 Exception <a 'java/lang/ClassNotFoundException'{0x000000008789b840}: org/gradle/api/plugins/internal/DefaultBasePluginConventionBeanInfo> (0x000000008789b840) thrown at [./src/hotspot/share/classfile/systemDictionary.cpp, line 231]
Event: 29.350 Thread 0x00000177cffa6800 Exception <a 'java/lang/ClassNotFoundException'{0x00000000878d6ec0}: org/gradle/api/plugins/BasePluginConventionBeanInfo> (0x00000000878d6ec0) thrown at [./src/hotspot/share/classfile/systemDictionary.cpp, line 231]
Event: 29.352 Thread 0x00000177cffa6800 Exception <a 'java/lang/ClassNotFoundException'{0x0000000087712c00}: org/gradle/api/plugins/BasePluginConventionCustomizer> (0x0000000087712c00) thrown at [./src/hotspot/share/classfile/systemDictionary.cpp, line 231]
Event: 29.355 Thread 0x00000177cffa6800 Exception <a 'java/lang/ClassNotFoundException'{0x000000008775f928}: org/gradle/api/plugins/internal/DefaultBasePluginConventionCustomizer> (0x000000008775f928) thrown at [./src/hotspot/share/classfile/systemDictionary.cpp, line 231]
Event: 29.369 Thread 0x00000177cffa6800 Exception <a 'java/lang/ClassNotFoundException'{0x00000000877df3b0}: org/gradle/api/plugins/internal/DefaultJavaPluginConventionBeanInfo> (0x00000000877df3b0) thrown at [./src/hotspot/share/classfile/systemDictionary.cpp, line 231]
Event: 29.371 Thread 0x00000177cffa6800 Exception <a 'java/lang/ClassNotFoundException'{0x000000008761aec8}: org/gradle/api/plugins/JavaPluginConventionBeanInfo> (0x000000008761aec8) thrown at [./src/hotspot/share/classfile/systemDictionary.cpp, line 231]
Event: 29.372 Thread 0x00000177cffa6800 Exception <a 'java/lang/ClassNotFoundException'{0x0000000087656740}: org/gradle/api/plugins/JavaPluginConventionCustomizer> (0x0000000087656740) thrown at [./src/hotspot/share/classfile/systemDictionary.cpp, line 231]
Event: 29.398 Thread 0x00000177cffa6800 Exception <a 'java/lang/ClassNotFoundException'{0x00000000876ad310}: org/gradle/api/plugins/internal/DefaultJavaPluginConventionCustomizer> (0x00000000876ad310) thrown at [./src/hotspot/share/classfile/systemDictionary.cpp, line 231]
Event: 30.568 Thread 0x00000177cffa6800 Implicit null exception at 0x00000177befc8ae6 to 0x00000177befc8bb0

Events (20 events):
Event: 30.794 loading class com/android/tools/build/jetifier/core/PackageMap$Companion
Event: 30.794 loading class com/android/tools/build/jetifier/core/PackageMap$Companion done
Event: 30.794 loading class com/android/tools/build/jetifier/core/pom/PomRewriteRule
Event: 30.794 loading class com/android/tools/build/jetifier/core/pom/PomRewriteRule done
Event: 30.795 loading class com/android/tools/build/jetifier/core/pom/PomRewriteRule$Companion
Event: 30.795 loading class com/android/tools/build/jetifier/core/pom/PomRewriteRule$Companion done
Event: 30.800 loading class com/android/tools/build/jetifier/core/pom/DependencyVersionsMap
Event: 30.800 loading class com/android/tools/build/jetifier/core/pom/DependencyVersionsMap done
Event: 30.837 loading class com/android/tools/build/jetifier/core/pom/DependencyVersionsMap$Companion
Event: 30.837 loading class com/android/tools/build/jetifier/core/pom/DependencyVersionsMap$Companion done
Event: 30.837 loading class kotlin/collections/EmptyMap
Event: 30.837 loading class kotlin/collections/EmptyMap done
Event: 30.838 loading class com/android/tools/build/jetifier/core/type/JavaType
Event: 30.838 loading class com/android/tools/build/jetifier/core/type/JavaType done
Event: 30.839 loading class com/android/tools/build/jetifier/core/type/JavaType$Companion
Event: 30.839 loading class com/android/tools/build/jetifier/core/type/JavaType$Companion done
Event: 30.847 loading class com/android/tools/build/jetifier/core/type/TypesMap
Event: 30.847 loading class com/android/tools/build/jetifier/core/type/TypesMap done
Event: 30.848 loading class com/android/tools/build/jetifier/core/type/TypesMap$Companion
Event: 30.848 loading class com/android/tools/build/jetifier/core/type/TypesMap$Companion done


Dynamic libraries:
0x00007ff7e8540000 - 0x00007ff7e854a000 	C:\Program Files\Android\Android Studio\jre\bin\java.exe
0x00007ffbe74c0000 - 0x00007ffbe76c9000 	C:\Windows\SYSTEM32\ntdll.dll
0x00007ffbe6540000 - 0x00007ffbe65fd000 	C:\Windows\System32\KERNEL32.DLL
0x00007ffbe4e80000 - 0x00007ffbe51f4000 	C:\Windows\System32\KERNELBASE.dll
0x00007ffbe4a30000 - 0x00007ffbe4b41000 	C:\Windows\System32\ucrtbase.dll
0x00007ffbc28a0000 - 0x00007ffbc28b9000 	C:\Program Files\Android\Android Studio\jre\bin\jli.dll
0x00007ffbe70a0000 - 0x00007ffbe724c000 	C:\Windows\System32\USER32.dll
0x00007ffbe5270000 - 0x00007ffbe5296000 	C:\Windows\System32\win32u.dll
0x00007ffbe5e80000 - 0x00007ffbe5ea9000 	C:\Windows\System32\GDI32.dll
0x00007ffbe4bf0000 - 0x00007ffbe4d02000 	C:\Windows\System32\gdi32full.dll
0x00007ffbe4b50000 - 0x00007ffbe4bed000 	C:\Windows\System32\msvcp_win.dll
0x00007ffbc1be0000 - 0x00007ffbc1bf7000 	C:\Program Files\Android\Android Studio\jre\bin\VCRUNTIME140.dll
0x00007ffbbe330000 - 0x00007ffbbe5d5000 	C:\Windows\WinSxS\amd64_microsoft.windows.common-controls_6595b64144ccf1df_6.0.22000.120_none_9d947278b86cc467\COMCTL32.dll
0x00007ffbe6470000 - 0x00007ffbe6513000 	C:\Windows\System32\msvcrt.dll
0x00007ffbe6bd0000 - 0x00007ffbe6c01000 	C:\Windows\System32\IMM32.DLL
0x00007ffbae2a0000 - 0x00007ffbae33d000 	C:\Program Files\Android\Android Studio\jre\bin\msvcp140.dll
0x00007ffb72930000 - 0x00007ffb73415000 	C:\Program Files\Android\Android Studio\jre\bin\server\jvm.dll
0x00007ffbe6170000 - 0x00007ffbe621e000 	C:\Windows\System32\ADVAPI32.dll
0x00007ffbe5ec0000 - 0x00007ffbe5f5e000 	C:\Windows\System32\sechost.dll
0x00007ffbe62f0000 - 0x00007ffbe6410000 	C:\Windows\System32\RPCRT4.dll
0x00007ffbe6750000 - 0x00007ffbe6758000 	C:\Windows\System32\PSAPI.DLL
0x00007ffbe1a70000 - 0x00007ffbe1a79000 	C:\Windows\SYSTEM32\WSOCK32.dll
0x00007ffbe6280000 - 0x00007ffbe62ef000 	C:\Windows\System32\WS2_32.dll
0x00007ffbdb520000 - 0x00007ffbdb553000 	C:\Windows\SYSTEM32\WINMM.dll
0x00007ffbd2400000 - 0x00007ffbd240a000 	C:\Windows\SYSTEM32\VERSION.dll
0x00007ffbe3490000 - 0x00007ffbe34a8000 	C:\Windows\SYSTEM32\kernel.appcore.dll
0x00007ffbe1a50000 - 0x00007ffbe1a61000 	C:\Program Files\Android\Android Studio\jre\bin\verify.dll
0x00007ffbdc0b0000 - 0x00007ffbdc2d1000 	C:\Windows\SYSTEM32\DBGHELP.DLL
0x00007ffbcfd90000 - 0x00007ffbcfdc1000 	C:\Windows\SYSTEM32\dbgcore.DLL
0x00007ffbe49b0000 - 0x00007ffbe4a2f000 	C:\Windows\System32\bcryptPrimitives.dll
0x00007ffbe1790000 - 0x00007ffbe17b9000 	C:\Program Files\Android\Android Studio\jre\bin\java.dll
0x00007ffbdbe20000 - 0x00007ffbdbe2b000 	C:\Program Files\Android\Android Studio\jre\bin\jimage.dll
0x00007ffbdb730000 - 0x00007ffbdb748000 	C:\Program Files\Android\Android Studio\jre\bin\zip.dll
0x00007ffbe55b0000 - 0x00007ffbe5d5e000 	C:\Windows\System32\SHELL32.dll
0x00007ffbe2c20000 - 0x00007ffbe3487000 	C:\Windows\SYSTEM32\windows.storage.dll
0x00007ffbe6d10000 - 0x00007ffbe7088000 	C:\Windows\System32\combase.dll
0x00007ffbe2ab0000 - 0x00007ffbe2c16000 	C:\Windows\SYSTEM32\wintypes.dll
0x00007ffbe6c20000 - 0x00007ffbe6d0a000 	C:\Windows\System32\SHCORE.dll
0x00007ffbe6220000 - 0x00007ffbe627d000 	C:\Windows\System32\shlwapi.dll
0x00007ffbe48e0000 - 0x00007ffbe4901000 	C:\Windows\SYSTEM32\profapi.dll
0x00007ffbc2970000 - 0x00007ffbc298a000 	C:\Program Files\Android\Android Studio\jre\bin\net.dll
0x00007ffbd9730000 - 0x00007ffbd983c000 	C:\Windows\SYSTEM32\WINHTTP.dll
0x00007ffbe3fd0000 - 0x00007ffbe4037000 	C:\Windows\system32\mswsock.dll
0x00007ffbc2950000 - 0x00007ffbc2964000 	C:\Program Files\Android\Android Studio\jre\bin\nio.dll
0x00007ffbbb4d0000 - 0x00007ffbbb4f7000 	C:\Users\Admin\.gradle\native\e1d6ef7f7dcc3fd88c89a11ec53ec762bb8ba0a96d01ffa2cd45eb1d1d8dd5c5\windows-amd64\native-platform.dll
0x00007ffb70d30000 - 0x00007ffb70e74000 	C:\Users\Admin\.gradle\native\5664cfc778a61ccfe75a443a1ab52a65af34e5dc3c78e0209fed803814484fcb\windows-amd64\native-platform-file-events.dll
0x00007ffbdbc70000 - 0x00007ffbdbc7a000 	C:\Program Files\Android\Android Studio\jre\bin\management.dll
0x00007ffbdb710000 - 0x00007ffbdb71d000 	C:\Program Files\Android\Android Studio\jre\bin\management_ext.dll
0x00007ffbe4210000 - 0x00007ffbe4228000 	C:\Windows\SYSTEM32\CRYPTSP.dll
0x00007ffbe3bd0000 - 0x00007ffbe3c05000 	C:\Windows\system32\rsaenh.dll
0x00007ffbe40c0000 - 0x00007ffbe40e9000 	C:\Windows\SYSTEM32\USERENV.dll
0x00007ffbe4390000 - 0x00007ffbe43b7000 	C:\Windows\SYSTEM32\bcrypt.dll
0x00007ffbe4230000 - 0x00007ffbe423c000 	C:\Windows\SYSTEM32\CRYPTBASE.dll
0x00007ffbe3700000 - 0x00007ffbe372d000 	C:\Windows\SYSTEM32\IPHLPAPI.DLL
0x00007ffbe5eb0000 - 0x00007ffbe5eb9000 	C:\Windows\System32\NSI.dll
0x00007ffbd93e0000 - 0x00007ffbd93f9000 	C:\Windows\SYSTEM32\dhcpcsvc6.DLL
0x00007ffbda840000 - 0x00007ffbda85e000 	C:\Windows\SYSTEM32\dhcpcsvc.DLL
0x00007ffbe3730000 - 0x00007ffbe3817000 	C:\Windows\SYSTEM32\DNSAPI.dll

dbghelp: loaded successfully - version: 4.0.5 - missing functions: none
symbol engine: initialized successfully - sym options: 0x614 - pdb path: .;C:\Program Files\Android\Android Studio\jre\bin;C:\Windows\SYSTEM32;C:\Windows\WinSxS\amd64_microsoft.windows.common-controls_6595b64144ccf1df_6.0.22000.120_none_9d947278b86cc467;C:\Program Files\Android\Android Studio\jre\bin\server;C:\Users\Admin\.gradle\native\e1d6ef7f7dcc3fd88c89a11ec53ec762bb8ba0a96d01ffa2cd45eb1d1d8dd5c5\windows-amd64;C:\Users\Admin\.gradle\native\5664cfc778a61ccfe75a443a1ab52a65af34e5dc3c78e0209fed803814484fcb\windows-amd64

VM Arguments:
jvm_args: --add-opens=java.base/java.util=ALL-UNNAMED --add-opens=java.base/java.lang=ALL-UNNAMED --add-opens=java.base/java.lang.invoke=ALL-UNNAMED --add-opens=java.base/java.util=ALL-UNNAMED --add-opens=java.prefs/java.util.prefs=ALL-UNNAMED --add-opens=java.prefs/java.util.prefs=ALL-UNNAMED --add-opens=java.base/java.nio.charset=ALL-UNNAMED --add-opens=java.base/java.net=ALL-UNNAMED --add-opens=java.base/java.util.concurrent.atomic=ALL-UNNAMED -Xmx2048m -Dfile.encoding=UTF-8 -Duser.country=US -Duser.language=en -Duser.variant 
java_command: org.gradle.launcher.daemon.bootstrap.GradleDaemon 7.3.3
java_class_path (initial): C:\Users\Admin\.gradle\wrapper\dists\gradle-7.3.3-bin\6a41zxkdtcxs8rphpq6y0069z\gradle-7.3.3\lib\gradle-launcher-7.3.3.jar
Launcher Type: SUN_STANDARD

[Global flags]
     intx CICompilerCount                          = 3                                         {product} {ergonomic}
     uint ConcGCThreads                            = 1                                         {product} {ergonomic}
     uint G1ConcRefinementThreads                  = 4                                         {product} {ergonomic}
   size_t G1HeapRegionSize                         = 1048576                                   {product} {ergonomic}
    uintx GCDrainStackTargetSize                   = 64                                        {product} {ergonomic}
   size_t InitialHeapSize                          = 134217728                                 {product} {ergonomic}
   size_t MarkStackSize                            = 4194304                                   {product} {ergonomic}
   size_t MaxHeapSize                              = 2147483648                                {product} {command line}
   size_t MaxNewSize                               = 1287651328                                {product} {ergonomic}
   size_t MinHeapDeltaBytes                        = 1048576                                   {product} {ergonomic}
    uintx NonNMethodCodeHeapSize                   = 5830732                                {pd product} {ergonomic}
    uintx NonProfiledCodeHeapSize                  = 122913754                              {pd product} {ergonomic}
    uintx ProfiledCodeHeapSize                     = 122913754                              {pd product} {ergonomic}
    uintx ReservedCodeCacheSize                    = 251658240                              {pd product} {ergonomic}
     bool SegmentedCodeCache                       = true                                      {product} {ergonomic}
     bool UseCompressedClassPointers               = true                                 {lp64_product} {ergonomic}
     bool UseCompressedOops                        = true                                 {lp64_product} {ergonomic}
     bool UseG1GC                                  = true                                      {product} {ergonomic}
     bool UseLargePagesIndividualAllocation        = false                                  {pd product} {ergonomic}

Logging:
Log output configuration:
 #0: stdout all=warning uptime,level,tags
 #1: stderr all=off uptime,level,tags

Environment Variables:
PATH=C:\Program Files\Common Files\Oracle\Java\javapath;C:\Program Files (x86)\Common Files\Oracle\Java\javapath;C:\Windows\system32;C:\Windows;C:\Windows\System32\Wbem;C:\Windows\System32\WindowsPowerShell\v1.0\;C:\Windows\System32\OpenSSH\;C:\Program Files (x86)\Intel\Intel(R) Management Engine Components\DAL;C:\Program Files\Intel\Intel(R) Management Engine Components\DAL;C:\Program Files\Git\cmd;C:\Users\Admin\AppData\Local\Microsoft\WindowsApps;C:\Users\Admin\AppData\Local\Programs\Microsoft VS Code\bin;C:\Users\Admin\AppData\Local\atom\bin;C:\Users\Admin\AppData\Local\GitHubDesktop\bin
USERNAME=Admin
OS=Windows_NT
PROCESSOR_IDENTIFIER=Intel64 Family 6 Model 78 Stepping 3, GenuineIntel



---------------  S Y S T E M  ---------------

OS: Windows 10 , 64 bit Build 22000 (10.0.22000.434)
OS uptime: 0 days 22:46 hours

CPU:total 4 (initial active 4) (2 cores per cpu, 2 threads per core) family 6 model 78 stepping 3 microcode 0xd6, cmov, cx8, fxsr, mmx, sse, sse2, sse3, ssse3, sse4.1, sse4.2, popcnt, avx, avx2, aes, clmul, erms, rtm, 3dnowpref, lzcnt, ht, tsc, tscinvbit, bmi1, bmi2, adx, fma

Memory: 4k page, system-wide physical 8072M (916M free)
TotalPageFile size 8072M (AvailPageFile size 0M)
current process WorkingSet (physical memory assigned to process): 332M, peak: 339M
current process commit charge ("private bytes"): 371M, peak: 380M

vm_info: OpenJDK 64-Bit Server VM (11.0.12+7-b1504.28-7817840) for windows-amd64 JRE (11.0.12+7-b1504.28-7817840), built on Oct 13 2021 22:12:33 by "builder" with MS VC++ 14.0 (VS2015)

END.
