#
# There is insufficient memory for the Java Runtime Environment to continue.
# Native memory allocation (malloc) failed to allocate 1055456 bytes for Chunk::new
# Possible reasons:
#   The system is out of physical RAM or swap space
#   The process is running with CompressedOops enabled, and the Java Heap may be blocking the growth of the native heap
# Possible solutions:
#   Reduce memory load on the system
#   Increase physical memory or swap space
#   Check if swap backing store is full
#   Decrease Java heap size (-Xmx/-Xms)
#   Decrease number of Java threads
#   Decrease Java thread stack sizes (-Xss)
#   Set larger code cache with -XX:ReservedCodeCacheSize=
#   JVM is running with Unscaled Compressed Oops mode in which the Java heap is
#     placed in the first 4GB address space. The Java Heap base address is the
#     maximum limit for the native heap growth. Please use -XX:HeapBaseMinAddress
#     to set the Java Heap base and to place the Java Heap above 4GB virtual address.
# This output file may be truncated or incomplete.
#
#  Out of Memory Error (./src/hotspot/share/memory/arena.cpp:197), pid=10596, tid=3824
#
# JRE version: OpenJDK Runtime Environment (11.0.12+7) (build 11.0.12+7-b1504.28-7817840)
# Java VM: OpenJDK 64-Bit Server VM (11.0.12+7-b1504.28-7817840, mixed mode, tiered, compressed oops, g1 gc, windows-amd64)
# No core dump will be written. Minidumps are not enabled by default on client versions of Windows
#

---------------  S U M M A R Y ------------

Command Line: --add-opens=java.base/java.util=ALL-UNNAMED --add-opens=java.base/java.lang=ALL-UNNAMED --add-opens=java.base/java.lang.invoke=ALL-UNNAMED --add-opens=java.base/java.util=ALL-UNNAMED --add-opens=java.prefs/java.util.prefs=ALL-UNNAMED --add-opens=java.prefs/java.util.prefs=ALL-UNNAMED --add-opens=java.base/java.nio.charset=ALL-UNNAMED --add-opens=java.base/java.net=ALL-UNNAMED --add-opens=java.base/java.util.concurrent.atomic=ALL-UNNAMED -Xmx2048m -Dfile.encoding=UTF-8 -Duser.country=US -Duser.language=en -Duser.variant org.gradle.launcher.daemon.bootstrap.GradleDaemon 7.3.3

Host: Intel(R) Core(TM) i7-6600U CPU @ 2.60GHz, 4 cores, 7G,  Windows 10 , 64 bit Build 22000 (10.0.22000.434)
Time: Sun Aug 14 09:02:31 2022 Egypt Standard Time elapsed time: 8.670025 seconds (0d 0h 0m 8s)

---------------  T H R E A D  ---------------

Current thread (0x00000137f0430800):  JavaThread "C2 CompilerThread1" daemon [_thread_in_native, id=3824, stack(0x0000002d43000000,0x0000002d43100000)]


Current CompileTask:
C2:   8670 4383       4       java.net.URLClassLoader$1::run (5 bytes)

Stack: [0x0000002d43000000,0x0000002d43100000]
Native frames: (J=compiled Java code, j=interpreted, Vv=VM code, C=native code)
V  [jvm.dll+0x5fbcea]
V  [jvm.dll+0x731905]
V  [jvm.dll+0x732f1d]
V  [jvm.dll+0x7335d3]
V  [jvm.dll+0x247bf8]
V  [jvm.dll+0xc018c]
V  [jvm.dll+0xc06cc]
V  [jvm.dll+0x2bcc04]
V  [jvm.dll+0x5113a8]
V  [jvm.dll+0x208303]
V  [jvm.dll+0x201fe0]
V  [jvm.dll+0x1ff71f]
V  [jvm.dll+0x18868c]
V  [jvm.dll+0x20e0d7]
V  [jvm.dll+0x20c901]
V  [jvm.dll+0x6f9b7f]
V  [jvm.dll+0x6f26a5]
V  [jvm.dll+0x5fabf6]
C  [ucrtbase.dll+0x26c0c]
C  [KERNEL32.DLL+0x154e0]
C  [ntdll.dll+0x485b]


---------------  P R O C E S S  ---------------

Threads class SMR info:
_java_thread_list=0x00000137eea59dc0, length=37, elements={
0x00000137d352e000, 0x00000137ed130800, 0x00000137ed133800, 0x00000137edac2800,
0x00000137ed14e800, 0x00000137ed150000, 0x00000137ed154000, 0x00000137ed159800,
0x00000137ed15d800, 0x00000137edbfd000, 0x00000137ef3ed000, 0x00000137edcf1000,
0x00000137ef2de800, 0x00000137ef2e7000, 0x00000137ef17b800, 0x00000137ef1be800,
0x00000137efff9000, 0x00000137eee0c000, 0x00000137ef353000, 0x00000137efd1a000,
0x00000137efd1e000, 0x00000137efd1b000, 0x00000137efd1f000, 0x00000137efd1b800,
0x00000137efd1c800, 0x00000137efd1d800, 0x00000137f0430800, 0x00000137efd19800,
0x00000137efd20000, 0x00000137eff17800, 0x00000137eff18800, 0x00000137eff16800,
0x00000137eff16000, 0x00000137eff19000, 0x00000137eff13800, 0x00000137eff1b000,
0x00000137eff1b800
}

Java Threads: ( => current thread )
  0x00000137d352e000 JavaThread "main" [_thread_blocked, id=3956, stack(0x0000002d41b00000,0x0000002d41c00000)]
  0x00000137ed130800 JavaThread "Reference Handler" daemon [_thread_blocked, id=11832, stack(0x0000002d42200000,0x0000002d42300000)]
  0x00000137ed133800 JavaThread "Finalizer" daemon [_thread_blocked, id=5628, stack(0x0000002d42300000,0x0000002d42400000)]
  0x00000137edac2800 JavaThread "Signal Dispatcher" daemon [_thread_blocked, id=11344, stack(0x0000002d42400000,0x0000002d42500000)]
  0x00000137ed14e800 JavaThread "Attach Listener" daemon [_thread_blocked, id=9224, stack(0x0000002d42500000,0x0000002d42600000)]
  0x00000137ed150000 JavaThread "Service Thread" daemon [_thread_blocked, id=11428, stack(0x0000002d42600000,0x0000002d42700000)]
  0x00000137ed154000 JavaThread "C2 CompilerThread0" daemon [_thread_in_native, id=1484, stack(0x0000002d42700000,0x0000002d42800000)]
  0x00000137ed159800 JavaThread "C1 CompilerThread0" daemon [_thread_blocked, id=10508, stack(0x0000002d42800000,0x0000002d42900000)]
  0x00000137ed15d800 JavaThread "Sweeper thread" daemon [_thread_blocked, id=4280, stack(0x0000002d42900000,0x0000002d42a00000)]
  0x00000137edbfd000 JavaThread "Common-Cleaner" daemon [_thread_blocked, id=11820, stack(0x0000002d42a00000,0x0000002d42b00000)]
  0x00000137ef3ed000 JavaThread "Daemon health stats" [_thread_blocked, id=13300, stack(0x0000002d42f00000,0x0000002d43000000)]
  0x00000137edcf1000 JavaThread "Incoming local TCP Connector on port 64222" [_thread_in_native, id=11408, stack(0x0000002d42c00000,0x0000002d42d00000)]
  0x00000137ef2de800 JavaThread "Daemon periodic checks" [_thread_blocked, id=10584, stack(0x0000002d43100000,0x0000002d43200000)]
  0x00000137ef2e7000 JavaThread "Daemon" [_thread_blocked, id=9760, stack(0x0000002d43200000,0x0000002d43300000)]
  0x00000137ef17b800 JavaThread "Handler for socket connection from /127.0.0.1:64222 to /127.0.0.1:64223" [_thread_in_native, id=3108, stack(0x0000002d43300000,0x0000002d43400000)]
  0x00000137ef1be800 JavaThread "Cancel handler" [_thread_blocked, id=5696, stack(0x0000002d43400000,0x0000002d43500000)]
  0x00000137efff9000 JavaThread "Daemon worker" [_thread_in_vm, id=11856, stack(0x0000002d43500000,0x0000002d43600000)]
  0x00000137eee0c000 JavaThread "Asynchronous log dispatcher for DefaultDaemonConnection: socket connection from /127.0.0.1:64222 to /127.0.0.1:64223" [_thread_blocked, id=9764, stack(0x0000002d43600000,0x0000002d43700000)]
  0x00000137ef353000 JavaThread "Stdin handler" [_thread_blocked, id=6160, stack(0x0000002d43700000,0x0000002d43800000)]
  0x00000137efd1a000 JavaThread "Daemon client event forwarder" [_thread_blocked, id=8372, stack(0x0000002d43800000,0x0000002d43900000)]
  0x00000137efd1e000 JavaThread "Cache worker for journal cache (C:\Users\Admin\.gradle\caches\journal-1)" [_thread_blocked, id=11720, stack(0x0000002d43a00000,0x0000002d43b00000)]
  0x00000137efd1b000 JavaThread "File lock request listener" [_thread_in_native, id=2896, stack(0x0000002d43b00000,0x0000002d43c00000)]
  0x00000137efd1f000 JavaThread "Cache worker for file hash cache (C:\Users\Admin\.gradle\caches\7.3.3\fileHashes)" [_thread_blocked, id=8280, stack(0x0000002d43c00000,0x0000002d43d00000)]
  0x00000137efd1b800 JavaThread "Cache worker for file hash cache (C:\Users\Admin\Desktop\jana\cw6\.gradle\7.3.3\fileHashes)" [_thread_blocked, id=12076, stack(0x0000002d43d00000,0x0000002d43e00000)]
  0x00000137efd1c800 JavaThread "File watcher server" daemon [_thread_in_native, id=6516, stack(0x0000002d43e00000,0x0000002d43f00000)]
  0x00000137efd1d800 JavaThread "File watcher consumer" daemon [_thread_blocked, id=1448, stack(0x0000002d43f00000,0x0000002d44000000)]
=>0x00000137f0430800 JavaThread "C2 CompilerThread1" daemon [_thread_in_native, id=3824, stack(0x0000002d43000000,0x0000002d43100000)]
  0x00000137efd19800 JavaThread "jar transforms" [_thread_blocked, id=9092, stack(0x0000002d44000000,0x0000002d44100000)]
  0x00000137efd20000 JavaThread "jar transforms Thread 2" [_thread_blocked, id=5532, stack(0x0000002d44100000,0x0000002d44200000)]
  0x00000137eff17800 JavaThread "jar transforms Thread 3" [_thread_blocked, id=12708, stack(0x0000002d44200000,0x0000002d44300000)]
  0x00000137eff18800 JavaThread "jar transforms Thread 4" [_thread_blocked, id=11828, stack(0x0000002d44300000,0x0000002d44400000)]
  0x00000137eff16800 JavaThread "Cache worker for checksums cache (C:\Users\Admin\Desktop\jana\cw6\.gradle\7.3.3\checksums)" [_thread_blocked, id=13040, stack(0x0000002d44400000,0x0000002d44500000)]
  0x00000137eff16000 JavaThread "Cache worker for cache directory md-supplier (C:\Users\Admin\.gradle\caches\7.3.3\md-supplier)" [_thread_blocked, id=10472, stack(0x0000002d44500000,0x0000002d44600000)]
  0x00000137eff19000 JavaThread "Cache worker for cache directory md-rule (C:\Users\Admin\.gradle\caches\7.3.3\md-rule)" [_thread_blocked, id=7480, stack(0x0000002d44600000,0x0000002d44700000)]
  0x00000137eff13800 JavaThread "Cache worker for execution history cache (C:\Users\Admin\.gradle\caches\7.3.3\executionHistory)" [_thread_blocked, id=1496, stack(0x0000002d44700000,0x0000002d44800000)]
  0x00000137eff1b000 JavaThread "Cache worker for file content cache (C:\Users\Admin\.gradle\caches\7.3.3\fileContent)" [_thread_blocked, id=7000, stack(0x0000002d44800000,0x0000002d44900000)]
  0x00000137eff1b800 JavaThread "Cache worker for dependencies-accessors (C:\Users\Admin\Desktop\jana\cw6\.gradle\7.3.3\dependencies-accessors)" [_thread_blocked, id=11872, stack(0x0000002d44900000,0x0000002d44a00000)]

Other Threads:
  0x00000137ed12a000 VMThread "VM Thread" [stack: 0x0000002d42100000,0x0000002d42200000] [id=5524]
  0x00000137edc02000 WatcherThread [stack: 0x0000002d42b00000,0x0000002d42c00000] [id=3408]
  0x00000137d3546800 GCTaskThread "GC Thread#0" [stack: 0x0000002d41c00000,0x0000002d41d00000] [id=1364]
  0x00000137ee219000 GCTaskThread "GC Thread#1" [stack: 0x0000002d42d00000,0x0000002d42e00000] [id=11952]
  0x00000137ee09d800 GCTaskThread "GC Thread#2" [stack: 0x0000002d42e00000,0x0000002d42f00000] [id=10500]
  0x00000137ef354000 GCTaskThread "GC Thread#3" [stack: 0x0000002d43900000,0x0000002d43a00000] [id=12652]
  0x00000137d3579000 ConcurrentGCThread "G1 Main Marker" [stack: 0x0000002d41d00000,0x0000002d41e00000] [id=10756]
  0x00000137d357a000 ConcurrentGCThread "G1 Conc#0" [stack: 0x0000002d41e00000,0x0000002d41f00000] [id=4456]
  0x00000137d360a800 ConcurrentGCThread "G1 Refine#0" [stack: 0x0000002d41f00000,0x0000002d42000000] [id=6068]
  0x00000137d360b800 ConcurrentGCThread "G1 Young RemSet Sampling" [stack: 0x0000002d42000000,0x0000002d42100000] [id=11632]

Threads with active compile tasks:
C2 CompilerThread0   8680 4384   !   4       java.net.URLClassLoader$1::run (63 bytes)
C1 CompilerThread0   8680 4423       3       com.google.common.reflect.TypeResolver::resolveType (74 bytes)
C2 CompilerThread1   8680 4383       4       java.net.URLClassLoader$1::run (5 bytes)

VM state:not at safepoint (normal execution)

VM Mutex/Monitor currently owned by a thread:  ([mutex/lock_event])
[0x00000137d352cb40] Compile_lock - owner thread: 0x00000137ed159800
[0x00000137d352d320] MethodCompileQueue_lock - owner thread: 0x00000137ed159800

Heap address: 0x0000000080000000, size: 2048 MB, Compressed Oops mode: 32-bit
Narrow klass base: 0x0000000000000000, Narrow klass shift: 3
Compressed class space size: 1073741824 Address: 0x0000000100000000

Heap:
 garbage-first heap   total 189440K, used 80440K [0x0000000080000000, 0x0000000100000000)
  region size 1024K, 38 young (38912K), 10 survivors (10240K)
 Metaspace       used 47834K, capacity 49064K, committed 49100K, reserved 1091584K
  class space    used 6132K, capacity 6589K, committed 6604K, reserved 1048576K
Heap Regions: E=young(eden), S=young(survivor), O=old, HS=humongous(starts), HC=humongous(continues), CS=collection set, F=free, A=archive, TAMS=top-at-mark-start (previous, next)
|   0|0x0000000080000000, 0x0000000080100000, 0x0000000080100000|100%| O|  |TAMS 0x0000000080100000, 0x0000000080000000| Untracked 
|   1|0x0000000080100000, 0x0000000080200000, 0x0000000080200000|100%| O|  |TAMS 0x0000000080200000, 0x0000000080100000| Untracked 
|   2|0x0000000080200000, 0x0000000080300000, 0x0000000080300000|100%| O|  |TAMS 0x0000000080300000, 0x0000000080200000| Untracked 
|   3|0x0000000080300000, 0x0000000080400000, 0x0000000080400000|100%|HS|  |TAMS 0x0000000080400000, 0x0000000080300000| Complete 
|   4|0x0000000080400000, 0x0000000080500000, 0x0000000080500000|100%|HC|  |TAMS 0x0000000080500000, 0x0000000080400000| Complete 
|   5|0x0000000080500000, 0x0000000080600000, 0x0000000080600000|100%|HC|  |TAMS 0x0000000080600000, 0x0000000080500000| Complete 
|   6|0x0000000080600000, 0x0000000080700000, 0x0000000080700000|100%| O|  |TAMS 0x0000000080700000, 0x0000000080600000| Untracked 
|   7|0x0000000080700000, 0x0000000080800000, 0x0000000080800000|100%| O|  |TAMS 0x0000000080800000, 0x0000000080700000| Untracked 
|   8|0x0000000080800000, 0x0000000080900000, 0x0000000080900000|100%| O|  |TAMS 0x0000000080900000, 0x0000000080800000| Untracked 
|   9|0x0000000080900000, 0x0000000080a00000, 0x0000000080a00000|100%| O|  |TAMS 0x0000000080a00000, 0x0000000080900000| Untracked 
|  10|0x0000000080a00000, 0x0000000080b00000, 0x0000000080b00000|100%| O|  |TAMS 0x0000000080b00000, 0x0000000080a00000| Untracked 
|  11|0x0000000080b00000, 0x0000000080c00000, 0x0000000080c00000|100%| O|  |TAMS 0x0000000080c00000, 0x0000000080b00000| Untracked 
|  12|0x0000000080c00000, 0x0000000080d00000, 0x0000000080d00000|100%| O|  |TAMS 0x0000000080d00000, 0x0000000080c00000| Untracked 
|  13|0x0000000080d00000, 0x0000000080e00000, 0x0000000080e00000|100%|HS|  |TAMS 0x0000000080e00000, 0x0000000080d00000| Complete 
|  14|0x0000000080e00000, 0x0000000080f00000, 0x0000000080f00000|100%|HC|  |TAMS 0x0000000080f00000, 0x0000000080e00000| Complete 
|  15|0x0000000080f00000, 0x0000000081000000, 0x0000000081000000|100%|HS|  |TAMS 0x0000000081000000, 0x0000000080f00000| Complete 
|  16|0x0000000081000000, 0x0000000081100000, 0x0000000081100000|100%|HC|  |TAMS 0x0000000081100000, 0x0000000081000000| Complete 
|  17|0x0000000081100000, 0x0000000081200000, 0x0000000081200000|100%|HC|  |TAMS 0x0000000081200000, 0x0000000081100000| Complete 
|  18|0x0000000081200000, 0x0000000081300000, 0x0000000081300000|100%|HS|  |TAMS 0x0000000081300000, 0x0000000081200000| Complete 
|  19|0x0000000081300000, 0x0000000081400000, 0x0000000081400000|100%|HS|  |TAMS 0x0000000081400000, 0x0000000081300000| Complete 
|  20|0x0000000081400000, 0x0000000081500000, 0x0000000081500000|100%|HC|  |TAMS 0x0000000081500000, 0x0000000081400000| Complete 
|  21|0x0000000081500000, 0x0000000081600000, 0x0000000081600000|100%|HC|  |TAMS 0x0000000081600000, 0x0000000081500000| Complete 
|  22|0x0000000081600000, 0x0000000081700000, 0x0000000081700000|100%|HC|  |TAMS 0x0000000081700000, 0x0000000081600000| Complete 
|  23|0x0000000081700000, 0x0000000081800000, 0x0000000081800000|100%| O|  |TAMS 0x0000000081800000, 0x0000000081700000| Untracked 
|  24|0x0000000081800000, 0x0000000081900000, 0x0000000081900000|100%| O|  |TAMS 0x0000000081900000, 0x0000000081800000| Untracked 
|  25|0x0000000081900000, 0x0000000081a00000, 0x0000000081a00000|100%| O|  |TAMS 0x0000000081a00000, 0x0000000081900000| Untracked 
|  26|0x0000000081a00000, 0x0000000081b00000, 0x0000000081b00000|100%| O|  |TAMS 0x0000000081b00000, 0x0000000081a00000| Untracked 
|  27|0x0000000081b00000, 0x0000000081c00000, 0x0000000081c00000|100%| O|  |TAMS 0x0000000081c00000, 0x0000000081b00000| Untracked 
|  28|0x0000000081c00000, 0x0000000081d00000, 0x0000000081d00000|100%| O|  |TAMS 0x0000000081d00000, 0x0000000081c00000| Untracked 
|  29|0x0000000081d00000, 0x0000000081e00000, 0x0000000081e00000|100%| O|  |TAMS 0x0000000081e00000, 0x0000000081d00000| Untracked 
|  30|0x0000000081e00000, 0x0000000081f00000, 0x0000000081f00000|100%| O|  |TAMS 0x0000000081f00000, 0x0000000081e00000| Untracked 
|  31|0x0000000081f00000, 0x0000000082000000, 0x0000000082000000|100%| O|  |TAMS 0x0000000082000000, 0x0000000081f00000| Untracked 
|  32|0x0000000082000000, 0x0000000082100000, 0x0000000082100000|100%| O|  |TAMS 0x0000000082100000, 0x0000000082000000| Untracked 
|  33|0x0000000082100000, 0x0000000082200000, 0x0000000082200000|100%| O|  |TAMS 0x0000000082200000, 0x0000000082100000| Untracked 
|  34|0x0000000082200000, 0x0000000082260800, 0x0000000082300000| 37%| O|  |TAMS 0x0000000082260800, 0x0000000082200000| Untracked 
|  35|0x0000000082300000, 0x0000000082400000, 0x0000000082400000|100%|HS|  |TAMS 0x0000000082300000, 0x0000000082300000| Complete 
|  36|0x0000000082400000, 0x0000000082500000, 0x0000000082500000|100%|HS|  |TAMS 0x0000000082400000, 0x0000000082400000| Complete 
|  37|0x0000000082500000, 0x0000000082600000, 0x0000000082600000|100%|HC|  |TAMS 0x0000000082500000, 0x0000000082500000| Complete 
|  38|0x0000000082600000, 0x0000000082700000, 0x0000000082700000|100%|HC|  |TAMS 0x0000000082600000, 0x0000000082600000| Complete 
|  39|0x0000000082700000, 0x0000000082800000, 0x0000000082800000|100%|HS|  |TAMS 0x0000000082700000, 0x0000000082700000| Complete 
|  40|0x0000000082800000, 0x0000000082900000, 0x0000000082900000|100%|HC|  |TAMS 0x0000000082800000, 0x0000000082800000| Complete 
|  41|0x0000000082900000, 0x0000000082a00000, 0x0000000082a00000|100%|HC|  |TAMS 0x0000000082900000, 0x0000000082900000| Complete 
|  42|0x0000000082a00000, 0x0000000082b00000, 0x0000000082b00000|100%|HC|  |TAMS 0x0000000082a00000, 0x0000000082a00000| Complete 
|  43|0x0000000082b00000, 0x0000000082b00000, 0x0000000082c00000|  0%| F|  |TAMS 0x0000000082b00000, 0x0000000082b00000| Untracked 
|  44|0x0000000082c00000, 0x0000000082c00000, 0x0000000082d00000|  0%| F|  |TAMS 0x0000000082c00000, 0x0000000082c00000| Untracked 
|  45|0x0000000082d00000, 0x0000000082d00000, 0x0000000082e00000|  0%| F|  |TAMS 0x0000000082d00000, 0x0000000082d00000| Untracked 
|  46|0x0000000082e00000, 0x0000000082e00000, 0x0000000082f00000|  0%| F|  |TAMS 0x0000000082e00000, 0x0000000082e00000| Untracked 
|  47|0x0000000082f00000, 0x0000000082f00000, 0x0000000083000000|  0%| F|  |TAMS 0x0000000082f00000, 0x0000000082f00000| Untracked 
|  48|0x0000000083000000, 0x0000000083000000, 0x0000000083100000|  0%| F|  |TAMS 0x0000000083000000, 0x0000000083000000| Untracked 
|  49|0x0000000083100000, 0x0000000083100000, 0x0000000083200000|  0%| F|  |TAMS 0x0000000083100000, 0x0000000083100000| Untracked 
|  50|0x0000000083200000, 0x0000000083200000, 0x0000000083300000|  0%| F|  |TAMS 0x0000000083200000, 0x0000000083200000| Untracked 
|  51|0x0000000083300000, 0x0000000083300000, 0x0000000083400000|  0%| F|  |TAMS 0x0000000083300000, 0x0000000083300000| Untracked 
|  52|0x0000000083400000, 0x0000000083400000, 0x0000000083500000|  0%| F|  |TAMS 0x0000000083400000, 0x0000000083400000| Untracked 
|  53|0x0000000083500000, 0x0000000083500000, 0x0000000083600000|  0%| F|  |TAMS 0x0000000083500000, 0x0000000083500000| Untracked 
|  54|0x0000000083600000, 0x0000000083600000, 0x0000000083700000|  0%| F|  |TAMS 0x0000000083600000, 0x0000000083600000| Untracked 
|  55|0x0000000083700000, 0x0000000083700000, 0x0000000083800000|  0%| F|  |TAMS 0x0000000083700000, 0x0000000083700000| Untracked 
|  56|0x0000000083800000, 0x0000000083800000, 0x0000000083900000|  0%| F|  |TAMS 0x0000000083800000, 0x0000000083800000| Untracked 
|  57|0x0000000083900000, 0x0000000083900000, 0x0000000083a00000|  0%| F|  |TAMS 0x0000000083900000, 0x0000000083900000| Untracked 
|  58|0x0000000083a00000, 0x0000000083a00000, 0x0000000083b00000|  0%| F|  |TAMS 0x0000000083a00000, 0x0000000083a00000| Untracked 
|  59|0x0000000083b00000, 0x0000000083b00000, 0x0000000083c00000|  0%| F|  |TAMS 0x0000000083b00000, 0x0000000083b00000| Untracked 
|  60|0x0000000083c00000, 0x0000000083c00000, 0x0000000083d00000|  0%| F|  |TAMS 0x0000000083c00000, 0x0000000083c00000| Untracked 
|  61|0x0000000083d00000, 0x0000000083d00000, 0x0000000083e00000|  0%| F|  |TAMS 0x0000000083d00000, 0x0000000083d00000| Untracked 
|  62|0x0000000083e00000, 0x0000000083e00000, 0x0000000083f00000|  0%| F|  |TAMS 0x0000000083e00000, 0x0000000083e00000| Untracked 
|  63|0x0000000083f00000, 0x0000000083f00000, 0x0000000084000000|  0%| F|  |TAMS 0x0000000083f00000, 0x0000000083f00000| Untracked 
|  64|0x0000000084000000, 0x0000000084000000, 0x0000000084100000|  0%| F|  |TAMS 0x0000000084000000, 0x0000000084000000| Untracked 
|  65|0x0000000084100000, 0x0000000084100000, 0x0000000084200000|  0%| F|  |TAMS 0x0000000084100000, 0x0000000084100000| Untracked 
|  66|0x0000000084200000, 0x0000000084200000, 0x0000000084300000|  0%| F|  |TAMS 0x0000000084200000, 0x0000000084200000| Untracked 
|  67|0x0000000084300000, 0x0000000084300000, 0x0000000084400000|  0%| F|  |TAMS 0x0000000084300000, 0x0000000084300000| Untracked 
|  68|0x0000000084400000, 0x0000000084400000, 0x0000000084500000|  0%| F|  |TAMS 0x0000000084400000, 0x0000000084400000| Untracked 
|  69|0x0000000084500000, 0x0000000084500000, 0x0000000084600000|  0%| F|  |TAMS 0x0000000084500000, 0x0000000084500000| Untracked 
|  70|0x0000000084600000, 0x0000000084600000, 0x0000000084700000|  0%| F|  |TAMS 0x0000000084600000, 0x0000000084600000| Untracked 
|  71|0x0000000084700000, 0x0000000084700000, 0x0000000084800000|  0%| F|  |TAMS 0x0000000084700000, 0x0000000084700000| Untracked 
|  72|0x0000000084800000, 0x0000000084800000, 0x0000000084900000|  0%| F|  |TAMS 0x0000000084800000, 0x0000000084800000| Untracked 
|  73|0x0000000084900000, 0x0000000084900000, 0x0000000084a00000|  0%| F|  |TAMS 0x0000000084900000, 0x0000000084900000| Untracked 
|  74|0x0000000084a00000, 0x0000000084a00000, 0x0000000084b00000|  0%| F|  |TAMS 0x0000000084a00000, 0x0000000084a00000| Untracked 
|  75|0x0000000084b00000, 0x0000000084b00000, 0x0000000084c00000|  0%| F|  |TAMS 0x0000000084b00000, 0x0000000084b00000| Untracked 
|  76|0x0000000084c00000, 0x0000000084c00000, 0x0000000084d00000|  0%| F|  |TAMS 0x0000000084c00000, 0x0000000084c00000| Untracked 
|  77|0x0000000084d00000, 0x0000000084d00000, 0x0000000084e00000|  0%| F|  |TAMS 0x0000000084d00000, 0x0000000084d00000| Untracked 
|  78|0x0000000084e00000, 0x0000000084e00000, 0x0000000084f00000|  0%| F|  |TAMS 0x0000000084e00000, 0x0000000084e00000| Untracked 
|  79|0x0000000084f00000, 0x0000000084f00000, 0x0000000085000000|  0%| F|  |TAMS 0x0000000084f00000, 0x0000000084f00000| Untracked 
|  80|0x0000000085000000, 0x0000000085000000, 0x0000000085100000|  0%| F|  |TAMS 0x0000000085000000, 0x0000000085000000| Untracked 
|  81|0x0000000085100000, 0x0000000085100000, 0x0000000085200000|  0%| F|  |TAMS 0x0000000085100000, 0x0000000085100000| Untracked 
|  82|0x0000000085200000, 0x0000000085200000, 0x0000000085300000|  0%| F|  |TAMS 0x0000000085200000, 0x0000000085200000| Untracked 
|  83|0x0000000085300000, 0x0000000085300000, 0x0000000085400000|  0%| F|  |TAMS 0x0000000085300000, 0x0000000085300000| Untracked 
|  84|0x0000000085400000, 0x0000000085400000, 0x0000000085500000|  0%| F|  |TAMS 0x0000000085400000, 0x0000000085400000| Untracked 
|  85|0x0000000085500000, 0x0000000085500000, 0x0000000085600000|  0%| F|  |TAMS 0x0000000085500000, 0x0000000085500000| Untracked 
|  86|0x0000000085600000, 0x0000000085600000, 0x0000000085700000|  0%| F|  |TAMS 0x0000000085600000, 0x0000000085600000| Untracked 
|  87|0x0000000085700000, 0x0000000085700000, 0x0000000085800000|  0%| F|  |TAMS 0x0000000085700000, 0x0000000085700000| Untracked 
|  88|0x0000000085800000, 0x0000000085800000, 0x0000000085900000|  0%| F|  |TAMS 0x0000000085800000, 0x0000000085800000| Untracked 
|  89|0x0000000085900000, 0x0000000085900000, 0x0000000085a00000|  0%| F|  |TAMS 0x0000000085900000, 0x0000000085900000| Untracked 
|  90|0x0000000085a00000, 0x0000000085a00000, 0x0000000085b00000|  0%| F|  |TAMS 0x0000000085a00000, 0x0000000085a00000| Untracked 
|  91|0x0000000085b00000, 0x0000000085b00000, 0x0000000085c00000|  0%| F|  |TAMS 0x0000000085b00000, 0x0000000085b00000| Untracked 
|  92|0x0000000085c00000, 0x0000000085c00000, 0x0000000085d00000|  0%| F|  |TAMS 0x0000000085c00000, 0x0000000085c00000| Untracked 
|  93|0x0000000085d00000, 0x0000000085d00000, 0x0000000085e00000|  0%| F|  |TAMS 0x0000000085d00000, 0x0000000085d00000| Untracked 
|  94|0x0000000085e00000, 0x0000000085e00000, 0x0000000085f00000|  0%| F|  |TAMS 0x0000000085e00000, 0x0000000085e00000| Untracked 
|  95|0x0000000085f00000, 0x0000000085f00000, 0x0000000086000000|  0%| F|  |TAMS 0x0000000085f00000, 0x0000000085f00000| Untracked 
|  96|0x0000000086000000, 0x0000000086000000, 0x0000000086100000|  0%| F|  |TAMS 0x0000000086000000, 0x0000000086000000| Untracked 
|  97|0x0000000086100000, 0x0000000086100000, 0x0000000086200000|  0%| F|  |TAMS 0x0000000086100000, 0x0000000086100000| Untracked 
|  98|0x0000000086200000, 0x0000000086200000, 0x0000000086300000|  0%| F|  |TAMS 0x0000000086200000, 0x0000000086200000| Untracked 
|  99|0x0000000086300000, 0x0000000086300000, 0x0000000086400000|  0%| F|  |TAMS 0x0000000086300000, 0x0000000086300000| Untracked 
| 100|0x0000000086400000, 0x0000000086400000, 0x0000000086500000|  0%| F|  |TAMS 0x0000000086400000, 0x0000000086400000| Untracked 
| 101|0x0000000086500000, 0x0000000086500000, 0x0000000086600000|  0%| F|  |TAMS 0x0000000086500000, 0x0000000086500000| Untracked 
| 102|0x0000000086600000, 0x0000000086600000, 0x0000000086700000|  0%| F|  |TAMS 0x0000000086600000, 0x0000000086600000| Untracked 
| 103|0x0000000086700000, 0x0000000086700000, 0x0000000086800000|  0%| F|  |TAMS 0x0000000086700000, 0x0000000086700000| Untracked 
| 104|0x0000000086800000, 0x0000000086800000, 0x0000000086900000|  0%| F|  |TAMS 0x0000000086800000, 0x0000000086800000| Untracked 
| 105|0x0000000086900000, 0x000000008692db60, 0x0000000086a00000| 17%| S|CS|TAMS 0x0000000086900000, 0x0000000086900000| Complete 
| 106|0x0000000086a00000, 0x0000000086b00000, 0x0000000086b00000|100%| S|CS|TAMS 0x0000000086a00000, 0x0000000086a00000| Complete 
| 107|0x0000000086b00000, 0x0000000086c00000, 0x0000000086c00000|100%| S|CS|TAMS 0x0000000086b00000, 0x0000000086b00000| Complete 
| 108|0x0000000086c00000, 0x0000000086d00000, 0x0000000086d00000|100%| S|CS|TAMS 0x0000000086c00000, 0x0000000086c00000| Complete 
| 109|0x0000000086d00000, 0x0000000086e00000, 0x0000000086e00000|100%| S|CS|TAMS 0x0000000086d00000, 0x0000000086d00000| Complete 
| 110|0x0000000086e00000, 0x0000000086f00000, 0x0000000086f00000|100%| S|CS|TAMS 0x0000000086e00000, 0x0000000086e00000| Complete 
| 111|0x0000000086f00000, 0x0000000087000000, 0x0000000087000000|100%| S|CS|TAMS 0x0000000086f00000, 0x0000000086f00000| Complete 
| 112|0x0000000087000000, 0x0000000087100000, 0x0000000087100000|100%| S|CS|TAMS 0x0000000087000000, 0x0000000087000000| Complete 
| 113|0x0000000087100000, 0x0000000087200000, 0x0000000087200000|100%| S|CS|TAMS 0x0000000087100000, 0x0000000087100000| Complete 
| 114|0x0000000087200000, 0x0000000087300000, 0x0000000087300000|100%| S|CS|TAMS 0x0000000087200000, 0x0000000087200000| Complete 
| 115|0x0000000087300000, 0x0000000087300000, 0x0000000087400000|  0%| F|  |TAMS 0x0000000087300000, 0x0000000087300000| Untracked 
| 116|0x0000000087400000, 0x0000000087400000, 0x0000000087500000|  0%| F|  |TAMS 0x0000000087400000, 0x0000000087400000| Untracked 
| 117|0x0000000087500000, 0x0000000087500000, 0x0000000087600000|  0%| F|  |TAMS 0x0000000087500000, 0x0000000087500000| Untracked 
| 118|0x0000000087600000, 0x0000000087600000, 0x0000000087700000|  0%| F|  |TAMS 0x0000000087600000, 0x0000000087600000| Untracked 
| 119|0x0000000087700000, 0x0000000087700000, 0x0000000087800000|  0%| F|  |TAMS 0x0000000087700000, 0x0000000087700000| Untracked 
| 120|0x0000000087800000, 0x0000000087800000, 0x0000000087900000|  0%| F|  |TAMS 0x0000000087800000, 0x0000000087800000| Untracked 
| 121|0x0000000087900000, 0x0000000087900000, 0x0000000087a00000|  0%| F|  |TAMS 0x0000000087900000, 0x0000000087900000| Untracked 
| 122|0x0000000087a00000, 0x0000000087a00000, 0x0000000087b00000|  0%| F|  |TAMS 0x0000000087a00000, 0x0000000087a00000| Untracked 
| 123|0x0000000087b00000, 0x0000000087b00000, 0x0000000087c00000|  0%| F|  |TAMS 0x0000000087b00000, 0x0000000087b00000| Untracked 
| 124|0x0000000087c00000, 0x0000000087c00000, 0x0000000087d00000|  0%| F|  |TAMS 0x0000000087c00000, 0x0000000087c00000| Untracked 
| 125|0x0000000087d00000, 0x0000000087d00000, 0x0000000087e00000|  0%| F|  |TAMS 0x0000000087d00000, 0x0000000087d00000| Untracked 
| 126|0x0000000087e00000, 0x0000000087e00000, 0x0000000087f00000|  0%| F|  |TAMS 0x0000000087e00000, 0x0000000087e00000| Untracked 
| 127|0x0000000087f00000, 0x0000000087f00000, 0x0000000088000000|  0%| F|  |TAMS 0x0000000087f00000, 0x0000000087f00000| Untracked 
| 128|0x0000000088000000, 0x0000000088000000, 0x0000000088100000|  0%| F|  |TAMS 0x0000000088000000, 0x0000000088000000| Untracked 
| 129|0x0000000088100000, 0x0000000088100000, 0x0000000088200000|  0%| F|  |TAMS 0x0000000088100000, 0x0000000088100000| Untracked 
| 130|0x0000000088200000, 0x0000000088200000, 0x0000000088300000|  0%| F|  |TAMS 0x0000000088200000, 0x0000000088200000| Untracked 
| 131|0x0000000088300000, 0x0000000088300000, 0x0000000088400000|  0%| F|  |TAMS 0x0000000088300000, 0x0000000088300000| Untracked 
| 132|0x0000000088400000, 0x0000000088400000, 0x0000000088500000|  0%| F|  |TAMS 0x0000000088400000, 0x0000000088400000| Untracked 
| 133|0x0000000088500000, 0x0000000088500000, 0x0000000088600000|  0%| F|  |TAMS 0x0000000088500000, 0x0000000088500000| Untracked 
| 134|0x0000000088600000, 0x0000000088600000, 0x0000000088700000|  0%| F|  |TAMS 0x0000000088600000, 0x0000000088600000| Untracked 
| 135|0x0000000088700000, 0x0000000088700000, 0x0000000088800000|  0%| F|  |TAMS 0x0000000088700000, 0x0000000088700000| Untracked 
| 136|0x0000000088800000, 0x0000000088800000, 0x0000000088900000|  0%| F|  |TAMS 0x0000000088800000, 0x0000000088800000| Untracked 
| 137|0x0000000088900000, 0x0000000088900000, 0x0000000088a00000|  0%| F|  |TAMS 0x0000000088900000, 0x0000000088900000| Untracked 
| 138|0x0000000088a00000, 0x0000000088a00000, 0x0000000088b00000|  0%| F|  |TAMS 0x0000000088a00000, 0x0000000088a00000| Untracked 
| 139|0x0000000088b00000, 0x0000000088b00000, 0x0000000088c00000|  0%| F|  |TAMS 0x0000000088b00000, 0x0000000088b00000| Untracked 
| 140|0x0000000088c00000, 0x0000000088c00000, 0x0000000088d00000|  0%| F|  |TAMS 0x0000000088c00000, 0x0000000088c00000| Untracked 
| 141|0x0000000088d00000, 0x0000000088d00000, 0x0000000088e00000|  0%| F|  |TAMS 0x0000000088d00000, 0x0000000088d00000| Untracked 
| 142|0x0000000088e00000, 0x0000000088e00000, 0x0000000088f00000|  0%| F|  |TAMS 0x0000000088e00000, 0x0000000088e00000| Untracked 
| 143|0x0000000088f00000, 0x0000000088f00000, 0x0000000089000000|  0%| F|  |TAMS 0x0000000088f00000, 0x0000000088f00000| Untracked 
| 144|0x0000000089000000, 0x0000000089000000, 0x0000000089100000|  0%| F|  |TAMS 0x0000000089000000, 0x0000000089000000| Untracked 
| 145|0x0000000089100000, 0x0000000089100000, 0x0000000089200000|  0%| F|  |TAMS 0x0000000089100000, 0x0000000089100000| Untracked 
| 146|0x0000000089200000, 0x0000000089200000, 0x0000000089300000|  0%| F|  |TAMS 0x0000000089200000, 0x0000000089200000| Untracked 
| 147|0x0000000089300000, 0x0000000089300000, 0x0000000089400000|  0%| F|  |TAMS 0x0000000089300000, 0x0000000089300000| Untracked 
| 148|0x0000000089400000, 0x0000000089400000, 0x0000000089500000|  0%| F|  |TAMS 0x0000000089400000, 0x0000000089400000| Untracked 
| 149|0x0000000089500000, 0x0000000089500000, 0x0000000089600000|  0%| F|  |TAMS 0x0000000089500000, 0x0000000089500000| Untracked 
| 150|0x0000000089600000, 0x0000000089600000, 0x0000000089700000|  0%| F|  |TAMS 0x0000000089600000, 0x0000000089600000| Untracked 
| 151|0x0000000089700000, 0x0000000089700000, 0x0000000089800000|  0%| F|  |TAMS 0x0000000089700000, 0x0000000089700000| Untracked 
| 152|0x0000000089800000, 0x0000000089800000, 0x0000000089900000|  0%| F|  |TAMS 0x0000000089800000, 0x0000000089800000| Untracked 
| 153|0x0000000089900000, 0x0000000089900000, 0x0000000089a00000|  0%| F|  |TAMS 0x0000000089900000, 0x0000000089900000| Untracked 
| 154|0x0000000089a00000, 0x0000000089a00000, 0x0000000089b00000|  0%| F|  |TAMS 0x0000000089a00000, 0x0000000089a00000| Untracked 
| 155|0x0000000089b00000, 0x0000000089b00000, 0x0000000089c00000|  0%| F|  |TAMS 0x0000000089b00000, 0x0000000089b00000| Untracked 
| 156|0x0000000089c00000, 0x0000000089c00000, 0x0000000089d00000|  0%| F|  |TAMS 0x0000000089c00000, 0x0000000089c00000| Untracked 
| 157|0x0000000089d00000, 0x0000000089e00000, 0x0000000089e00000|100%| E|  |TAMS 0x0000000089d00000, 0x0000000089d00000| Complete 
| 158|0x0000000089e00000, 0x0000000089f00000, 0x0000000089f00000|100%| E|CS|TAMS 0x0000000089e00000, 0x0000000089e00000| Complete 
| 159|0x0000000089f00000, 0x000000008a000000, 0x000000008a000000|100%| E|CS|TAMS 0x0000000089f00000, 0x0000000089f00000| Complete 
| 160|0x000000008a000000, 0x000000008a100000, 0x000000008a100000|100%| E|CS|TAMS 0x000000008a000000, 0x000000008a000000| Complete 
| 161|0x000000008a100000, 0x000000008a200000, 0x000000008a200000|100%| E|CS|TAMS 0x000000008a100000, 0x000000008a100000| Complete 
| 162|0x000000008a200000, 0x000000008a300000, 0x000000008a300000|100%| E|CS|TAMS 0x000000008a200000, 0x000000008a200000| Complete 
| 163|0x000000008a300000, 0x000000008a400000, 0x000000008a400000|100%| E|CS|TAMS 0x000000008a300000, 0x000000008a300000| Complete 
| 164|0x000000008a400000, 0x000000008a500000, 0x000000008a500000|100%| E|CS|TAMS 0x000000008a400000, 0x000000008a400000| Complete 
| 165|0x000000008a500000, 0x000000008a600000, 0x000000008a600000|100%| E|CS|TAMS 0x000000008a500000, 0x000000008a500000| Complete 
| 166|0x000000008a600000, 0x000000008a700000, 0x000000008a700000|100%| E|CS|TAMS 0x000000008a600000, 0x000000008a600000| Complete 
| 167|0x000000008a700000, 0x000000008a800000, 0x000000008a800000|100%| E|CS|TAMS 0x000000008a700000, 0x000000008a700000| Complete 
| 168|0x000000008a800000, 0x000000008a900000, 0x000000008a900000|100%| E|CS|TAMS 0x000000008a800000, 0x000000008a800000| Complete 
| 169|0x000000008a900000, 0x000000008aa00000, 0x000000008aa00000|100%| E|CS|TAMS 0x000000008a900000, 0x000000008a900000| Complete 
| 170|0x000000008aa00000, 0x000000008ab00000, 0x000000008ab00000|100%| E|CS|TAMS 0x000000008aa00000, 0x000000008aa00000| Complete 
| 171|0x000000008ab00000, 0x000000008ac00000, 0x000000008ac00000|100%| E|CS|TAMS 0x000000008ab00000, 0x000000008ab00000| Complete 
| 172|0x000000008ac00000, 0x000000008ad00000, 0x000000008ad00000|100%| E|CS|TAMS 0x000000008ac00000, 0x000000008ac00000| Complete 
| 173|0x000000008ad00000, 0x000000008ae00000, 0x000000008ae00000|100%| E|CS|TAMS 0x000000008ad00000, 0x000000008ad00000| Complete 
| 174|0x000000008ae00000, 0x000000008af00000, 0x000000008af00000|100%| E|CS|TAMS 0x000000008ae00000, 0x000000008ae00000| Complete 
| 175|0x000000008af00000, 0x000000008b000000, 0x000000008b000000|100%| E|CS|TAMS 0x000000008af00000, 0x000000008af00000| Complete 
| 176|0x000000008b000000, 0x000000008b100000, 0x000000008b100000|100%| E|CS|TAMS 0x000000008b000000, 0x000000008b000000| Complete 
| 177|0x000000008b100000, 0x000000008b200000, 0x000000008b200000|100%| E|CS|TAMS 0x000000008b100000, 0x000000008b100000| Complete 
| 178|0x000000008b200000, 0x000000008b300000, 0x000000008b300000|100%| E|CS|TAMS 0x000000008b200000, 0x000000008b200000| Complete 
| 179|0x000000008b300000, 0x000000008b400000, 0x000000008b400000|100%| E|CS|TAMS 0x000000008b300000, 0x000000008b300000| Complete 
| 180|0x000000008b400000, 0x000000008b500000, 0x000000008b500000|100%| E|CS|TAMS 0x000000008b400000, 0x000000008b400000| Complete 
| 181|0x000000008b500000, 0x000000008b600000, 0x000000008b600000|100%| E|CS|TAMS 0x000000008b500000, 0x000000008b500000| Complete 
| 182|0x000000008b600000, 0x000000008b700000, 0x000000008b700000|100%| E|CS|TAMS 0x000000008b600000, 0x000000008b600000| Complete 
| 183|0x000000008b700000, 0x000000008b800000, 0x000000008b800000|100%| E|CS|TAMS 0x000000008b700000, 0x000000008b700000| Complete 
| 184|0x000000008b800000, 0x000000008b900000, 0x000000008b900000|100%| E|CS|TAMS 0x000000008b800000, 0x000000008b800000| Complete 

Card table byte_map: [0x00000137e6440000,0x00000137e6840000] _byte_map_base: 0x00000137e6040000

Marking Bits (Prev, Next): (CMBitMap*) 0x00000137d35700d0, (CMBitMap*) 0x00000137d3570098
 Prev Bits: [0x00000137e8c40000, 0x00000137eac40000)
 Next Bits: [0x00000137e6c40000, 0x00000137e8c40000)

Polling page: 0x00000137d1370000

Metaspace:

Usage:
  Non-class:     41.48 MB capacity,    40.75 MB ( 98%) used,   631.22 KB (  1%) free+waste,   120.25 KB ( <1%) overhead. 
      Class:      6.43 MB capacity,     5.99 MB ( 93%) used,   395.06 KB (  6%) free+waste,    58.31 KB ( <1%) overhead. 
       Both:     47.91 MB capacity,    46.74 MB ( 98%) used,     1.00 MB (  2%) free+waste,   178.56 KB ( <1%) overhead. 

Virtual space:
  Non-class space:       42.00 MB reserved,      41.50 MB ( 99%) committed 
      Class space:        1.00 GB reserved,       6.45 MB ( <1%) committed 
             Both:        1.04 GB reserved,      47.95 MB (  4%) committed 

Chunk freelists:
   Non-Class:  21.00 KB
       Class:  3.00 KB
        Both:  24.00 KB

MaxMetaspaceSize: 17179869184.00 GB
CompressedClassSpaceSize: 1.00 GB
Initial GC threshold: 20.80 MB
Current GC threshold: 70.33 MB
CDS: off

CodeHeap 'non-profiled nmethods': size=120064Kb used=2361Kb max_used=2361Kb free=117702Kb
 bounds [0x00000137deb00000, 0x00000137ded70000, 0x00000137e6040000]
CodeHeap 'profiled nmethods': size=120000Kb used=9763Kb max_used=9763Kb free=110236Kb
 bounds [0x00000137d75d0000, 0x00000137d7f60000, 0x00000137deb00000]
CodeHeap 'non-nmethods': size=5696Kb used=2294Kb max_used=2348Kb free=3401Kb
 bounds [0x00000137d7040000, 0x00000137d72b0000, 0x00000137d75d0000]
 total_blobs=5170 nmethods=4383 adapters=699
 compilation: enabled
              stopped_count=0, restarted_count=0
 full_count=0

Compilation events (20 events):
Event: 8.649 Thread 0x00000137ed159800 4410       1       org.codehaus.groovy.runtime.callsite.AbstractCallSite::getIndex (5 bytes)
Event: 8.649 Thread 0x00000137ed159800 nmethod 4410 0x00000137ded4de90 code [0x00000137ded4e040, 0x00000137ded4e0f8]
Event: 8.657 Thread 0x00000137ed159800 4411       3       java.lang.reflect.Method::hashCode (19 bytes)
Event: 8.658 Thread 0x00000137ed159800 nmethod 4411 0x00000137d7f4cd10 code [0x00000137d7f4cf00, 0x00000137d7f4d1a8]
Event: 8.659 Thread 0x00000137ed159800 4413       3       sun.reflect.annotation.AnnotationInvocationHandler::<init> (51 bytes)
Event: 8.660 Thread 0x00000137ed159800 nmethod 4413 0x00000137d7f4d310 code [0x00000137d7f4d520, 0x00000137d7f4da48]
Event: 8.660 Thread 0x00000137ed159800 4414       3       java.util.TreeMap::rotateRight (96 bytes)
Event: 8.660 Thread 0x00000137ed159800 nmethod 4414 0x00000137d7f4dc90 code [0x00000137d7f4de80, 0x00000137d7f4e398]
Event: 8.661 Thread 0x00000137ed159800 4415       3       java.beans.MethodDescriptor::resolve (32 bytes)
Event: 8.662 Thread 0x00000137ed159800 nmethod 4415 0x00000137d7f4e510 code [0x00000137d7f4e700, 0x00000137d7f4ec38]
Event: 8.662 Thread 0x00000137ed159800 4416   !   3       java.beans.PropertyDescriptor::findPropertyType (144 bytes)
Event: 8.666 Thread 0x00000137ed159800 nmethod 4416 0x00000137d7f4ee10 code [0x00000137d7f4f480, 0x00000137d7f52a08]
Event: 8.666 Thread 0x00000137ed159800 4417  s    3       java.util.Hashtable::putAll (52 bytes)
Event: 8.666 Thread 0x00000137ed159800 nmethod 4417 0x00000137d7f54590 code [0x00000137d7f547e0, 0x00000137d7f55128]
Event: 8.666 Thread 0x00000137ed159800 4418       3       java.util.Hashtable::entrySet (28 bytes)
Event: 8.667 Thread 0x00000137ed159800 nmethod 4418 0x00000137d7f55390 code [0x00000137d7f555a0, 0x00000137d7f55cd8]
Event: 8.667 Thread 0x00000137ed159800 4419       3       java.util.Hashtable$EntrySet::iterator (9 bytes)
Event: 8.667 Thread 0x00000137ed159800 nmethod 4419 0x00000137d7f55f10 code [0x00000137d7f560e0, 0x00000137d7f563a8]
Event: 8.667 Thread 0x00000137ed159800 4420       3       java.util.Hashtable::getIterator (22 bytes)
Event: 8.667 Thread 0x00000137ed159800 nmethod 4420 0x00000137d7f56510 code [0x00000137d7f566e0, 0x00000137d7f56948]

GC Heap History (20 events):
Event: 0.409 GC heap before
{Heap before GC invocations=0 (full 0):
 garbage-first heap   total 131072K, used 20480K [0x0000000080000000, 0x0000000100000000)
  region size 1024K, 14 young (14336K), 0 survivors (0K)
 Metaspace       used 6729K, capacity 6921K, committed 7168K, reserved 1056768K
  class space    used 582K, capacity 650K, committed 768K, reserved 1048576K
}
Event: 0.412 GC heap after
{Heap after GC invocations=1 (full 0):
 garbage-first heap   total 131072K, used 7590K [0x0000000080000000, 0x0000000100000000)
  region size 1024K, 2 young (2048K), 2 survivors (2048K)
 Metaspace       used 6729K, capacity 6921K, committed 7168K, reserved 1056768K
  class space    used 582K, capacity 650K, committed 768K, reserved 1048576K
}
Event: 0.684 GC heap before
{Heap before GC invocations=1 (full 0):
 garbage-first heap   total 131072K, used 20902K [0x0000000080000000, 0x0000000100000000)
  region size 1024K, 15 young (15360K), 2 survivors (2048K)
 Metaspace       used 9893K, capacity 10114K, committed 10368K, reserved 1058816K
  class space    used 1027K, capacity 1102K, committed 1152K, reserved 1048576K
}
Event: 0.687 GC heap after
{Heap after GC invocations=2 (full 0):
 garbage-first heap   total 131072K, used 9415K [0x0000000080000000, 0x0000000100000000)
  region size 1024K, 2 young (2048K), 2 survivors (2048K)
 Metaspace       used 9893K, capacity 10114K, committed 10368K, reserved 1058816K
  class space    used 1027K, capacity 1102K, committed 1152K, reserved 1048576K
}
Event: 0.936 GC heap before
{Heap before GC invocations=2 (full 0):
 garbage-first heap   total 131072K, used 41159K [0x0000000080000000, 0x0000000100000000)
  region size 1024K, 32 young (32768K), 2 survivors (2048K)
 Metaspace       used 10881K, capacity 11069K, committed 11264K, reserved 1058816K
  class space    used 1130K, capacity 1207K, committed 1280K, reserved 1048576K
}
Event: 0.942 GC heap after
{Heap after GC invocations=3 (full 0):
 garbage-first heap   total 131072K, used 12414K [0x0000000080000000, 0x0000000100000000)
  region size 1024K, 4 young (4096K), 4 survivors (4096K)
 Metaspace       used 10881K, capacity 11069K, committed 11264K, reserved 1058816K
  class space    used 1130K, capacity 1207K, committed 1280K, reserved 1048576K
}
Event: 2.224 GC heap before
{Heap before GC invocations=3 (full 0):
 garbage-first heap   total 131072K, used 57470K [0x0000000080000000, 0x0000000100000000)
  region size 1024K, 48 young (49152K), 4 survivors (4096K)
 Metaspace       used 18393K, capacity 18786K, committed 19072K, reserved 1067008K
  class space    used 2187K, capacity 2323K, committed 2432K, reserved 1048576K
}
Event: 2.231 GC heap after
{Heap after GC invocations=4 (full 0):
 garbage-first heap   total 131072K, used 16641K [0x0000000080000000, 0x0000000100000000)
  region size 1024K, 6 young (6144K), 6 survivors (6144K)
 Metaspace       used 18393K, capacity 18786K, committed 19072K, reserved 1067008K
  class space    used 2187K, capacity 2323K, committed 2432K, reserved 1048576K
}
Event: 2.424 GC heap before
{Heap before GC invocations=4 (full 0):
 garbage-first heap   total 131072K, used 39169K [0x0000000080000000, 0x0000000100000000)
  region size 1024K, 29 young (29696K), 6 survivors (6144K)
 Metaspace       used 20711K, capacity 21148K, committed 21248K, reserved 1067008K
  class space    used 2542K, capacity 2727K, committed 2816K, reserved 1048576K
}
Event: 2.432 GC heap after
{Heap after GC invocations=5 (full 0):
 garbage-first heap   total 157696K, used 17131K [0x0000000080000000, 0x0000000100000000)
  region size 1024K, 5 young (5120K), 5 survivors (5120K)
 Metaspace       used 20711K, capacity 21148K, committed 21248K, reserved 1067008K
  class space    used 2542K, capacity 2727K, committed 2816K, reserved 1048576K
}
Event: 3.263 GC heap before
{Heap before GC invocations=6 (full 0):
 garbage-first heap   total 157696K, used 71403K [0x0000000080000000, 0x0000000100000000)
  region size 1024K, 58 young (59392K), 5 survivors (5120K)
 Metaspace       used 26514K, capacity 27065K, committed 27264K, reserved 1073152K
  class space    used 3435K, capacity 3641K, committed 3712K, reserved 1048576K
}
Event: 3.270 GC heap after
{Heap after GC invocations=7 (full 0):
 garbage-first heap   total 157696K, used 19238K [0x0000000080000000, 0x0000000100000000)
  region size 1024K, 7 young (7168K), 7 survivors (7168K)
 Metaspace       used 26514K, capacity 27065K, committed 27264K, reserved 1073152K
  class space    used 3435K, capacity 3641K, committed 3712K, reserved 1048576K
}
Event: 6.610 GC heap before
{Heap before GC invocations=7 (full 0):
 garbage-first heap   total 157696K, used 107302K [0x0000000080000000, 0x0000000100000000)
  region size 1024K, 84 young (86016K), 7 survivors (7168K)
 Metaspace       used 34769K, capacity 35758K, committed 35840K, reserved 1081344K
  class space    used 4643K, capacity 4984K, committed 4992K, reserved 1048576K
}
Event: 6.622 GC heap after
{Heap after GC invocations=8 (full 0):
 garbage-first heap   total 157696K, used 35658K [0x0000000080000000, 0x0000000100000000)
  region size 1024K, 9 young (9216K), 9 survivors (9216K)
 Metaspace       used 34769K, capacity 35758K, committed 35840K, reserved 1081344K
  class space    used 4643K, capacity 4984K, committed 4992K, reserved 1048576K
}
Event: 6.628 GC heap before
{Heap before GC invocations=8 (full 0):
 garbage-first heap   total 157696K, used 35658K [0x0000000080000000, 0x0000000100000000)
  region size 1024K, 10 young (10240K), 9 survivors (9216K)
 Metaspace       used 34910K, capacity 35825K, committed 35840K, reserved 1081344K
  class space    used 4650K, capacity 4985K, committed 4992K, reserved 1048576K
}
Event: 6.640 GC heap after
{Heap after GC invocations=9 (full 0):
 garbage-first heap   total 157696K, used 36226K [0x0000000080000000, 0x0000000100000000)
  region size 1024K, 1 young (1024K), 1 survivors (1024K)
 Metaspace       used 34910K, capacity 35825K, committed 35840K, reserved 1081344K
  class space    used 4650K, capacity 4985K, committed 4992K, reserved 1048576K
}
Event: 7.413 GC heap before
{Heap before GC invocations=10 (full 0):
 garbage-first heap   total 157696K, used 91522K [0x0000000080000000, 0x0000000100000000)
  region size 1024K, 53 young (54272K), 1 survivors (1024K)
 Metaspace       used 41654K, capacity 42694K, committed 42828K, reserved 1087488K
  class space    used 5311K, capacity 5692K, committed 5708K, reserved 1048576K
}
Event: 7.423 GC heap after
{Heap after GC invocations=11 (full 0):
 garbage-first heap   total 189440K, used 40231K [0x0000000080000000, 0x0000000100000000)
  region size 1024K, 5 young (5120K), 5 survivors (5120K)
 Metaspace       used 41654K, capacity 42694K, committed 42828K, reserved 1087488K
  class space    used 5311K, capacity 5692K, committed 5708K, reserved 1048576K
}
Event: 8.359 GC heap before
{Heap before GC invocations=12 (full 0):
 garbage-first heap   total 189440K, used 116007K [0x0000000080000000, 0x0000000100000000)
  region size 1024K, 75 young (76800K), 5 survivors (5120K)
 Metaspace       used 46279K, capacity 47443K, committed 47564K, reserved 1091584K
  class space    used 5873K, capacity 6327K, committed 6348K, reserved 1048576K
}
Event: 8.370 GC heap after
{Heap after GC invocations=13 (full 0):
 garbage-first heap   total 189440K, used 48696K [0x0000000080000000, 0x0000000100000000)
  region size 1024K, 10 young (10240K), 10 survivors (10240K)
 Metaspace       used 46279K, capacity 47443K, committed 47564K, reserved 1091584K
  class space    used 5873K, capacity 6327K, committed 6348K, reserved 1048576K
}

Deoptimization events (20 events):
Event: 8.379 Thread 0x00000137efff9000 DEOPT PACKING pc=0x00000137ded2b228 sp=0x0000002d435f4bd0
Event: 8.379 Thread 0x00000137efff9000 DEOPT UNPACKING pc=0x00000137d708a1af sp=0x0000002d435f4a18 mode 2
Event: 8.482 Thread 0x00000137efff9000 Uncommon trap: trap_request=0xffffff4d fr.pc=0x00000137dec83e30 relative=0x0000000000000110
Event: 8.482 Thread 0x00000137efff9000 Uncommon trap: reason=unstable_if action=reinterpret pc=0x00000137dec83e30 method=java.util.Arrays.hashCode([Ljava/lang/Object;)I @ 34 c2
Event: 8.482 Thread 0x00000137efff9000 DEOPT PACKING pc=0x00000137dec83e30 sp=0x0000002d435f8280
Event: 8.482 Thread 0x00000137efff9000 DEOPT UNPACKING pc=0x00000137d708a1af sp=0x0000002d435f81f8 mode 2
Event: 8.504 Thread 0x00000137efff9000 Uncommon trap: trap_request=0xffffffc6 fr.pc=0x00000137ded1c474 relative=0x0000000000003b74
Event: 8.504 Thread 0x00000137efff9000 Uncommon trap: reason=bimorphic_or_optimized_type_check action=maybe_recompile pc=0x00000137ded1c474 method=java.util.AbstractCollection.addAll(Ljava/util/Collection;)Z @ 29 c2
Event: 8.504 Thread 0x00000137efff9000 DEOPT PACKING pc=0x00000137ded1c474 sp=0x0000002d435fb590
Event: 8.504 Thread 0x00000137efff9000 DEOPT UNPACKING pc=0x00000137d708a1af sp=0x0000002d435fb590 mode 2
Event: 8.542 Thread 0x00000137efff9000 Uncommon trap: trap_request=0xffffffde fr.pc=0x00000137ded14f5c relative=0x000000000000303c
Event: 8.542 Thread 0x00000137efff9000 Uncommon trap: reason=class_check action=maybe_recompile pc=0x00000137ded14f5c method=java.util.regex.Pattern$CharProperty.study(Ljava/util/regex/Pattern$TreeInfo;)Z @ 25 c2
Event: 8.542 Thread 0x00000137efff9000 DEOPT PACKING pc=0x00000137ded14f5c sp=0x0000002d435f99b0
Event: 8.542 Thread 0x00000137efff9000 DEOPT UNPACKING pc=0x00000137d708a1af sp=0x0000002d435f98a8 mode 2
Event: 8.632 Thread 0x00000137efff9000 Uncommon trap: trap_request=0xffffffc6 fr.pc=0x00000137ded1c474 relative=0x0000000000003b74
Event: 8.632 Thread 0x00000137efff9000 Uncommon trap: reason=bimorphic_or_optimized_type_check action=maybe_recompile pc=0x00000137ded1c474 method=java.util.AbstractCollection.addAll(Ljava/util/Collection;)Z @ 29 c2
Event: 8.632 Thread 0x00000137efff9000 DEOPT PACKING pc=0x00000137ded1c474 sp=0x0000002d435f8410
Event: 8.632 Thread 0x00000137efff9000 DEOPT UNPACKING pc=0x00000137d708a1af sp=0x0000002d435f8410 mode 2
Event: 8.644 Thread 0x00000137efff9000 DEOPT PACKING pc=0x00000137d7e17084 sp=0x0000002d435f05c0
Event: 8.644 Thread 0x00000137efff9000 DEOPT UNPACKING pc=0x00000137d708a95e sp=0x0000002d435efb98 mode 0

Classes redefined (0 events):
No events

Internal exceptions (20 events):
Event: 8.459 Thread 0x00000137efff9000 Exception <a 'java/lang/ClassNotFoundException'{0x000000008b088878}: java/lang/EnumBeanInfo> (0x000000008b088878) thrown at [./src/hotspot/share/classfile/systemDictionary.cpp, line 231]
Event: 8.459 Thread 0x00000137efff9000 Exception <a 'java/lang/ClassNotFoundException'{0x000000008b08e200}: java/lang/EnumCustomizer> (0x000000008b08e200) thrown at [./src/hotspot/share/classfile/systemDictionary.cpp, line 231]
Event: 8.461 Thread 0x00000137efff9000 Exception <a 'java/lang/ClassNotFoundException'{0x000000008b0be8d8}: org/gradle/api/initialization/resolve/RepositoriesModeCustomizer> (0x000000008b0be8d8) thrown at [./src/hotspot/share/classfile/systemDictionary.cpp, line 231]
Event: 8.466 Thread 0x00000137efff9000 Exception <a 'java/lang/ClassNotFoundException'{0x000000008af42d00}: org/gradle/api/internal/provider/DefaultPropertyBeanInfo> (0x000000008af42d00) thrown at [./src/hotspot/share/classfile/systemDictionary.cpp, line 231]
Event: 8.467 Thread 0x00000137efff9000 Exception <a 'java/lang/ClassNotFoundException'{0x000000008af6ad30}: org/gradle/api/internal/provider/AbstractPropertyBeanInfo> (0x000000008af6ad30) thrown at [./src/hotspot/share/classfile/systemDictionary.cpp, line 231]
Event: 8.468 Thread 0x00000137efff9000 Exception <a 'java/lang/ClassNotFoundException'{0x000000008af94f08}: org/gradle/api/internal/provider/AbstractMinimalProviderBeanInfo> (0x000000008af94f08) thrown at [./src/hotspot/share/classfile/systemDictionary.cpp, line 231]
Event: 8.468 Thread 0x00000137efff9000 Exception <a 'java/lang/ClassNotFoundException'{0x000000008afbfba8}: org/gradle/api/internal/provider/AbstractMinimalProviderCustomizer> (0x000000008afbfba8) thrown at [./src/hotspot/share/classfile/systemDictionary.cpp, line 231]
Event: 8.472 Thread 0x00000137efff9000 Exception <a 'java/lang/ClassNotFoundException'{0x000000008ae230b0}: org/gradle/api/internal/provider/AbstractPropertyCustomizer> (0x000000008ae230b0) thrown at [./src/hotspot/share/classfile/systemDictionary.cpp, line 231]
Event: 8.473 Thread 0x00000137efff9000 Exception <a 'java/lang/ClassNotFoundException'{0x000000008ae577a8}: org/gradle/api/internal/provider/DefaultPropertyCustomizer> (0x000000008ae577a8) thrown at [./src/hotspot/share/classfile/systemDictionary.cpp, line 231]
Event: 8.481 Thread 0x00000137efff9000 Exception <a 'java/lang/ClassNotFoundException'{0x000000008aecc078}: org/gradle/initialization/DefaultProjectDescriptorBeanInfo> (0x000000008aecc078) thrown at [./src/hotspot/share/classfile/systemDictionary.cpp, line 231]
Event: 8.481 Thread 0x00000137efff9000 Exception <a 'java/lang/ClassNotFoundException'{0x000000008aef3d10}: org/gradle/initialization/DefaultProjectDescriptorCustomizer> (0x000000008aef3d10) thrown at [./src/hotspot/share/classfile/systemDictionary.cpp, line 231]
Event: 8.482 Thread 0x00000137efff9000 Implicit null exception at 0x00000137dec83d6c to 0x00000137dec83e14
Event: 8.531 Thread 0x00000137efff9000 Exception <a 'java/lang/ClassNotFoundException'{0x000000008aa7d7e0}: org/jetbrains/plugins/gradle/model/web/WebConfigurationBeanInfo> (0x000000008aa7d7e0) thrown at [./src/hotspot/share/classfile/systemDictionary.cpp, line 231]
Event: 8.531 Thread 0x00000137efff9000 Exception <a 'java/lang/ClassNotFoundException'{0x000000008aa8cb40}: org/jetbrains/plugins/gradle/model/web/WebConfigurationCustomizer> (0x000000008aa8cb40) thrown at [./src/hotspot/share/classfile/systemDictionary.cpp, line 231]
Event: 8.533 Thread 0x00000137efff9000 Exception <a 'java/lang/ClassNotFoundException'{0x000000008aabf760}: org/jetbrains/plugins/gradle/model/scala/ScalaModelBeanInfo> (0x000000008aabf760) thrown at [./src/hotspot/share/classfile/systemDictionary.cpp, line 231]
Event: 8.533 Thread 0x00000137efff9000 Exception <a 'java/lang/ClassNotFoundException'{0x000000008aace600}: org/jetbrains/plugins/gradle/model/scala/ScalaModelCustomizer> (0x000000008aace600) thrown at [./src/hotspot/share/classfile/systemDictionary.cpp, line 231]
Event: 8.655 Thread 0x00000137efff9000 Exception <a 'java/lang/ClassNotFoundException'{0x000000008a0909e8}: org/gradle/api/internal/project/DefaultProject_DecoratedBeanInfo> (0x000000008a0909e8) thrown at [./src/hotspot/share/classfile/systemDictionary.cpp, line 231]
Event: 8.656 Thread 0x00000137efff9000 Exception <a 'java/lang/ClassNotFoundException'{0x000000008a0aa2e0}: org/gradle/api/internal/project/DefaultProjectBeanInfo> (0x000000008a0aa2e0) thrown at [./src/hotspot/share/classfile/systemDictionary.cpp, line 231]
Event: 8.657 Thread 0x00000137efff9000 Exception <a 'java/lang/ClassNotFoundException'{0x000000008a0c3c20}: org/gradle/api/internal/project/DefaultProjectCustomizer> (0x000000008a0c3c20) thrown at [./src/hotspot/share/classfile/systemDictionary.cpp, line 231]
Event: 8.661 Thread 0x00000137efff9000 Exception <a 'java/lang/ClassNotFoundException'{0x0000000089f71188}: org/gradle/api/internal/project/DefaultProject_DecoratedCustomizer> (0x0000000089f71188) thrown at [./src/hotspot/share/classfile/systemDictionary.cpp, line 231]

Events (20 events):
Event: 8.661 loading class org/gradle/api/internal/project/DefaultProject_DecoratedCustomizer
Event: 8.661 loading class org/gradle/api/internal/project/DefaultProject_DecoratedCustomizer done
Event: 8.663 loading class org/xml/sax/Locator
Event: 8.663 loading class org/xml/sax/Locator done
Event: 8.663 loading class org/xml/sax/SAXParseException
Event: 8.663 loading class org/xml/sax/SAXException
Event: 8.664 loading class org/xml/sax/SAXException done
Event: 8.664 loading class org/xml/sax/SAXParseException done
Event: 8.664 loading class org/xml/sax/Attributes
Event: 8.664 loading class org/xml/sax/Attributes done
Event: 8.664 loading class org/apache/tools/ant/DemuxInputStream
Event: 8.664 loading class org/apache/tools/ant/DemuxInputStream done
Event: 8.664 loading class org/apache/tools/ant/DemuxOutputStream
Event: 8.664 loading class org/apache/tools/ant/DemuxOutputStream done
Event: 8.665 loading class org/apache/tools/ant/BuildLogger
Event: 8.665 loading class org/apache/tools/ant/BuildLogger done
Event: 8.665 loading class org/apache/tools/ant/BuildListener
Event: 8.665 loading class org/apache/tools/ant/BuildListener done
Event: 8.666 loading class org/gradle/api/AntBuilder$AntMessagePriority
Event: 8.666 loading class org/gradle/api/AntBuilder$AntMessagePriority done


Dynamic libraries:
0x00007ff7bd1f0000 - 0x00007ff7bd1fa000 	C:\Program Files\Android\Android Studio\jre\bin\java.exe
0x00007ff83a940000 - 0x00007ff83ab49000 	C:\Windows\SYSTEM32\ntdll.dll
0x00007ff839320000 - 0x00007ff8393dd000 	C:\Windows\System32\KERNEL32.DLL
0x00007ff837fc0000 - 0x00007ff838334000 	C:\Windows\System32\KERNELBASE.dll
0x00007ff837ea0000 - 0x00007ff837fb1000 	C:\Windows\System32\ucrtbase.dll
0x00007ff811e70000 - 0x00007ff811e89000 	C:\Program Files\Android\Android Studio\jre\bin\jli.dll
0x00007ff811ad0000 - 0x00007ff811ae7000 	C:\Program Files\Android\Android Studio\jre\bin\VCRUNTIME140.dll
0x00007ff838e30000 - 0x00007ff838fdc000 	C:\Windows\System32\USER32.dll
0x00007ff8384e0000 - 0x00007ff838506000 	C:\Windows\System32\win32u.dll
0x00007ff812f80000 - 0x00007ff813225000 	C:\Windows\WinSxS\amd64_microsoft.windows.common-controls_6595b64144ccf1df_6.0.22000.120_none_9d947278b86cc467\COMCTL32.dll
0x00007ff83a6a0000 - 0x00007ff83a6c9000 	C:\Windows\System32\GDI32.dll
0x00007ff8383c0000 - 0x00007ff8384d2000 	C:\Windows\System32\gdi32full.dll
0x00007ff839270000 - 0x00007ff839313000 	C:\Windows\System32\msvcrt.dll
0x00007ff8385d0000 - 0x00007ff83866d000 	C:\Windows\System32\msvcp_win.dll
0x00007ff8393e0000 - 0x00007ff839411000 	C:\Windows\System32\IMM32.DLL
0x00007fffc5fe0000 - 0x00007fffc607d000 	C:\Program Files\Android\Android Studio\jre\bin\msvcp140.dll
0x00007fffc63a0000 - 0x00007fffc6e85000 	C:\Program Files\Android\Android Studio\jre\bin\server\jvm.dll
0x00007ff83a760000 - 0x00007ff83a80e000 	C:\Windows\System32\ADVAPI32.dll
0x00007ff838d90000 - 0x00007ff838e2e000 	C:\Windows\System32\sechost.dll
0x00007ff83a230000 - 0x00007ff83a350000 	C:\Windows\System32\RPCRT4.dll
0x00007ff839d90000 - 0x00007ff839d98000 	C:\Windows\System32\PSAPI.DLL
0x00007ff82f9f0000 - 0x00007ff82f9f9000 	C:\Windows\SYSTEM32\WSOCK32.dll
0x00007ff83a6d0000 - 0x00007ff83a73f000 	C:\Windows\System32\WS2_32.dll
0x00007ff82e1f0000 - 0x00007ff82e223000 	C:\Windows\SYSTEM32\WINMM.dll
0x00007ff829aa0000 - 0x00007ff829aaa000 	C:\Windows\SYSTEM32\VERSION.dll
0x00007ff836910000 - 0x00007ff836928000 	C:\Windows\SYSTEM32\kernel.appcore.dll
0x00007ff82f210000 - 0x00007ff82f221000 	C:\Program Files\Android\Android Studio\jre\bin\verify.dll
0x00007ff82f640000 - 0x00007ff82f861000 	C:\Windows\SYSTEM32\DBGHELP.DLL
0x00007ff822820000 - 0x00007ff822851000 	C:\Windows\SYSTEM32\dbgcore.DLL
0x00007ff838340000 - 0x00007ff8383bf000 	C:\Windows\System32\bcryptPrimitives.dll
0x00007ff822900000 - 0x00007ff822929000 	C:\Program Files\Android\Android Studio\jre\bin\java.dll
0x00007ff816ce0000 - 0x00007ff816ceb000 	C:\Program Files\Android\Android Studio\jre\bin\jimage.dll
0x00007ff813aa0000 - 0x00007ff813ab8000 	C:\Program Files\Android\Android Studio\jre\bin\zip.dll
0x00007ff839550000 - 0x00007ff839cfe000 	C:\Windows\System32\SHELL32.dll
0x00007ff8360a0000 - 0x00007ff836907000 	C:\Windows\SYSTEM32\windows.storage.dll
0x00007ff839e10000 - 0x00007ff83a188000 	C:\Windows\System32\combase.dll
0x00007ff835f30000 - 0x00007ff836096000 	C:\Windows\SYSTEM32\wintypes.dll
0x00007ff83a810000 - 0x00007ff83a8fa000 	C:\Windows\System32\SHCORE.dll
0x00007ff8387e0000 - 0x00007ff83883d000 	C:\Windows\System32\shlwapi.dll
0x00007ff837d60000 - 0x00007ff837d81000 	C:\Windows\SYSTEM32\profapi.dll
0x00007ff813a80000 - 0x00007ff813a9a000 	C:\Program Files\Android\Android Studio\jre\bin\net.dll
0x00007ff82c620000 - 0x00007ff82c72c000 	C:\Windows\SYSTEM32\WINHTTP.dll
0x00007ff837450000 - 0x00007ff8374b7000 	C:\Windows\system32\mswsock.dll
0x00007ff813a00000 - 0x00007ff813a14000 	C:\Program Files\Android\Android Studio\jre\bin\nio.dll
0x00007ff8119a0000 - 0x00007ff8119c7000 	C:\Users\Admin\.gradle\native\e1d6ef7f7dcc3fd88c89a11ec53ec762bb8ba0a96d01ffa2cd45eb1d1d8dd5c5\windows-amd64\native-platform.dll
0x00007fffc5d80000 - 0x00007fffc5ec4000 	C:\Users\Admin\.gradle\native\5664cfc778a61ccfe75a443a1ab52a65af34e5dc3c78e0209fed803814484fcb\windows-amd64\native-platform-file-events.dll
0x00007ff813ae0000 - 0x00007ff813aea000 	C:\Program Files\Android\Android Studio\jre\bin\management.dll
0x00007ff813a70000 - 0x00007ff813a7d000 	C:\Program Files\Android\Android Studio\jre\bin\management_ext.dll
0x00007ff837690000 - 0x00007ff8376a8000 	C:\Windows\SYSTEM32\CRYPTSP.dll
0x00007ff837020000 - 0x00007ff837055000 	C:\Windows\system32\rsaenh.dll
0x00007ff837540000 - 0x00007ff837569000 	C:\Windows\SYSTEM32\USERENV.dll
0x00007ff837810000 - 0x00007ff837837000 	C:\Windows\SYSTEM32\bcrypt.dll
0x00007ff8376b0000 - 0x00007ff8376bc000 	C:\Windows\SYSTEM32\CRYPTBASE.dll
0x00007ff836b80000 - 0x00007ff836bad000 	C:\Windows\SYSTEM32\IPHLPAPI.DLL
0x00007ff839da0000 - 0x00007ff839da9000 	C:\Windows\System32\NSI.dll
0x00007ff82c850000 - 0x00007ff82c869000 	C:\Windows\SYSTEM32\dhcpcsvc6.DLL
0x00007ff82cbb0000 - 0x00007ff82cbce000 	C:\Windows\SYSTEM32\dhcpcsvc.DLL
0x00007ff836bb0000 - 0x00007ff836c97000 	C:\Windows\SYSTEM32\DNSAPI.dll

dbghelp: loaded successfully - version: 4.0.5 - missing functions: none
symbol engine: initialized successfully - sym options: 0x614 - pdb path: .;C:\Program Files\Android\Android Studio\jre\bin;C:\Windows\SYSTEM32;C:\Windows\WinSxS\amd64_microsoft.windows.common-controls_6595b64144ccf1df_6.0.22000.120_none_9d947278b86cc467;C:\Program Files\Android\Android Studio\jre\bin\server;C:\Users\Admin\.gradle\native\e1d6ef7f7dcc3fd88c89a11ec53ec762bb8ba0a96d01ffa2cd45eb1d1d8dd5c5\windows-amd64;C:\Users\Admin\.gradle\native\5664cfc778a61ccfe75a443a1ab52a65af34e5dc3c78e0209fed803814484fcb\windows-amd64

VM Arguments:
jvm_args: --add-opens=java.base/java.util=ALL-UNNAMED --add-opens=java.base/java.lang=ALL-UNNAMED --add-opens=java.base/java.lang.invoke=ALL-UNNAMED --add-opens=java.base/java.util=ALL-UNNAMED --add-opens=java.prefs/java.util.prefs=ALL-UNNAMED --add-opens=java.prefs/java.util.prefs=ALL-UNNAMED --add-opens=java.base/java.nio.charset=ALL-UNNAMED --add-opens=java.base/java.net=ALL-UNNAMED --add-opens=java.base/java.util.concurrent.atomic=ALL-UNNAMED -Xmx2048m -Dfile.encoding=UTF-8 -Duser.country=US -Duser.language=en -Duser.variant 
java_command: org.gradle.launcher.daemon.bootstrap.GradleDaemon 7.3.3
java_class_path (initial): C:\Users\Admin\.gradle\wrapper\dists\gradle-7.3.3-bin\6a41zxkdtcxs8rphpq6y0069z\gradle-7.3.3\lib\gradle-launcher-7.3.3.jar
Launcher Type: SUN_STANDARD

[Global flags]
     intx CICompilerCount                          = 3                                         {product} {ergonomic}
     uint ConcGCThreads                            = 1                                         {product} {ergonomic}
     uint G1ConcRefinementThreads                  = 4                                         {product} {ergonomic}
   size_t G1HeapRegionSize                         = 1048576                                   {product} {ergonomic}
    uintx GCDrainStackTargetSize                   = 64                                        {product} {ergonomic}
   size_t InitialHeapSize                          = 134217728                                 {product} {ergonomic}
   size_t MarkStackSize                            = 4194304                                   {product} {ergonomic}
   size_t MaxHeapSize                              = 2147483648                                {product} {command line}
   size_t MaxNewSize                               = 1287651328                                {product} {ergonomic}
   size_t MinHeapDeltaBytes                        = 1048576                                   {product} {ergonomic}
    uintx NonNMethodCodeHeapSize                   = 5830732                                {pd product} {ergonomic}
    uintx NonProfiledCodeHeapSize                  = 122913754                              {pd product} {ergonomic}
    uintx ProfiledCodeHeapSize                     = 122913754                              {pd product} {ergonomic}
    uintx ReservedCodeCacheSize                    = 251658240                              {pd product} {ergonomic}
     bool SegmentedCodeCache                       = true                                      {product} {ergonomic}
     bool UseCompressedClassPointers               = true                                 {lp64_product} {ergonomic}
     bool UseCompressedOops                        = true                                 {lp64_product} {ergonomic}
     bool UseG1GC                                  = true                                      {product} {ergonomic}
     bool UseLargePagesIndividualAllocation        = false                                  {pd product} {ergonomic}

Logging:
Log output configuration:
 #0: stdout all=warning uptime,level,tags
 #1: stderr all=off uptime,level,tags

Environment Variables:
PATH=C:\Program Files\Common Files\Oracle\Java\javapath;C:\Program Files (x86)\Common Files\Oracle\Java\javapath;C:\Windows\system32;C:\Windows;C:\Windows\System32\Wbem;C:\Windows\System32\WindowsPowerShell\v1.0\;C:\Windows\System32\OpenSSH\;C:\Program Files (x86)\Intel\Intel(R) Management Engine Components\DAL;C:\Program Files\Intel\Intel(R) Management Engine Components\DAL;C:\Program Files\Git\cmd;C:\Users\Admin\AppData\Local\Microsoft\WindowsApps;C:\Users\Admin\AppData\Local\Programs\Microsoft VS Code\bin;C:\Users\Admin\AppData\Local\atom\bin;C:\Users\Admin\AppData\Local\GitHubDesktop\bin
USERNAME=Admin
OS=Windows_NT
PROCESSOR_IDENTIFIER=Intel64 Family 6 Model 78 Stepping 3, GenuineIntel



---------------  S Y S T E M  ---------------

OS: Windows 10 , 64 bit Build 22000 (10.0.22000.434)
OS uptime: 0 days 10:53 hours

CPU:total 4 (initial active 4) (2 cores per cpu, 2 threads per core) family 6 model 78 stepping 3 microcode 0xd6, cmov, cx8, fxsr, mmx, sse, sse2, sse3, ssse3, sse4.1, sse4.2, popcnt, avx, avx2, aes, clmul, erms, rtm, 3dnowpref, lzcnt, ht, tsc, tscinvbit, bmi1, bmi2, adx, fma

Memory: 4k page, system-wide physical 8072M (930M free)
TotalPageFile size 8072M (AvailPageFile size 5M)
current process WorkingSet (physical memory assigned to process): 339M, peak: 339M
current process commit charge ("private bytes"): 385M, peak: 386M

vm_info: OpenJDK 64-Bit Server VM (11.0.12+7-b1504.28-7817840) for windows-amd64 JRE (11.0.12+7-b1504.28-7817840), built on Oct 13 2021 22:12:33 by "builder" with MS VC++ 14.0 (VS2015)

END.
